#
# A fatal error has been detected by the Java Runtime Environment:
#
#  SIGSEGV (0xb) at pc=0x00007fb0fe19abd3, pid=88502, tid=88534
#
# JRE version: OpenJDK Runtime Environment (17.0.6+10) (build 17.0.6+10-Debian-1deb11u1)
# Java VM: OpenJDK 64-Bit Server VM (17.0.6+10-Debian-1deb11u1, mixed mode, sharing, tiered, compressed oops, compressed class ptrs, parallel gc, linux-amd64)
# Problematic frame:
# V  [libjvm.so+0x681bd3]
#
# No core dump will be written. Core dumps have been disabled. To enable core dumping, try "ulimit -c unlimited" before starting Java again
#
# If you would like to submit a bug report, please visit:
#   https://bugs.debian.org/openjdk-17
#

---------------  S U M M A R Y ------------

Command Line: --add-modules=ALL-SYSTEM --add-opens=java.base/java.util=ALL-UNNAMED --add-opens=java.base/java.lang=ALL-UNNAMED --add-opens=java.base/sun.nio.fs=ALL-UNNAMED -Declipse.application=org.eclipse.jdt.ls.core.id1 -Dosgi.bundles.defaultStartLevel=4 -Declipse.product=org.eclipse.jdt.ls.core.product -Djava.import.generatesMetadataFilesAtProjectRoot=false -Dfile.encoding=utf8 -XX:+UseParallelGC -XX:GCTimeRatio=4 -XX:AdaptiveSizePolicyWeight=90 -Dsun.zip.disableMemoryMapping=true -Xmx1G -Xms100m -Xlog:disable -javaagent:/home/infoetu/quentin.moutte.etu/.vscode-oss/extensions/redhat.java-1.18.0-universal/lombok/lombok-1.18.27.jar -XX:+HeapDumpOnOutOfMemoryError -XX:HeapDumpPath=/home/infoetu/quentin.moutte.etu/.config/VSCodium/User/workspaceStorage/bba4e4735a77dc069042abacbee27294/redhat.java -Daether.dependencyCollector.impl=bf /home/infoetu/quentin.moutte.etu/.vscode-oss/extensions/redhat.java-1.18.0-universal/server/plugins/org.eclipse.equinox.launcher_1.6.400.v20210924-0641.jar -configuration /home/infoetu/quentin.moutte.etu/.config/VSCodium/User/globalStorage/redhat.java/1.18.0/config_linux -data /home/infoetu/quentin.moutte.etu/.config/VSCodium/User/workspaceStorage/bba4e4735a77dc069042abacbee27294/redhat.java/jdt_ws

Host: Intel(R) Core(TM) i7-10700 CPU @ 2.90GHz, 16 cores, 31G, Debian GNU/Linux 11 (bullseye)
Time: Wed May 31 16:03:36 2023 CEST elapsed time: 1.388106 seconds (0d 0h 0m 1s)

---------------  T H R E A D  ---------------

Current thread (0x00007fb0b017af70):  JavaThread "C2 CompilerThread5" daemon [_thread_in_native, id=88534, stack(0x00007fb0ceb06000,0x00007fb0cec07000)]


Current CompileTask:
C2:   1388 2815       4       org.objectweb.asm.ClassReader::readMethod (1066 bytes)

Stack: [0x00007fb0ceb06000,0x00007fb0cec07000],  sp=0x00007fb0cec035c0,  free space=1013k
Native frames: (J=compiled Java code, j=interpreted, Vv=VM code, C=native code)
V  [libjvm.so+0x681bd3]
V  [libjvm.so+0xeb2a2b]
V  [libjvm.so+0xc493e4]
V  [libjvm.so+0x79f3b7]
V  [libjvm.so+0x7aaeb3]
V  [libjvm.so+0x7abbb7]
V  [libjvm.so+0xc3f8f7]
V  [libjvm.so+0xc2a9c8]
V  [libjvm.so+0xc2adf5]
V  [libjvm.so+0xc2e2bc]
V  [libjvm.so+0x50ff6b]
V  [libjvm.so+0x69221e]
V  [libjvm.so+0xc2a9c8]
V  [libjvm.so+0xc2adf5]
V  [libjvm.so+0xc2e2bc]
V  [libjvm.so+0x50ff6b]
V  [libjvm.so+0x511a99]
V  [libjvm.so+0x511a99]
V  [libjvm.so+0x69221e]
V  [libjvm.so+0xc2a9c8]
V  [libjvm.so+0xc2adf5]
V  [libjvm.so+0xc2e2bc]
V  [libjvm.so+0x50ff6b]
V  [libjvm.so+0x5cf7e5]
V  [libjvm.so+0x50f6f1]
V  [libjvm.so+0x5d872f]
V  [libjvm.so+0x5d9358]
V  [libjvm.so+0xe9dc80]
V  [libjvm.so+0xea1140]
V  [libjvm.so+0xc04db1]


siginfo: si_signo: 11 (SIGSEGV), si_code: 1 (SEGV_MAPERR), si_addr: 0x00007fb1b000abe0

Register to memory mapping:

RAX=0x0 is NULL
RBX=0x0 is NULL
RCX=0x00007fb1b000abe0 is an unknown value
RDX=0x0 is NULL
RSP=0x00007fb0cec035c0 is pointing into the stack for thread: 0x00007fb0b017af70
RBP=0x00007fb0cec03610 is pointing into the stack for thread: 0x00007fb0b017af70
RSI=0x00007fb0841669c0 points into unknown readable memory: 0x00007fb0fed586d8 | d8 86 d5 fe b0 7f 00 00
RDI=0x00007fb0841669c0 points into unknown readable memory: 0x00007fb0fed586d8 | d8 86 d5 fe b0 7f 00 00
R8 =0x0 is NULL
R9 =0x00007fb0840817e0 points into unknown readable memory: 0x0000000200000002 | 02 00 00 00 02 00 00 00
R10=0x0 is NULL
R11=0x00007fb0bc1c0220 points into unknown readable memory: 0x00007fb0feddb238 | 38 b2 dd fe b0 7f 00 00
R12=0x00007fb0ac001820 points into unknown readable memory: 0x00007fb0cec053b0 | b0 53 c0 ce b0 7f 00 00
R13=0x00007fb0841669c0 points into unknown readable memory: 0x00007fb0fed586d8 | d8 86 d5 fe b0 7f 00 00
R14=0x0 is NULL
R15=0x00007fb0840817e0 points into unknown readable memory: 0x0000000200000002 | 02 00 00 00 02 00 00 00


Registers:
RAX=0x0000000000000000, RBX=0x0000000000000000, RCX=0x00007fb1b000abe0, RDX=0x0000000000000000
RSP=0x00007fb0cec035c0, RBP=0x00007fb0cec03610, RSI=0x00007fb0841669c0, RDI=0x00007fb0841669c0
R8 =0x0000000000000000, R9 =0x00007fb0840817e0, R10=0x0000000000000000, R11=0x00007fb0bc1c0220
R12=0x00007fb0ac001820, R13=0x00007fb0841669c0, R14=0x0000000000000000, R15=0x00007fb0840817e0
RIP=0x00007fb0fe19abd3, EFLAGS=0x0000000000010246, CSGSFS=0x002b000000000033, ERR=0x0000000000000004
  TRAPNO=0x000000000000000e

Top of Stack: (sp=0x00007fb0cec035c0)
0x00007fb0cec035c0:   0000000000000000 00000000ffffffeb
0x00007fb0cec035d0:   00007fb0841669c0 0000000000000000
0x00007fb0cec035e0:   0000000000000001 00007fb0841669c0
0x00007fb0cec035f0:   00007fb084000bb0 00007fb0ac001820 

Instructions: (pc=0x00007fb0fe19abd3)
0x00007fb0fe19aad3:   8b 41 08 4c 89 04 f8 44 89 39 8b 03 48 8b 7b 08
0x00007fb0fe19aae3:   83 e8 01 89 03 01 c0 48 8b 04 c7 4a 89 04 e7 8b
0x00007fb0fe19aaf3:   3b 48 8b 43 08 8d 7c 3f 01 48 8b 3c f8 48 89 3c
0x00007fb0fe19ab03:   f0 44 39 33 0f 87 63 ff ff ff 49 89 d7 48 83 45
0x00007fb0fe19ab13:   a8 01 48 8b 45 a8 48 39 45 a0 0f 85 8d fe ff ff
0x00007fb0fe19ab23:   48 83 c4 38 5b 41 5c 41 5d 41 5e 41 5f 5d c3 66
0x00007fb0fe19ab33:   0f 1f 44 00 00 41 83 c6 01 44 3b 33 0f 82 2b ff
0x00007fb0fe19ab43:   ff ff eb c6 66 0f 1f 84 00 00 00 00 00 49 89 55
0x00007fb0fe19ab53:   18 e9 f5 fe ff ff 90 66 0f 1f 44 00 00 55 48 89
0x00007fb0fe19ab63:   e5 41 57 41 56 41 55 49 89 f5 41 54 49 89 fc 48
0x00007fb0fe19ab73:   89 f7 53 48 83 ec 28 48 89 55 c0 89 4d bc 41 ff
0x00007fb0fe19ab83:   54 24 18 89 c7 89 45 b8 41 8b 44 24 10 44 8d 48
0x00007fb0fe19ab93:   ff 41 21 f9 49 c1 e1 04 4d 03 4c 24 08 41 8b 11
0x00007fb0fe19aba3:   4d 89 cf 85 d2 74 73 45 31 f6 eb 0a 90 41 83 c6
0x00007fb0fe19abb3:   01 45 39 37 76 5f 43 8d 04 36 49 8b 4f 08 4c 89
0x00007fb0fe19abc3:   ef 48 8d 14 c5 00 00 00 00 48 89 c3 48 89 55 c8
0x00007fb0fe19abd3:   48 8b 34 c1 41 ff 54 24 20 85 c0 75 d0 49 8b 4f
0x00007fb0fe19abe3:   08 8d 53 01 80 7d bc 00 48 8b 04 d1 74 69 48 8b
0x00007fb0fe19abf3:   5d c8 48 8b 7d c0 4c 89 2c 19 49 8b 4f 08 48 89
0x00007fb0fe19ac03:   3c d1 48 83 c4 28 5b 41 5c 41 5d 41 5e 41 5f 5d
0x00007fb0fe19ac13:   c3 0f 1f 40 00 41 8b 44 24 10 41 8b 5c 24 14 8d
0x00007fb0fe19ac23:   53 01 41 89 54 24 14 39 c2 77 72 41 8b 07 49 8b
0x00007fb0fe19ac33:   77 08 41 3b 47 04 74 35 01 c0 48 8b 7d c0 4c 89
0x00007fb0fe19ac43:   2c c6 41 8b 07 8d 54 00 01 49 8b 47 08 48 89 3c
0x00007fb0fe19ac53:   d0 31 c0 41 83 07 01 48 83 c4 28 5b 41 5c 41 5d
0x00007fb0fe19ac63:   41 5e 41 5f 5d c3 0f 1f 80 00 00 00 00 48 85 f6
0x00007fb0fe19ac73:   74 5f 89 c2 49 8b 3c 24 45 31 c0 48 89 d1 48 c1
0x00007fb0fe19ac83:   e2 04 48 c1 e1 05 e8 b2 a2 d4 ff 41 d1 67 04 49
0x00007fb0fe19ac93:   89 47 08 48 89 c6 41 8b 07 eb 9d 66 90 4c 89 e7
0x00007fb0fe19aca3:   e8 98 fc ff ff 41 8b 44 24 10 44 8d 48 ff 44 23
0x00007fb0fe19acb3:   4d b8 49 c1 e1 04 4d 03 4c 24 08 4d 89 cf 41 8b
0x00007fb0fe19acc3:   07 49 8b 77 08 41 3b 47 04 0f 85 69 ff ff ff eb 


Stack slot to memory mapping:
stack at sp + 0 slots: 0x0 is NULL
stack at sp + 1 slots: 0x00000000ffffffeb is an unallocated location in the heap
stack at sp + 2 slots: 0x00007fb0841669c0 points into unknown readable memory: 0x00007fb0fed586d8 | d8 86 d5 fe b0 7f 00 00
stack at sp + 3 slots: 0x0 is NULL
stack at sp + 4 slots: 0x0000000000000001 is an unknown value
stack at sp + 5 slots: 0x00007fb0841669c0 points into unknown readable memory: 0x00007fb0fed586d8 | d8 86 d5 fe b0 7f 00 00
stack at sp + 6 slots: 0x00007fb084000bb0 points into unknown readable memory: 0x00007fb0b017af70 | 70 af 17 b0 b0 7f 00 00
stack at sp + 7 slots: 0x00007fb0ac001820 points into unknown readable memory: 0x00007fb0cec053b0 | b0 53 c0 ce b0 7f 00 00


---------------  P R O C E S S  ---------------

Threads class SMR info:
_java_thread_list=0x00007fb03c002020, length=29, elements={
0x00007fb0f8017090, 0x00007fb0f8221830, 0x00007fb0f8222c40, 0x00007fb0f822d8c0,
0x00007fb0f822ec40, 0x00007fb0f8230020, 0x00007fb0f8231a20, 0x00007fb0f823af10,
0x00007fb0f823c350, 0x00007fb0f8258290, 0x00007fb0b007dff0, 0x00007fb0ac011f10,
0x00007fb0ac013080, 0x00007fb0b00c9940, 0x00007fb0ac04d900, 0x00007fb0f831e430,
0x00007fb0b0117640, 0x00007fb0f8474070, 0x00007fb0b0179dc0, 0x00007fb0b017af70,
0x00007fb0f8557640, 0x00007fb0f85ac580, 0x00007fb0f85af2a0, 0x00007fb064033830,
0x00007fb0640b89a0, 0x00007fb0642327b0, 0x00007fb0642e8090, 0x00007fb0642d68f0,
0x00007fb03c001060
}

Java Threads: ( => current thread )
  0x00007fb0f8017090 JavaThread "main" [_thread_blocked, id=88503, stack(0x00007fb0fd6ed000,0x00007fb0fd7ee000)]
  0x00007fb0f8221830 JavaThread "Reference Handler" daemon [_thread_blocked, id=88506, stack(0x00007fb0d88e8000,0x00007fb0d89e9000)]
  0x00007fb0f8222c40 JavaThread "Finalizer" daemon [_thread_blocked, id=88507, stack(0x00007fb0cfeff000,0x00007fb0d0000000)]
  0x00007fb0f822d8c0 JavaThread "Signal Dispatcher" daemon [_thread_blocked, id=88508, stack(0x00007fb0cfb17000,0x00007fb0cfc18000)]
  0x00007fb0f822ec40 JavaThread "Service Thread" daemon [_thread_blocked, id=88509, stack(0x00007fb0cfa16000,0x00007fb0cfb17000)]
  0x00007fb0f8230020 JavaThread "Monitor Deflation Thread" daemon [_thread_blocked, id=88510, stack(0x00007fb0cf915000,0x00007fb0cfa16000)]
  0x00007fb0f8231a20 JavaThread "C2 CompilerThread0" daemon [_thread_blocked, id=88511, stack(0x00007fb0cf814000,0x00007fb0cf915000)]
  0x00007fb0f823af10 JavaThread "C1 CompilerThread0" daemon [_thread_blocked, id=88512, stack(0x00007fb0cf713000,0x00007fb0cf814000)]
  0x00007fb0f823c350 JavaThread "Sweeper thread" daemon [_thread_blocked, id=88513, stack(0x00007fb0cf612000,0x00007fb0cf713000)]
  0x00007fb0f8258290 JavaThread "Common-Cleaner" daemon [_thread_blocked, id=88516, stack(0x00007fb0cf511000,0x00007fb0cf612000)]
  0x00007fb0b007dff0 JavaThread "C1 CompilerThread1" daemon [_thread_blocked, id=88517, stack(0x00007fb0cf410000,0x00007fb0cf511000)]
  0x00007fb0ac011f10 JavaThread "C2 CompilerThread1" daemon [_thread_blocked, id=88518, stack(0x00007fb0cf30f000,0x00007fb0cf410000)]
  0x00007fb0ac013080 JavaThread "C2 CompilerThread2" daemon [_thread_in_native, id=88519, stack(0x00007fb0cf20e000,0x00007fb0cf30f000)]
  0x00007fb0b00c9940 JavaThread "C1 CompilerThread2" daemon [_thread_blocked, id=88521, stack(0x00007fb0cf10d000,0x00007fb0cf20e000)]
  0x00007fb0ac04d900 JavaThread "C1 CompilerThread3" daemon [_thread_blocked, id=88522, stack(0x00007fb0cf00c000,0x00007fb0cf10d000)]
  0x00007fb0f831e430 JavaThread "Notification Thread" daemon [_thread_blocked, id=88525, stack(0x00007fb0cef0b000,0x00007fb0cf00c000)]
  0x00007fb0b0117640 JavaThread "C2 CompilerThread3" daemon [_thread_blocked, id=88529, stack(0x00007fb0ced08000,0x00007fb0cee09000)]
  0x00007fb0f8474070 JavaThread "process reaper" daemon [_thread_blocked, id=88531, stack(0x00007fb0d88c6000,0x00007fb0d88e8000)]
  0x00007fb0b0179dc0 JavaThread "C2 CompilerThread4" daemon [_thread_blocked, id=88533, stack(0x00007fb0cec07000,0x00007fb0ced08000)]
=>0x00007fb0b017af70 JavaThread "C2 CompilerThread5" daemon [_thread_in_native, id=88534, stack(0x00007fb0ceb06000,0x00007fb0cec07000)]
  0x00007fb0f8557640 JavaThread "Active Thread: Equinox Container: 2a320208-fb6f-4388-94d1-56f8f2da3f80" [_thread_blocked, id=88547, stack(0x00007fb0ce4fb000,0x00007fb0ce5fc000)]
  0x00007fb0f85ac580 JavaThread "Framework Event Dispatcher: Equinox Container: 2a320208-fb6f-4388-94d1-56f8f2da3f80" daemon [_thread_blocked, id=88551, stack(0x00007fb0ce3fa000,0x00007fb0ce4fb000)]
  0x00007fb0f85af2a0 JavaThread "Start Level: Equinox Container: 2a320208-fb6f-4388-94d1-56f8f2da3f80" daemon [_thread_in_Java, id=88552, stack(0x00007fb0ce2f9000,0x00007fb0ce3fa000)]
  0x00007fb064033830 JavaThread "SCR Component Actor" daemon [_thread_blocked, id=88554, stack(0x00007fb0cd6ff000,0x00007fb0cd800000)]
  0x00007fb0640b89a0 JavaThread "SCR Component Registry" daemon [_thread_blocked, id=88557, stack(0x00007fb0cd3fa000,0x00007fb0cd4fb000)]
  0x00007fb0642327b0 JavaThread "Worker-JM" [_thread_blocked, id=88596, stack(0x00007fb0cd2f9000,0x00007fb0cd3fa000)]
  0x00007fb0642e8090 JavaThread "Worker-0" [_thread_blocked, id=88607, stack(0x00007fb0ccef2000,0x00007fb0ccff3000)]
  0x00007fb0642d68f0 JavaThread "Worker-1" [_thread_blocked, id=88608, stack(0x00007fb0ccdf1000,0x00007fb0ccef2000)]
  0x00007fb03c001060 JavaThread "Worker-2" [_thread_blocked, id=88639, stack(0x00007fb0ccaec000,0x00007fb0ccbed000)]

Other Threads:
  0x00007fb0f821cfe0 VMThread "VM Thread" [stack: 0x00007fb0d89eb000,0x00007fb0d8aeb000] [id=88505]
  0x00007fb0f831f610 WatcherThread [stack: 0x00007fb0cee0b000,0x00007fb0cef0b000] [id=88526]
  0x00007fb0f802e300 GCTaskThread "GC Thread#0" [stack: 0x00007fb0fc8e6000,0x00007fb0fc9e6000] [id=88504]
  0x00007fb0d0001140 GCTaskThread "GC Thread#1" [stack: 0x00007fb0cea06000,0x00007fb0ceb06000] [id=88539]
  0x00007fb0d0003110 GCTaskThread "GC Thread#2" [stack: 0x00007fb0ce904000,0x00007fb0cea04000] [id=88540]
  0x00007fb0d0003aa0 GCTaskThread "GC Thread#3" [stack: 0x00007fb0ce802000,0x00007fb0ce902000] [id=88541]
  0x00007fb0d0004430 GCTaskThread "GC Thread#4" [stack: 0x00007fb0ce700000,0x00007fb0ce800000] [id=88542]
  0x00007fb0d0004dc0 GCTaskThread "GC Thread#5" [stack: 0x00007fb0ce5fe000,0x00007fb0ce6fe000] [id=88543]
  0x00007fb0d00064d0 GCTaskThread "GC Thread#6" [stack: 0x00007fb0cd5ff000,0x00007fb0cd6ff000] [id=88555]
  0x00007fb0d0006da0 GCTaskThread "GC Thread#7" [stack: 0x00007fb0cd4fd000,0x00007fb0cd5fd000] [id=88556]
  0x00007fb0d0008330 GCTaskThread "GC Thread#8" [stack: 0x00007fb0cd1f9000,0x00007fb0cd2f9000] [id=88599]
  0x00007fb0d0008bb0 GCTaskThread "GC Thread#9" [stack: 0x00007fb0cd0f7000,0x00007fb0cd1f7000] [id=88601]
  0x00007fb0d0009430 GCTaskThread "GC Thread#10" [stack: 0x00007fb0ccff5000,0x00007fb0cd0f5000] [id=88602]
  0x00007fb0d000a930 GCTaskThread "GC Thread#11" [stack: 0x00007fb0cccf1000,0x00007fb0ccdf1000] [id=88617]
  0x00007fb0d000b220 GCTaskThread "GC Thread#12" [stack: 0x00007fb0ccbef000,0x00007fb0cccef000] [id=88618]

Threads with active compile tasks:
C2 CompilerThread5     1401 2815       4       org.objectweb.asm.ClassReader::readMethod (1066 bytes)

VM state: not at safepoint (normal execution)

VM Mutex/Monitor currently owned by a thread: None

Heap address: 0x00000000c0000000, size: 1024 MB, Compressed Oops mode: 32-bit

CDS archive(s) mapped at: [0x0000000800000000-0x0000000800be3000-0x0000000800be3000), size 12464128, SharedBaseAddress: 0x0000000800000000, ArchiveRelocationMode: 0.
Compressed class space mapped at: 0x0000000800c00000-0x0000000840c00000, reserved size: 1073741824
Narrow klass base: 0x0000000800000000, Narrow klass shift: 0, Narrow klass range: 0x100000000

GC Precious Log:
 CPUs: 16 total, 16 available
 Memory: 31888M
 Large Page Support: Disabled
 NUMA Support: Disabled
 Compressed Oops: Enabled (32-bit)
 Alignments: Space 512K, Generation 512K, Heap 2M
 Heap Min Capacity: 100M
 Heap Initial Capacity: 100M
 Heap Max Capacity: 1G
 Pre-touch: Disabled
 Parallel Workers: 13

Heap:
 PSYoungGen      total 29696K, used 18299K [0x00000000eab00000, 0x00000000ecd80000, 0x0000000100000000)
  eden space 25088K, 72% used [0x00000000eab00000,0x00000000ebcdef40,0x00000000ec380000)
  from space 4608K, 0% used [0x00000000ec900000,0x00000000ec900000,0x00000000ecd80000)
  to   space 5120K, 0% used [0x00000000ec380000,0x00000000ec380000,0x00000000ec880000)
 ParOldGen       total 68608K, used 10587K [0x00000000c0000000, 0x00000000c4300000, 0x00000000eab00000)
  object space 68608K, 15% used [0x00000000c0000000,0x00000000c0a56ca8,0x00000000c4300000)
 Metaspace       used 22410K, committed 22976K, reserved 1073152K
  class space    used 2131K, committed 2368K, reserved 1048576K

Card table byte_map: [0x00007fb0fc9e6000,0x00007fb0fcbe7000] _byte_map_base: 0x00007fb0fc3e6000

Marking Bits: (ParMarkBitMap*) 0x00007fb0fee5e7a0
 Begin Bits: [0x00007fb0da000000, 0x00007fb0db000000)
 End Bits:   [0x00007fb0db000000, 0x00007fb0dc000000)

Polling page: 0x00007fb0ff0b5000

Metaspace:

Usage:
  Non-class:     19,81 MB used.
      Class:      2,08 MB used.
       Both:     21,89 MB used.

Virtual space:
  Non-class space:       24,00 MB reserved,      20,19 MB ( 84%) committed,  3 nodes.
      Class space:        1,00 GB reserved,       2,31 MB ( <1%) committed,  1 nodes.
             Both:        1,02 GB reserved,      22,50 MB (  2%) committed. 

Chunk freelists:
   Non-Class:  2,92 MB
       Class:  1,72 MB
        Both:  4,64 MB

MaxMetaspaceSize: unlimited
CompressedClassSpaceSize: 1,00 GB
Initial GC threshold: 21,00 MB
Current GC threshold: 35,00 MB
CDS: on
MetaspaceReclaimPolicy: balanced
 - commit_granule_bytes: 65536.
 - commit_granule_words: 8192.
 - virtual_space_node_default_size: 1048576.
 - enlarge_chunks_in_place: 1.
 - new_chunks_are_fully_committed: 0.
 - uncommit_free_chunks: 1.
 - use_allocation_guard: 0.
 - handle_deallocations: 1.


Internal statistics:

num_allocs_failed_limit: 3.
num_arena_births: 242.
num_arena_deaths: 14.
num_vsnodes_births: 4.
num_vsnodes_deaths: 0.
num_space_committed: 360.
num_space_uncommitted: 0.
num_chunks_returned_to_freelist: 17.
num_chunks_taken_from_freelist: 1057.
num_chunk_merges: 7.
num_chunk_splits: 725.
num_chunks_enlarged: 512.
num_purges: 2.
num_inconsistent_stats: 0.

CodeHeap 'non-profiled nmethods': size=119168Kb used=1167Kb max_used=1167Kb free=118000Kb
 bounds [0x00007fb0e8da9000, 0x00007fb0e9019000, 0x00007fb0f0209000]
CodeHeap 'profiled nmethods': size=119164Kb used=5795Kb max_used=5795Kb free=113368Kb
 bounds [0x00007fb0e1209000, 0x00007fb0e17b9000, 0x00007fb0e8668000]
CodeHeap 'non-nmethods': size=7428Kb used=2926Kb max_used=2952Kb free=4501Kb
 bounds [0x00007fb0e8668000, 0x00007fb0e8958000, 0x00007fb0e8da9000]
 total_blobs=3416 nmethods=2864 adapters=464
 compilation: enabled
              stopped_count=0, restarted_count=0
 full_count=0

Compilation events (20 events):
Event: 1,352 Thread 0x00007fb0ac04d900 nmethod 2826 0x00007fb0e1791810 code [0x00007fb0e17919a0, 0x00007fb0e1791a90]
Event: 1,352 Thread 0x00007fb0b00c9940 nmethod 2825% 0x00007fb0e1791b10 code [0x00007fb0e1791e00, 0x00007fb0e1793190]
Event: 1,352 Thread 0x00007fb0ac04d900 2827 %     3       org.objectweb.asm.SymbolTable::<init> @ 98 (536 bytes)
Event: 1,353 Thread 0x00007fb0b0179dc0 nmethod 2812 0x00007fb0e8ebb010 code [0x00007fb0e8ebb1a0, 0x00007fb0e8ebb638]
Event: 1,353 Thread 0x00007fb0b0179dc0 2828       4       lombok.patcher.MethodTarget::matches (29 bytes)
Event: 1,355 Thread 0x00007fb0ac04d900 nmethod 2827% 0x00007fb0e1793790 code [0x00007fb0e1793d40, 0x00007fb0e1796920]
Event: 1,355 Thread 0x00007fb0b0179dc0 nmethod 2828 0x00007fb0e8ebb910 code [0x00007fb0e8ebbaa0, 0x00007fb0e8ebbcf8]
Event: 1,355 Thread 0x00007fb0b0179dc0 2831       4       org.objectweb.asm.Type::getArgumentsAndReturnSizes (140 bytes)
Event: 1,355 Thread 0x00007fb0ac013080 nmethod 2822 0x00007fb0e8ebbe90 code [0x00007fb0e8ebc120, 0x00007fb0e8ebc898]
Event: 1,355 Thread 0x00007fb0ac013080 2829       4       org.objectweb.asm.MethodWriter::canCopyMethodAttributes (163 bytes)
Event: 1,358 Thread 0x00007fb0ac013080 nmethod 2829 0x00007fb0e8ebcf10 code [0x00007fb0e8ebd0a0, 0x00007fb0e8ebd438]
Event: 1,358 Thread 0x00007fb0ac013080 2832       4       org.objectweb.asm.MethodWriter::hasFrames (13 bytes)
Event: 1,358 Thread 0x00007fb0ac013080 nmethod 2832 0x00007fb0e8ebd810 code [0x00007fb0e8ebd980, 0x00007fb0e8ebda18]
Event: 1,358 Thread 0x00007fb0ac013080 2830       4       org.objectweb.asm.ClassVisitor::visitMethod (24 bytes)
Event: 1,358 Thread 0x00007fb0b00c9940 2833       3       java.lang.Package::<init> (47 bytes)
Event: 1,358 Thread 0x00007fb0f823af10 2834       3       java.lang.Package$VersionInfo::getInstance (53 bytes)
Event: 1,359 Thread 0x00007fb0f823af10 nmethod 2834 0x00007fb0e1797a90 code [0x00007fb0e1797c60, 0x00007fb0e1798020]
Event: 1,359 Thread 0x00007fb0b00c9940 nmethod 2833 0x00007fb0e1798110 code [0x00007fb0e1798300, 0x00007fb0e1798720]
Event: 1,362 Thread 0x00007fb0b0179dc0 nmethod 2831 0x00007fb0e8ebdb10 code [0x00007fb0e8ebdd00, 0x00007fb0e8ebe3f0]
Event: 1,362 Thread 0x00007fb0b0179dc0 2835       4       java.util.Arrays::copyOf (40 bytes)

GC Heap History (14 events):
Event: 0,290 GC heap before
{Heap before GC invocations=1 (full 0):
 PSYoungGen      total 29696K, used 25600K [0x00000000eab00000, 0x00000000ecc00000, 0x0000000100000000)
  eden space 25600K, 100% used [0x00000000eab00000,0x00000000ec400000,0x00000000ec400000)
  from space 4096K, 0% used [0x00000000ec800000,0x00000000ec800000,0x00000000ecc00000)
  to   space 4096K, 0% used [0x00000000ec400000,0x00000000ec400000,0x00000000ec800000)
 ParOldGen       total 68608K, used 0K [0x00000000c0000000, 0x00000000c4300000, 0x00000000eab00000)
  object space 68608K, 0% used [0x00000000c0000000,0x00000000c0000000,0x00000000c4300000)
 Metaspace       used 4670K, committed 4800K, reserved 1056768K
  class space    used 449K, committed 512K, reserved 1048576K
}
Event: 0,293 GC heap after
{Heap after GC invocations=1 (full 0):
 PSYoungGen      total 29696K, used 3106K [0x00000000eab00000, 0x00000000ecc00000, 0x0000000100000000)
  eden space 25600K, 0% used [0x00000000eab00000,0x00000000eab00000,0x00000000ec400000)
  from space 4096K, 75% used [0x00000000ec400000,0x00000000ec708830,0x00000000ec800000)
  to   space 4096K, 0% used [0x00000000ec800000,0x00000000ec800000,0x00000000ecc00000)
 ParOldGen       total 68608K, used 16K [0x00000000c0000000, 0x00000000c4300000, 0x00000000eab00000)
  object space 68608K, 0% used [0x00000000c0000000,0x00000000c0004000,0x00000000c4300000)
 Metaspace       used 4670K, committed 4800K, reserved 1056768K
  class space    used 449K, committed 512K, reserved 1048576K
}
Event: 0,549 GC heap before
{Heap before GC invocations=2 (full 0):
 PSYoungGen      total 29696K, used 28705K [0x00000000eab00000, 0x00000000ecc00000, 0x0000000100000000)
  eden space 25600K, 99% used [0x00000000eab00000,0x00000000ec3ffd20,0x00000000ec400000)
  from space 4096K, 75% used [0x00000000ec400000,0x00000000ec708830,0x00000000ec800000)
  to   space 4096K, 0% used [0x00000000ec800000,0x00000000ec800000,0x00000000ecc00000)
 ParOldGen       total 68608K, used 16K [0x00000000c0000000, 0x00000000c4300000, 0x00000000eab00000)
  object space 68608K, 0% used [0x00000000c0000000,0x00000000c0004000,0x00000000c4300000)
 Metaspace       used 8383K, committed 8576K, reserved 1064960K
  class space    used 813K, committed 896K, reserved 1048576K
}
Event: 0,552 GC heap after
{Heap after GC invocations=2 (full 0):
 PSYoungGen      total 29696K, used 4072K [0x00000000eab00000, 0x00000000ecc00000, 0x0000000100000000)
  eden space 25600K, 0% used [0x00000000eab00000,0x00000000eab00000,0x00000000ec400000)
  from space 4096K, 99% used [0x00000000ec800000,0x00000000ecbfa060,0x00000000ecc00000)
  to   space 4096K, 0% used [0x00000000ec400000,0x00000000ec400000,0x00000000ec800000)
 ParOldGen       total 68608K, used 1270K [0x00000000c0000000, 0x00000000c4300000, 0x00000000eab00000)
  object space 68608K, 1% used [0x00000000c0000000,0x00000000c013d830,0x00000000c4300000)
 Metaspace       used 8383K, committed 8576K, reserved 1064960K
  class space    used 813K, committed 896K, reserved 1048576K
}
Event: 0,826 GC heap before
{Heap before GC invocations=3 (full 0):
 PSYoungGen      total 29696K, used 29672K [0x00000000eab00000, 0x00000000ecc00000, 0x0000000100000000)
  eden space 25600K, 100% used [0x00000000eab00000,0x00000000ec400000,0x00000000ec400000)
  from space 4096K, 99% used [0x00000000ec800000,0x00000000ecbfa060,0x00000000ecc00000)
  to   space 4096K, 0% used [0x00000000ec400000,0x00000000ec400000,0x00000000ec800000)
 ParOldGen       total 68608K, used 1270K [0x00000000c0000000, 0x00000000c4300000, 0x00000000eab00000)
  object space 68608K, 1% used [0x00000000c0000000,0x00000000c013d830,0x00000000c4300000)
 Metaspace       used 12891K, committed 13248K, reserved 1064960K
  class space    used 1256K, committed 1408K, reserved 1048576K
}
Event: 0,830 GC heap after
{Heap after GC invocations=3 (full 0):
 PSYoungGen      total 29696K, used 4073K [0x00000000eab00000, 0x00000000ecc00000, 0x0000000100000000)
  eden space 25600K, 0% used [0x00000000eab00000,0x00000000eab00000,0x00000000ec400000)
  from space 4096K, 99% used [0x00000000ec400000,0x00000000ec7fa708,0x00000000ec800000)
  to   space 4096K, 0% used [0x00000000ec800000,0x00000000ec800000,0x00000000ecc00000)
 ParOldGen       total 68608K, used 3509K [0x00000000c0000000, 0x00000000c4300000, 0x00000000eab00000)
  object space 68608K, 5% used [0x00000000c0000000,0x00000000c036d6b0,0x00000000c4300000)
 Metaspace       used 12891K, committed 13248K, reserved 1064960K
  class space    used 1256K, committed 1408K, reserved 1048576K
}
Event: 1,107 GC heap before
{Heap before GC invocations=4 (full 0):
 PSYoungGen      total 29696K, used 29673K [0x00000000eab00000, 0x00000000ecc00000, 0x0000000100000000)
  eden space 25600K, 100% used [0x00000000eab00000,0x00000000ec400000,0x00000000ec400000)
  from space 4096K, 99% used [0x00000000ec400000,0x00000000ec7fa708,0x00000000ec800000)
  to   space 4096K, 0% used [0x00000000ec800000,0x00000000ec800000,0x00000000ecc00000)
 ParOldGen       total 68608K, used 3509K [0x00000000c0000000, 0x00000000c4300000, 0x00000000eab00000)
  object space 68608K, 5% used [0x00000000c0000000,0x00000000c036d6b0,0x00000000c4300000)
 Metaspace       used 16008K, committed 16512K, reserved 1064960K
  class space    used 1619K, committed 1856K, reserved 1048576K
}
Event: 1,110 GC heap after
{Heap after GC invocations=4 (full 0):
 PSYoungGen      total 29696K, used 4083K [0x00000000eab00000, 0x00000000ecc00000, 0x0000000100000000)
  eden space 25600K, 0% used [0x00000000eab00000,0x00000000eab00000,0x00000000ec400000)
  from space 4096K, 99% used [0x00000000ec800000,0x00000000ecbfcde8,0x00000000ecc00000)
  to   space 4096K, 0% used [0x00000000ec400000,0x00000000ec400000,0x00000000ec800000)
 ParOldGen       total 68608K, used 6064K [0x00000000c0000000, 0x00000000c4300000, 0x00000000eab00000)
  object space 68608K, 8% used [0x00000000c0000000,0x00000000c05ec3f8,0x00000000c4300000)
 Metaspace       used 16008K, committed 16512K, reserved 1064960K
  class space    used 1619K, committed 1856K, reserved 1048576K
}
Event: 1,262 GC heap before
{Heap before GC invocations=5 (full 0):
 PSYoungGen      total 29696K, used 29683K [0x00000000eab00000, 0x00000000ecc00000, 0x0000000100000000)
  eden space 25600K, 100% used [0x00000000eab00000,0x00000000ec400000,0x00000000ec400000)
  from space 4096K, 99% used [0x00000000ec800000,0x00000000ecbfcde8,0x00000000ecc00000)
  to   space 4096K, 0% used [0x00000000ec400000,0x00000000ec400000,0x00000000ec800000)
 ParOldGen       total 68608K, used 6064K [0x00000000c0000000, 0x00000000c4300000, 0x00000000eab00000)
  object space 68608K, 8% used [0x00000000c0000000,0x00000000c05ec3f8,0x00000000c4300000)
 Metaspace       used 19290K, committed 19904K, reserved 1073152K
  class space    used 1889K, committed 2112K, reserved 1048576K
}
Event: 1,265 GC heap after
{Heap after GC invocations=5 (full 0):
 PSYoungGen      total 29184K, used 4090K [0x00000000eab00000, 0x00000000ece80000, 0x0000000100000000)
  eden space 25088K, 0% used [0x00000000eab00000,0x00000000eab00000,0x00000000ec380000)
  from space 4096K, 99% used [0x00000000ec400000,0x00000000ec7febf0,0x00000000ec800000)
  to   space 5632K, 0% used [0x00000000ec900000,0x00000000ec900000,0x00000000ece80000)
 ParOldGen       total 68608K, used 6920K [0x00000000c0000000, 0x00000000c4300000, 0x00000000eab00000)
  object space 68608K, 10% used [0x00000000c0000000,0x00000000c06c2310,0x00000000c4300000)
 Metaspace       used 19290K, committed 19904K, reserved 1073152K
  class space    used 1889K, committed 2112K, reserved 1048576K
}
Event: 1,320 GC heap before
{Heap before GC invocations=6 (full 0):
 PSYoungGen      total 29184K, used 12867K [0x00000000eab00000, 0x00000000ece80000, 0x0000000100000000)
  eden space 25088K, 34% used [0x00000000eab00000,0x00000000eb3922b8,0x00000000ec380000)
  from space 4096K, 99% used [0x00000000ec400000,0x00000000ec7febf0,0x00000000ec800000)
  to   space 5632K, 0% used [0x00000000ec900000,0x00000000ec900000,0x00000000ece80000)
 ParOldGen       total 68608K, used 6920K [0x00000000c0000000, 0x00000000c4300000, 0x00000000eab00000)
  object space 68608K, 10% used [0x00000000c0000000,0x00000000c06c2310,0x00000000c4300000)
 Metaspace       used 20965K, committed 21504K, reserved 1073152K
  class space    used 2026K, committed 2240K, reserved 1048576K
}
Event: 1,322 GC heap after
{Heap after GC invocations=6 (full 0):
 PSYoungGen      total 29696K, used 4601K [0x00000000eab00000, 0x00000000ecd80000, 0x0000000100000000)
  eden space 25088K, 0% used [0x00000000eab00000,0x00000000eab00000,0x00000000ec380000)
  from space 4608K, 99% used [0x00000000ec900000,0x00000000ecd7e4b8,0x00000000ecd80000)
  to   space 5120K, 0% used [0x00000000ec380000,0x00000000ec380000,0x00000000ec880000)
 ParOldGen       total 68608K, used 6928K [0x00000000c0000000, 0x00000000c4300000, 0x00000000eab00000)
  object space 68608K, 10% used [0x00000000c0000000,0x00000000c06c4310,0x00000000c4300000)
 Metaspace       used 20965K, committed 21504K, reserved 1073152K
  class space    used 2026K, committed 2240K, reserved 1048576K
}
Event: 1,322 GC heap before
{Heap before GC invocations=7 (full 1):
 PSYoungGen      total 29696K, used 4601K [0x00000000eab00000, 0x00000000ecd80000, 0x0000000100000000)
  eden space 25088K, 0% used [0x00000000eab00000,0x00000000eab00000,0x00000000ec380000)
  from space 4608K, 99% used [0x00000000ec900000,0x00000000ecd7e4b8,0x00000000ecd80000)
  to   space 5120K, 0% used [0x00000000ec380000,0x00000000ec380000,0x00000000ec880000)
 ParOldGen       total 68608K, used 6928K [0x00000000c0000000, 0x00000000c4300000, 0x00000000eab00000)
  object space 68608K, 10% used [0x00000000c0000000,0x00000000c06c4310,0x00000000c4300000)
 Metaspace       used 20965K, committed 21504K, reserved 1073152K
  class space    used 2026K, committed 2240K, reserved 1048576K
}
Event: 1,337 GC heap after
{Heap after GC invocations=7 (full 1):
 PSYoungGen      total 29696K, used 0K [0x00000000eab00000, 0x00000000ecd80000, 0x0000000100000000)
  eden space 25088K, 0% used [0x00000000eab00000,0x00000000eab00000,0x00000000ec380000)
  from space 4608K, 0% used [0x00000000ec900000,0x00000000ec900000,0x00000000ecd80000)
  to   space 5120K, 0% used [0x00000000ec380000,0x00000000ec380000,0x00000000ec880000)
 ParOldGen       total 68608K, used 10587K [0x00000000c0000000, 0x00000000c4300000, 0x00000000eab00000)
  object space 68608K, 15% used [0x00000000c0000000,0x00000000c0a56ca8,0x00000000c4300000)
 Metaspace       used 20952K, committed 21504K, reserved 1073152K
  class space    used 2022K, committed 2240K, reserved 1048576K
}

Dll operation events (10 events):
Event: 0,002 Loaded shared library /usr/lib/jvm/java-17-openjdk-amd64/lib/libjava.so
Event: 0,002 Loaded shared library /usr/lib/jvm/java-17-openjdk-amd64/lib/libzip.so
Event: 0,005 Loaded shared library /usr/lib/jvm/java-17-openjdk-amd64/lib/libjsvml.so
Event: 0,044 Loaded shared library /usr/lib/jvm/java-17-openjdk-amd64/lib/libinstrument.so
Event: 0,045 Loaded shared library /usr/lib/jvm/java-17-openjdk-amd64/lib/libnio.so
Event: 0,047 Loaded shared library /usr/lib/jvm/java-17-openjdk-amd64/lib/libzip.so
Event: 0,054 Loaded shared library /usr/lib/jvm/java-17-openjdk-amd64/lib/libjimage.so
Event: 0,072 Loaded shared library /usr/lib/jvm/java-17-openjdk-amd64/lib/libverify.so
Event: 0,327 Loaded shared library /usr/lib/jvm/java-17-openjdk-amd64/lib/libnet.so
Event: 0,514 Loaded shared library /home/infoetu/quentin.moutte.etu/.config/VSCodium/User/globalStorage/redhat.java/1.18.0/config_linux/org.eclipse.equinox.launcher/org.eclipse.equinox.launcher.gtk.linux.x86_64_1.2.700.v20221108-1024/eclipse_11801.so

Deoptimization events (20 events):
Event: 0,993 Thread 0x00007fb0f85af2a0 DEOPT PACKING pc=0x00007fb0e8dfec8c sp=0x00007fb0ce3e9f30
Event: 0,993 Thread 0x00007fb0f85af2a0 DEOPT UNPACKING pc=0x00007fb0e86be399 sp=0x00007fb0ce3e9ec8 mode 2
Event: 0,994 Thread 0x00007fb0f85af2a0 DEOPT PACKING pc=0x00007fb0e16ec1d5 sp=0x00007fb0ce3e9c90
Event: 0,994 Thread 0x00007fb0f85af2a0 DEOPT UNPACKING pc=0x00007fb0e86beb2f sp=0x00007fb0ce3e9138 mode 0
Event: 0,994 Thread 0x00007fb0f85af2a0 Uncommon trap: trap_request=0xffffff45 fr.pc=0x00007fb0e8df37a8 relative=0x0000000000000088
Event: 0,994 Thread 0x00007fb0f85af2a0 Uncommon trap: reason=unstable_if action=reinterpret pc=0x00007fb0e8df37a8 method=java.util.jar.Manifest$FastInputStream.peek()B @ 8 c2
Event: 0,994 Thread 0x00007fb0f85af2a0 DEOPT PACKING pc=0x00007fb0e8df37a8 sp=0x00007fb0ce3e9f10
Event: 0,994 Thread 0x00007fb0f85af2a0 DEOPT UNPACKING pc=0x00007fb0e86be399 sp=0x00007fb0ce3e9ec8 mode 2
Event: 1,000 Thread 0x00007fb0f85af2a0 DEOPT PACKING pc=0x00007fb0e16ec1d5 sp=0x00007fb0ce3e9810
Event: 1,000 Thread 0x00007fb0f85af2a0 DEOPT UNPACKING pc=0x00007fb0e86beb2f sp=0x00007fb0ce3e8cd0 mode 0
Event: 1,004 Thread 0x00007fb0f85af2a0 DEOPT PACKING pc=0x00007fb0e16ec1d5 sp=0x00007fb0ce3e9d10
Event: 1,004 Thread 0x00007fb0f85af2a0 DEOPT UNPACKING pc=0x00007fb0e86beb2f sp=0x00007fb0ce3e91b8 mode 0
Event: 1,063 Thread 0x00007fb0f85af2a0 DEOPT PACKING pc=0x00007fb0e136ae5e sp=0x00007fb0ce3ebe00
Event: 1,063 Thread 0x00007fb0f85af2a0 DEOPT UNPACKING pc=0x00007fb0e86beb2f sp=0x00007fb0ce3eb318 mode 0
Event: 1,113 Thread 0x00007fb0f85af2a0 Uncommon trap: trap_request=0xffffff45 fr.pc=0x00007fb0e8e98e40 relative=0x0000000000000fc0
Event: 1,113 Thread 0x00007fb0f85af2a0 Uncommon trap: reason=unstable_if action=reinterpret pc=0x00007fb0e8e98e40 method=java.util.Properties$LineReader.readLine()I @ 256 c2
Event: 1,113 Thread 0x00007fb0f85af2a0 DEOPT PACKING pc=0x00007fb0e8e98e40 sp=0x00007fb0ce3ed030
Event: 1,113 Thread 0x00007fb0f85af2a0 DEOPT UNPACKING pc=0x00007fb0e86be399 sp=0x00007fb0ce3ecfc8 mode 2
Event: 1,147 Thread 0x00007fb0f85af2a0 DEOPT PACKING pc=0x00007fb0e17280de sp=0x00007fb0ce3ee370
Event: 1,147 Thread 0x00007fb0f85af2a0 DEOPT UNPACKING pc=0x00007fb0e86beb2f sp=0x00007fb0ce3ed888 mode 0

Classes unloaded (7 events):
Event: 1,325 Thread 0x00007fb0f821cfe0 Unloading class 0x0000000800d6a400 'java/lang/invoke/LambdaForm$MH+0x0000000800d6a400'
Event: 1,325 Thread 0x00007fb0f821cfe0 Unloading class 0x0000000800d6a000 'java/lang/invoke/LambdaForm$MH+0x0000000800d6a000'
Event: 1,325 Thread 0x00007fb0f821cfe0 Unloading class 0x0000000800d69c00 'java/lang/invoke/LambdaForm$MH+0x0000000800d69c00'
Event: 1,325 Thread 0x00007fb0f821cfe0 Unloading class 0x0000000800d69800 'java/lang/invoke/LambdaForm$MH+0x0000000800d69800'
Event: 1,325 Thread 0x00007fb0f821cfe0 Unloading class 0x0000000800d69000 'java/lang/invoke/LambdaForm$BMH+0x0000000800d69000'
Event: 1,325 Thread 0x00007fb0f821cfe0 Unloading class 0x0000000800d68c00 'java/lang/invoke/LambdaForm$DMH+0x0000000800d68c00'
Event: 1,325 Thread 0x00007fb0f821cfe0 Unloading class 0x0000000800d66000 'java/lang/invoke/LambdaForm$DMH+0x0000000800d66000'

Classes redefined (0 events):
No events

Internal exceptions (20 events):
Event: 0,846 Thread 0x00007fb0f85af2a0 Exception <a 'java/lang/NoSuchMethodError'{0x00000000eabf5ba0}: 'java.lang.Object java.lang.invoke.DirectMethodHandle$Holder.invokeStatic(java.lang.Object, java.lang.Object, java.lang.Object, java.lang.Object, int)'> (0x00000000eabf5ba0) 
thrown [./src/hotspot/share/interpreter/linkResolver.cpp, line 758]
Event: 0,847 Thread 0x00007fb0f85af2a0 Exception <a 'java/lang/NoSuchMethodError'{0x00000000eac016d8}: 'java.lang.Object java.lang.invoke.DelegatingMethodHandle$Holder.reinvoke_L(java.lang.Object, java.lang.Object, java.lang.Object, java.lang.Object, int, int)'> (0x00000000eac016d8) 
thrown [./src/hotspot/share/interpreter/linkResolver.cpp, line 758]
Event: 0,849 Thread 0x00007fb0f85af2a0 Exception <a 'java/lang/NoSuchMethodError'{0x00000000eac19170}: 'java.lang.Object java.lang.invoke.Invokers$Holder.invokeExact_MT(java.lang.Object, java.lang.Object, java.lang.Object, java.lang.Object)'> (0x00000000eac19170) 
thrown [./src/hotspot/share/interpreter/linkResolver.cpp, line 758]
Event: 0,914 Thread 0x00007fb0f85af2a0 Exception <a 'java/lang/NoSuchMethodError'{0x00000000eb1520d0}: 'java.lang.Object java.lang.invoke.DirectMethodHandle$Holder.newInvokeSpecial(java.lang.Object, java.lang.Object, java.lang.Object, java.lang.Object, java.lang.Object)'> (0x00000000eb1520d0) 
thrown [./src/hotspot/share/interpreter/linkResolver.cpp, line 758]
Event: 0,948 Thread 0x00007fb0f85af2a0 Exception <a 'java/lang/NoSuchMethodError'{0x00000000eb4a5778}: 'java.lang.Object java.lang.invoke.DirectMethodHandle$Holder.invokeSpecial(java.lang.Object, java.lang.Object, java.lang.Object, long, java.lang.Object)'> (0x00000000eb4a5778) 
thrown [./src/hotspot/share/interpreter/linkResolver.cpp, line 758]
Event: 0,948 Thread 0x00007fb0f85af2a0 Exception <a 'java/lang/NoSuchMethodError'{0x00000000eb4ad930}: 'java.lang.Object java.lang.invoke.DirectMethodHandle$Holder.newInvokeSpecial(java.lang.Object, java.lang.Object, java.lang.Object, long)'> (0x00000000eb4ad930) 
thrown [./src/hotspot/share/interpreter/linkResolver.cpp, line 758]
Event: 0,948 Thread 0x00007fb0f85af2a0 Exception <a 'java/lang/NoSuchMethodError'{0x00000000eb4b1ed0}: 'java.lang.Object java.lang.invoke.DirectMethodHandle$Holder.invokeSpecial(java.lang.Object, java.lang.Object, java.lang.Object, java.lang.Object, long)'> (0x00000000eb4b1ed0) 
thrown [./src/hotspot/share/interpreter/linkResolver.cpp, line 758]
Event: 0,949 Thread 0x00007fb0f85af2a0 Exception <a 'java/lang/NoSuchMethodError'{0x00000000eb4b5d48}: 'java.lang.Object java.lang.invoke.Invokers$Holder.linkToTargetMethod(java.lang.Object, java.lang.Object, long, java.lang.Object)'> (0x00000000eb4b5d48) 
thrown [./src/hotspot/share/interpreter/linkResolver.cpp, line 758]
Event: 0,952 Thread 0x00007fb0f85af2a0 Exception <a 'java/lang/NoSuchMethodError'{0x00000000eb517050}: 'int java.lang.invoke.DirectMethodHandle$Holder.invokeStaticInit(java.lang.Object, java.lang.Object, java.lang.Object)'> (0x00000000eb517050) 
thrown [./src/hotspot/share/interpreter/linkResolver.cpp, line 758]
Event: 0,956 Thread 0x00007fb0f85af2a0 Exception <a 'java/lang/IncompatibleClassChangeError'{0x00000000eb57e308}: Found class java.lang.Object, but interface was expected> (0x00000000eb57e308) 
thrown [./src/hotspot/share/interpreter/linkResolver.cpp, line 826]
Event: 0,958 Thread 0x00007fb0f85af2a0 Exception <a 'java/lang/NoSuchMethodError'{0x00000000eb594bc0}: 'java.lang.Object java.lang.invoke.DirectMethodHandle$Holder.invokeSpecial(java.lang.Object, java.lang.Object, java.lang.Object, int, java.lang.Object, java.lang.Object)'> (0x00000000eb594bc0) 
thrown [./src/hotspot/share/interpreter/linkResolver.cpp, line 758]
Event: 0,958 Thread 0x00007fb0f85af2a0 Exception <a 'java/lang/NoSuchMethodError'{0x00000000eb59d348}: 'java.lang.Object java.lang.invoke.DirectMethodHandle$Holder.newInvokeSpecial(java.lang.Object, java.lang.Object, java.lang.Object, int, java.lang.Object)'> (0x00000000eb59d348) 
thrown [./src/hotspot/share/interpreter/linkResolver.cpp, line 758]
Event: 0,959 Thread 0x00007fb0f85af2a0 Exception <a 'java/lang/NoSuchMethodError'{0x00000000eb5a17a0}: 'java.lang.Object java.lang.invoke.DirectMethodHandle$Holder.invokeSpecial(java.lang.Object, java.lang.Object, java.lang.Object, java.lang.Object, int, java.lang.Object)'> (0x00000000eb5a17a0) 
thrown [./src/hotspot/share/interpreter/linkResolver.cpp, line 758]
Event: 0,959 Thread 0x00007fb0f85af2a0 Exception <a 'java/lang/NoSuchMethodError'{0x00000000eb5a5530}: 'java.lang.Object java.lang.invoke.Invokers$Holder.linkToTargetMethod(java.lang.Object, java.lang.Object, int, java.lang.Object, java.lang.Object)'> (0x00000000eb5a5530) 
thrown [./src/hotspot/share/interpreter/linkResolver.cpp, line 758]
Event: 0,959 Thread 0x00007fb0642e8090 Exception <a 'java/lang/NoSuchMethodError'{0x00000000eb4f60a8}: 'java.lang.Object java.lang.invoke.DirectMethodHandle$Holder.invokeSpecial(java.lang.Object, java.lang.Object, int, java.lang.Object, java.lang.Object)'> (0x00000000eb4f60a8) 
thrown [./src/hotspot/share/interpreter/linkResolver.cpp, line 758]
Event: 0,960 Thread 0x00007fb0642e8090 Exception <a 'java/lang/NoSuchMethodError'{0x00000000eb4fd778}: 'java.lang.Object java.lang.invoke.DirectMethodHandle$Holder.newInvokeSpecial(java.lang.Object, java.lang.Object, int, java.lang.Object)'> (0x00000000eb4fd778) 
thrown [./src/hotspot/share/interpreter/linkResolver.cpp, line 758]
Event: 0,960 Thread 0x00007fb0642e8090 Exception <a 'java/lang/NoSuchMethodError'{0x00000000eb501288}: 'java.lang.Object java.lang.invoke.DirectMethodHandle$Holder.invokeSpecial(java.lang.Object, java.lang.Object, java.lang.Object, int, java.lang.Object)'> (0x00000000eb501288) 
thrown [./src/hotspot/share/interpreter/linkResolver.cpp, line 758]
Event: 1,073 Thread 0x00007fb0f85af2a0 Exception <a 'java/io/FileNotFoundException'{0x00000000ec012570}> (0x00000000ec012570) 
thrown [./src/hotspot/share/prims/jni.cpp, line 516]
Event: 1,133 Thread 0x00007fb0f85af2a0 Exception <a 'java/lang/NoSuchMethodError'{0x00000000ead9f270}: 'void java.lang.invoke.DirectMethodHandle$Holder.invokeSpecial(java.lang.Object, java.lang.Object, java.lang.Object, int)'> (0x00000000ead9f270) 
thrown [./src/hotspot/share/interpreter/linkResolver.cpp, line 758]
Event: 1,169 Thread 0x00007fb0642e8090 Exception <a 'java/io/FileNotFoundException'{0x00000000eb0eb2f0}> (0x00000000eb0eb2f0) 
thrown [./src/hotspot/share/prims/jni.cpp, line 516]

VM Operations (20 events):
Event: 0,746 Executing VM operation: HandshakeAllThreads
Event: 0,746 Executing VM operation: HandshakeAllThreads done
Event: 0,772 Executing VM operation: HandshakeAllThreads
Event: 0,772 Executing VM operation: HandshakeAllThreads done
Event: 0,773 Executing VM operation: HandshakeAllThreads
Event: 0,773 Executing VM operation: HandshakeAllThreads done
Event: 0,826 Executing VM operation: ParallelGCFailedAllocation
Event: 0,830 Executing VM operation: ParallelGCFailedAllocation done
Event: 0,836 Executing VM operation: HandshakeAllThreads
Event: 0,836 Executing VM operation: HandshakeAllThreads done
Event: 0,966 Executing VM operation: HandshakeAllThreads
Event: 0,966 Executing VM operation: HandshakeAllThreads done
Event: 1,025 Executing VM operation: HandshakeAllThreads
Event: 1,025 Executing VM operation: HandshakeAllThreads done
Event: 1,107 Executing VM operation: ParallelGCFailedAllocation
Event: 1,110 Executing VM operation: ParallelGCFailedAllocation done
Event: 1,262 Executing VM operation: ParallelGCFailedAllocation
Event: 1,265 Executing VM operation: ParallelGCFailedAllocation done
Event: 1,320 Executing VM operation: CollectForMetadataAllocation
Event: 1,337 Executing VM operation: CollectForMetadataAllocation done

Events (20 events):
Event: 1,237 loading class java/io/FileWriter
Event: 1,237 loading class java/io/FileWriter done
Event: 1,237 loading class java/lang/NegativeArraySizeException
Event: 1,237 loading class java/lang/NegativeArraySizeException done
Event: 1,238 loading class org/eclipse/jdt/internal/core/search/indexing/IndexNamesRegistry
Event: 1,238 loading class org/eclipse/jdt/internal/core/search/indexing/IndexNamesRegistry done
Event: 1,238 loading class org/eclipse/core/runtime/IProgressMonitor
Event: 1,238 loading class org/eclipse/core/runtime/IProgressMonitor done
Event: 1,238 loading class org/eclipse/core/runtime/IProgressMonitor
Event: 1,238 loading class org/eclipse/core/runtime/IProgressMonitor done
Event: 1,238 loading class org/eclipse/core/runtime/IProgressMonitor
Event: 1,238 loading class org/eclipse/core/runtime/IProgressMonitor done
Event: 1,297 loading class org/eclipse/jdt/internal/compiler/lookup/ReferenceBinding
Event: 1,297 loading class org/eclipse/jdt/internal/compiler/lookup/ReferenceBinding done
Event: 1,297 loading class org/eclipse/jdt/internal/compiler/lookup/ReferenceBinding
Event: 1,297 loading class org/eclipse/jdt/internal/compiler/lookup/ReferenceBinding done
Event: 1,297 loading class java/lang/invoke/MethodHandle$1
Event: 1,297 loading class java/lang/invoke/MethodHandle$1 done
Event: 1,337 Thread 0x00007fb03c001060 Thread added: 0x00007fb03c001060
Event: 1,337 Protecting memory [0x00007fb0ccaec000,0x00007fb0ccaf0000] with protection modes 0


Dynamic libraries:
c0000000-c4300000 rw-p 00000000 00:00 0 
c4300000-eab00000 ---p 00000000 00:00 0 
eab00000-ecd80000 rw-p 00000000 00:00 0 
ecd80000-100000000 ---p 00000000 00:00 0 
800000000-800be3000 rw-p 00001000 103:02 3543126                         /usr/lib/jvm/java-17-openjdk-amd64/lib/server/classes.jsa
800be3000-800c00000 ---p 00000000 00:00 0 
800c00000-800c20000 rw-p 00000000 00:00 0 
800c20000-800c40000 rw-p 00000000 00:00 0 
800c40000-800cc0000 rw-p 00000000 00:00 0 
800cc0000-800d00000 rw-p 00000000 00:00 0 
800d00000-800e50000 rw-p 00000000 00:00 0 
800e50000-840c00000 ---p 00000000 00:00 0 
55860f390000-55860f391000 r--p 00000000 103:02 3166030                   /usr/lib/jvm/java-17-openjdk-amd64/bin/java
55860f391000-55860f392000 r-xp 00001000 103:02 3166030                   /usr/lib/jvm/java-17-openjdk-amd64/bin/java
55860f392000-55860f393000 r--p 00002000 103:02 3166030                   /usr/lib/jvm/java-17-openjdk-amd64/bin/java
55860f393000-55860f394000 r--p 00002000 103:02 3166030                   /usr/lib/jvm/java-17-openjdk-amd64/bin/java
55860f394000-55860f395000 rw-p 00003000 103:02 3166030                   /usr/lib/jvm/java-17-openjdk-amd64/bin/java
558610024000-55861006b000 rw-p 00000000 00:00 0                          [heap]
7fb028000000-7fb028021000 rw-p 00000000 00:00 0 
7fb028021000-7fb02c000000 ---p 00000000 00:00 0 
7fb02f400000-7fb02f500000 rw-p 00000000 00:00 0 
7fb02f500000-7fb02f510000 rw-p 00000000 00:00 0 
7fb02f510000-7fb02f600000 ---p 00000000 00:00 0 
7fb02f600000-7fb02f940000 rw-p 00000000 00:00 0 
7fb02f940000-7fb02fc00000 ---p 00000000 00:00 0 
7fb030000000-7fb030021000 rw-p 00000000 00:00 0 
7fb030021000-7fb034000000 ---p 00000000 00:00 0 
7fb034000000-7fb034021000 rw-p 00000000 00:00 0 
7fb034021000-7fb038000000 ---p 00000000 00:00 0 
7fb038000000-7fb038021000 rw-p 00000000 00:00 0 
7fb038021000-7fb03c000000 ---p 00000000 00:00 0 
7fb03c000000-7fb03c021000 rw-p 00000000 00:00 0 
7fb03c021000-7fb040000000 ---p 00000000 00:00 0 
7fb040000000-7fb040021000 rw-p 00000000 00:00 0 
7fb040021000-7fb044000000 ---p 00000000 00:00 0 
7fb044000000-7fb044021000 rw-p 00000000 00:00 0 
7fb044021000-7fb048000000 ---p 00000000 00:00 0 
7fb048000000-7fb048021000 rw-p 00000000 00:00 0 
7fb048021000-7fb04c000000 ---p 00000000 00:00 0 
7fb04c000000-7fb04c021000 rw-p 00000000 00:00 0 
7fb04c021000-7fb050000000 ---p 00000000 00:00 0 
7fb050000000-7fb050021000 rw-p 00000000 00:00 0 
7fb050021000-7fb054000000 ---p 00000000 00:00 0 
7fb054000000-7fb054021000 rw-p 00000000 00:00 0 
7fb054021000-7fb058000000 ---p 00000000 00:00 0 
7fb058000000-7fb058021000 rw-p 00000000 00:00 0 
7fb058021000-7fb05c000000 ---p 00000000 00:00 0 
7fb05c000000-7fb05c021000 rw-p 00000000 00:00 0 
7fb05c021000-7fb060000000 ---p 00000000 00:00 0 
7fb060000000-7fb060021000 rw-p 00000000 00:00 0 
7fb060021000-7fb064000000 ---p 00000000 00:00 0 
7fb064000000-7fb0648dc000 rw-p 00000000 00:00 0 
7fb0648dc000-7fb068000000 ---p 00000000 00:00 0 
7fb068000000-7fb068021000 rw-p 00000000 00:00 0 
7fb068021000-7fb06c000000 ---p 00000000 00:00 0 
7fb06c000000-7fb06c021000 rw-p 00000000 00:00 0 
7fb06c021000-7fb070000000 ---p 00000000 00:00 0 
7fb070000000-7fb070021000 rw-p 00000000 00:00 0 
7fb070021000-7fb074000000 ---p 00000000 00:00 0 
7fb074000000-7fb074021000 rw-p 00000000 00:00 0 
7fb074021000-7fb078000000 ---p 00000000 00:00 0 
7fb078000000-7fb078021000 rw-p 00000000 00:00 0 
7fb078021000-7fb07c000000 ---p 00000000 00:00 0 
7fb07c000000-7fb07c021000 rw-p 00000000 00:00 0 
7fb07c021000-7fb080000000 ---p 00000000 00:00 0 
7fb080000000-7fb080219000 rw-p 00000000 00:00 0 
7fb080219000-7fb084000000 ---p 00000000 00:00 0 
7fb084000000-7fb0841e0000 rw-p 00000000 00:00 0 
7fb0841e0000-7fb088000000 ---p 00000000 00:00 0 
7fb088000000-7fb088290000 rw-p 00000000 00:00 0 
7fb088290000-7fb08c000000 ---p 00000000 00:00 0 
7fb08c000000-7fb08c021000 rw-p 00000000 00:00 0 
7fb08c021000-7fb090000000 ---p 00000000 00:00 0 
7fb090000000-7fb090021000 rw-p 00000000 00:00 0 
7fb090021000-7fb094000000 ---p 00000000 00:00 0 
7fb094000000-7fb094021000 rw-p 00000000 00:00 0 
7fb094021000-7fb098000000 ---p 00000000 00:00 0 
7fb098000000-7fb098123000 rw-p 00000000 00:00 0 
7fb098123000-7fb09c000000 ---p 00000000 00:00 0 
7fb09c000000-7fb09c0be000 rw-p 00000000 00:00 0 
7fb09c0be000-7fb0a0000000 ---p 00000000 00:00 0 
7fb0a0000000-7fb0a044c000 rw-p 00000000 00:00 0 
7fb0a044c000-7fb0a4000000 ---p 00000000 00:00 0 
7fb0a4000000-7fb0a44f3000 rw-p 00000000 00:00 0 
7fb0a44f3000-7fb0a8000000 ---p 00000000 00:00 0 
7fb0a8000000-7fb0a8021000 rw-p 00000000 00:00 0 
7fb0a8021000-7fb0ac000000 ---p 00000000 00:00 0 
7fb0ac000000-7fb0ac0d3000 rw-p 00000000 00:00 0 
7fb0ac0d3000-7fb0b0000000 ---p 00000000 00:00 0 
7fb0b0000000-7fb0b01f1000 rw-p 00000000 00:00 0 
7fb0b01f1000-7fb0b4000000 ---p 00000000 00:00 0 
7fb0b4000000-7fb0b4021000 rw-p 00000000 00:00 0 
7fb0b4021000-7fb0b8000000 ---p 00000000 00:00 0 
7fb0b8000000-7fb0b8021000 rw-p 00000000 00:00 0 
7fb0b8021000-7fb0bc000000 ---p 00000000 00:00 0 
7fb0bc000000-7fb0bc4a3000 rw-p 00000000 00:00 0 
7fb0bc4a3000-7fb0c0000000 ---p 00000000 00:00 0 
7fb0c0000000-7fb0c0021000 rw-p 00000000 00:00 0 
7fb0c0021000-7fb0c4000000 ---p 00000000 00:00 0 
7fb0c4000000-7fb0c4021000 rw-p 00000000 00:00 0 
7fb0c4021000-7fb0c8000000 ---p 00000000 00:00 0 
7fb0c8000000-7fb0c8021000 rw-p 00000000 00:00 0 
7fb0c8021000-7fb0cc000000 ---p 00000000 00:00 0 
7fb0ccaec000-7fb0ccaf0000 ---p 00000000 00:00 0 
7fb0ccaf0000-7fb0ccbed000 rw-p 00000000 00:00 0 
7fb0ccbed000-7fb0ccbee000 ---p 00000000 00:00 0 
7fb0ccbee000-7fb0cccef000 rw-p 00000000 00:00 0 
7fb0cccef000-7fb0cccf0000 ---p 00000000 00:00 0 
7fb0cccf0000-7fb0ccdf1000 rw-p 00000000 00:00 0 
7fb0ccdf1000-7fb0ccdf5000 ---p 00000000 00:00 0 
7fb0ccdf5000-7fb0ccef2000 rw-p 00000000 00:00 0 
7fb0ccef2000-7fb0ccef6000 ---p 00000000 00:00 0 
7fb0ccef6000-7fb0ccff3000 rw-p 00000000 00:00 0 
7fb0ccff3000-7fb0ccff4000 ---p 00000000 00:00 0 
7fb0ccff4000-7fb0cd0f5000 rw-p 00000000 00:00 0 
7fb0cd0f5000-7fb0cd0f6000 ---p 00000000 00:00 0 
7fb0cd0f6000-7fb0cd1f7000 rw-p 00000000 00:00 0 
7fb0cd1f7000-7fb0cd1f8000 ---p 00000000 00:00 0 
7fb0cd1f8000-7fb0cd2f9000 rw-p 00000000 00:00 0 
7fb0cd2f9000-7fb0cd2fd000 ---p 00000000 00:00 0 
7fb0cd2fd000-7fb0cd3fa000 rw-p 00000000 00:00 0 
7fb0cd3fa000-7fb0cd3fe000 ---p 00000000 00:00 0 
7fb0cd3fe000-7fb0cd4fb000 rw-p 00000000 00:00 0 
7fb0cd4fb000-7fb0cd4fc000 ---p 00000000 00:00 0 
7fb0cd4fc000-7fb0cd5fd000 rw-p 00000000 00:00 0 
7fb0cd5fd000-7fb0cd5fe000 ---p 00000000 00:00 0 
7fb0cd5fe000-7fb0cd6ff000 rw-p 00000000 00:00 0 
7fb0cd6ff000-7fb0cd703000 ---p 00000000 00:00 0 
7fb0cd703000-7fb0cd900000 rw-p 00000000 00:00 0 
7fb0cd900000-7fb0cda00000 rw-p 00000000 00:00 0 
7fb0cda00000-7fb0ce000000 rw-p 00000000 00:00 0 
7fb0ce0e7000-7fb0ce0f7000 r-xp 00000000 00:28 144646696                  /home/infoetu/quentin.moutte.etu/.config/VSCodium/User/globalStorage/redhat.java/1.18.0/config_linux/org.eclipse.equinox.launcher/org.eclipse.equinox.launcher.gtk.linux.x86_64_1.2.700.v20221108-1024/eclipse_11801.so
7fb0ce0f7000-7fb0ce2f6000 ---p 00010000 00:28 144646696                  /home/infoetu/quentin.moutte.etu/.config/VSCodium/User/globalStorage/redhat.java/1.18.0/config_linux/org.eclipse.equinox.launcher/org.eclipse.equinox.launcher.gtk.linux.x86_64_1.2.700.v20221108-1024/eclipse_11801.so
7fb0ce2f6000-7fb0ce2f7000 r--p 0000f000 00:28 144646696                  /home/infoetu/quentin.moutte.etu/.config/VSCodium/User/globalStorage/redhat.java/1.18.0/config_linux/org.eclipse.equinox.launcher/org.eclipse.equinox.launcher.gtk.linux.x86_64_1.2.700.v20221108-1024/eclipse_11801.so
7fb0ce2f7000-7fb0ce2f8000 rw-p 00010000 00:28 144646696                  /home/infoetu/quentin.moutte.etu/.config/VSCodium/User/globalStorage/redhat.java/1.18.0/config_linux/org.eclipse.equinox.launcher/org.eclipse.equinox.launcher.gtk.linux.x86_64_1.2.700.v20221108-1024/eclipse_11801.so
7fb0ce2f8000-7fb0ce2f9000 rw-p 00000000 00:00 0 
7fb0ce2f9000-7fb0ce2fd000 ---p 00000000 00:00 0 
7fb0ce2fd000-7fb0ce3fa000 rw-p 00000000 00:00 0 
7fb0ce3fa000-7fb0ce3fe000 ---p 00000000 00:00 0 
7fb0ce3fe000-7fb0ce4fb000 rw-p 00000000 00:00 0 
7fb0ce4fb000-7fb0ce4ff000 ---p 00000000 00:00 0 
7fb0ce4ff000-7fb0ce5fc000 rw-p 00000000 00:00 0 
7fb0ce5fc000-7fb0ce5fd000 ---p 00000000 00:00 0 
7fb0ce5fd000-7fb0ce6fe000 rw-p 00000000 00:00 0 
7fb0ce6fe000-7fb0ce6ff000 ---p 00000000 00:00 0 
7fb0ce6ff000-7fb0ce800000 rw-p 00000000 00:00 0 
7fb0ce800000-7fb0ce801000 ---p 00000000 00:00 0 
7fb0ce801000-7fb0ce902000 rw-p 00000000 00:00 0 
7fb0ce902000-7fb0ce903000 ---p 00000000 00:00 0 
7fb0ce903000-7fb0cea04000 rw-p 00000000 00:00 0 
7fb0cea04000-7fb0cea05000 ---p 00000000 00:00 0 
7fb0cea05000-7fb0ceb06000 rw-p 00000000 00:00 0 
7fb0ceb06000-7fb0ceb0a000 ---p 00000000 00:00 0 
7fb0ceb0a000-7fb0cec07000 rw-p 00000000 00:00 0 
7fb0cec07000-7fb0cec0b000 ---p 00000000 00:00 0 
7fb0cec0b000-7fb0ced08000 rw-p 00000000 00:00 0 
7fb0ced08000-7fb0ced0c000 ---p 00000000 00:00 0 
7fb0ced0c000-7fb0cee09000 rw-p 00000000 00:00 0 
7fb0cee09000-7fb0cee0a000 ---p 00000000 00:00 0 
7fb0cee0a000-7fb0cef0b000 rw-p 00000000 00:00 0 
7fb0cef0b000-7fb0cef0f000 ---p 00000000 00:00 0 
7fb0cef0f000-7fb0cf00c000 rw-p 00000000 00:00 0 
7fb0cf00c000-7fb0cf010000 ---p 00000000 00:00 0 
7fb0cf010000-7fb0cf10d000 rw-p 00000000 00:00 0 
7fb0cf10d000-7fb0cf111000 ---p 00000000 00:00 0 
7fb0cf111000-7fb0cf20e000 rw-p 00000000 00:00 0 
7fb0cf20e000-7fb0cf212000 ---p 00000000 00:00 0 
7fb0cf212000-7fb0cf30f000 rw-p 00000000 00:00 0 
7fb0cf30f000-7fb0cf313000 ---p 00000000 00:00 0 
7fb0cf313000-7fb0cf410000 rw-p 00000000 00:00 0 
7fb0cf410000-7fb0cf414000 ---p 00000000 00:00 0 
7fb0cf414000-7fb0cf511000 rw-p 00000000 00:00 0 
7fb0cf511000-7fb0cf515000 ---p 00000000 00:00 0 
7fb0cf515000-7fb0cf612000 rw-p 00000000 00:00 0 
7fb0cf612000-7fb0cf616000 ---p 00000000 00:00 0 
7fb0cf616000-7fb0cf713000 rw-p 00000000 00:00 0 
7fb0cf713000-7fb0cf717000 ---p 00000000 00:00 0 
7fb0cf717000-7fb0cf814000 rw-p 00000000 00:00 0 
7fb0cf814000-7fb0cf818000 ---p 00000000 00:00 0 
7fb0cf818000-7fb0cf915000 rw-p 00000000 00:00 0 
7fb0cf915000-7fb0cf919000 ---p 00000000 00:00 0 
7fb0cf919000-7fb0cfa16000 rw-p 00000000 00:00 0 
7fb0cfa16000-7fb0cfa1a000 ---p 00000000 00:00 0 
7fb0cfa1a000-7fb0cfb17000 rw-p 00000000 00:00 0 
7fb0cfb17000-7fb0cfb1b000 ---p 00000000 00:00 0 
7fb0cfb1b000-7fb0cfc18000 rw-p 00000000 00:00 0 
7fb0cfc18000-7fb0cfeff000 r--p 00000000 103:02 3168159                   /usr/lib/locale/locale-archive
7fb0cfeff000-7fb0cff03000 ---p 00000000 00:00 0 
7fb0cff03000-7fb0d0000000 rw-p 00000000 00:00 0 
7fb0d0000000-7fb0d0021000 rw-p 00000000 00:00 0 
7fb0d0021000-7fb0d4000000 ---p 00000000 00:00 0 
7fb0d4000000-7fb0d4021000 rw-p 00000000 00:00 0 
7fb0d4021000-7fb0d8000000 ---p 00000000 00:00 0 
7fb0d8000000-7fb0d8400000 rw-p 00000000 00:00 0 
7fb0d8400000-7fb0d8700000 rw-p 00000000 00:00 0 
7fb0d8700000-7fb0d8800000 rw-p 00000000 00:00 0 
7fb0d88c6000-7fb0d88ca000 ---p 00000000 00:00 0 
7fb0d88ca000-7fb0d88e8000 rw-p 00000000 00:00 0 
7fb0d88e8000-7fb0d88ec000 ---p 00000000 00:00 0 
7fb0d88ec000-7fb0d89e9000 rw-p 00000000 00:00 0 
7fb0d89e9000-7fb0d89ea000 ---p 00000000 00:00 0 
7fb0d89ea000-7fb0dc000000 rw-p 00000000 00:00 0 
7fb0dc000000-7fb0dc021000 rw-p 00000000 00:00 0 
7fb0dc021000-7fb0e0000000 ---p 00000000 00:00 0 
7fb0e0002000-7fb0e0027000 r--p 00000000 103:02 3152389                   /usr/share/locale/fr/LC_MESSAGES/libc.mo
7fb0e0027000-7fb0e002c000 r--p 00000000 103:02 3191070                   /usr/lib/jvm/java-17-openjdk-amd64/lib/libjsvml.so
7fb0e002c000-7fb0e006d000 r-xp 00005000 103:02 3191070                   /usr/lib/jvm/java-17-openjdk-amd64/lib/libjsvml.so
7fb0e006d000-7fb0e00f6000 r--p 00046000 103:02 3191070                   /usr/lib/jvm/java-17-openjdk-amd64/lib/libjsvml.so
7fb0e00f6000-7fb0e00f7000 r--p 000ce000 103:02 3191070                   /usr/lib/jvm/java-17-openjdk-amd64/lib/libjsvml.so
7fb0e00f7000-7fb0e00f8000 rw-p 000cf000 103:02 3191070                   /usr/lib/jvm/java-17-openjdk-amd64/lib/libjsvml.so
7fb0e00f8000-7fb0e1209000 rw-p 00000000 00:00 0 
7fb0e1209000-7fb0e17b9000 rwxp 00000000 00:00 0 
7fb0e17b9000-7fb0e8668000 ---p 00000000 00:00 0 
7fb0e8668000-7fb0e8958000 rwxp 00000000 00:00 0 
7fb0e8958000-7fb0e8da9000 ---p 00000000 00:00 0 
7fb0e8da9000-7fb0e9019000 rwxp 00000000 00:00 0 
7fb0e9019000-7fb0f0209000 ---p 00000000 00:00 0 
7fb0f0209000-7fb0f8000000 r--s 00000000 103:02 3192854                   /usr/lib/jvm/java-17-openjdk-amd64/lib/modules
7fb0f8000000-7fb0f85fc000 rw-p 00000000 00:00 0 
7fb0f85fc000-7fb0fc000000 ---p 00000000 00:00 0 
7fb0fc015000-7fb0fc01c000 r--s 00000000 103:02 3194164                   /usr/lib/x86_64-linux-gnu/gconv/gconv-modules.cache
7fb0fc01c000-7fb0fc020000 r--p 00000000 103:02 3192852                   /usr/lib/jvm/java-17-openjdk-amd64/lib/libverify.so
7fb0fc020000-7fb0fc027000 r-xp 00004000 103:02 3192852                   /usr/lib/jvm/java-17-openjdk-amd64/lib/libverify.so
7fb0fc027000-7fb0fc029000 r--p 0000b000 103:02 3192852                   /usr/lib/jvm/java-17-openjdk-amd64/lib/libverify.so
7fb0fc029000-7fb0fc02b000 r--p 0000c000 103:02 3192852                   /usr/lib/jvm/java-17-openjdk-amd64/lib/libverify.so
7fb0fc02b000-7fb0fc02c000 rw-p 0000e000 103:02 3192852                   /usr/lib/jvm/java-17-openjdk-amd64/lib/libverify.so
7fb0fc02c000-7fb0fc030000 r--p 00000000 103:02 3191076                   /usr/lib/jvm/java-17-openjdk-amd64/lib/libnet.so
7fb0fc030000-7fb0fc03e000 r-xp 00004000 103:02 3191076                   /usr/lib/jvm/java-17-openjdk-amd64/lib/libnet.so
7fb0fc03e000-7fb0fc042000 r--p 00012000 103:02 3191076                   /usr/lib/jvm/java-17-openjdk-amd64/lib/libnet.so
7fb0fc042000-7fb0fc043000 r--p 00015000 103:02 3191076                   /usr/lib/jvm/java-17-openjdk-amd64/lib/libnet.so
7fb0fc043000-7fb0fc044000 rw-p 00016000 103:02 3191076                   /usr/lib/jvm/java-17-openjdk-amd64/lib/libnet.so
7fb0fc044000-7fb0fc04a000 r--p 00000000 103:02 3191077                   /usr/lib/jvm/java-17-openjdk-amd64/lib/libnio.so
7fb0fc04a000-7fb0fc052000 r-xp 00006000 103:02 3191077                   /usr/lib/jvm/java-17-openjdk-amd64/lib/libnio.so
7fb0fc052000-7fb0fc056000 r--p 0000e000 103:02 3191077                   /usr/lib/jvm/java-17-openjdk-amd64/lib/libnio.so
7fb0fc056000-7fb0fc057000 ---p 00012000 103:02 3191077                   /usr/lib/jvm/java-17-openjdk-amd64/lib/libnio.so
7fb0fc057000-7fb0fc058000 r--p 00012000 103:02 3191077                   /usr/lib/jvm/java-17-openjdk-amd64/lib/libnio.so
7fb0fc058000-7fb0fc059000 rw-p 00013000 103:02 3191077                   /usr/lib/jvm/java-17-openjdk-amd64/lib/libnio.so
7fb0fc059000-7fb0fc7b0000 rw-p 00000000 00:00 0 
7fb0fc7b0000-7fb0fc8e4000 ---p 00000000 00:00 0 
7fb0fc8e4000-7fb0fc8e5000 ---p 00000000 00:00 0 
7fb0fc8e5000-7fb0fca08000 rw-p 00000000 00:00 0 
7fb0fca08000-7fb0fcb3b000 ---p 00000000 00:00 0 
7fb0fcb3b000-7fb0fcb4d000 rw-p 00000000 00:00 0 
7fb0fcb4d000-7fb0fcbe6000 ---p 00000000 00:00 0 
7fb0fcbe6000-7fb0fcbec000 rw-p 00000000 00:00 0 
7fb0fcbec000-7fb0fccd0000 ---p 00000000 00:00 0 
7fb0fccd0000-7fb0fccdc000 rw-p 00000000 00:00 0 
7fb0fccdc000-7fb0fcdb9000 ---p 00000000 00:00 0 
7fb0fcdb9000-7fb0fd68d000 r--s 00000000 103:02 789470                    /var/lib/sss/mc/passwd
7fb0fd68d000-7fb0fd68f000 r--p 00000000 103:02 3175991                   /usr/lib/x86_64-linux-gnu/libnss_sss.so.2
7fb0fd68f000-7fb0fd696000 r-xp 00002000 103:02 3175991                   /usr/lib/x86_64-linux-gnu/libnss_sss.so.2
7fb0fd696000-7fb0fd698000 r--p 00009000 103:02 3175991                   /usr/lib/x86_64-linux-gnu/libnss_sss.so.2
7fb0fd698000-7fb0fd699000 r--p 0000a000 103:02 3175991                   /usr/lib/x86_64-linux-gnu/libnss_sss.so.2
7fb0fd699000-7fb0fd69a000 rw-p 0000b000 103:02 3175991                   /usr/lib/x86_64-linux-gnu/libnss_sss.so.2
7fb0fd69a000-7fb0fd69c000 r--p 00000000 103:02 3177338                   /usr/lib/x86_64-linux-gnu/libnss_compat-2.31.so
7fb0fd69c000-7fb0fd6a2000 r-xp 00002000 103:02 3177338                   /usr/lib/x86_64-linux-gnu/libnss_compat-2.31.so
7fb0fd6a2000-7fb0fd6a3000 r--p 00008000 103:02 3177338                   /usr/lib/x86_64-linux-gnu/libnss_compat-2.31.so
7fb0fd6a3000-7fb0fd6a4000 ---p 00009000 103:02 3177338                   /usr/lib/x86_64-linux-gnu/libnss_compat-2.31.so
7fb0fd6a4000-7fb0fd6a5000 r--p 00009000 103:02 3177338                   /usr/lib/x86_64-linux-gnu/libnss_compat-2.31.so
7fb0fd6a5000-7fb0fd6a6000 rw-p 0000a000 103:02 3177338                   /usr/lib/x86_64-linux-gnu/libnss_compat-2.31.so
7fb0fd6aa000-7fb0fd6b0000 rw-p 00000000 00:00 0 
7fb0fd6b0000-7fb0fd6b9000 ---p 00000000 00:00 0 
7fb0fd6b9000-7fb0fd6bb000 r--s 0000c000 103:02 3682863                   /usr/share/java/java-atk-wrapper.jar
7fb0fd6bb000-7fb0fd6bd000 r--p 00000000 103:02 3192853                   /usr/lib/jvm/java-17-openjdk-amd64/lib/libzip.so
7fb0fd6bd000-7fb0fd6c1000 r-xp 00002000 103:02 3192853                   /usr/lib/jvm/java-17-openjdk-amd64/lib/libzip.so
7fb0fd6c1000-7fb0fd6c3000 r--p 00006000 103:02 3192853                   /usr/lib/jvm/java-17-openjdk-amd64/lib/libzip.so
7fb0fd6c3000-7fb0fd6c4000 r--p 00007000 103:02 3192853                   /usr/lib/jvm/java-17-openjdk-amd64/lib/libzip.so
7fb0fd6c4000-7fb0fd6c5000 rw-p 00008000 103:02 3192853                   /usr/lib/jvm/java-17-openjdk-amd64/lib/libzip.so
7fb0fd6c5000-7fb0fd6d1000 r--p 00000000 103:02 3191062                   /usr/lib/jvm/java-17-openjdk-amd64/lib/libjava.so
7fb0fd6d1000-7fb0fd6e3000 r-xp 0000c000 103:02 3191062                   /usr/lib/jvm/java-17-openjdk-amd64/lib/libjava.so
7fb0fd6e3000-7fb0fd6e9000 r--p 0001e000 103:02 3191062                   /usr/lib/jvm/java-17-openjdk-amd64/lib/libjava.so
7fb0fd6e9000-7fb0fd6ea000 ---p 00024000 103:02 3191062                   /usr/lib/jvm/java-17-openjdk-amd64/lib/libjava.so
7fb0fd6ea000-7fb0fd6eb000 r--p 00024000 103:02 3191062                   /usr/lib/jvm/java-17-openjdk-amd64/lib/libjava.so
7fb0fd6eb000-7fb0fd6ec000 rw-p 00025000 103:02 3191062                   /usr/lib/jvm/java-17-openjdk-amd64/lib/libjava.so
7fb0fd6ec000-7fb0fd6ed000 rw-p 00000000 00:00 0 
7fb0fd6ed000-7fb0fd6f1000 ---p 00000000 00:00 0 
7fb0fd6f1000-7fb0fd7ee000 rw-p 00000000 00:00 0 
7fb0fd7ee000-7fb0fd7f1000 r--p 00000000 103:02 3147348                   /usr/lib/x86_64-linux-gnu/libgcc_s.so.1
7fb0fd7f1000-7fb0fd802000 r-xp 00003000 103:02 3147348                   /usr/lib/x86_64-linux-gnu/libgcc_s.so.1
7fb0fd802000-7fb0fd806000 r--p 00014000 103:02 3147348                   /usr/lib/x86_64-linux-gnu/libgcc_s.so.1
7fb0fd806000-7fb0fd807000 r--p 00017000 103:02 3147348                   /usr/lib/x86_64-linux-gnu/libgcc_s.so.1
7fb0fd807000-7fb0fd808000 rw-p 00018000 103:02 3147348                   /usr/lib/x86_64-linux-gnu/libgcc_s.so.1
7fb0fd808000-7fb0fd815000 r--p 00000000 103:02 3168944                   /usr/lib/x86_64-linux-gnu/libm-2.31.so
7fb0fd815000-7fb0fd8af000 r-xp 0000d000 103:02 3168944                   /usr/lib/x86_64-linux-gnu/libm-2.31.so
7fb0fd8af000-7fb0fd94a000 r--p 000a7000 103:02 3168944                   /usr/lib/x86_64-linux-gnu/libm-2.31.so
7fb0fd94a000-7fb0fd94b000 r--p 00141000 103:02 3168944                   /usr/lib/x86_64-linux-gnu/libm-2.31.so
7fb0fd94b000-7fb0fd94c000 rw-p 00142000 103:02 3168944                   /usr/lib/x86_64-linux-gnu/libm-2.31.so
7fb0fd94c000-7fb0fd9e2000 r--p 00000000 103:02 3148088                   /usr/lib/x86_64-linux-gnu/libstdc++.so.6.0.28
7fb0fd9e2000-7fb0fdabe000 r-xp 00096000 103:02 3148088                   /usr/lib/x86_64-linux-gnu/libstdc++.so.6.0.28
7fb0fdabe000-7fb0fdb08000 r--p 00172000 103:02 3148088                   /usr/lib/x86_64-linux-gnu/libstdc++.so.6.0.28
7fb0fdb08000-7fb0fdb13000 r--p 001bb000 103:02 3148088                   /usr/lib/x86_64-linux-gnu/libstdc++.so.6.0.28
7fb0fdb13000-7fb0fdb16000 rw-p 001c6000 103:02 3148088                   /usr/lib/x86_64-linux-gnu/libstdc++.so.6.0.28
7fb0fdb16000-7fb0fdb19000 rw-p 00000000 00:00 0 
7fb0fdb19000-7fb0fdd69000 r--p 00000000 103:02 3561119                   /usr/lib/jvm/java-17-openjdk-amd64/lib/server/libjvm.so
7fb0fdd69000-7fb0feab6000 r-xp 00250000 103:02 3561119                   /usr/lib/jvm/java-17-openjdk-amd64/lib/server/libjvm.so
7fb0feab6000-7fb0fed3f000 r--p 00f9d000 103:02 3561119                   /usr/lib/jvm/java-17-openjdk-amd64/lib/server/libjvm.so
7fb0fed3f000-7fb0fed40000 ---p 01226000 103:02 3561119                   /usr/lib/jvm/java-17-openjdk-amd64/lib/server/libjvm.so
7fb0fed40000-7fb0fedf8000 r--p 01226000 103:02 3561119                   /usr/lib/jvm/java-17-openjdk-amd64/lib/server/libjvm.so
7fb0fedf8000-7fb0fee2d000 rw-p 012de000 103:02 3561119                   /usr/lib/jvm/java-17-openjdk-amd64/lib/server/libjvm.so
7fb0fee2d000-7fb0fee88000 rw-p 00000000 00:00 0 
7fb0fee88000-7fb0fee8e000 r--p 00000000 103:02 3177343                   /usr/lib/x86_64-linux-gnu/libpthread-2.31.so
7fb0fee8e000-7fb0fee9e000 r-xp 00006000 103:02 3177343                   /usr/lib/x86_64-linux-gnu/libpthread-2.31.so
7fb0fee9e000-7fb0feea4000 r--p 00016000 103:02 3177343                   /usr/lib/x86_64-linux-gnu/libpthread-2.31.so
7fb0feea4000-7fb0feea5000 r--p 0001b000 103:02 3177343                   /usr/lib/x86_64-linux-gnu/libpthread-2.31.so
7fb0feea5000-7fb0feea6000 rw-p 0001c000 103:02 3177343                   /usr/lib/x86_64-linux-gnu/libpthread-2.31.so
7fb0feea6000-7fb0feeaa000 rw-p 00000000 00:00 0 
7fb0feeaa000-7fb0feeab000 r--p 00000000 103:02 3168943                   /usr/lib/x86_64-linux-gnu/libdl-2.31.so
7fb0feeab000-7fb0feead000 r-xp 00001000 103:02 3168943                   /usr/lib/x86_64-linux-gnu/libdl-2.31.so
7fb0feead000-7fb0feeae000 r--p 00003000 103:02 3168943                   /usr/lib/x86_64-linux-gnu/libdl-2.31.so
7fb0feeae000-7fb0feeaf000 r--p 00003000 103:02 3168943                   /usr/lib/x86_64-linux-gnu/libdl-2.31.so
7fb0feeaf000-7fb0feeb0000 rw-p 00004000 103:02 3168943                   /usr/lib/x86_64-linux-gnu/libdl-2.31.so
7fb0feeb0000-7fb0feeb3000 r--p 00000000 103:02 3147157                   /usr/lib/x86_64-linux-gnu/libz.so.1.2.11
7fb0feeb3000-7fb0feec4000 r-xp 00003000 103:02 3147157                   /usr/lib/x86_64-linux-gnu/libz.so.1.2.11
7fb0feec4000-7fb0feeca000 r--p 00014000 103:02 3147157                   /usr/lib/x86_64-linux-gnu/libz.so.1.2.11
7fb0feeca000-7fb0feecb000 ---p 0001a000 103:02 3147157                   /usr/lib/x86_64-linux-gnu/libz.so.1.2.11
7fb0feecb000-7fb0feecc000 r--p 0001a000 103:02 3147157                   /usr/lib/x86_64-linux-gnu/libz.so.1.2.11
7fb0feecc000-7fb0feecd000 rw-p 0001b000 103:02 3147157                   /usr/lib/x86_64-linux-gnu/libz.so.1.2.11
7fb0feecd000-7fb0feeef000 r--p 00000000 103:02 3168942                   /usr/lib/x86_64-linux-gnu/libc-2.31.so
7fb0feeef000-7fb0ff048000 r-xp 00022000 103:02 3168942                   /usr/lib/x86_64-linux-gnu/libc-2.31.so
7fb0ff048000-7fb0ff097000 r--p 0017b000 103:02 3168942                   /usr/lib/x86_64-linux-gnu/libc-2.31.so
7fb0ff097000-7fb0ff09b000 r--p 001c9000 103:02 3168942                   /usr/lib/x86_64-linux-gnu/libc-2.31.so
7fb0ff09b000-7fb0ff09d000 rw-p 001cd000 103:02 3168942                   /usr/lib/x86_64-linux-gnu/libc-2.31.so
7fb0ff09d000-7fb0ff0a1000 rw-p 00000000 00:00 0 
7fb0ff0a1000-7fb0ff0a9000 rw-s 00000000 103:02 1837533                   /tmp/hsperfdata_quentin.moutte.etu/88502
7fb0ff0a9000-7fb0ff0aa000 r--p 00000000 103:02 3191052                   /usr/lib/jvm/java-17-openjdk-amd64/lib/libinstrument.so
7fb0ff0aa000-7fb0ff0b0000 r-xp 00001000 103:02 3191052                   /usr/lib/jvm/java-17-openjdk-amd64/lib/libinstrument.so
7fb0ff0b0000-7fb0ff0b3000 r--p 00007000 103:02 3191052                   /usr/lib/jvm/java-17-openjdk-amd64/lib/libinstrument.so
7fb0ff0b3000-7fb0ff0b4000 r--p 00009000 103:02 3191052                   /usr/lib/jvm/java-17-openjdk-amd64/lib/libinstrument.so
7fb0ff0b4000-7fb0ff0b5000 rw-p 0000a000 103:02 3191052                   /usr/lib/jvm/java-17-openjdk-amd64/lib/libinstrument.so
7fb0ff0b5000-7fb0ff0b6000 ---p 00000000 00:00 0 
7fb0ff0b6000-7fb0ff0b7000 r--p 00000000 00:00 0 
7fb0ff0b7000-7fb0ff0b9000 r--p 00000000 103:02 3191066                   /usr/lib/jvm/java-17-openjdk-amd64/lib/libjimage.so
7fb0ff0b9000-7fb0ff0bc000 r-xp 00002000 103:02 3191066                   /usr/lib/jvm/java-17-openjdk-amd64/lib/libjimage.so
7fb0ff0bc000-7fb0ff0bd000 r--p 00005000 103:02 3191066                   /usr/lib/jvm/java-17-openjdk-amd64/lib/libjimage.so
7fb0ff0bd000-7fb0ff0be000 ---p 00006000 103:02 3191066                   /usr/lib/jvm/java-17-openjdk-amd64/lib/libjimage.so
7fb0ff0be000-7fb0ff0bf000 r--p 00006000 103:02 3191066                   /usr/lib/jvm/java-17-openjdk-amd64/lib/libjimage.so
7fb0ff0bf000-7fb0ff0c0000 rw-p 00007000 103:02 3191066                   /usr/lib/jvm/java-17-openjdk-amd64/lib/libjimage.so
7fb0ff0c0000-7fb0ff0c2000 r--p 00000000 103:02 3191067                   /usr/lib/jvm/java-17-openjdk-amd64/lib/libjli.so
7fb0ff0c2000-7fb0ff0cc000 r-xp 00002000 103:02 3191067                   /usr/lib/jvm/java-17-openjdk-amd64/lib/libjli.so
7fb0ff0cc000-7fb0ff0cf000 r--p 0000c000 103:02 3191067                   /usr/lib/jvm/java-17-openjdk-amd64/lib/libjli.so
7fb0ff0cf000-7fb0ff0d0000 ---p 0000f000 103:02 3191067                   /usr/lib/jvm/java-17-openjdk-amd64/lib/libjli.so
7fb0ff0d0000-7fb0ff0d1000 r--p 0000f000 103:02 3191067                   /usr/lib/jvm/java-17-openjdk-amd64/lib/libjli.so
7fb0ff0d1000-7fb0ff0d2000 rw-p 00010000 103:02 3191067                   /usr/lib/jvm/java-17-openjdk-amd64/lib/libjli.so
7fb0ff0d2000-7fb0ff0d4000 rw-p 00000000 00:00 0 
7fb0ff0d4000-7fb0ff0d5000 r--p 00000000 103:02 3168849                   /usr/lib/x86_64-linux-gnu/ld-2.31.so
7fb0ff0d5000-7fb0ff0f5000 r-xp 00001000 103:02 3168849                   /usr/lib/x86_64-linux-gnu/ld-2.31.so
7fb0ff0f5000-7fb0ff0fd000 r--p 00021000 103:02 3168849                   /usr/lib/x86_64-linux-gnu/ld-2.31.so
7fb0ff0fd000-7fb0ff0fe000 ---p 00000000 00:00 0 
7fb0ff0fe000-7fb0ff0ff000 r--p 00029000 103:02 3168849                   /usr/lib/x86_64-linux-gnu/ld-2.31.so
7fb0ff0ff000-7fb0ff100000 rw-p 0002a000 103:02 3168849                   /usr/lib/x86_64-linux-gnu/ld-2.31.so
7fb0ff100000-7fb0ff101000 rw-p 00000000 00:00 0 
7fff24b1b000-7fff24b3c000 rw-p 00000000 00:00 0                          [stack]
7fff24b62000-7fff24b66000 r--p 00000000 00:00 0                          [vvar]
7fff24b66000-7fff24b68000 r-xp 00000000 00:00 0                          [vdso]


VM Arguments:
jvm_args: --add-modules=ALL-SYSTEM --add-opens=java.base/java.util=ALL-UNNAMED --add-opens=java.base/java.lang=ALL-UNNAMED --add-opens=java.base/sun.nio.fs=ALL-UNNAMED -Declipse.application=org.eclipse.jdt.ls.core.id1 -Dosgi.bundles.defaultStartLevel=4 -Declipse.product=org.eclipse.jdt.ls.core.product -Djava.import.generatesMetadataFilesAtProjectRoot=false -Dfile.encoding=utf8 -XX:+UseParallelGC -XX:GCTimeRatio=4 -XX:AdaptiveSizePolicyWeight=90 -Dsun.zip.disableMemoryMapping=true -Xmx1G -Xms100m -Xlog:disable -javaagent:/home/infoetu/quentin.moutte.etu/.vscode-oss/extensions/redhat.java-1.18.0-universal/lombok/lombok-1.18.27.jar -XX:+HeapDumpOnOutOfMemoryError -XX:HeapDumpPath=/home/infoetu/quentin.moutte.etu/.config/VSCodium/User/workspaceStorage/bba4e4735a77dc069042abacbee27294/redhat.java -Daether.dependencyCollector.impl=bf 
java_command: /home/infoetu/quentin.moutte.etu/.vscode-oss/extensions/redhat.java-1.18.0-universal/server/plugins/org.eclipse.equinox.launcher_1.6.400.v20210924-0641.jar -configuration /home/infoetu/quentin.moutte.etu/.config/VSCodium/User/globalStorage/redhat.java/1.18.0/config_linux -data /home/infoetu/quentin.moutte.etu/.config/VSCodium/User/workspaceStorage/bba4e4735a77dc069042abacbee27294/redhat.java/jdt_ws
java_class_path (initial): /home/infoetu/quentin.moutte.etu/.vscode-oss/extensions/redhat.java-1.18.0-universal/server/plugins/org.eclipse.equinox.launcher_1.6.400.v20210924-0641.jar
Launcher Type: SUN_STANDARD

[Global flags]
    uintx AdaptiveSizePolicyWeight                 = 90                                        {product} {command line}
     intx CICompilerCount                          = 12                                        {product} {ergonomic}
    uintx GCTimeRatio                              = 4                                         {product} {command line}
     bool HeapDumpOnOutOfMemoryError               = true                                   {manageable} {command line}
    ccstr HeapDumpPath                             = /home/infoetu/quentin.moutte.etu/.config/VSCodium/User/workspaceStorage/bba4e4735a77dc069042abacbee27294/redhat.java         {manageable} {command line}
   size_t InitialHeapSize                          = 104857600                                 {product} {command line}
   size_t MaxHeapSize                              = 1073741824                                {product} {command line}
   size_t MaxNewSize                               = 357564416                                 {product} {ergonomic}
   size_t MinHeapDeltaBytes                        = 524288                                    {product} {ergonomic}
   size_t MinHeapSize                              = 104857600                                 {product} {command line}
   size_t NewSize                                  = 34603008                                  {product} {ergonomic}
    uintx NonNMethodCodeHeapSize                   = 7602480                                {pd product} {ergonomic}
    uintx NonProfiledCodeHeapSize                  = 122027880                              {pd product} {ergonomic}
   size_t OldSize                                  = 70254592                                  {product} {ergonomic}
    uintx ProfiledCodeHeapSize                     = 122027880                              {pd product} {ergonomic}
    uintx ReservedCodeCacheSize                    = 251658240                              {pd product} {ergonomic}
     bool SegmentedCodeCache                       = true                                      {product} {ergonomic}
   size_t SoftMaxHeapSize                          = 1073741824                             {manageable} {ergonomic}
     bool UseCompressedClassPointers               = true                           {product lp64_product} {ergonomic}
     bool UseCompressedOops                        = true                           {product lp64_product} {ergonomic}
     bool UseParallelGC                            = true                                      {product} {command line}

Logging:
Log output configuration:
 #0: stdout all=off uptime,level,tags
 #1: stderr all=off uptime,level,tags

Environment Variables:
PATH=/usr/local/bin:/usr/bin:/bin:/usr/local/games:/usr/games
SHELL=/bin/bash
DISPLAY=:0
LANG=fr_FR.UTF-8

Signal Handlers:
   SIGSEGV: 0x00007fb0fea36290 in libjvm.so+15848080, mask=11100100010111111101111111111110, flags=SA_RESTART|SA_SIGINFO
    SIGBUS: 0x00007fb0fea36290 in libjvm.so+15848080, mask=11100100010111111101111111111110, flags=SA_RESTART|SA_SIGINFO
    SIGFPE: 0x00007fb0fea36290 in libjvm.so+15848080, mask=11100100010111111101111111111110, flags=SA_RESTART|SA_SIGINFO
   SIGPIPE: 0x00007fb0fe8ddca0 in libjvm.so+14437536, mask=11100100010111111101111111111110, flags=SA_RESTART|SA_SIGINFO
   SIGXFSZ: 0x00007fb0fe8ddca0 in libjvm.so+14437536, mask=11100100010111111101111111111110, flags=SA_RESTART|SA_SIGINFO
    SIGILL: 0x00007fb0fea36290 in libjvm.so+15848080, mask=11100100010111111101111111111110, flags=SA_RESTART|SA_SIGINFO
   SIGUSR2: 0x00007fb0fe8dd340 in libjvm.so+14435136, mask=00000000000000000000000000000000, flags=SA_RESTART|SA_SIGINFO
    SIGHUP: 0x00007fb0fe8dd270 in libjvm.so+14434928, mask=11100100010111111101111111111110, flags=SA_RESTART|SA_SIGINFO
    SIGINT: 0x00007fb0fe8dd270 in libjvm.so+14434928, mask=11100100010111111101111111111110, flags=SA_RESTART|SA_SIGINFO
   SIGTERM: 0x00007fb0fe8dd270 in libjvm.so+14434928, mask=11100100010111111101111111111110, flags=SA_RESTART|SA_SIGINFO
   SIGQUIT: 0x00007fb0fe8dd270 in libjvm.so+14434928, mask=11100100010111111101111111111110, flags=SA_RESTART|SA_SIGINFO
   SIGTRAP: 0x00007fb0fea36290 in libjvm.so+15848080, mask=11100100010111111101111111111110, flags=SA_RESTART|SA_SIGINFO


---------------  S Y S T E M  ---------------

OS:
PRETTY_NAME="Debian GNU/Linux 11 (bullseye)"
NAME="Debian GNU/Linux"
VERSION_ID="11"
VERSION="11 (bullseye)"
VERSION_CODENAME=bullseye
ID=debian
HOME_URL="https://www.debian.org/"
SUPPORT_URL="https://www.debian.org/support"
BUG_REPORT_URL="https://bugs.debian.org/"
uname: Linux 5.10.0-17-amd64 #1 SMP Debian 5.10.136-1 (2022-08-13) x86_64
OS uptime: 6 days 5:22 hours
libc: glibc 2.31 NPTL 2.31 
rlimit (soft/hard): STACK 8192k/infinity , CORE 0k/infinity , NPROC 4096/4096 , NOFILE 1048576/1048576 , AS infinity/infinity , CPU infinity/infinity , DATA infinity/infinity , FSIZE infinity/infinity , MEMLOCK 4081737k/4081737k
load average: 2,15 1,26 0,92

/proc/meminfo:
MemTotal:       32653900 kB
MemFree:        26096744 kB
MemAvailable:   29737000 kB
Buffers:          566164 kB
Cached:          3713644 kB
SwapCached:            0 kB
Active:          2001296 kB
Inactive:        3582728 kB
Active(anon):       3248 kB
Inactive(anon):  1768868 kB
Active(file):    1998048 kB
Inactive(file):  1813860 kB
Unevictable:      399916 kB
Mlocked:              64 kB
SwapTotal:      15999996 kB
SwapFree:       15999996 kB
Dirty:               200 kB
Writeback:             0 kB
AnonPages:       1676644 kB
Mapped:           660232 kB
Shmem:            467896 kB
KReclaimable:     292068 kB
Slab:             420952 kB
SReclaimable:     292068 kB
SUnreclaim:       128884 kB
KernelStack:       16160 kB
PageTables:        26240 kB
NFS_Unstable:          0 kB
Bounce:                0 kB
WritebackTmp:          0 kB
CommitLimit:    32326944 kB
Committed_AS:    6567012 kB
VmallocTotal:   34359738367 kB
VmallocUsed:       43188 kB
VmallocChunk:          0 kB
Percpu:            23104 kB
HardwareCorrupted:     0 kB
AnonHugePages:    378880 kB
ShmemHugePages:        0 kB
ShmemPmdMapped:        0 kB
FileHugePages:         0 kB
FilePmdMapped:         0 kB
HugePages_Total:       0
HugePages_Free:        0
HugePages_Rsvd:        0
HugePages_Surp:        0
Hugepagesize:       2048 kB
Hugetlb:               0 kB
DirectMap4k:      363112 kB
DirectMap2M:    15136768 kB
DirectMap1G:    17825792 kB

/sys/kernel/mm/transparent_hugepage/enabled: [always] madvise never
/sys/kernel/mm/transparent_hugepage/defrag (defrag/compaction efforts parameter): always defer defer+madvise [madvise] never

Process Memory:
Virtual Size: 5563136K (peak: 5628672K)
Resident Set Size: 152252K (peak: 152252K) (anon: 123932K, file: 28320K, shmem: 0K)
Swapped out: 0K
C-Heap outstanding allocations: 78874K, retained: 9481K
glibc malloc tunables: (default)

/proc/sys/kernel/threads-max (system-wide limit on the number of threads): 254542
/proc/sys/vm/max_map_count (maximum number of memory map areas a process may have): 65530
/proc/sys/kernel/pid_max (system-wide limit on number of process identifiers): 4194304

container (cgroup) information:
container_type: cgroupv2
cpu_cpuset_cpus: not supported
cpu_memory_nodes: not supported
active_processor_count: 16
cpu_quota: not supported
cpu_period: not supported
cpu_shares: not supported
memory_limit_in_bytes: unlimited
memory_and_swap_limit_in_bytes: unlimited
memory_soft_limit_in_bytes: unlimited
memory_usage_in_bytes: 2432812 k
memory_max_usage_in_bytes: not supported
memory_swap_current_in_bytes: unlimited
memory_swap_max_limit_in_bytes: unlimited
maximum number of tasks: unlimited
current number of tasks: 532

Steal ticks since vm start: 0
Steal ticks percentage since vm start:  0,000

CPU: total 16 (initial active 16) (8 cores per cpu, 2 threads per core) family 6 model 165 stepping 5 microcode 0xf0, cx8, cmov, fxsr, ht, mmx, 3dnowpref, sse, sse2, sse3, ssse3, sse4.1, sse4.2, popcnt, lzcnt, tsc, tscinvbit, avx, avx2, aes, erms, clmul, bmi1, bmi2, adx, fma, vzeroupper, clflush, clflushopt
CPU Model and flags from /proc/cpuinfo:
model name	: Intel(R) Core(TM) i7-10700 CPU @ 2.90GHz
flags		: fpu vme de pse tsc msr pae mce cx8 apic sep mtrr pge mca cmov pat pse36 clflush dts acpi mmx fxsr sse sse2 ss ht tm pbe syscall nx pdpe1gb rdtscp lm constant_tsc art arch_perfmon pebs bts rep_good nopl xtopology nonstop_tsc cpuid aperfmperf pni pclmulqdq dtes64 monitor ds_cpl vmx smx est tm2 ssse3 sdbg fma cx16 xtpr pdcm pcid sse4_1 sse4_2 x2apic movbe popcnt tsc_deadline_timer aes xsave avx f16c rdrand lahf_lm abm 3dnowprefetch cpuid_fault epb invpcid_single ssbd ibrs ibpb stibp ibrs_enhanced tpr_shadow vnmi flexpriority ept vpid ept_ad fsgsbase tsc_adjust bmi1 avx2 smep bmi2 erms invpcid mpx rdseed adx smap clflushopt intel_pt xsaveopt xsavec xgetbv1 xsaves dtherm ida arat pln pts hwp hwp_notify hwp_act_window hwp_epp pku ospke md_clear flush_l1d arch_capabilities

Online cpus: 0-15
Offline cpus: 
BIOS frequency limitation: <Not Available>
Frequency switch latency (ns): 0
Available cpu frequencies: <Not Available>
Current governor: powersave
Core performance/turbo boost: <Not Available>

Memory: 4k page, physical 32653900k(26095736k free), swap 15999996k(15999996k free)
Page Sizes: 4k

vm_info: OpenJDK 64-Bit Server VM (17.0.6+10-Debian-1deb11u1) for linux-amd64 JRE (17.0.6+10-Debian-1deb11u1), built on Jan 28 2023 20:09:51 by "buildd" with gcc 10.2.1 20210110

END.
