#
# A fatal error has been detected by the Java Runtime Environment:
#
#  SIGSEGV (0xb) at pc=0x00007ff430e5900b, pid=89084, tid=89100
#
# JRE version: OpenJDK Runtime Environment (17.0.6+10) (build 17.0.6+10-Debian-1deb11u1)
# Java VM: OpenJDK 64-Bit Server VM (17.0.6+10-Debian-1deb11u1, mixed mode, sharing, tiered, compressed oops, compressed class ptrs, parallel gc, linux-amd64)
# Problematic frame:
# V  [libjvm.so+0x51900b]
#
# No core dump will be written. Core dumps have been disabled. To enable core dumping, try "ulimit -c unlimited" before starting Java again
#
# If you would like to submit a bug report, please visit:
#   https://bugs.debian.org/openjdk-17
#

---------------  S U M M A R Y ------------

Command Line: --add-modules=ALL-SYSTEM --add-opens=java.base/java.util=ALL-UNNAMED --add-opens=java.base/java.lang=ALL-UNNAMED --add-opens=java.base/sun.nio.fs=ALL-UNNAMED -Declipse.application=org.eclipse.jdt.ls.core.id1 -Dosgi.bundles.defaultStartLevel=4 -Declipse.product=org.eclipse.jdt.ls.core.product -Djava.import.generatesMetadataFilesAtProjectRoot=false -Dfile.encoding=utf8 -XX:+UseParallelGC -XX:GCTimeRatio=4 -XX:AdaptiveSizePolicyWeight=90 -Dsun.zip.disableMemoryMapping=true -Xmx1G -Xms100m -Xlog:disable -javaagent:/home/infoetu/quentin.moutte.etu/.vscode-oss/extensions/redhat.java-1.18.0-universal/lombok/lombok-1.18.27.jar -XX:+HeapDumpOnOutOfMemoryError -XX:HeapDumpPath=/home/infoetu/quentin.moutte.etu/.config/VSCodium/User/workspaceStorage/bba4e4735a77dc069042abacbee27294/redhat.java -Daether.dependencyCollector.impl=bf /home/infoetu/quentin.moutte.etu/.vscode-oss/extensions/redhat.java-1.18.0-universal/server/plugins/org.eclipse.equinox.launcher_1.6.400.v20210924-0641.jar -configuration /home/infoetu/quentin.moutte.etu/.config/VSCodium/User/globalStorage/redhat.java/1.18.0/config_linux -data /home/infoetu/quentin.moutte.etu/.config/VSCodium/User/workspaceStorage/bba4e4735a77dc069042abacbee27294/redhat.java/jdt_ws

Host: Intel(R) Core(TM) i7-10700 CPU @ 2.90GHz, 16 cores, 31G, Debian GNU/Linux 11 (bullseye)
Time: Wed May 31 16:03:48 2023 CEST elapsed time: 1.515390 seconds (0d 0h 0m 1s)

---------------  T H R E A D  ---------------

Current thread (0x00007ff3e0009f60):  JavaThread "C2 CompilerThread1" daemon [_thread_in_native, id=89100, stack(0x00007ff40a10d000,0x00007ff40a20e000)]


Current CompileTask:
C2:   1516 3486   !   4       org.eclipse.osgi.internal.loader.classpath.ClasspathManager::findClassImpl (308 bytes)

Stack: [0x00007ff40a10d000,0x00007ff40a20e000],  sp=0x00007ff40a209808,  free space=1010k
Native frames: (J=compiled Java code, j=interpreted, Vv=VM code, C=native code)
V  [libjvm.so+0x51900b]
V  [libjvm.so+0xabdee8]
V  [libjvm.so+0xabe1d0]
V  [libjvm.so+0xabeb4e]
V  [libjvm.so+0x5cd82b]
V  [libjvm.so+0x5cf997]
V  [libjvm.so+0x50f6f1]
V  [libjvm.so+0x5d872f]
V  [libjvm.so+0x5d9358]
V  [libjvm.so+0xe9dc80]
V  [libjvm.so+0xea1140]
V  [libjvm.so+0xc04db1]


siginfo: si_signo: 11 (SIGSEGV), si_code: 1 (SEGV_MAPERR), si_addr: 0x00007ff7319947dc

Register to memory mapping:

RAX=0x00007ff3d4281338 points into unknown readable memory: 0x00007ff431bf89c8 | c8 89 bf 31 f4 7f 00 00
RBX=0x000000000000001d is an unknown value
RCX=0x000000000000000e is an unknown value
RDX=0x000000000000001f is an unknown value
RSP=0x00007ff40a209808 is pointing into the stack for thread: 0x00007ff3e0009f60
RBP=0x00007ff40a2098e0 is pointing into the stack for thread: 0x00007ff3e0009f60
RSI=0x00007ff7319947dc is an unknown value
RDI=0x00007ff4319947dc: <offset 0x00000000010547dc> in /usr/lib/jvm/java-17-openjdk-amd64/lib/server/libjvm.so at 0x00007ff430940000
R8 =0x0 is NULL
R9 =0x0000000000000001 is an unknown value
R10=0x00007ff3c84587a0 points into unknown readable memory: 0x00007ff3d84d95f0 | f0 95 4d d8 f3 7f 00 00
R11=0x00007ff3c8458480 points into unknown readable memory: 0x0000000000000000 | 00 00 00 00 00 00 00 00
R12=0x00007ff40a20a8f0 is pointing into the stack for thread: 0x00007ff3e0009f60
R13=0x00007ff3d84d6748 points into unknown readable memory: 0x00007ff431c02310 | 10 23 c0 31 f4 7f 00 00
R14=0x00007ff40a209880 is pointing into the stack for thread: 0x00007ff3e0009f60
R15=0x00007ff3d4281338 points into unknown readable memory: 0x00007ff431bf89c8 | c8 89 bf 31 f4 7f 00 00


Registers:
RAX=0x00007ff3d4281338, RBX=0x000000000000001d, RCX=0x000000000000000e, RDX=0x000000000000001f
RSP=0x00007ff40a209808, RBP=0x00007ff40a2098e0, RSI=0x00007ff7319947dc, RDI=0x00007ff4319947dc
R8 =0x0000000000000000, R9 =0x0000000000000001, R10=0x00007ff3c84587a0, R11=0x00007ff3c8458480
R12=0x00007ff40a20a8f0, R13=0x00007ff3d84d6748, R14=0x00007ff40a209880, R15=0x00007ff3d4281338
RIP=0x00007ff430e5900b, EFLAGS=0x0000000000010202, CSGSFS=0x002b000000000033, ERR=0x0000000000000004
  TRAPNO=0x000000000000000e

Top of Stack: (sp=0x00007ff40a209808)
0x00007ff40a209808:   00007ff4313fd238 00007ff3d84d6748
0x00007ff40a209818:   00007ff40a20a8f0 00007ff40a209860
0x00007ff40a209828:   00007ff40a209880 00007ff3d427ea00
0x00007ff40a209838:   00007ff3d84d7fd8 000000000000187e 

Instructions: (pc=0x00007ff430e5900b)
0x00007ff430e58f0b:   c5 08 4c 39 6d c8 0f 87 29 ff ff ff eb d5 0f 1f
0x00007ff430e58f1b:   80 00 00 00 00 41 80 7c 24 38 00 0f 84 7c 00 00
0x00007ff430e58f2b:   00 4d 89 66 28 49 83 c5 08 4c 39 6d c8 0f 87 02
0x00007ff430e58f3b:   ff ff ff eb ae 4d 89 26 4c 89 e7 e8 75 92 6b 00
0x00007ff430e58f4b:   48 85 c0 74 90 8b 50 2c 83 e2 1f 83 fa 1d 75 85
0x00007ff430e58f5b:   48 8b 50 10 8b 40 20 48 8d 0c c2 48 39 ca 72 16
0x00007ff430e58f6b:   e9 70 ff ff ff 49 89 46 08 48 83 c2 08 48 39 d1
0x00007ff430e58f7b:   0f 86 5f ff ff ff 48 8b 02 8b 70 34 85 f6 74 e5
0x00007ff430e58f8b:   49 89 46 20 eb e3 0f 1f 80 00 00 00 00 4d 89 66
0x00007ff430e58f9b:   18 e9 dc fe ff ff 0f 1f 80 00 00 00 00 4d 89 66
0x00007ff430e58fab:   10 49 83 c5 08 4c 39 6d c8 0f 87 86 fe ff ff e9
0x00007ff430e58fbb:   2f ff ff ff 90 48 8b 7f 78 48 85 ff 74 1f 55 48
0x00007ff430e58fcb:   8d 35 d1 80 b3 00 48 89 e5 e8 87 75 d3 ff 5d 48
0x00007ff430e58fdb:   85 c0 0f 95 c0 c3 0f 1f 80 00 00 00 00 31 c0 c3
0x00007ff430e58feb:   90 0f 1f 40 00 48 8b 77 78 45 31 c0 48 85 f6 74
0x00007ff430e58ffb:   3c 48 89 f8 b9 0e 00 00 00 48 8d 3d d1 b7 b3 00
0x00007ff430e5900b:   f3 a6 0f 97 c2 80 da 00 84 d2 75 21 55 48 8b 40
0x00007ff430e5901b:   08 48 8b 78 28 48 89 e5 48 8b 07 ff 50 28 5d 44
0x00007ff430e5902b:   8b 40 14 44 89 c0 c3 66 0f 1f 44 00 00 44 89 c0
0x00007ff430e5903b:   c3 0f 1f 40 00 55 48 8b 47 08 48 8b 78 28 48 89
0x00007ff430e5904b:   e5 48 8b 07 ff 50 28 5d 8b 40 14 c3 90 0f 1f 84
0x00007ff430e5905b:   00 00 00 00 00 55 89 d0 48 89 e5 41 57 41 56 41
0x00007ff430e5906b:   55 41 54 49 89 cc 53 48 89 fb 48 83 ec 08 8b 7e
0x00007ff430e5907b:   0c 48 8b 4b 08 01 d7 41 89 ff 4e 8d 2c fd 00 00
0x00007ff430e5908b:   00 00 4a 8d 34 29 48 8b 16 48 83 7a 10 00 75 04
0x00007ff430e5909b:   85 c0 75 71 48 85 d2 74 32 48 8b 7a 10 48 85 ff
0x00007ff430e590ab:   74 29 8b 42 20 48 89 c1 48 8d 04 c7 66 0f 1f 84
0x00007ff430e590bb:   00 00 00 00 00 48 83 e8 08 48 39 18 75 f7 83 e9
0x00007ff430e590cb:   01 89 4a 20 48 8b 14 cf 48 89 10 4c 89 26 4d 85
0x00007ff430e590db:   e4 74 22 49 8b 44 24 10 48 85 c0 74 18 41 8b 74
0x00007ff430e590eb:   24 20 41 3b 74 24 24 74 54 8d 56 01 41 89 54 24
0x00007ff430e590fb:   20 48 89 1c f0 48 83 c4 08 5b 41 5c 41 5d 41 5e 


Stack slot to memory mapping:
stack at sp + 0 slots: 0x00007ff4313fd238: <offset 0x0000000000abd238> in /usr/lib/jvm/java-17-openjdk-amd64/lib/server/libjvm.so at 0x00007ff430940000
stack at sp + 1 slots: 0x00007ff3d84d6748 points into unknown readable memory: 0x00007ff431c02310 | 10 23 c0 31 f4 7f 00 00
stack at sp + 2 slots: 0x00007ff40a20a8f0 is pointing into the stack for thread: 0x00007ff3e0009f60
stack at sp + 3 slots: 0x00007ff40a209860 is pointing into the stack for thread: 0x00007ff3e0009f60
stack at sp + 4 slots: 0x00007ff40a209880 is pointing into the stack for thread: 0x00007ff3e0009f60
stack at sp + 5 slots: 0x00007ff3d427ea00 points into unknown readable memory: 0x00007ff431bf9990 | 90 99 bf 31 f4 7f 00 00
stack at sp + 6 slots: 0x00007ff3d84d7fd8 points into unknown readable memory: 0x00007ff431c02de0 | e0 2d c0 31 f4 7f 00 00
stack at sp + 7 slots: 0x000000000000187e is an unknown value


---------------  P R O C E S S  ---------------

Threads class SMR info:
_java_thread_list=0x00007ff42c7a6bf0, length=29, elements={
0x00007ff42c017090, 0x00007ff42c221830, 0x00007ff42c222c40, 0x00007ff42c22d8c0,
0x00007ff42c22ec40, 0x00007ff42c230020, 0x00007ff42c231a20, 0x00007ff42c232f20,
0x00007ff42c234360, 0x00007ff42c2502a0, 0x00007ff3e4035f80, 0x00007ff3e40373d0,
0x00007ff3e0009f60, 0x00007ff3e000b0a0, 0x00007ff42c315ec0, 0x00007ff3d800d190,
0x00007ff42c403d20, 0x00007ff42c4e7330, 0x00007ff42c53c6e0, 0x00007ff42c53f260,
0x00007ff3a0033820, 0x00007ff3a00b8820, 0x00007ff3d4107430, 0x00007ff3a0232ae0,
0x00007ff3a02e91c0, 0x00007ff3a02d7a20, 0x00007ff3a08f4a50, 0x00007ff42c5ac680,
0x00007ff42c7a5e60
}

Java Threads: ( => current thread )
  0x00007ff42c017090 JavaThread "main" [_thread_blocked, id=89085, stack(0x00007ff430514000,0x00007ff430615000)]
  0x00007ff42c221830 JavaThread "Reference Handler" daemon [_thread_blocked, id=89088, stack(0x00007ff40aeff000,0x00007ff40b000000)]
  0x00007ff42c222c40 JavaThread "Finalizer" daemon [_thread_blocked, id=89089, stack(0x00007ff40adfe000,0x00007ff40aeff000)]
  0x00007ff42c22d8c0 JavaThread "Signal Dispatcher" daemon [_thread_blocked, id=89091, stack(0x00007ff40aa16000,0x00007ff40ab17000)]
  0x00007ff42c22ec40 JavaThread "Service Thread" daemon [_thread_blocked, id=89092, stack(0x00007ff40a915000,0x00007ff40aa16000)]
  0x00007ff42c230020 JavaThread "Monitor Deflation Thread" daemon [_thread_blocked, id=89093, stack(0x00007ff40a814000,0x00007ff40a915000)]
  0x00007ff42c231a20 JavaThread "C2 CompilerThread0" daemon [_thread_in_native, id=89094, stack(0x00007ff40a713000,0x00007ff40a814000)]
  0x00007ff42c232f20 JavaThread "C1 CompilerThread0" daemon [_thread_blocked, id=89095, stack(0x00007ff40a612000,0x00007ff40a713000)]
  0x00007ff42c234360 JavaThread "Sweeper thread" daemon [_thread_blocked, id=89096, stack(0x00007ff40a511000,0x00007ff40a612000)]
  0x00007ff42c2502a0 JavaThread "Common-Cleaner" daemon [_thread_blocked, id=89097, stack(0x00007ff40a410000,0x00007ff40a511000)]
  0x00007ff3e4035f80 JavaThread "C1 CompilerThread1" daemon [_thread_blocked, id=89098, stack(0x00007ff40a30f000,0x00007ff40a410000)]
  0x00007ff3e40373d0 JavaThread "C1 CompilerThread2" daemon [_thread_blocked, id=89099, stack(0x00007ff40a20e000,0x00007ff40a30f000)]
=>0x00007ff3e0009f60 JavaThread "C2 CompilerThread1" daemon [_thread_in_native, id=89100, stack(0x00007ff40a10d000,0x00007ff40a20e000)]
  0x00007ff3e000b0a0 JavaThread "C2 CompilerThread2" daemon [_thread_in_native, id=89101, stack(0x00007ff40a00c000,0x00007ff40a10d000)]
  0x00007ff42c315ec0 JavaThread "Notification Thread" daemon [_thread_blocked, id=89102, stack(0x00007ff409f0b000,0x00007ff40a00c000)]
  0x00007ff3d800d190 JavaThread "C2 CompilerThread3" daemon [_thread_in_native, id=89104, stack(0x00007ff409d08000,0x00007ff409e09000)]
  0x00007ff42c403d20 JavaThread "process reaper" daemon [_thread_blocked, id=89107, stack(0x00007ff409be5000,0x00007ff409c07000)]
  0x00007ff42c4e7330 JavaThread "Active Thread: Equinox Container: 0efbe0e4-e5a1-470c-883a-e9a8e83461fb" [_thread_blocked, id=89113, stack(0x00007ff4095da000,0x00007ff4096db000)]
  0x00007ff42c53c6e0 JavaThread "Framework Event Dispatcher: Equinox Container: 0efbe0e4-e5a1-470c-883a-e9a8e83461fb" daemon [_thread_blocked, id=89114, stack(0x00007ff4094d9000,0x00007ff4095da000)]
  0x00007ff42c53f260 JavaThread "Start Level: Equinox Container: 0efbe0e4-e5a1-470c-883a-e9a8e83461fb" daemon [_thread_blocked, id=89115, stack(0x00007ff4093d8000,0x00007ff4094d9000)]
  0x00007ff3a0033820 JavaThread "SCR Component Actor" daemon [_thread_blocked, id=89116, stack(0x00007ff4090c5000,0x00007ff4091c6000)]
  0x00007ff3a00b8820 JavaThread "SCR Component Registry" daemon [_thread_blocked, id=89119, stack(0x00007ff4084fb000,0x00007ff4085fc000)]
  0x00007ff3d4107430 JavaThread "C1 CompilerThread3" daemon [_thread_blocked, id=89120, stack(0x00007ff409c07000,0x00007ff409d08000)]
  0x00007ff3a0232ae0 JavaThread "Worker-JM" [_thread_blocked, id=89121, stack(0x00007ff4083fa000,0x00007ff4084fb000)]
  0x00007ff3a02e91c0 JavaThread "Worker-0" [_thread_blocked, id=89126, stack(0x00007ff37bdfd000,0x00007ff37befe000)]
  0x00007ff3a02d7a20 JavaThread "Worker-1" [_thread_blocked, id=89127, stack(0x00007ff37bcfc000,0x00007ff37bdfd000)]
  0x00007ff3a08f4a50 JavaThread "Java indexing" daemon [_thread_blocked, id=89129, stack(0x00007ff37baf9000,0x00007ff37bbfa000)]
  0x00007ff42c5ac680 JavaThread "pool-2-thread-1" [_thread_blocked, id=89130, stack(0x00007ff37aeff000,0x00007ff37b000000)]
  0x00007ff42c7a5e60 JavaThread "pool-1-thread-1" [_thread_in_vm, id=89131, stack(0x00007ff37a2ff000,0x00007ff37a400000)]

Other Threads:
  0x00007ff42c21cfe0 VMThread "VM Thread" [stack: 0x00007ff40b809000,0x00007ff40b909000] [id=89087]
  0x00007ff42c3170a0 WatcherThread [stack: 0x00007ff409e0b000,0x00007ff409f0b000] [id=89103]
  0x00007ff42c02e300 GCTaskThread "GC Thread#0" [stack: 0x00007ff414835000,0x00007ff414935000] [id=89086]
  0x00007ff404001180 GCTaskThread "GC Thread#1" [stack: 0x00007ff409ae5000,0x00007ff409be5000] [id=89108]
  0x00007ff404003150 GCTaskThread "GC Thread#2" [stack: 0x00007ff4099e3000,0x00007ff409ae3000] [id=89109]
  0x00007ff404003ae0 GCTaskThread "GC Thread#3" [stack: 0x00007ff4098e1000,0x00007ff4099e1000] [id=89110]
  0x00007ff404004470 GCTaskThread "GC Thread#4" [stack: 0x00007ff4097df000,0x00007ff4098df000] [id=89111]
  0x00007ff404004e00 GCTaskThread "GC Thread#5" [stack: 0x00007ff4096dd000,0x00007ff4097dd000] [id=89112]
  0x00007ff4040064f0 GCTaskThread "GC Thread#6" [stack: 0x00007ff408700000,0x00007ff408800000] [id=89117]
  0x00007ff404006dc0 GCTaskThread "GC Thread#7" [stack: 0x00007ff4085fe000,0x00007ff4086fe000] [id=89118]
  0x00007ff404008240 GCTaskThread "GC Thread#8" [stack: 0x00007ff4082fa000,0x00007ff4083fa000] [id=89122]
  0x00007ff404008b30 GCTaskThread "GC Thread#9" [stack: 0x00007ff4081f8000,0x00007ff4082f8000] [id=89123]
  0x00007ff404009420 GCTaskThread "GC Thread#10" [stack: 0x00007ff4080f6000,0x00007ff4081f6000] [id=89124]
  0x00007ff404009d10 GCTaskThread "GC Thread#11" [stack: 0x00007ff37bf00000,0x00007ff37c000000] [id=89125]
  0x00007ff40400a740 GCTaskThread "GC Thread#12" [stack: 0x00007ff37bbfc000,0x00007ff37bcfc000] [id=89128]

Threads with active compile tasks:
C2 CompilerThread0     1538 3522       4       org.eclipse.osgi.internal.loader.BundleLoader::addExportedProvidersFor (167 bytes)
C2 CompilerThread1     1538 3486   !   4       org.eclipse.osgi.internal.loader.classpath.ClasspathManager::findClassImpl (308 bytes)
C2 CompilerThread2     1538 3322       4       jdk.internal.org.objectweb.asm.Frame::execute (2305 bytes)
C2 CompilerThread3     1539 3544   !   4       org.eclipse.osgi.internal.loader.classpath.ClasspathManager::findLocalClass (210 bytes)

VM state: not at safepoint (normal execution)

VM Mutex/Monitor currently owned by a thread:  ([mutex/lock_event])
[0x00007ff42c013070] CompiledIC_lock - owner thread: 0x00007ff42c234360

Heap address: 0x00000000c0000000, size: 1024 MB, Compressed Oops mode: 32-bit

CDS archive(s) mapped at: [0x0000000800000000-0x0000000800be3000-0x0000000800be3000), size 12464128, SharedBaseAddress: 0x0000000800000000, ArchiveRelocationMode: 0.
Compressed class space mapped at: 0x0000000800c00000-0x0000000840c00000, reserved size: 1073741824
Narrow klass base: 0x0000000800000000, Narrow klass shift: 0, Narrow klass range: 0x100000000

GC Precious Log:
 CPUs: 16 total, 16 available
 Memory: 31888M
 Large Page Support: Disabled
 NUMA Support: Disabled
 Compressed Oops: Enabled (32-bit)
 Alignments: Space 512K, Generation 512K, Heap 2M
 Heap Min Capacity: 100M
 Heap Initial Capacity: 100M
 Heap Max Capacity: 1G
 Pre-touch: Disabled
 Parallel Workers: 13

Heap:
 PSYoungGen      total 26624K, used 23292K [0x00000000eab00000, 0x00000000ec980000, 0x0000000100000000)
  eden space 24064K, 87% used [0x00000000eab00000,0x00000000ebf8c818,0x00000000ec280000)
  from space 2560K, 87% used [0x00000000ec700000,0x00000000ec932838,0x00000000ec980000)
  to   space 2560K, 0% used [0x00000000ec480000,0x00000000ec480000,0x00000000ec700000)
 ParOldGen       total 68608K, used 10399K [0x00000000c0000000, 0x00000000c4300000, 0x00000000eab00000)
  object space 68608K, 15% used [0x00000000c0000000,0x00000000c0a27cb8,0x00000000c4300000)
 Metaspace       used 30998K, committed 31744K, reserved 1081344K
  class space    used 3200K, committed 3584K, reserved 1048576K

Card table byte_map: [0x00007ff4300e1000,0x00007ff4302e2000] _byte_map_base: 0x00007ff42fae1000

Marking Bits: (ParMarkBitMap*) 0x00007ff431c857a0
 Begin Bits: [0x00007ff40e000000, 0x00007ff40f000000)
 End Bits:   [0x00007ff40f000000, 0x00007ff410000000)

Polling page: 0x00007ff431edc000

Metaspace:

Usage:
  Non-class:     27,19 MB used.
      Class:      3,13 MB used.
       Both:     30,32 MB used.

Virtual space:
  Non-class space:       32,00 MB reserved,      27,56 MB ( 86%) committed,  4 nodes.
      Class space:        1,00 GB reserved,       3,50 MB ( <1%) committed,  1 nodes.
             Both:        1,03 GB reserved,      31,06 MB (  3%) committed. 

Chunk freelists:
   Non-Class:  0 bytes
       Class:  432,00 KB
        Both:  432,00 KB

MaxMetaspaceSize: unlimited
CompressedClassSpaceSize: 1,00 GB
Initial GC threshold: 21,00 MB
Current GC threshold: 35,00 MB
CDS: on
MetaspaceReclaimPolicy: balanced
 - commit_granule_bytes: 65536.
 - commit_granule_words: 8192.
 - virtual_space_node_default_size: 1048576.
 - enlarge_chunks_in_place: 1.
 - new_chunks_are_fully_committed: 0.
 - uncommit_free_chunks: 1.
 - use_allocation_guard: 0.
 - handle_deallocations: 1.


Internal statistics:

num_allocs_failed_limit: 3.
num_arena_births: 318.
num_arena_deaths: 14.
num_vsnodes_births: 5.
num_vsnodes_deaths: 0.
num_space_committed: 498.
num_space_uncommitted: 0.
num_chunks_returned_to_freelist: 17.
num_chunks_taken_from_freelist: 1527.
num_chunk_merges: 7.
num_chunk_splits: 1014.
num_chunks_enlarged: 690.
num_purges: 2.
num_inconsistent_stats: 0.

CodeHeap 'non-profiled nmethods': size=119168Kb used=1493Kb max_used=1493Kb free=117674Kb
 bounds [0x00007ff41c4d5000, 0x00007ff41c745000, 0x00007ff423935000]
CodeHeap 'profiled nmethods': size=119164Kb used=7295Kb max_used=7295Kb free=111868Kb
 bounds [0x00007ff414935000, 0x00007ff415055000, 0x00007ff41bd94000]
CodeHeap 'non-nmethods': size=7428Kb used=2995Kb max_used=3011Kb free=4432Kb
 bounds [0x00007ff41bd94000, 0x00007ff41c094000, 0x00007ff41c4d5000]
 total_blobs=4170 nmethods=3590 adapters=489
 compilation: enabled
              stopped_count=0, restarted_count=0
 full_count=0

Compilation events (20 events):
Event: 1,465 Thread 0x00007ff3d800d190 nmethod 2814 0x00007ff41c635b90 code [0x00007ff41c6365a0, 0x00007ff41c6413b8]
Event: 1,465 Thread 0x00007ff3d800d190 3533       4       org.eclipse.osgi.internal.loader.classpath.ClasspathEntry::findEntry (56 bytes)
Event: 1,467 Thread 0x00007ff3e40373d0 3545       1       java.util.logging.LogManager$LoggerContext::getOwner (5 bytes)
Event: 1,467 Thread 0x00007ff3e40373d0 nmethod 3545 0x00007ff41c647a90 code [0x00007ff41c647c20, 0x00007ff41c647cf0]
Event: 1,476 Thread 0x00007ff3d800d190 nmethod 3533 0x00007ff41c647d90 code [0x00007ff41c647fc0, 0x00007ff41c6489d8]
Event: 1,476 Thread 0x00007ff3d800d190 3544   !   4       org.eclipse.osgi.internal.loader.classpath.ClasspathManager::findLocalClass (210 bytes)
Event: 1,488 Thread 0x00007ff3e4035f80 3548       3       java.lang.invoke.MethodHandles$Lookup$ClassOption::optionsToFlag (40 bytes)
Event: 1,488 Thread 0x00007ff3d4107430 3546       3       java.lang.invoke.MethodHandles$Lookup$ClassFile::<init> (20 bytes)
Event: 1,488 Thread 0x00007ff42c232f20 3547       3       java.lang.invoke.MethodHandles$Lookup::makeHiddenClassDefiner (42 bytes)
Event: 1,488 Thread 0x00007ff3e40373d0 3549       3       java.lang.invoke.MethodHandles$Lookup$ClassDefiner::<init> (58 bytes)
Event: 1,488 Thread 0x00007ff3e40373d0 nmethod 3549 0x00007ff415033510 code [0x00007ff4150336c0, 0x00007ff415033890]
Event: 1,488 Thread 0x00007ff3e4035f80 nmethod 3548 0x00007ff415033990 code [0x00007ff415033b80, 0x00007ff415034080]
Event: 1,488 Thread 0x00007ff3d4107430 nmethod 3546 0x00007ff415034210 code [0x00007ff4150343c0, 0x00007ff415034550]
Event: 1,488 Thread 0x00007ff3d4107430 3550       3       java.lang.invoke.MethodHandles$Lookup$ClassDefiner::defineClass (97 bytes)
Event: 1,488 Thread 0x00007ff3e4035f80 3551       3       java.lang.System$2::defineClass (21 bytes)
Event: 1,488 Thread 0x00007ff3e40373d0 3552       3       java.util.stream.AbstractPipeline::evaluate (94 bytes)
Event: 1,488 Thread 0x00007ff3e4035f80 nmethod 3551 0x00007ff415034610 code [0x00007ff4150347c0, 0x00007ff415034940]
Event: 1,489 Thread 0x00007ff3e40373d0 nmethod 3552 0x00007ff415034a10 code [0x00007ff415034c40, 0x00007ff4150352e0]
Event: 1,489 Thread 0x00007ff42c232f20 nmethod 3547 0x00007ff415035510 code [0x00007ff4150357e0, 0x00007ff415036730]
Event: 1,489 Thread 0x00007ff3d4107430 nmethod 3550 0x00007ff415036c90 code [0x00007ff415036f40, 0x00007ff415037d90]

GC Heap History (18 events):
Event: 0,276 GC heap before
{Heap before GC invocations=1 (full 0):
 PSYoungGen      total 29696K, used 25600K [0x00000000eab00000, 0x00000000ecc00000, 0x0000000100000000)
  eden space 25600K, 100% used [0x00000000eab00000,0x00000000ec400000,0x00000000ec400000)
  from space 4096K, 0% used [0x00000000ec800000,0x00000000ec800000,0x00000000ecc00000)
  to   space 4096K, 0% used [0x00000000ec400000,0x00000000ec400000,0x00000000ec800000)
 ParOldGen       total 68608K, used 0K [0x00000000c0000000, 0x00000000c4300000, 0x00000000eab00000)
  object space 68608K, 0% used [0x00000000c0000000,0x00000000c0000000,0x00000000c4300000)
 Metaspace       used 4755K, committed 4864K, reserved 1056768K
  class space    used 460K, committed 512K, reserved 1048576K
}
Event: 0,279 GC heap after
{Heap after GC invocations=1 (full 0):
 PSYoungGen      total 29696K, used 3112K [0x00000000eab00000, 0x00000000ecc00000, 0x0000000100000000)
  eden space 25600K, 0% used [0x00000000eab00000,0x00000000eab00000,0x00000000ec400000)
  from space 4096K, 75% used [0x00000000ec400000,0x00000000ec70a3a8,0x00000000ec800000)
  to   space 4096K, 0% used [0x00000000ec800000,0x00000000ec800000,0x00000000ecc00000)
 ParOldGen       total 68608K, used 16K [0x00000000c0000000, 0x00000000c4300000, 0x00000000eab00000)
  object space 68608K, 0% used [0x00000000c0000000,0x00000000c0004000,0x00000000c4300000)
 Metaspace       used 4755K, committed 4864K, reserved 1056768K
  class space    used 460K, committed 512K, reserved 1048576K
}
Event: 0,526 GC heap before
{Heap before GC invocations=2 (full 0):
 PSYoungGen      total 29696K, used 28712K [0x00000000eab00000, 0x00000000ecc00000, 0x0000000100000000)
  eden space 25600K, 100% used [0x00000000eab00000,0x00000000ec400000,0x00000000ec400000)
  from space 4096K, 75% used [0x00000000ec400000,0x00000000ec70a3a8,0x00000000ec800000)
  to   space 4096K, 0% used [0x00000000ec800000,0x00000000ec800000,0x00000000ecc00000)
 ParOldGen       total 68608K, used 16K [0x00000000c0000000, 0x00000000c4300000, 0x00000000eab00000)
  object space 68608K, 0% used [0x00000000c0000000,0x00000000c0004000,0x00000000c4300000)
 Metaspace       used 8594K, committed 8832K, reserved 1064960K
  class space    used 837K, committed 960K, reserved 1048576K
}
Event: 0,529 GC heap after
{Heap after GC invocations=2 (full 0):
 PSYoungGen      total 29696K, used 4088K [0x00000000eab00000, 0x00000000ecc00000, 0x0000000100000000)
  eden space 25600K, 0% used [0x00000000eab00000,0x00000000eab00000,0x00000000ec400000)
  from space 4096K, 99% used [0x00000000ec800000,0x00000000ecbfe068,0x00000000ecc00000)
  to   space 4096K, 0% used [0x00000000ec400000,0x00000000ec400000,0x00000000ec800000)
 ParOldGen       total 68608K, used 1326K [0x00000000c0000000, 0x00000000c4300000, 0x00000000eab00000)
  object space 68608K, 1% used [0x00000000c0000000,0x00000000c014bb70,0x00000000c4300000)
 Metaspace       used 8594K, committed 8832K, reserved 1064960K
  class space    used 837K, committed 960K, reserved 1048576K
}
Event: 0,748 GC heap before
{Heap before GC invocations=3 (full 0):
 PSYoungGen      total 29696K, used 29688K [0x00000000eab00000, 0x00000000ecc00000, 0x0000000100000000)
  eden space 25600K, 100% used [0x00000000eab00000,0x00000000ec400000,0x00000000ec400000)
  from space 4096K, 99% used [0x00000000ec800000,0x00000000ecbfe068,0x00000000ecc00000)
  to   space 4096K, 0% used [0x00000000ec400000,0x00000000ec400000,0x00000000ec800000)
 ParOldGen       total 68608K, used 1326K [0x00000000c0000000, 0x00000000c4300000, 0x00000000eab00000)
  object space 68608K, 1% used [0x00000000c0000000,0x00000000c014bb70,0x00000000c4300000)
 Metaspace       used 13040K, committed 13440K, reserved 1064960K
  class space    used 1275K, committed 1408K, reserved 1048576K
}
Event: 0,751 GC heap after
{Heap after GC invocations=3 (full 0):
 PSYoungGen      total 29696K, used 4089K [0x00000000eab00000, 0x00000000ecc00000, 0x0000000100000000)
  eden space 25600K, 0% used [0x00000000eab00000,0x00000000eab00000,0x00000000ec400000)
  from space 4096K, 99% used [0x00000000ec400000,0x00000000ec7fe6f8,0x00000000ec800000)
  to   space 4096K, 0% used [0x00000000ec800000,0x00000000ec800000,0x00000000ecc00000)
 ParOldGen       total 68608K, used 3620K [0x00000000c0000000, 0x00000000c4300000, 0x00000000eab00000)
  object space 68608K, 5% used [0x00000000c0000000,0x00000000c0389210,0x00000000c4300000)
 Metaspace       used 13040K, committed 13440K, reserved 1064960K
  class space    used 1275K, committed 1408K, reserved 1048576K
}
Event: 0,948 GC heap before
{Heap before GC invocations=4 (full 0):
 PSYoungGen      total 29696K, used 29689K [0x00000000eab00000, 0x00000000ecc00000, 0x0000000100000000)
  eden space 25600K, 100% used [0x00000000eab00000,0x00000000ec400000,0x00000000ec400000)
  from space 4096K, 99% used [0x00000000ec400000,0x00000000ec7fe6f8,0x00000000ec800000)
  to   space 4096K, 0% used [0x00000000ec800000,0x00000000ec800000,0x00000000ecc00000)
 ParOldGen       total 68608K, used 3620K [0x00000000c0000000, 0x00000000c4300000, 0x00000000eab00000)
  object space 68608K, 5% used [0x00000000c0000000,0x00000000c0389210,0x00000000c4300000)
 Metaspace       used 16089K, committed 16640K, reserved 1064960K
  class space    used 1632K, committed 1856K, reserved 1048576K
}
Event: 0,951 GC heap after
{Heap after GC invocations=4 (full 0):
 PSYoungGen      total 29696K, used 4094K [0x00000000eab00000, 0x00000000ecc00000, 0x0000000100000000)
  eden space 25600K, 0% used [0x00000000eab00000,0x00000000eab00000,0x00000000ec400000)
  from space 4096K, 99% used [0x00000000ec800000,0x00000000ecbffab0,0x00000000ecc00000)
  to   space 4096K, 0% used [0x00000000ec400000,0x00000000ec400000,0x00000000ec800000)
 ParOldGen       total 68608K, used 6116K [0x00000000c0000000, 0x00000000c4300000, 0x00000000eab00000)
  object space 68608K, 8% used [0x00000000c0000000,0x00000000c05f9110,0x00000000c4300000)
 Metaspace       used 16089K, committed 16640K, reserved 1064960K
  class space    used 1632K, committed 1856K, reserved 1048576K
}
Event: 1,062 GC heap before
{Heap before GC invocations=5 (full 0):
 PSYoungGen      total 29696K, used 29694K [0x00000000eab00000, 0x00000000ecc00000, 0x0000000100000000)
  eden space 25600K, 100% used [0x00000000eab00000,0x00000000ec400000,0x00000000ec400000)
  from space 4096K, 99% used [0x00000000ec800000,0x00000000ecbffab0,0x00000000ecc00000)
  to   space 4096K, 0% used [0x00000000ec400000,0x00000000ec400000,0x00000000ec800000)
 ParOldGen       total 68608K, used 6116K [0x00000000c0000000, 0x00000000c4300000, 0x00000000eab00000)
  object space 68608K, 8% used [0x00000000c0000000,0x00000000c05f9110,0x00000000c4300000)
 Metaspace       used 19561K, committed 20160K, reserved 1073152K
  class space    used 1903K, committed 2176K, reserved 1048576K
}
Event: 1,064 GC heap after
{Heap after GC invocations=5 (full 0):
 PSYoungGen      total 29184K, used 4084K [0x00000000eab00000, 0x00000000ece80000, 0x0000000100000000)
  eden space 25088K, 0% used [0x00000000eab00000,0x00000000eab00000,0x00000000ec380000)
  from space 4096K, 99% used [0x00000000ec400000,0x00000000ec7fd048,0x00000000ec800000)
  to   space 5632K, 0% used [0x00000000ec900000,0x00000000ec900000,0x00000000ece80000)
 ParOldGen       total 68608K, used 7025K [0x00000000c0000000, 0x00000000c4300000, 0x00000000eab00000)
  object space 68608K, 10% used [0x00000000c0000000,0x00000000c06dc6e8,0x00000000c4300000)
 Metaspace       used 19561K, committed 20160K, reserved 1073152K
  class space    used 1903K, committed 2176K, reserved 1048576K
}
Event: 1,098 GC heap before
{Heap before GC invocations=6 (full 0):
 PSYoungGen      total 29184K, used 11644K [0x00000000eab00000, 0x00000000ece80000, 0x0000000100000000)
  eden space 25088K, 30% used [0x00000000eab00000,0x00000000eb2621b0,0x00000000ec380000)
  from space 4096K, 99% used [0x00000000ec400000,0x00000000ec7fd048,0x00000000ec800000)
  to   space 5632K, 0% used [0x00000000ec900000,0x00000000ec900000,0x00000000ece80000)
 ParOldGen       total 68608K, used 7025K [0x00000000c0000000, 0x00000000c4300000, 0x00000000eab00000)
  object space 68608K, 10% used [0x00000000c0000000,0x00000000c06dc6e8,0x00000000c4300000)
 Metaspace       used 20933K, committed 21504K, reserved 1073152K
  class space    used 2022K, committed 2240K, reserved 1048576K
}
Event: 1,100 GC heap after
{Heap after GC invocations=6 (full 0):
 PSYoungGen      total 29696K, used 4473K [0x00000000eab00000, 0x00000000ecd80000, 0x0000000100000000)
  eden space 25088K, 0% used [0x00000000eab00000,0x00000000eab00000,0x00000000ec380000)
  from space 4608K, 97% used [0x00000000ec900000,0x00000000ecd5e688,0x00000000ecd80000)
  to   space 5120K, 0% used [0x00000000ec380000,0x00000000ec380000,0x00000000ec880000)
 ParOldGen       total 68608K, used 7033K [0x00000000c0000000, 0x00000000c4300000, 0x00000000eab00000)
  object space 68608K, 10% used [0x00000000c0000000,0x00000000c06de6e8,0x00000000c4300000)
 Metaspace       used 20933K, committed 21504K, reserved 1073152K
  class space    used 2022K, committed 2240K, reserved 1048576K
}
Event: 1,100 GC heap before
{Heap before GC invocations=7 (full 1):
 PSYoungGen      total 29696K, used 4473K [0x00000000eab00000, 0x00000000ecd80000, 0x0000000100000000)
  eden space 25088K, 0% used [0x00000000eab00000,0x00000000eab00000,0x00000000ec380000)
  from space 4608K, 97% used [0x00000000ec900000,0x00000000ecd5e688,0x00000000ecd80000)
  to   space 5120K, 0% used [0x00000000ec380000,0x00000000ec380000,0x00000000ec880000)
 ParOldGen       total 68608K, used 7033K [0x00000000c0000000, 0x00000000c4300000, 0x00000000eab00000)
  object space 68608K, 10% used [0x00000000c0000000,0x00000000c06de6e8,0x00000000c4300000)
 Metaspace       used 20933K, committed 21504K, reserved 1073152K
  class space    used 2022K, committed 2240K, reserved 1048576K
}
Event: 1,113 GC heap after
{Heap after GC invocations=7 (full 1):
 PSYoungGen      total 29696K, used 0K [0x00000000eab00000, 0x00000000ecd80000, 0x0000000100000000)
  eden space 25088K, 0% used [0x00000000eab00000,0x00000000eab00000,0x00000000ec380000)
  from space 4608K, 0% used [0x00000000ec900000,0x00000000ec900000,0x00000000ecd80000)
  to   space 5120K, 0% used [0x00000000ec380000,0x00000000ec380000,0x00000000ec880000)
 ParOldGen       total 68608K, used 10383K [0x00000000c0000000, 0x00000000c4300000, 0x00000000eab00000)
  object space 68608K, 15% used [0x00000000c0000000,0x00000000c0a23cb8,0x00000000c4300000)
 Metaspace       used 20920K, committed 21504K, reserved 1073152K
  class space    used 2019K, committed 2240K, reserved 1048576K
}
Event: 1,214 GC heap before
{Heap before GC invocations=8 (full 1):
 PSYoungGen      total 29696K, used 25088K [0x00000000eab00000, 0x00000000ecd80000, 0x0000000100000000)
  eden space 25088K, 100% used [0x00000000eab00000,0x00000000ec380000,0x00000000ec380000)
  from space 4608K, 0% used [0x00000000ec900000,0x00000000ec900000,0x00000000ecd80000)
  to   space 5120K, 0% used [0x00000000ec380000,0x00000000ec380000,0x00000000ec880000)
 ParOldGen       total 68608K, used 10383K [0x00000000c0000000, 0x00000000c4300000, 0x00000000eab00000)
  object space 68608K, 15% used [0x00000000c0000000,0x00000000c0a23cb8,0x00000000c4300000)
 Metaspace       used 23812K, committed 24384K, reserved 1073152K
  class space    used 2268K, committed 2496K, reserved 1048576K
}
Event: 1,215 GC heap after
{Heap after GC invocations=8 (full 1):
 PSYoungGen      total 25600K, used 1021K [0x00000000eab00000, 0x00000000ec980000, 0x0000000100000000)
  eden space 24576K, 0% used [0x00000000eab00000,0x00000000eab00000,0x00000000ec300000)
  from space 1024K, 99% used [0x00000000ec380000,0x00000000ec47f520,0x00000000ec480000)
  to   space 2560K, 0% used [0x00000000ec700000,0x00000000ec700000,0x00000000ec980000)
 ParOldGen       total 68608K, used 10391K [0x00000000c0000000, 0x00000000c4300000, 0x00000000eab00000)
  object space 68608K, 15% used [0x00000000c0000000,0x00000000c0a25cb8,0x00000000c4300000)
 Metaspace       used 23812K, committed 24384K, reserved 1073152K
  class space    used 2268K, committed 2496K, reserved 1048576K
}
Event: 1,399 GC heap before
{Heap before GC invocations=9 (full 1):
 PSYoungGen      total 25600K, used 25597K [0x00000000eab00000, 0x00000000ec980000, 0x0000000100000000)
  eden space 24576K, 100% used [0x00000000eab00000,0x00000000ec300000,0x00000000ec300000)
  from space 1024K, 99% used [0x00000000ec380000,0x00000000ec47f520,0x00000000ec480000)
  to   space 2560K, 0% used [0x00000000ec700000,0x00000000ec700000,0x00000000ec980000)
 ParOldGen       total 68608K, used 10391K [0x00000000c0000000, 0x00000000c4300000, 0x00000000eab00000)
  object space 68608K, 15% used [0x00000000c0000000,0x00000000c0a25cb8,0x00000000c4300000)
 Metaspace       used 27756K, committed 28480K, reserved 1081344K
  class space    used 2765K, committed 3072K, reserved 1048576K
}
Event: 1,400 GC heap after
{Heap after GC invocations=9 (full 1):
 PSYoungGen      total 26624K, used 2250K [0x00000000eab00000, 0x00000000ec980000, 0x0000000100000000)
  eden space 24064K, 0% used [0x00000000eab00000,0x00000000eab00000,0x00000000ec280000)
  from space 2560K, 87% used [0x00000000ec700000,0x00000000ec932838,0x00000000ec980000)
  to   space 2560K, 0% used [0x00000000ec480000,0x00000000ec480000,0x00000000ec700000)
 ParOldGen       total 68608K, used 10399K [0x00000000c0000000, 0x00000000c4300000, 0x00000000eab00000)
  object space 68608K, 15% used [0x00000000c0000000,0x00000000c0a27cb8,0x00000000c4300000)
 Metaspace       used 27756K, committed 28480K, reserved 1081344K
  class space    used 2765K, committed 3072K, reserved 1048576K
}

Dll operation events (10 events):
Event: 0,002 Loaded shared library /usr/lib/jvm/java-17-openjdk-amd64/lib/libjava.so
Event: 0,002 Loaded shared library /usr/lib/jvm/java-17-openjdk-amd64/lib/libzip.so
Event: 0,005 Loaded shared library /usr/lib/jvm/java-17-openjdk-amd64/lib/libjsvml.so
Event: 0,037 Loaded shared library /usr/lib/jvm/java-17-openjdk-amd64/lib/libinstrument.so
Event: 0,038 Loaded shared library /usr/lib/jvm/java-17-openjdk-amd64/lib/libnio.so
Event: 0,040 Loaded shared library /usr/lib/jvm/java-17-openjdk-amd64/lib/libzip.so
Event: 0,046 Loaded shared library /usr/lib/jvm/java-17-openjdk-amd64/lib/libjimage.so
Event: 0,061 Loaded shared library /usr/lib/jvm/java-17-openjdk-amd64/lib/libverify.so
Event: 0,303 Loaded shared library /usr/lib/jvm/java-17-openjdk-amd64/lib/libnet.so
Event: 0,486 Loaded shared library /home/infoetu/quentin.moutte.etu/.config/VSCodium/User/globalStorage/redhat.java/1.18.0/config_linux/org.eclipse.equinox.launcher/org.eclipse.equinox.launcher.gtk.linux.x86_64_1.2.700.v20221108-1024/eclipse_11801.so

Deoptimization events (20 events):
Event: 1,440 Thread 0x00007ff42c7a5e60 Uncommon trap: trap_request=0xffffffde fr.pc=0x00007ff41c5dd050 relative=0x00000000000000b0
Event: 1,440 Thread 0x00007ff42c7a5e60 Uncommon trap: reason=class_check action=maybe_recompile pc=0x00007ff41c5dd050 method=java.lang.Character.codePointAt(Ljava/lang/CharSequence;I)I @ 2 c2
Event: 1,440 Thread 0x00007ff42c7a5e60 DEOPT PACKING pc=0x00007ff41c5dd050 sp=0x00007ff37a3fcfc0
Event: 1,440 Thread 0x00007ff42c7a5e60 DEOPT UNPACKING pc=0x00007ff41bdea399 sp=0x00007ff37a3fcf68 mode 2
Event: 1,440 Thread 0x00007ff42c7a5e60 Uncommon trap: trap_request=0xffffffde fr.pc=0x00007ff41c5dd050 relative=0x00000000000000b0
Event: 1,440 Thread 0x00007ff42c7a5e60 Uncommon trap: reason=class_check action=maybe_recompile pc=0x00007ff41c5dd050 method=java.lang.Character.codePointAt(Ljava/lang/CharSequence;I)I @ 2 c2
Event: 1,440 Thread 0x00007ff42c7a5e60 DEOPT PACKING pc=0x00007ff41c5dd050 sp=0x00007ff37a3fcfc0
Event: 1,440 Thread 0x00007ff42c7a5e60 DEOPT UNPACKING pc=0x00007ff41bdea399 sp=0x00007ff37a3fcf68 mode 2
Event: 1,443 Thread 0x00007ff3a02d7a20 Uncommon trap: trap_request=0xffffffc6 fr.pc=0x00007ff41c564c38 relative=0x0000000000000a78
Event: 1,443 Thread 0x00007ff3a02d7a20 Uncommon trap: reason=bimorphic_or_optimized_type_check action=maybe_recompile pc=0x00007ff41c564c38 method=java.util.HashMap.putVal(ILjava/lang/Object;Ljava/lang/Object;ZZ)Ljava/lang/Object; @ 91 c2
Event: 1,443 Thread 0x00007ff3a02d7a20 DEOPT PACKING pc=0x00007ff41c564c38 sp=0x00007ff37bdfae10
Event: 1,443 Thread 0x00007ff3a02d7a20 DEOPT UNPACKING pc=0x00007ff41bdea399 sp=0x00007ff37bdfad58 mode 2
Event: 1,443 Thread 0x00007ff3a02d7a20 Uncommon trap: trap_request=0xffffffc6 fr.pc=0x00007ff41c564c38 relative=0x0000000000000a78
Event: 1,443 Thread 0x00007ff3a02d7a20 Uncommon trap: reason=bimorphic_or_optimized_type_check action=maybe_recompile pc=0x00007ff41c564c38 method=java.util.HashMap.putVal(ILjava/lang/Object;Ljava/lang/Object;ZZ)Ljava/lang/Object; @ 91 c2
Event: 1,443 Thread 0x00007ff3a02d7a20 DEOPT PACKING pc=0x00007ff41c564c38 sp=0x00007ff37bdfae10
Event: 1,443 Thread 0x00007ff3a02d7a20 DEOPT UNPACKING pc=0x00007ff41bdea399 sp=0x00007ff37bdfad58 mode 2
Event: 1,455 Thread 0x00007ff42c7a5e60 Uncommon trap: trap_request=0xffffff45 fr.pc=0x00007ff41c5a2a98 relative=0x0000000000000558
Event: 1,456 Thread 0x00007ff42c7a5e60 Uncommon trap: reason=unstable_if action=reinterpret pc=0x00007ff41c5a2a98 method=java.lang.StringLatin1.regionMatchesCI([BI[BII)Z @ 72 c2
Event: 1,456 Thread 0x00007ff42c7a5e60 DEOPT PACKING pc=0x00007ff41c5a2a98 sp=0x00007ff37a3fd4e0
Event: 1,456 Thread 0x00007ff42c7a5e60 DEOPT UNPACKING pc=0x00007ff41bdea399 sp=0x00007ff37a3fd370 mode 2

Classes unloaded (7 events):
Event: 1,102 Thread 0x00007ff42c21cfe0 Unloading class 0x0000000800d6a400 'java/lang/invoke/LambdaForm$MH+0x0000000800d6a400'
Event: 1,102 Thread 0x00007ff42c21cfe0 Unloading class 0x0000000800d6a000 'java/lang/invoke/LambdaForm$MH+0x0000000800d6a000'
Event: 1,102 Thread 0x00007ff42c21cfe0 Unloading class 0x0000000800d69c00 'java/lang/invoke/LambdaForm$MH+0x0000000800d69c00'
Event: 1,102 Thread 0x00007ff42c21cfe0 Unloading class 0x0000000800d69800 'java/lang/invoke/LambdaForm$MH+0x0000000800d69800'
Event: 1,102 Thread 0x00007ff42c21cfe0 Unloading class 0x0000000800d69000 'java/lang/invoke/LambdaForm$BMH+0x0000000800d69000'
Event: 1,102 Thread 0x00007ff42c21cfe0 Unloading class 0x0000000800d68c00 'java/lang/invoke/LambdaForm$DMH+0x0000000800d68c00'
Event: 1,102 Thread 0x00007ff42c21cfe0 Unloading class 0x0000000800d66000 'java/lang/invoke/LambdaForm$DMH+0x0000000800d66000'

Classes redefined (0 events):
No events

Internal exceptions (20 events):
Event: 0,960 Thread 0x00007ff42c53f260 Exception <a 'java/lang/NoSuchMethodError'{0x00000000eac51ae8}: 'void java.lang.invoke.DirectMethodHandle$Holder.invokeSpecial(java.lang.Object, java.lang.Object, java.lang.Object, int)'> (0x00000000eac51ae8) 
thrown [./src/hotspot/share/interpreter/linkResolver.cpp, line 758]
Event: 0,983 Thread 0x00007ff3a02e91c0 Exception <a 'java/io/FileNotFoundException'{0x00000000eafad448}> (0x00000000eafad448) 
thrown [./src/hotspot/share/prims/jni.cpp, line 516]
Event: 1,178 Thread 0x00007ff42c53f260 Exception <a 'java/lang/ClassNotFoundException'{0x00000000ebf08a90}: com/sun/org/apache/xerces/internal/impl/msg/spi/DOMMessagesProvider> (0x00000000ebf08a90) 
thrown [./src/hotspot/share/classfile/systemDictionary.cpp, line 256]
Event: 1,179 Thread 0x00007ff42c53f260 Exception <a 'java/lang/ClassNotFoundException'{0x00000000ebf2e480}: com/sun/org/apache/xerces/internal/impl/msg/spi/XMLSerializerMessagesProvider> (0x00000000ebf2e480) 
thrown [./src/hotspot/share/classfile/systemDictionary.cpp, line 256]
Event: 1,180 Thread 0x00007ff42c53f260 Exception <a 'java/lang/ClassNotFoundException'{0x00000000ebf422f8}: com/sun/org/apache/xerces/internal/impl/msg/spi/XMLMessagesProvider> (0x00000000ebf422f8) 
thrown [./src/hotspot/share/classfile/systemDictionary.cpp, line 256]
Event: 1,193 Thread 0x00007ff42c53f260 Exception <a 'java/lang/NoSuchMethodError'{0x00000000ec06ba68}: 'void java.lang.invoke.DirectMethodHandle$Holder.invokeVirtual(java.lang.Object, java.lang.Object)'> (0x00000000ec06ba68) 
thrown [./src/hotspot/share/interpreter/linkResolver.cpp, line 758]
Event: 1,227 Thread 0x00007ff42c53f260 Exception <a 'java/lang/ClassNotFoundException'{0x00000000eac88118}: com/sun/org/apache/xml/internal/serializer/spi/XMLEntitiesProvider> (0x00000000eac88118) 
thrown [./src/hotspot/share/classfile/systemDictionary.cpp, line 256]
Event: 1,263 Thread 0x00007ff42c53f260 Exception <a 'java/io/FileNotFoundException'{0x00000000eaf96458}> (0x00000000eaf96458) 
thrown [./src/hotspot/share/prims/jni.cpp, line 516]
Event: 1,267 Thread 0x00007ff42c53f260 Exception <a 'java/io/FileNotFoundException'{0x00000000eb023078}> (0x00000000eb023078) 
thrown [./src/hotspot/share/prims/jni.cpp, line 516]
Event: 1,270 Thread 0x00007ff42c53f260 Exception <a 'java/io/FileNotFoundException'{0x00000000eb09d5d8}> (0x00000000eb09d5d8) 
thrown [./src/hotspot/share/prims/jni.cpp, line 516]
Event: 1,314 Thread 0x00007ff42c017090 Exception <a 'java/lang/NoSuchMethodError'{0x00000000eb6cc8f0}: 'void java.lang.invoke.DirectMethodHandle$Holder.invokeStatic(java.lang.Object, java.lang.Object, java.lang.Object, java.lang.Object)'> (0x00000000eb6cc8f0) 
thrown [./src/hotspot/share/interpreter/linkResolver.cpp, line 758]
Event: 1,373 Thread 0x00007ff42c017090 Exception <a 'java/lang/NoSuchMethodError'{0x00000000ec019b78}: 'void java.lang.invoke.DirectMethodHandle$Holder.invokeSpecial(java.lang.Object, java.lang.Object, java.lang.Object, java.lang.Object, java.lang.Object, java.lang.Object)'> (0x00000000ec019b78) 
thrown [./src/hotspot/share/interpreter/linkResolver.cpp, line 758]
Event: 1,373 Thread 0x00007ff42c017090 Exception <a 'java/lang/IncompatibleClassChangeError'{0x00000000ec0227a0}: Found class java.lang.Object, but interface was expected> (0x00000000ec0227a0) 
thrown [./src/hotspot/share/interpreter/linkResolver.cpp, line 826]
Event: 1,428 Thread 0x00007ff42c7a5e60 Exception <a 'java/io/FileNotFoundException'{0x00000000eadd3b20}> (0x00000000eadd3b20) 
thrown [./src/hotspot/share/prims/jni.cpp, line 516]
Event: 1,446 Thread 0x00007ff3a02d7a20 Exception <a 'java/io/FileNotFoundException'{0x00000000eb12ec80}> (0x00000000eb12ec80) 
thrown [./src/hotspot/share/prims/jni.cpp, line 516]
Event: 1,446 Thread 0x00007ff3a02d7a20 Exception <a 'java/io/FileNotFoundException'{0x00000000eb12ffd0}> (0x00000000eb12ffd0) 
thrown [./src/hotspot/share/prims/jni.cpp, line 516]
Event: 1,448 Thread 0x00007ff42c7a5e60 Exception <a 'java/lang/NoSuchMethodError'{0x00000000eb17c090}: 'java.lang.Object java.lang.invoke.DirectMethodHandle$Holder.invokeSpecialIFC(java.lang.Object, java.lang.Object, java.lang.Object, java.lang.Object)'> (0x00000000eb17c090) 
thrown [./src/hotspot/share/interpreter/linkResolver.cpp, line 758]
Event: 1,453 Thread 0x00007ff3a02d7a20 Exception <a 'java/io/IOException'{0x00000000eb2ba100}> (0x00000000eb2ba100) 
thrown [./src/hotspot/share/prims/jni.cpp, line 516]
Event: 1,453 Thread 0x00007ff3a02d7a20 Exception <a 'java/io/IOException'{0x00000000eb2ba460}> (0x00000000eb2ba460) 
thrown [./src/hotspot/share/prims/jni.cpp, line 516]
Event: 1,453 Thread 0x00007ff3a02d7a20 Exception <a 'java/io/IOException'{0x00000000eb2ba7c0}> (0x00000000eb2ba7c0) 
thrown [./src/hotspot/share/prims/jni.cpp, line 516]

VM Operations (20 events):
Event: 0,885 Executing VM operation: HandshakeAllThreads
Event: 0,885 Executing VM operation: HandshakeAllThreads done
Event: 0,948 Executing VM operation: ParallelGCFailedAllocation
Event: 0,951 Executing VM operation: ParallelGCFailedAllocation done
Event: 1,062 Executing VM operation: ParallelGCFailedAllocation
Event: 1,064 Executing VM operation: ParallelGCFailedAllocation done
Event: 1,098 Executing VM operation: CollectForMetadataAllocation
Event: 1,113 Executing VM operation: CollectForMetadataAllocation done
Event: 1,201 Executing VM operation: HandshakeAllThreads
Event: 1,201 Executing VM operation: HandshakeAllThreads done
Event: 1,214 Executing VM operation: ParallelGCFailedAllocation
Event: 1,215 Executing VM operation: ParallelGCFailedAllocation done
Event: 1,398 Executing VM operation: ParallelGCFailedAllocation
Event: 1,400 Executing VM operation: ParallelGCFailedAllocation done
Event: 1,424 Executing VM operation: HandshakeAllThreads
Event: 1,424 Executing VM operation: HandshakeAllThreads done
Event: 1,437 Executing VM operation: HandshakeAllThreads
Event: 1,437 Executing VM operation: HandshakeAllThreads done
Event: 1,452 Executing VM operation: HandshakeAllThreads
Event: 1,452 Executing VM operation: HandshakeAllThreads done

Events (20 events):
Event: 1,487 loading class sun/reflect/annotation/TypeAnnotation
Event: 1,487 loading class sun/reflect/annotation/TypeAnnotation done
Event: 1,487 loading class sun/reflect/annotation/TypeAnnotation$TypeAnnotationTarget
Event: 1,487 loading class sun/reflect/annotation/TypeAnnotation$TypeAnnotationTarget done
Event: 1,487 loading class sun/reflect/annotation/TypeAnnotation$LocationInfo
Event: 1,487 loading class sun/reflect/annotation/TypeAnnotation$LocationInfo done
Event: 1,487 loading class sun/reflect/annotation/TypeAnnotation$LocationInfo$Location
Event: 1,487 loading class sun/reflect/annotation/TypeAnnotation$LocationInfo$Location done
Event: 1,487 loading class sun/reflect/annotation/AnnotatedTypeFactory
Event: 1,487 loading class sun/reflect/annotation/AnnotatedTypeFactory done
Event: 1,487 loading class sun/reflect/annotation/AnnotatedTypeFactory$AnnotatedTypeBaseImpl
Event: 1,487 loading class sun/reflect/annotation/AnnotatedTypeFactory$AnnotatedTypeBaseImpl done
Event: 1,487 loading class java/util/stream/Streams$ConcatSpliterator$OfRef
Event: 1,487 loading class java/util/stream/Streams$ConcatSpliterator
Event: 1,487 loading class java/util/stream/Streams$ConcatSpliterator done
Event: 1,487 loading class java/util/stream/Streams$ConcatSpliterator$OfRef done
Event: 1,487 loading class java/util/stream/Streams$2
Event: 1,487 loading class java/util/stream/Streams$2 done
Event: 1,488 loading class com/google/inject/spi/BindingSourceRestriction$PermitMapConstruction
Event: 1,488 loading class com/google/inject/spi/BindingSourceRestriction$PermitMapConstruction done


Dynamic libraries:
c0000000-c4300000 rw-p 00000000 00:00 0 
c4300000-eab00000 ---p 00000000 00:00 0 
eab00000-ec980000 rw-p 00000000 00:00 0 
ec980000-100000000 ---p 00000000 00:00 0 
800000000-800be3000 rw-p 00001000 103:02 3543126                         /usr/lib/jvm/java-17-openjdk-amd64/lib/server/classes.jsa
800be3000-800c00000 ---p 00000000 00:00 0 
800c00000-800c20000 rw-p 00000000 00:00 0 
800c20000-800c40000 rw-p 00000000 00:00 0 
800c40000-800cc0000 rw-p 00000000 00:00 0 
800cc0000-800d00000 rw-p 00000000 00:00 0 
800d00000-800e60000 rw-p 00000000 00:00 0 
800e60000-800ea0000 rw-p 00000000 00:00 0 
800ea0000-800ec0000 ---p 00000000 00:00 0 
800ec0000-800fa0000 rw-p 00000000 00:00 0 
800fa0000-840c00000 ---p 00000000 00:00 0 
5630cc734000-5630cc735000 r--p 00000000 103:02 3166030                   /usr/lib/jvm/java-17-openjdk-amd64/bin/java
5630cc735000-5630cc736000 r-xp 00001000 103:02 3166030                   /usr/lib/jvm/java-17-openjdk-amd64/bin/java
5630cc736000-5630cc737000 r--p 00002000 103:02 3166030                   /usr/lib/jvm/java-17-openjdk-amd64/bin/java
5630cc737000-5630cc738000 r--p 00002000 103:02 3166030                   /usr/lib/jvm/java-17-openjdk-amd64/bin/java
5630cc738000-5630cc739000 rw-p 00003000 103:02 3166030                   /usr/lib/jvm/java-17-openjdk-amd64/bin/java
5630cd0c8000-5630cd10f000 rw-p 00000000 00:00 0                          [heap]
7ff35c000000-7ff35c021000 rw-p 00000000 00:00 0 
7ff35c021000-7ff360000000 ---p 00000000 00:00 0 
7ff360000000-7ff360335000 rw-p 00000000 00:00 0 
7ff360335000-7ff364000000 ---p 00000000 00:00 0 
7ff364000000-7ff364021000 rw-p 00000000 00:00 0 
7ff364021000-7ff368000000 ---p 00000000 00:00 0 
7ff368000000-7ff368021000 rw-p 00000000 00:00 0 
7ff368021000-7ff36c000000 ---p 00000000 00:00 0 
7ff36c000000-7ff36c021000 rw-p 00000000 00:00 0 
7ff36c021000-7ff370000000 ---p 00000000 00:00 0 
7ff370000000-7ff370093000 rw-p 00000000 00:00 0 
7ff370093000-7ff374000000 ---p 00000000 00:00 0 
7ff374000000-7ff374021000 rw-p 00000000 00:00 0 
7ff374021000-7ff378000000 ---p 00000000 00:00 0 
7ff37a2ff000-7ff37a303000 ---p 00000000 00:00 0 
7ff37a303000-7ff37a820000 rw-p 00000000 00:00 0 
7ff37a820000-7ff37ac00000 ---p 00000000 00:00 0 
7ff37aeff000-7ff37af03000 ---p 00000000 00:00 0 
7ff37af03000-7ff37b300000 rw-p 00000000 00:00 0 
7ff37b300000-7ff37b400000 rw-p 00000000 00:00 0 
7ff37b400000-7ff37b600000 rw-p 00000000 00:00 0 
7ff37b600000-7ff37b700000 rw-p 00000000 00:00 0 
7ff37b700000-7ff37b7a0000 rw-p 00000000 00:00 0 
7ff37b7a0000-7ff37b800000 ---p 00000000 00:00 0 
7ff37baf9000-7ff37bafd000 ---p 00000000 00:00 0 
7ff37bafd000-7ff37bbfa000 rw-p 00000000 00:00 0 
7ff37bbfa000-7ff37bbfb000 ---p 00000000 00:00 0 
7ff37bbfb000-7ff37bcfc000 rw-p 00000000 00:00 0 
7ff37bcfc000-7ff37bd00000 ---p 00000000 00:00 0 
7ff37bd00000-7ff37bdfd000 rw-p 00000000 00:00 0 
7ff37bdfd000-7ff37be01000 ---p 00000000 00:00 0 
7ff37be01000-7ff37befe000 rw-p 00000000 00:00 0 
7ff37befe000-7ff37beff000 ---p 00000000 00:00 0 
7ff37beff000-7ff37c000000 rw-p 00000000 00:00 0 
7ff37c000000-7ff37c021000 rw-p 00000000 00:00 0 
7ff37c021000-7ff380000000 ---p 00000000 00:00 0 
7ff380000000-7ff380021000 rw-p 00000000 00:00 0 
7ff380021000-7ff384000000 ---p 00000000 00:00 0 
7ff384000000-7ff384021000 rw-p 00000000 00:00 0 
7ff384021000-7ff388000000 ---p 00000000 00:00 0 
7ff388000000-7ff388021000 rw-p 00000000 00:00 0 
7ff388021000-7ff38c000000 ---p 00000000 00:00 0 
7ff38c000000-7ff38c021000 rw-p 00000000 00:00 0 
7ff38c021000-7ff390000000 ---p 00000000 00:00 0 
7ff390000000-7ff390021000 rw-p 00000000 00:00 0 
7ff390021000-7ff394000000 ---p 00000000 00:00 0 
7ff394000000-7ff394021000 rw-p 00000000 00:00 0 
7ff394021000-7ff398000000 ---p 00000000 00:00 0 
7ff398000000-7ff398021000 rw-p 00000000 00:00 0 
7ff398021000-7ff39c000000 ---p 00000000 00:00 0 
7ff39c000000-7ff39c021000 rw-p 00000000 00:00 0 
7ff39c021000-7ff3a0000000 ---p 00000000 00:00 0 
7ff3a0000000-7ff3a09c1000 rw-p 00000000 00:00 0 
7ff3a09c1000-7ff3a4000000 ---p 00000000 00:00 0 
7ff3a4000000-7ff3a4021000 rw-p 00000000 00:00 0 
7ff3a4021000-7ff3a8000000 ---p 00000000 00:00 0 
7ff3a8000000-7ff3a8021000 rw-p 00000000 00:00 0 
7ff3a8021000-7ff3ac000000 ---p 00000000 00:00 0 
7ff3ac000000-7ff3ac021000 rw-p 00000000 00:00 0 
7ff3ac021000-7ff3b0000000 ---p 00000000 00:00 0 
7ff3b0000000-7ff3b0021000 rw-p 00000000 00:00 0 
7ff3b0021000-7ff3b4000000 ---p 00000000 00:00 0 
7ff3b4000000-7ff3b4021000 rw-p 00000000 00:00 0 
7ff3b4021000-7ff3b8000000 ---p 00000000 00:00 0 
7ff3b8000000-7ff3b8021000 rw-p 00000000 00:00 0 
7ff3b8021000-7ff3bc000000 ---p 00000000 00:00 0 
7ff3bc000000-7ff3bc252000 rw-p 00000000 00:00 0 
7ff3bc252000-7ff3c0000000 ---p 00000000 00:00 0 
7ff3c0000000-7ff3c0021000 rw-p 00000000 00:00 0 
7ff3c0021000-7ff3c4000000 ---p 00000000 00:00 0 
7ff3c4000000-7ff3c4021000 rw-p 00000000 00:00 0 
7ff3c4021000-7ff3c8000000 ---p 00000000 00:00 0 
7ff3c8000000-7ff3c8c7a000 rw-p 00000000 00:00 0 
7ff3c8c7a000-7ff3cc000000 ---p 00000000 00:00 0 
7ff3cc000000-7ff3ccafd000 rw-p 00000000 00:00 0 
7ff3ccafd000-7ff3d0000000 ---p 00000000 00:00 0 
7ff3d0000000-7ff3d0021000 rw-p 00000000 00:00 0 
7ff3d0021000-7ff3d4000000 ---p 00000000 00:00 0 
7ff3d4000000-7ff3d42d7000 rw-p 00000000 00:00 0 
7ff3d42d7000-7ff3d8000000 ---p 00000000 00:00 0 
7ff3d8000000-7ff3d878a000 rw-p 00000000 00:00 0 
7ff3d878a000-7ff3dc000000 ---p 00000000 00:00 0 
7ff3dc000000-7ff3dc021000 rw-p 00000000 00:00 0 
7ff3dc021000-7ff3e0000000 ---p 00000000 00:00 0 
7ff3e0000000-7ff3e02cb000 rw-p 00000000 00:00 0 
7ff3e02cb000-7ff3e4000000 ---p 00000000 00:00 0 
7ff3e4000000-7ff3e435e000 rw-p 00000000 00:00 0 
7ff3e435e000-7ff3e8000000 ---p 00000000 00:00 0 
7ff3e8000000-7ff3e8021000 rw-p 00000000 00:00 0 
7ff3e8021000-7ff3ec000000 ---p 00000000 00:00 0 
7ff3ec000000-7ff3ec021000 rw-p 00000000 00:00 0 
7ff3ec021000-7ff3f0000000 ---p 00000000 00:00 0 
7ff3f0000000-7ff3f0fac000 rw-p 00000000 00:00 0 
7ff3f0fac000-7ff3f4000000 ---p 00000000 00:00 0 
7ff3f4000000-7ff3f4021000 rw-p 00000000 00:00 0 
7ff3f4021000-7ff3f8000000 ---p 00000000 00:00 0 
7ff3f8000000-7ff3f8021000 rw-p 00000000 00:00 0 
7ff3f8021000-7ff3fc000000 ---p 00000000 00:00 0 
7ff3fc000000-7ff3fc021000 rw-p 00000000 00:00 0 
7ff3fc021000-7ff400000000 ---p 00000000 00:00 0 
7ff400000000-7ff400021000 rw-p 00000000 00:00 0 
7ff400021000-7ff404000000 ---p 00000000 00:00 0 
7ff404000000-7ff404021000 rw-p 00000000 00:00 0 
7ff404021000-7ff408000000 ---p 00000000 00:00 0 
7ff4080f4000-7ff4080f5000 ---p 00000000 00:00 0 
7ff4080f5000-7ff4081f6000 rw-p 00000000 00:00 0 
7ff4081f6000-7ff4081f7000 ---p 00000000 00:00 0 
7ff4081f7000-7ff4082f8000 rw-p 00000000 00:00 0 
7ff4082f8000-7ff4082f9000 ---p 00000000 00:00 0 
7ff4082f9000-7ff4083fa000 rw-p 00000000 00:00 0 
7ff4083fa000-7ff4083fe000 ---p 00000000 00:00 0 
7ff4083fe000-7ff4084fb000 rw-p 00000000 00:00 0 
7ff4084fb000-7ff4084ff000 ---p 00000000 00:00 0 
7ff4084ff000-7ff4085fc000 rw-p 00000000 00:00 0 
7ff4085fc000-7ff4085fd000 ---p 00000000 00:00 0 
7ff4085fd000-7ff4086fe000 rw-p 00000000 00:00 0 
7ff4086fe000-7ff4086ff000 ---p 00000000 00:00 0 
7ff4086ff000-7ff408900000 rw-p 00000000 00:00 0 
7ff408900000-7ff408a00000 rw-p 00000000 00:00 0 
7ff408a00000-7ff409000000 rw-p 00000000 00:00 0 
7ff4090c5000-7ff4090c9000 ---p 00000000 00:00 0 
7ff4090c9000-7ff4091c6000 rw-p 00000000 00:00 0 
7ff4091c6000-7ff4091d6000 r-xp 00000000 00:28 144646696                  /home/infoetu/quentin.moutte.etu/.config/VSCodium/User/globalStorage/redhat.java/1.18.0/config_linux/org.eclipse.equinox.launcher/org.eclipse.equinox.launcher.gtk.linux.x86_64_1.2.700.v20221108-1024/eclipse_11801.so
7ff4091d6000-7ff4093d5000 ---p 00010000 00:28 144646696                  /home/infoetu/quentin.moutte.etu/.config/VSCodium/User/globalStorage/redhat.java/1.18.0/config_linux/org.eclipse.equinox.launcher/org.eclipse.equinox.launcher.gtk.linux.x86_64_1.2.700.v20221108-1024/eclipse_11801.so
7ff4093d5000-7ff4093d6000 r--p 0000f000 00:28 144646696                  /home/infoetu/quentin.moutte.etu/.config/VSCodium/User/globalStorage/redhat.java/1.18.0/config_linux/org.eclipse.equinox.launcher/org.eclipse.equinox.launcher.gtk.linux.x86_64_1.2.700.v20221108-1024/eclipse_11801.so
7ff4093d6000-7ff4093d7000 rw-p 00010000 00:28 144646696                  /home/infoetu/quentin.moutte.etu/.config/VSCodium/User/globalStorage/redhat.java/1.18.0/config_linux/org.eclipse.equinox.launcher/org.eclipse.equinox.launcher.gtk.linux.x86_64_1.2.700.v20221108-1024/eclipse_11801.so
7ff4093d7000-7ff4093d8000 rw-p 00000000 00:00 0 
7ff4093d8000-7ff4093dc000 ---p 00000000 00:00 0 
7ff4093dc000-7ff4094d9000 rw-p 00000000 00:00 0 
7ff4094d9000-7ff4094dd000 ---p 00000000 00:00 0 
7ff4094dd000-7ff4095da000 rw-p 00000000 00:00 0 
7ff4095da000-7ff4095de000 ---p 00000000 00:00 0 
7ff4095de000-7ff4096db000 rw-p 00000000 00:00 0 
7ff4096db000-7ff4096dc000 ---p 00000000 00:00 0 
7ff4096dc000-7ff4097dd000 rw-p 00000000 00:00 0 
7ff4097dd000-7ff4097de000 ---p 00000000 00:00 0 
7ff4097de000-7ff4098df000 rw-p 00000000 00:00 0 
7ff4098df000-7ff4098e0000 ---p 00000000 00:00 0 
7ff4098e0000-7ff4099e1000 rw-p 00000000 00:00 0 
7ff4099e1000-7ff4099e2000 ---p 00000000 00:00 0 
7ff4099e2000-7ff409ae3000 rw-p 00000000 00:00 0 
7ff409ae3000-7ff409ae4000 ---p 00000000 00:00 0 
7ff409ae4000-7ff409be5000 rw-p 00000000 00:00 0 
7ff409be5000-7ff409be9000 ---p 00000000 00:00 0 
7ff409be9000-7ff409c07000 rw-p 00000000 00:00 0 
7ff409c07000-7ff409c0b000 ---p 00000000 00:00 0 
7ff409c0b000-7ff409d08000 rw-p 00000000 00:00 0 
7ff409d08000-7ff409d0c000 ---p 00000000 00:00 0 
7ff409d0c000-7ff409e09000 rw-p 00000000 00:00 0 
7ff409e09000-7ff409e0a000 ---p 00000000 00:00 0 
7ff409e0a000-7ff409f0b000 rw-p 00000000 00:00 0 
7ff409f0b000-7ff409f0f000 ---p 00000000 00:00 0 
7ff409f0f000-7ff40a00c000 rw-p 00000000 00:00 0 
7ff40a00c000-7ff40a010000 ---p 00000000 00:00 0 
7ff40a010000-7ff40a10d000 rw-p 00000000 00:00 0 
7ff40a10d000-7ff40a111000 ---p 00000000 00:00 0 
7ff40a111000-7ff40a20e000 rw-p 00000000 00:00 0 
7ff40a20e000-7ff40a212000 ---p 00000000 00:00 0 
7ff40a212000-7ff40a30f000 rw-p 00000000 00:00 0 
7ff40a30f000-7ff40a313000 ---p 00000000 00:00 0 
7ff40a313000-7ff40a410000 rw-p 00000000 00:00 0 
7ff40a410000-7ff40a414000 ---p 00000000 00:00 0 
7ff40a414000-7ff40a511000 rw-p 00000000 00:00 0 
7ff40a511000-7ff40a515000 ---p 00000000 00:00 0 
7ff40a515000-7ff40a612000 rw-p 00000000 00:00 0 
7ff40a612000-7ff40a616000 ---p 00000000 00:00 0 
7ff40a616000-7ff40a713000 rw-p 00000000 00:00 0 
7ff40a713000-7ff40a717000 ---p 00000000 00:00 0 
7ff40a717000-7ff40a814000 rw-p 00000000 00:00 0 
7ff40a814000-7ff40a818000 ---p 00000000 00:00 0 
7ff40a818000-7ff40a915000 rw-p 00000000 00:00 0 
7ff40a915000-7ff40a919000 ---p 00000000 00:00 0 
7ff40a919000-7ff40aa16000 rw-p 00000000 00:00 0 
7ff40aa16000-7ff40aa1a000 ---p 00000000 00:00 0 
7ff40aa1a000-7ff40ab17000 rw-p 00000000 00:00 0 
7ff40ab17000-7ff40adfe000 r--p 00000000 103:02 3168159                   /usr/lib/locale/locale-archive
7ff40adfe000-7ff40ae02000 ---p 00000000 00:00 0 
7ff40ae02000-7ff40aeff000 rw-p 00000000 00:00 0 
7ff40aeff000-7ff40af03000 ---p 00000000 00:00 0 
7ff40af03000-7ff40b400000 rw-p 00000000 00:00 0 
7ff40b400000-7ff40b700000 rw-p 00000000 00:00 0 
7ff40b700000-7ff40b800000 rw-p 00000000 00:00 0 
7ff40b807000-7ff40b808000 ---p 00000000 00:00 0 
7ff40b808000-7ff40b909000 rw-p 00000000 00:00 0 
7ff40b909000-7ff40b90e000 r--p 00000000 103:02 3191070                   /usr/lib/jvm/java-17-openjdk-amd64/lib/libjsvml.so
7ff40b90e000-7ff40b94f000 r-xp 00005000 103:02 3191070                   /usr/lib/jvm/java-17-openjdk-amd64/lib/libjsvml.so
7ff40b94f000-7ff40b9d8000 r--p 00046000 103:02 3191070                   /usr/lib/jvm/java-17-openjdk-amd64/lib/libjsvml.so
7ff40b9d8000-7ff40b9d9000 r--p 000ce000 103:02 3191070                   /usr/lib/jvm/java-17-openjdk-amd64/lib/libjsvml.so
7ff40b9d9000-7ff40b9da000 rw-p 000cf000 103:02 3191070                   /usr/lib/jvm/java-17-openjdk-amd64/lib/libjsvml.so
7ff40b9da000-7ff410000000 rw-p 00000000 00:00 0 
7ff410000000-7ff410021000 rw-p 00000000 00:00 0 
7ff410021000-7ff414000000 ---p 00000000 00:00 0 
7ff41401c000-7ff414023000 r--s 00000000 103:02 3194164                   /usr/lib/x86_64-linux-gnu/gconv/gconv-modules.cache
7ff414023000-7ff414048000 r--p 00000000 103:02 3152389                   /usr/share/locale/fr/LC_MESSAGES/libc.mo
7ff414048000-7ff41404c000 r--p 00000000 103:02 3192852                   /usr/lib/jvm/java-17-openjdk-amd64/lib/libverify.so
7ff41404c000-7ff414053000 r-xp 00004000 103:02 3192852                   /usr/lib/jvm/java-17-openjdk-amd64/lib/libverify.so
7ff414053000-7ff414055000 r--p 0000b000 103:02 3192852                   /usr/lib/jvm/java-17-openjdk-amd64/lib/libverify.so
7ff414055000-7ff414057000 r--p 0000c000 103:02 3192852                   /usr/lib/jvm/java-17-openjdk-amd64/lib/libverify.so
7ff414057000-7ff414058000 rw-p 0000e000 103:02 3192852                   /usr/lib/jvm/java-17-openjdk-amd64/lib/libverify.so
7ff414058000-7ff4146ff000 rw-p 00000000 00:00 0 
7ff4146ff000-7ff414833000 ---p 00000000 00:00 0 
7ff414833000-7ff414834000 ---p 00000000 00:00 0 
7ff414834000-7ff414935000 rw-p 00000000 00:00 0 
7ff414935000-7ff415085000 rwxp 00000000 00:00 0 
7ff415085000-7ff41bd94000 ---p 00000000 00:00 0 
7ff41bd94000-7ff41c094000 rwxp 00000000 00:00 0 
7ff41c094000-7ff41c4d5000 ---p 00000000 00:00 0 
7ff41c4d5000-7ff41c745000 rwxp 00000000 00:00 0 
7ff41c745000-7ff423935000 ---p 00000000 00:00 0 
7ff423935000-7ff424209000 r--s 00000000 103:02 789470                    /var/lib/sss/mc/passwd
7ff424209000-7ff42c000000 r--s 00000000 103:02 3192854                   /usr/lib/jvm/java-17-openjdk-amd64/lib/modules
7ff42c000000-7ff42c7ab000 rw-p 00000000 00:00 0 
7ff42c7ab000-7ff430000000 ---p 00000000 00:00 0 
7ff430004000-7ff430008000 r--p 00000000 103:02 3191076                   /usr/lib/jvm/java-17-openjdk-amd64/lib/libnet.so
7ff430008000-7ff430016000 r-xp 00004000 103:02 3191076                   /usr/lib/jvm/java-17-openjdk-amd64/lib/libnet.so
7ff430016000-7ff43001a000 r--p 00012000 103:02 3191076                   /usr/lib/jvm/java-17-openjdk-amd64/lib/libnet.so
7ff43001a000-7ff43001b000 r--p 00015000 103:02 3191076                   /usr/lib/jvm/java-17-openjdk-amd64/lib/libnet.so
7ff43001b000-7ff43001c000 rw-p 00016000 103:02 3191076                   /usr/lib/jvm/java-17-openjdk-amd64/lib/libnet.so
7ff43001c000-7ff430022000 r--p 00000000 103:02 3191077                   /usr/lib/jvm/java-17-openjdk-amd64/lib/libnio.so
7ff430022000-7ff43002a000 r-xp 00006000 103:02 3191077                   /usr/lib/jvm/java-17-openjdk-amd64/lib/libnio.so
7ff43002a000-7ff43002e000 r--p 0000e000 103:02 3191077                   /usr/lib/jvm/java-17-openjdk-amd64/lib/libnio.so
7ff43002e000-7ff43002f000 ---p 00012000 103:02 3191077                   /usr/lib/jvm/java-17-openjdk-amd64/lib/libnio.so
7ff43002f000-7ff430030000 r--p 00012000 103:02 3191077                   /usr/lib/jvm/java-17-openjdk-amd64/lib/libnio.so
7ff430030000-7ff430031000 rw-p 00013000 103:02 3191077                   /usr/lib/jvm/java-17-openjdk-amd64/lib/libnio.so
7ff430031000-7ff430103000 rw-p 00000000 00:00 0 
7ff430103000-7ff430236000 ---p 00000000 00:00 0 
7ff430236000-7ff430246000 rw-p 00000000 00:00 0 
7ff430246000-7ff4302e1000 ---p 00000000 00:00 0 
7ff4302e1000-7ff4302e7000 rw-p 00000000 00:00 0 
7ff4302e7000-7ff4303cb000 ---p 00000000 00:00 0 
7ff4303cb000-7ff4303da000 rw-p 00000000 00:00 0 
7ff4303da000-7ff4304b4000 ---p 00000000 00:00 0 
7ff4304b4000-7ff4304b6000 r--p 00000000 103:02 3175991                   /usr/lib/x86_64-linux-gnu/libnss_sss.so.2
7ff4304b6000-7ff4304bd000 r-xp 00002000 103:02 3175991                   /usr/lib/x86_64-linux-gnu/libnss_sss.so.2
7ff4304bd000-7ff4304bf000 r--p 00009000 103:02 3175991                   /usr/lib/x86_64-linux-gnu/libnss_sss.so.2
7ff4304bf000-7ff4304c0000 r--p 0000a000 103:02 3175991                   /usr/lib/x86_64-linux-gnu/libnss_sss.so.2
7ff4304c0000-7ff4304c1000 rw-p 0000b000 103:02 3175991                   /usr/lib/x86_64-linux-gnu/libnss_sss.so.2
7ff4304c1000-7ff4304c3000 r--p 00000000 103:02 3177338                   /usr/lib/x86_64-linux-gnu/libnss_compat-2.31.so
7ff4304c3000-7ff4304c9000 r-xp 00002000 103:02 3177338                   /usr/lib/x86_64-linux-gnu/libnss_compat-2.31.so
7ff4304c9000-7ff4304ca000 r--p 00008000 103:02 3177338                   /usr/lib/x86_64-linux-gnu/libnss_compat-2.31.so
7ff4304ca000-7ff4304cb000 ---p 00009000 103:02 3177338                   /usr/lib/x86_64-linux-gnu/libnss_compat-2.31.so
7ff4304cb000-7ff4304cc000 r--p 00009000 103:02 3177338                   /usr/lib/x86_64-linux-gnu/libnss_compat-2.31.so
7ff4304cc000-7ff4304cd000 rw-p 0000a000 103:02 3177338                   /usr/lib/x86_64-linux-gnu/libnss_compat-2.31.so
7ff4304d1000-7ff4304d7000 rw-p 00000000 00:00 0 
7ff4304d7000-7ff4304e0000 ---p 00000000 00:00 0 
7ff4304e0000-7ff4304e2000 r--s 0000c000 103:02 3682863                   /usr/share/java/java-atk-wrapper.jar
7ff4304e2000-7ff4304e4000 r--p 00000000 103:02 3192853                   /usr/lib/jvm/java-17-openjdk-amd64/lib/libzip.so
7ff4304e4000-7ff4304e8000 r-xp 00002000 103:02 3192853                   /usr/lib/jvm/java-17-openjdk-amd64/lib/libzip.so
7ff4304e8000-7ff4304ea000 r--p 00006000 103:02 3192853                   /usr/lib/jvm/java-17-openjdk-amd64/lib/libzip.so
7ff4304ea000-7ff4304eb000 r--p 00007000 103:02 3192853                   /usr/lib/jvm/java-17-openjdk-amd64/lib/libzip.so
7ff4304eb000-7ff4304ec000 rw-p 00008000 103:02 3192853                   /usr/lib/jvm/java-17-openjdk-amd64/lib/libzip.so
7ff4304ec000-7ff4304f8000 r--p 00000000 103:02 3191062                   /usr/lib/jvm/java-17-openjdk-amd64/lib/libjava.so
7ff4304f8000-7ff43050a000 r-xp 0000c000 103:02 3191062                   /usr/lib/jvm/java-17-openjdk-amd64/lib/libjava.so
7ff43050a000-7ff430510000 r--p 0001e000 103:02 3191062                   /usr/lib/jvm/java-17-openjdk-amd64/lib/libjava.so
7ff430510000-7ff430511000 ---p 00024000 103:02 3191062                   /usr/lib/jvm/java-17-openjdk-amd64/lib/libjava.so
7ff430511000-7ff430512000 r--p 00024000 103:02 3191062                   /usr/lib/jvm/java-17-openjdk-amd64/lib/libjava.so
7ff430512000-7ff430513000 rw-p 00025000 103:02 3191062                   /usr/lib/jvm/java-17-openjdk-amd64/lib/libjava.so
7ff430513000-7ff430514000 rw-p 00000000 00:00 0 
7ff430514000-7ff430518000 ---p 00000000 00:00 0 
7ff430518000-7ff430615000 rw-p 00000000 00:00 0 
7ff430615000-7ff430618000 r--p 00000000 103:02 3147348                   /usr/lib/x86_64-linux-gnu/libgcc_s.so.1
7ff430618000-7ff430629000 r-xp 00003000 103:02 3147348                   /usr/lib/x86_64-linux-gnu/libgcc_s.so.1
7ff430629000-7ff43062d000 r--p 00014000 103:02 3147348                   /usr/lib/x86_64-linux-gnu/libgcc_s.so.1
7ff43062d000-7ff43062e000 r--p 00017000 103:02 3147348                   /usr/lib/x86_64-linux-gnu/libgcc_s.so.1
7ff43062e000-7ff43062f000 rw-p 00018000 103:02 3147348                   /usr/lib/x86_64-linux-gnu/libgcc_s.so.1
7ff43062f000-7ff43063c000 r--p 00000000 103:02 3168944                   /usr/lib/x86_64-linux-gnu/libm-2.31.so
7ff43063c000-7ff4306d6000 r-xp 0000d000 103:02 3168944                   /usr/lib/x86_64-linux-gnu/libm-2.31.so
7ff4306d6000-7ff430771000 r--p 000a7000 103:02 3168944                   /usr/lib/x86_64-linux-gnu/libm-2.31.so
7ff430771000-7ff430772000 r--p 00141000 103:02 3168944                   /usr/lib/x86_64-linux-gnu/libm-2.31.so
7ff430772000-7ff430773000 rw-p 00142000 103:02 3168944                   /usr/lib/x86_64-linux-gnu/libm-2.31.so
7ff430773000-7ff430809000 r--p 00000000 103:02 3148088                   /usr/lib/x86_64-linux-gnu/libstdc++.so.6.0.28
7ff430809000-7ff4308e5000 r-xp 00096000 103:02 3148088                   /usr/lib/x86_64-linux-gnu/libstdc++.so.6.0.28
7ff4308e5000-7ff43092f000 r--p 00172000 103:02 3148088                   /usr/lib/x86_64-linux-gnu/libstdc++.so.6.0.28
7ff43092f000-7ff43093a000 r--p 001bb000 103:02 3148088                   /usr/lib/x86_64-linux-gnu/libstdc++.so.6.0.28
7ff43093a000-7ff43093d000 rw-p 001c6000 103:02 3148088                   /usr/lib/x86_64-linux-gnu/libstdc++.so.6.0.28
7ff43093d000-7ff430940000 rw-p 00000000 00:00 0 
7ff430940000-7ff430b90000 r--p 00000000 103:02 3561119                   /usr/lib/jvm/java-17-openjdk-amd64/lib/server/libjvm.so
7ff430b90000-7ff4318dd000 r-xp 00250000 103:02 3561119                   /usr/lib/jvm/java-17-openjdk-amd64/lib/server/libjvm.so
7ff4318dd000-7ff431b66000 r--p 00f9d000 103:02 3561119                   /usr/lib/jvm/java-17-openjdk-amd64/lib/server/libjvm.so
7ff431b66000-7ff431b67000 ---p 01226000 103:02 3561119                   /usr/lib/jvm/java-17-openjdk-amd64/lib/server/libjvm.so
7ff431b67000-7ff431c1f000 r--p 01226000 103:02 3561119                   /usr/lib/jvm/java-17-openjdk-amd64/lib/server/libjvm.so
7ff431c1f000-7ff431c54000 rw-p 012de000 103:02 3561119                   /usr/lib/jvm/java-17-openjdk-amd64/lib/server/libjvm.so
7ff431c54000-7ff431caf000 rw-p 00000000 00:00 0 
7ff431caf000-7ff431cb5000 r--p 00000000 103:02 3177343                   /usr/lib/x86_64-linux-gnu/libpthread-2.31.so
7ff431cb5000-7ff431cc5000 r-xp 00006000 103:02 3177343                   /usr/lib/x86_64-linux-gnu/libpthread-2.31.so
7ff431cc5000-7ff431ccb000 r--p 00016000 103:02 3177343                   /usr/lib/x86_64-linux-gnu/libpthread-2.31.so
7ff431ccb000-7ff431ccc000 r--p 0001b000 103:02 3177343                   /usr/lib/x86_64-linux-gnu/libpthread-2.31.so
7ff431ccc000-7ff431ccd000 rw-p 0001c000 103:02 3177343                   /usr/lib/x86_64-linux-gnu/libpthread-2.31.so
7ff431ccd000-7ff431cd1000 rw-p 00000000 00:00 0 
7ff431cd1000-7ff431cd2000 r--p 00000000 103:02 3168943                   /usr/lib/x86_64-linux-gnu/libdl-2.31.so
7ff431cd2000-7ff431cd4000 r-xp 00001000 103:02 3168943                   /usr/lib/x86_64-linux-gnu/libdl-2.31.so
7ff431cd4000-7ff431cd5000 r--p 00003000 103:02 3168943                   /usr/lib/x86_64-linux-gnu/libdl-2.31.so
7ff431cd5000-7ff431cd6000 r--p 00003000 103:02 3168943                   /usr/lib/x86_64-linux-gnu/libdl-2.31.so
7ff431cd6000-7ff431cd7000 rw-p 00004000 103:02 3168943                   /usr/lib/x86_64-linux-gnu/libdl-2.31.so
7ff431cd7000-7ff431cda000 r--p 00000000 103:02 3147157                   /usr/lib/x86_64-linux-gnu/libz.so.1.2.11
7ff431cda000-7ff431ceb000 r-xp 00003000 103:02 3147157                   /usr/lib/x86_64-linux-gnu/libz.so.1.2.11
7ff431ceb000-7ff431cf1000 r--p 00014000 103:02 3147157                   /usr/lib/x86_64-linux-gnu/libz.so.1.2.11
7ff431cf1000-7ff431cf2000 ---p 0001a000 103:02 3147157                   /usr/lib/x86_64-linux-gnu/libz.so.1.2.11
7ff431cf2000-7ff431cf3000 r--p 0001a000 103:02 3147157                   /usr/lib/x86_64-linux-gnu/libz.so.1.2.11
7ff431cf3000-7ff431cf4000 rw-p 0001b000 103:02 3147157                   /usr/lib/x86_64-linux-gnu/libz.so.1.2.11
7ff431cf4000-7ff431d16000 r--p 00000000 103:02 3168942                   /usr/lib/x86_64-linux-gnu/libc-2.31.so
7ff431d16000-7ff431e6f000 r-xp 00022000 103:02 3168942                   /usr/lib/x86_64-linux-gnu/libc-2.31.so
7ff431e6f000-7ff431ebe000 r--p 0017b000 103:02 3168942                   /usr/lib/x86_64-linux-gnu/libc-2.31.so
7ff431ebe000-7ff431ec2000 r--p 001c9000 103:02 3168942                   /usr/lib/x86_64-linux-gnu/libc-2.31.so
7ff431ec2000-7ff431ec4000 rw-p 001cd000 103:02 3168942                   /usr/lib/x86_64-linux-gnu/libc-2.31.so
7ff431ec4000-7ff431ec8000 rw-p 00000000 00:00 0 
7ff431ec8000-7ff431ed0000 rw-s 00000000 103:02 1837501                   /tmp/hsperfdata_quentin.moutte.etu/89084
7ff431ed0000-7ff431ed1000 r--p 00000000 103:02 3191052                   /usr/lib/jvm/java-17-openjdk-amd64/lib/libinstrument.so
7ff431ed1000-7ff431ed7000 r-xp 00001000 103:02 3191052                   /usr/lib/jvm/java-17-openjdk-amd64/lib/libinstrument.so
7ff431ed7000-7ff431eda000 r--p 00007000 103:02 3191052                   /usr/lib/jvm/java-17-openjdk-amd64/lib/libinstrument.so
7ff431eda000-7ff431edb000 r--p 00009000 103:02 3191052                   /usr/lib/jvm/java-17-openjdk-amd64/lib/libinstrument.so
7ff431edb000-7ff431edc000 rw-p 0000a000 103:02 3191052                   /usr/lib/jvm/java-17-openjdk-amd64/lib/libinstrument.so
7ff431edc000-7ff431edd000 ---p 00000000 00:00 0 
7ff431edd000-7ff431ede000 r--p 00000000 00:00 0 
7ff431ede000-7ff431ee0000 r--p 00000000 103:02 3191066                   /usr/lib/jvm/java-17-openjdk-amd64/lib/libjimage.so
7ff431ee0000-7ff431ee3000 r-xp 00002000 103:02 3191066                   /usr/lib/jvm/java-17-openjdk-amd64/lib/libjimage.so
7ff431ee3000-7ff431ee4000 r--p 00005000 103:02 3191066                   /usr/lib/jvm/java-17-openjdk-amd64/lib/libjimage.so
7ff431ee4000-7ff431ee5000 ---p 00006000 103:02 3191066                   /usr/lib/jvm/java-17-openjdk-amd64/lib/libjimage.so
7ff431ee5000-7ff431ee6000 r--p 00006000 103:02 3191066                   /usr/lib/jvm/java-17-openjdk-amd64/lib/libjimage.so
7ff431ee6000-7ff431ee7000 rw-p 00007000 103:02 3191066                   /usr/lib/jvm/java-17-openjdk-amd64/lib/libjimage.so
7ff431ee7000-7ff431ee9000 r--p 00000000 103:02 3191067                   /usr/lib/jvm/java-17-openjdk-amd64/lib/libjli.so
7ff431ee9000-7ff431ef3000 r-xp 00002000 103:02 3191067                   /usr/lib/jvm/java-17-openjdk-amd64/lib/libjli.so
7ff431ef3000-7ff431ef6000 r--p 0000c000 103:02 3191067                   /usr/lib/jvm/java-17-openjdk-amd64/lib/libjli.so
7ff431ef6000-7ff431ef7000 ---p 0000f000 103:02 3191067                   /usr/lib/jvm/java-17-openjdk-amd64/lib/libjli.so
7ff431ef7000-7ff431ef8000 r--p 0000f000 103:02 3191067                   /usr/lib/jvm/java-17-openjdk-amd64/lib/libjli.so
7ff431ef8000-7ff431ef9000 rw-p 00010000 103:02 3191067                   /usr/lib/jvm/java-17-openjdk-amd64/lib/libjli.so
7ff431ef9000-7ff431efb000 rw-p 00000000 00:00 0 
7ff431efb000-7ff431efc000 r--p 00000000 103:02 3168849                   /usr/lib/x86_64-linux-gnu/ld-2.31.so
7ff431efc000-7ff431f1c000 r-xp 00001000 103:02 3168849                   /usr/lib/x86_64-linux-gnu/ld-2.31.so
7ff431f1c000-7ff431f24000 r--p 00021000 103:02 3168849                   /usr/lib/x86_64-linux-gnu/ld-2.31.so
7ff431f24000-7ff431f25000 ---p 00000000 00:00 0 
7ff431f25000-7ff431f26000 r--p 00029000 103:02 3168849                   /usr/lib/x86_64-linux-gnu/ld-2.31.so
7ff431f26000-7ff431f27000 rw-p 0002a000 103:02 3168849                   /usr/lib/x86_64-linux-gnu/ld-2.31.so
7ff431f27000-7ff431f28000 rw-p 00000000 00:00 0 
7ffd2104f000-7ffd21070000 rw-p 00000000 00:00 0                          [stack]
7ffd21140000-7ffd21144000 r--p 00000000 00:00 0                          [vvar]
7ffd21144000-7ffd21146000 r-xp 00000000 00:00 0                          [vdso]


VM Arguments:
jvm_args: --add-modules=ALL-SYSTEM --add-opens=java.base/java.util=ALL-UNNAMED --add-opens=java.base/java.lang=ALL-UNNAMED --add-opens=java.base/sun.nio.fs=ALL-UNNAMED -Declipse.application=org.eclipse.jdt.ls.core.id1 -Dosgi.bundles.defaultStartLevel=4 -Declipse.product=org.eclipse.jdt.ls.core.product -Djava.import.generatesMetadataFilesAtProjectRoot=false -Dfile.encoding=utf8 -XX:+UseParallelGC -XX:GCTimeRatio=4 -XX:AdaptiveSizePolicyWeight=90 -Dsun.zip.disableMemoryMapping=true -Xmx1G -Xms100m -Xlog:disable -javaagent:/home/infoetu/quentin.moutte.etu/.vscode-oss/extensions/redhat.java-1.18.0-universal/lombok/lombok-1.18.27.jar -XX:+HeapDumpOnOutOfMemoryError -XX:HeapDumpPath=/home/infoetu/quentin.moutte.etu/.config/VSCodium/User/workspaceStorage/bba4e4735a77dc069042abacbee27294/redhat.java -Daether.dependencyCollector.impl=bf 
java_command: /home/infoetu/quentin.moutte.etu/.vscode-oss/extensions/redhat.java-1.18.0-universal/server/plugins/org.eclipse.equinox.launcher_1.6.400.v20210924-0641.jar -configuration /home/infoetu/quentin.moutte.etu/.config/VSCodium/User/globalStorage/redhat.java/1.18.0/config_linux -data /home/infoetu/quentin.moutte.etu/.config/VSCodium/User/workspaceStorage/bba4e4735a77dc069042abacbee27294/redhat.java/jdt_ws
java_class_path (initial): /home/infoetu/quentin.moutte.etu/.vscode-oss/extensions/redhat.java-1.18.0-universal/server/plugins/org.eclipse.equinox.launcher_1.6.400.v20210924-0641.jar
Launcher Type: SUN_STANDARD

[Global flags]
    uintx AdaptiveSizePolicyWeight                 = 90                                        {product} {command line}
     intx CICompilerCount                          = 12                                        {product} {ergonomic}
    uintx GCTimeRatio                              = 4                                         {product} {command line}
     bool HeapDumpOnOutOfMemoryError               = true                                   {manageable} {command line}
    ccstr HeapDumpPath                             = /home/infoetu/quentin.moutte.etu/.config/VSCodium/User/workspaceStorage/bba4e4735a77dc069042abacbee27294/redhat.java         {manageable} {command line}
   size_t InitialHeapSize                          = 104857600                                 {product} {command line}
   size_t MaxHeapSize                              = 1073741824                                {product} {command line}
   size_t MaxNewSize                               = 357564416                                 {product} {ergonomic}
   size_t MinHeapDeltaBytes                        = 524288                                    {product} {ergonomic}
   size_t MinHeapSize                              = 104857600                                 {product} {command line}
   size_t NewSize                                  = 34603008                                  {product} {ergonomic}
    uintx NonNMethodCodeHeapSize                   = 7602480                                {pd product} {ergonomic}
    uintx NonProfiledCodeHeapSize                  = 122027880                              {pd product} {ergonomic}
   size_t OldSize                                  = 70254592                                  {product} {ergonomic}
    uintx ProfiledCodeHeapSize                     = 122027880                              {pd product} {ergonomic}
    uintx ReservedCodeCacheSize                    = 251658240                              {pd product} {ergonomic}
     bool SegmentedCodeCache                       = true                                      {product} {ergonomic}
   size_t SoftMaxHeapSize                          = 1073741824                             {manageable} {ergonomic}
     bool UseCompressedClassPointers               = true                           {product lp64_product} {ergonomic}
     bool UseCompressedOops                        = true                           {product lp64_product} {ergonomic}
     bool UseParallelGC                            = true                                      {product} {command line}

Logging:
Log output configuration:
 #0: stdout all=off uptime,level,tags
 #1: stderr all=off uptime,level,tags

Environment Variables:
PATH=/usr/local/bin:/usr/bin:/bin:/usr/local/games:/usr/games
SHELL=/bin/bash
DISPLAY=:0
LANG=fr_FR.UTF-8

Signal Handlers:
   SIGSEGV: 0x00007ff43185d290 in libjvm.so+15848080, mask=11100100010111111101111111111110, flags=SA_RESTART|SA_SIGINFO
    SIGBUS: 0x00007ff43185d290 in libjvm.so+15848080, mask=11100100010111111101111111111110, flags=SA_RESTART|SA_SIGINFO
    SIGFPE: 0x00007ff43185d290 in libjvm.so+15848080, mask=11100100010111111101111111111110, flags=SA_RESTART|SA_SIGINFO
   SIGPIPE: 0x00007ff431704ca0 in libjvm.so+14437536, mask=11100100010111111101111111111110, flags=SA_RESTART|SA_SIGINFO
   SIGXFSZ: 0x00007ff431704ca0 in libjvm.so+14437536, mask=11100100010111111101111111111110, flags=SA_RESTART|SA_SIGINFO
    SIGILL: 0x00007ff43185d290 in libjvm.so+15848080, mask=11100100010111111101111111111110, flags=SA_RESTART|SA_SIGINFO
   SIGUSR2: 0x00007ff431704340 in libjvm.so+14435136, mask=00000000000000000000000000000000, flags=SA_RESTART|SA_SIGINFO
    SIGHUP: 0x00007ff431704270 in libjvm.so+14434928, mask=11100100010111111101111111111110, flags=SA_RESTART|SA_SIGINFO
    SIGINT: 0x00007ff431704270 in libjvm.so+14434928, mask=11100100010111111101111111111110, flags=SA_RESTART|SA_SIGINFO
   SIGTERM: 0x00007ff431704270 in libjvm.so+14434928, mask=11100100010111111101111111111110, flags=SA_RESTART|SA_SIGINFO
   SIGQUIT: 0x00007ff431704270 in libjvm.so+14434928, mask=11100100010111111101111111111110, flags=SA_RESTART|SA_SIGINFO
   SIGTRAP: 0x00007ff43185d290 in libjvm.so+15848080, mask=11100100010111111101111111111110, flags=SA_RESTART|SA_SIGINFO


---------------  S Y S T E M  ---------------

OS:
PRETTY_NAME="Debian GNU/Linux 11 (bullseye)"
NAME="Debian GNU/Linux"
VERSION_ID="11"
VERSION="11 (bullseye)"
VERSION_CODENAME=bullseye
ID=debian
HOME_URL="https://www.debian.org/"
SUPPORT_URL="https://www.debian.org/support"
BUG_REPORT_URL="https://bugs.debian.org/"
uname: Linux 5.10.0-17-amd64 #1 SMP Debian 5.10.136-1 (2022-08-13) x86_64
OS uptime: 6 days 5:22 hours
libc: glibc 2.31 NPTL 2.31 
rlimit (soft/hard): STACK 8192k/infinity , CORE 0k/infinity , NPROC 4096/4096 , NOFILE 1048576/1048576 , AS infinity/infinity , CPU infinity/infinity , DATA infinity/infinity , FSIZE infinity/infinity , MEMLOCK 4081737k/4081737k
load average: 2,53 1,37 0,96

/proc/meminfo:
MemTotal:       32653900 kB
MemFree:        26164640 kB
MemAvailable:   29839600 kB
Buffers:          566164 kB
Cached:          3744176 kB
SwapCached:            0 kB
Active:          2001320 kB
Inactive:        3527252 kB
Active(anon):       3244 kB
Inactive(anon):  1678668 kB
Active(file):    1998076 kB
Inactive(file):  1848584 kB
Unevictable:      394016 kB
Mlocked:              64 kB
SwapTotal:      15999996 kB
SwapFree:       15999996 kB
Dirty:               416 kB
Writeback:           304 kB
AnonPages:       1584944 kB
Mapped:           661636 kB
Shmem:            463676 kB
KReclaimable:     292020 kB
Slab:             423044 kB
SReclaimable:     292020 kB
SUnreclaim:       131024 kB
KernelStack:       15088 kB
PageTables:        24956 kB
NFS_Unstable:          0 kB
Bounce:                0 kB
WritebackTmp:          0 kB
CommitLimit:    32326944 kB
Committed_AS:    6201032 kB
VmallocTotal:   34359738367 kB
VmallocUsed:       42292 kB
VmallocChunk:          0 kB
Percpu:            23104 kB
HardwareCorrupted:     0 kB
AnonHugePages:    292864 kB
ShmemHugePages:        0 kB
ShmemPmdMapped:        0 kB
FileHugePages:         0 kB
FilePmdMapped:         0 kB
HugePages_Total:       0
HugePages_Free:        0
HugePages_Rsvd:        0
HugePages_Surp:        0
Hugepagesize:       2048 kB
Hugetlb:               0 kB
DirectMap4k:      363112 kB
DirectMap2M:    15136768 kB
DirectMap1G:    17825792 kB

/sys/kernel/mm/transparent_hugepage/enabled: [always] madvise never
/sys/kernel/mm/transparent_hugepage/defrag (defrag/compaction efforts parameter): always defer defer+madvise [madvise] never

Process Memory:
Virtual Size: 5837584K (peak: 5837584K)
Resident Set Size: 203712K (peak: 203712K) (anon: 174084K, file: 29628K, shmem: 0K)
Swapped out: 0K
C-Heap outstanding allocations: 113259K, retained: 19688K
glibc malloc tunables: (default)

/proc/sys/kernel/threads-max (system-wide limit on the number of threads): 254542
/proc/sys/vm/max_map_count (maximum number of memory map areas a process may have): 65530
/proc/sys/kernel/pid_max (system-wide limit on number of process identifiers): 4194304

container (cgroup) information:
container_type: cgroupv2
cpu_cpuset_cpus: not supported
cpu_memory_nodes: not supported
active_processor_count: 16
cpu_quota: not supported
cpu_period: not supported
cpu_shares: not supported
memory_limit_in_bytes: unlimited
memory_and_swap_limit_in_bytes: unlimited
memory_soft_limit_in_bytes: unlimited
memory_usage_in_bytes: 2379444 k
memory_max_usage_in_bytes: not supported
memory_swap_current_in_bytes: unlimited
memory_swap_max_limit_in_bytes: unlimited
maximum number of tasks: unlimited
current number of tasks: 475

Steal ticks since vm start: 0
Steal ticks percentage since vm start:  0,000

CPU: total 16 (initial active 16) (8 cores per cpu, 2 threads per core) family 6 model 165 stepping 5 microcode 0xf0, cx8, cmov, fxsr, ht, mmx, 3dnowpref, sse, sse2, sse3, ssse3, sse4.1, sse4.2, popcnt, lzcnt, tsc, tscinvbit, avx, avx2, aes, erms, clmul, bmi1, bmi2, adx, fma, vzeroupper, clflush, clflushopt
CPU Model and flags from /proc/cpuinfo:
model name	: Intel(R) Core(TM) i7-10700 CPU @ 2.90GHz
flags		: fpu vme de pse tsc msr pae mce cx8 apic sep mtrr pge mca cmov pat pse36 clflush dts acpi mmx fxsr sse sse2 ss ht tm pbe syscall nx pdpe1gb rdtscp lm constant_tsc art arch_perfmon pebs bts rep_good nopl xtopology nonstop_tsc cpuid aperfmperf pni pclmulqdq dtes64 monitor ds_cpl vmx smx est tm2 ssse3 sdbg fma cx16 xtpr pdcm pcid sse4_1 sse4_2 x2apic movbe popcnt tsc_deadline_timer aes xsave avx f16c rdrand lahf_lm abm 3dnowprefetch cpuid_fault epb invpcid_single ssbd ibrs ibpb stibp ibrs_enhanced tpr_shadow vnmi flexpriority ept vpid ept_ad fsgsbase tsc_adjust bmi1 avx2 smep bmi2 erms invpcid mpx rdseed adx smap clflushopt intel_pt xsaveopt xsavec xgetbv1 xsaves dtherm ida arat pln pts hwp hwp_notify hwp_act_window hwp_epp pku ospke md_clear flush_l1d arch_capabilities

Online cpus: 0-15
Offline cpus: 
BIOS frequency limitation: <Not Available>
Frequency switch latency (ns): 0
Available cpu frequencies: <Not Available>
Current governor: powersave
Core performance/turbo boost: <Not Available>

Memory: 4k page, physical 32653900k(26162592k free), swap 15999996k(15999996k free)
Page Sizes: 4k

vm_info: OpenJDK 64-Bit Server VM (17.0.6+10-Debian-1deb11u1) for linux-amd64 JRE (17.0.6+10-Debian-1deb11u1), built on Jan 28 2023 20:09:51 by "buildd" with gcc 10.2.1 20210110

END.
