#
# A fatal error has been detected by the Java Runtime Environment:
#
#  SIGSEGV (0xb) at pc=0x00007f8de3b8320b, pid=88402, tid=88403
#
# JRE version: OpenJDK Runtime Environment (17.0.6+10) (build 17.0.6+10-Debian-1deb11u1)
# Java VM: OpenJDK 64-Bit Server VM (17.0.6+10-Debian-1deb11u1, mixed mode, sharing, tiered, compressed oops, compressed class ptrs, parallel gc, linux-amd64)
# Problematic frame:
# V  [libjvm.so+0xa7720b]
#
# No core dump will be written. Core dumps have been disabled. To enable core dumping, try "ulimit -c unlimited" before starting Java again
#
# If you would like to submit a bug report, please visit:
#   https://bugs.debian.org/openjdk-17
#

---------------  S U M M A R Y ------------

Command Line: --add-modules=ALL-SYSTEM --add-opens=java.base/java.util=ALL-UNNAMED --add-opens=java.base/java.lang=ALL-UNNAMED --add-opens=java.base/sun.nio.fs=ALL-UNNAMED -Declipse.application=org.eclipse.jdt.ls.core.id1 -Dosgi.bundles.defaultStartLevel=4 -Declipse.product=org.eclipse.jdt.ls.core.product -Djava.import.generatesMetadataFilesAtProjectRoot=false -Dfile.encoding=utf8 -XX:+UseParallelGC -XX:GCTimeRatio=4 -XX:AdaptiveSizePolicyWeight=90 -Dsun.zip.disableMemoryMapping=true -Xmx1G -Xms100m -Xlog:disable -javaagent:/home/infoetu/quentin.moutte.etu/.vscode-oss/extensions/redhat.java-1.18.0-universal/lombok/lombok-1.18.27.jar -XX:+HeapDumpOnOutOfMemoryError -XX:HeapDumpPath=/home/infoetu/quentin.moutte.etu/.config/VSCodium/User/workspaceStorage/bba4e4735a77dc069042abacbee27294/redhat.java -Daether.dependencyCollector.impl=bf /home/infoetu/quentin.moutte.etu/.vscode-oss/extensions/redhat.java-1.18.0-universal/server/plugins/org.eclipse.equinox.launcher_1.6.400.v20210924-0641.jar -configuration /home/infoetu/quentin.moutte.etu/.config/VSCodium/User/globalStorage/redhat.java/1.18.0/config_linux -data /home/infoetu/quentin.moutte.etu/.config/VSCodium/User/workspaceStorage/bba4e4735a77dc069042abacbee27294/redhat.java/jdt_ws

Host: Intel(R) Core(TM) i7-10700 CPU @ 2.90GHz, 16 cores, 31G, Debian GNU/Linux 11 (bullseye)
Time: Wed May 31 16:03:34 2023 CEST elapsed time: 0.134196 seconds (0d 0h 0m 0s)

---------------  T H R E A D  ---------------

Current thread (0x00007f8ddc017090):  JavaThread "main" [_thread_in_vm, id=88403, stack(0x00007f8de2ce0000,0x00007f8de2de1000)]

Stack: [0x00007f8de2ce0000,0x00007f8de2de1000],  sp=0x00007f8de2dde1f0,  free space=1016k
Native frames: (J=compiled Java code, j=interpreted, Vv=VM code, C=native code)
V  [libjvm.so+0xa7720b]
V  [libjvm.so+0xa7acc4]
V  [libjvm.so+0xa7b93b]
V  [libjvm.so+0x817d5e]
V  [libjvm.so+0x818257]
j  java.security.Provider.getService(Ljava/lang/String;Ljava/lang/String;)Ljava/security/Provider$Service;+36 java.base@17.0.6
j  sun.security.jca.ProviderList.getService(Ljava/lang/String;Ljava/lang/String;)Ljava/security/Provider$Service;+99 java.base@17.0.6
j  sun.security.jca.GetInstance.getInstance(Ljava/lang/String;Ljava/lang/Class;Ljava/lang/String;)Lsun/security/jca/GetInstance$Instance;+7 java.base@17.0.6
j  java.security.cert.CertificateFactory.getInstance(Ljava/lang/String;)Ljava/security/cert/CertificateFactory;+12 java.base@17.0.6
j  sun.security.pkcs.PKCS7.parseSignedData(Lsun/security/util/DerValue;)V+131 java.base@17.0.6
j  sun.security.pkcs.PKCS7.parse(Lsun/security/util/DerInputStream;Z)V+40 java.base@17.0.6
j  sun.security.pkcs.PKCS7.parse(Lsun/security/util/DerInputStream;)V+11 java.base@17.0.6
j  sun.security.pkcs.PKCS7.<init>([B)V+50 java.base@17.0.6
j  sun.security.util.SignatureFileVerifier.<init>(Ljava/util/ArrayList;Lsun/security/util/ManifestDigester;Ljava/lang/String;[B)V+40 java.base@17.0.6
j  java.util.jar.JarVerifier.processEntry(Lsun/security/util/ManifestEntryVerifier;)V+319 java.base@17.0.6
j  java.util.jar.JarVerifier.update(I[BIILsun/security/util/ManifestEntryVerifier;)V+39 java.base@17.0.6
j  java.util.jar.JarFile.initializeVerifier()V+164 java.base@17.0.6
j  java.util.jar.JarFile.ensureInitialization()V+41 java.base@17.0.6
j  java.util.jar.JavaUtilJarAccessImpl.ensureInitialization(Ljava/util/jar/JarFile;)V+1 java.base@17.0.6
j  jdk.internal.loader.URLClassPath$JarLoader$2.getManifest()Ljava/util/jar/Manifest;+10 java.base@17.0.6
j  jdk.internal.loader.BuiltinClassLoader.defineClass(Ljava/lang/String;Ljdk/internal/loader/Resource;)Ljava/lang/Class;+29 java.base@17.0.6
j  jdk.internal.loader.BuiltinClassLoader.findClassOnClassPathOrNull(Ljava/lang/String;)Ljava/lang/Class;+37 java.base@17.0.6
j  jdk.internal.loader.BuiltinClassLoader.loadClassOrNull(Ljava/lang/String;Z)Ljava/lang/Class;+111 java.base@17.0.6
j  jdk.internal.loader.BuiltinClassLoader.loadClass(Ljava/lang/String;Z)Ljava/lang/Class;+3 java.base@17.0.6
j  jdk.internal.loader.ClassLoaders$AppClassLoader.loadClass(Ljava/lang/String;Z)Ljava/lang/Class;+36 java.base@17.0.6
j  java.lang.ClassLoader.loadClass(Ljava/lang/String;)Ljava/lang/Class;+3 java.base@17.0.6
v  ~StubRoutines::call_stub
V  [libjvm.so+0x81ce95]
V  [libjvm.so+0x81e663]
V  [libjvm.so+0xe55ed2]
V  [libjvm.so+0xe545e8]
V  [libjvm.so+0xe5518b]
V  [libjvm.so+0xe567d6]
V  [libjvm.so+0x8eb91d]
V  [libjvm.so+0x8eea4b]  JVM_FindClassFromCaller+0x12b
C  [libjava.so+0xd1a8]  Java_java_lang_Class_forName0+0xc8
j  java.lang.Class.forName0(Ljava/lang/String;ZLjava/lang/ClassLoader;Ljava/lang/Class;)Ljava/lang/Class;+0 java.base@17.0.6
j  java.lang.Class.forName(Ljava/lang/String;ZLjava/lang/ClassLoader;)Ljava/lang/Class;+43 java.base@17.0.6
j  sun.launcher.LauncherHelper.loadMainClass(ILjava/lang/String;)Ljava/lang/Class;+95 java.base@17.0.6
j  sun.launcher.LauncherHelper.checkAndLoadMain(ZILjava/lang/String;)Ljava/lang/Class;+42 java.base@17.0.6
v  ~StubRoutines::call_stub
V  [libjvm.so+0x81ce95]
V  [libjvm.so+0x8b174b]
V  [libjvm.so+0x8b25b1]
C  [libjli.so+0x3e2c]
C  [libjli.so+0x7ca9]

Java frames: (J=compiled Java code, j=interpreted, Vv=VM code)
j  java.security.Provider.getService(Ljava/lang/String;Ljava/lang/String;)Ljava/security/Provider$Service;+36 java.base@17.0.6
j  sun.security.jca.ProviderList.getService(Ljava/lang/String;Ljava/lang/String;)Ljava/security/Provider$Service;+99 java.base@17.0.6
j  sun.security.jca.GetInstance.getInstance(Ljava/lang/String;Ljava/lang/Class;Ljava/lang/String;)Lsun/security/jca/GetInstance$Instance;+7 java.base@17.0.6
j  java.security.cert.CertificateFactory.getInstance(Ljava/lang/String;)Ljava/security/cert/CertificateFactory;+12 java.base@17.0.6
j  sun.security.pkcs.PKCS7.parseSignedData(Lsun/security/util/DerValue;)V+131 java.base@17.0.6
j  sun.security.pkcs.PKCS7.parse(Lsun/security/util/DerInputStream;Z)V+40 java.base@17.0.6
j  sun.security.pkcs.PKCS7.parse(Lsun/security/util/DerInputStream;)V+11 java.base@17.0.6
j  sun.security.pkcs.PKCS7.<init>([B)V+50 java.base@17.0.6
j  sun.security.util.SignatureFileVerifier.<init>(Ljava/util/ArrayList;Lsun/security/util/ManifestDigester;Ljava/lang/String;[B)V+40 java.base@17.0.6
j  java.util.jar.JarVerifier.processEntry(Lsun/security/util/ManifestEntryVerifier;)V+319 java.base@17.0.6
j  java.util.jar.JarVerifier.update(I[BIILsun/security/util/ManifestEntryVerifier;)V+39 java.base@17.0.6
j  java.util.jar.JarFile.initializeVerifier()V+164 java.base@17.0.6
j  java.util.jar.JarFile.ensureInitialization()V+41 java.base@17.0.6
j  java.util.jar.JavaUtilJarAccessImpl.ensureInitialization(Ljava/util/jar/JarFile;)V+1 java.base@17.0.6
j  jdk.internal.loader.URLClassPath$JarLoader$2.getManifest()Ljava/util/jar/Manifest;+10 java.base@17.0.6
j  jdk.internal.loader.BuiltinClassLoader.defineClass(Ljava/lang/String;Ljdk/internal/loader/Resource;)Ljava/lang/Class;+29 java.base@17.0.6
j  jdk.internal.loader.BuiltinClassLoader.findClassOnClassPathOrNull(Ljava/lang/String;)Ljava/lang/Class;+37 java.base@17.0.6
j  jdk.internal.loader.BuiltinClassLoader.loadClassOrNull(Ljava/lang/String;Z)Ljava/lang/Class;+111 java.base@17.0.6
j  jdk.internal.loader.BuiltinClassLoader.loadClass(Ljava/lang/String;Z)Ljava/lang/Class;+3 java.base@17.0.6
j  jdk.internal.loader.ClassLoaders$AppClassLoader.loadClass(Ljava/lang/String;Z)Ljava/lang/Class;+36 java.base@17.0.6
j  java.lang.ClassLoader.loadClass(Ljava/lang/String;)Ljava/lang/Class;+3 java.base@17.0.6
v  ~StubRoutines::call_stub
j  java.lang.Class.forName0(Ljava/lang/String;ZLjava/lang/ClassLoader;Ljava/lang/Class;)Ljava/lang/Class;+0 java.base@17.0.6
j  java.lang.Class.forName(Ljava/lang/String;ZLjava/lang/ClassLoader;)Ljava/lang/Class;+43 java.base@17.0.6
j  sun.launcher.LauncherHelper.loadMainClass(ILjava/lang/String;)Ljava/lang/Class;+95 java.base@17.0.6
j  sun.launcher.LauncherHelper.checkAndLoadMain(ZILjava/lang/String;)Ljava/lang/Class;+42 java.base@17.0.6
v  ~StubRoutines::call_stub

siginfo: si_signo: 11 (SIGSEGV), si_code: 1 (SEGV_MAPERR), si_addr: 0x0000000000013b75

Register to memory mapping:

RAX=0x00007f8de43ef320: <offset 0x00000000012e3320> in /usr/lib/jvm/java-17-openjdk-amd64/lib/server/libjvm.so at 0x00007f8de310c000
RBX=0x00007f8ddc017090 is a thread
RCX=0x00007f8de2dde3d0 is pointing into the stack for thread: 0x00007f8ddc017090
RDX=0x00007f8ddc017090 is a thread
RSP=0x00007f8de2dde1f0 is pointing into the stack for thread: 0x00007f8ddc017090
RBP=0x00007f8de2dde330 is pointing into the stack for thread: 0x00007f8ddc017090
RSI=0x00000000000000b9 is an unknown value
RDI=0x00007f8de2dde3d0 is pointing into the stack for thread: 0x00007f8ddc017090
R8 =0x0000000000000001 is an unknown value
R9 =0x00007f8ddc017090 is a thread
R10=0x00007f8de2c9d000 points into unknown readable memory: 0x0100050403020100 | 00 01 02 03 04 05 00 01
R11=0x0000000018003609 is an unknown value
R12=0x00007f8de2dde4f0 is pointing into the stack for thread: 0x00007f8ddc017090
R13=0x00007f8ddc017090 is a thread
R14=80592 is a compressed pointer to class: 0x0000000800013ad0
java.util.Map {0x0000000800013ad0}
 - instance size:     2
 - klass size:        64
 - access:            public interface abstract 
 - state:             fully_initialized
 - name:              'java/util/Map'
 - super:             'java/lang/Object'
 - sub:               
 - nof implementors:  2
 - arrays:            'java/util/Map'[]
 - methods:           Array<T>(0x00000008005ed248)
 - method ordering:   Array<T>(0x00000008005ed388)
 - default_methods:   Array<T>(0x0000000000000000)
 - local interfaces:  Array<T>(0x00000008005de970)
 - trans. interfaces: Array<T>(0x00000008005de970)
 - constants:         constant pool [259] {0x00000008005ec9b8} for 'java/util/Map' cache=0x0000000800411de8
 - class loader data:  loader data: 0x00007f8ddc0374b0 of 'bootstrap'
 - source file:       'Map.java'
 - class annotations:       Array<T>(0x0000000000000000)
 - class type annotations:  Array<T>(0x0000000000000000)
 - field annotations:       Array<T>(0x0000000000000000)
 - field type annotations:  Array<T>(0x0000000000000000)
 - generic signature: '<K:Ljava/lang/Object;V:Ljava/lang/Object;>Ljava/lang/Object;'
 - inner classes:     Array<T>(0x00000008005ed218)
 - nest members:     Array<T>(0x00000008005ed428)
 - permitted subclasses:     Array<T>(0x00000008005de900)
 - java mirror:       a 'java/lang/Class'{0x00000000eab031f8} = 'java/util/Map'
 - vtable length      5  (start addr: 0x0000000800013ca0)
 - itable length      0 (start addr: 0x0000000800013cc8)
 - ---- static fields (0 words):
 - ---- non-static fields (0 words):
 - non-static oop maps: 
R15=0x00007f8de2dde3d0 is pointing into the stack for thread: 0x00007f8ddc017090


Registers:
RAX=0x00007f8de43ef320, RBX=0x00007f8ddc017090, RCX=0x00007f8de2dde3d0, RDX=0x00007f8ddc017090
RSP=0x00007f8de2dde1f0, RBP=0x00007f8de2dde330, RSI=0x00000000000000b9, RDI=0x00007f8de2dde3d0
R8 =0x0000000000000001, R9 =0x00007f8ddc017090, R10=0x00007f8de2c9d000, R11=0x0000000018003609
R12=0x00007f8de2dde4f0, R13=0x00007f8ddc017090, R14=0x0000000000013ad0, R15=0x00007f8de2dde3d0
RIP=0x00007f8de3b8320b, EFLAGS=0x0000000000010206, CSGSFS=0x002b000000000033, ERR=0x0000000000000004
  TRAPNO=0x000000000000000e

Top of Stack: (sp=0x00007f8de2dde1f0)
0x00007f8de2dde1f0:   00007f8dbd8b14a0 00007f8dbd8af9f8
0x00007f8de2dde200:   00007f8ddc017090 0000001600000014
0x00007f8de2dde210:   00007f8d0000008a 0000000000000000
0x00007f8de2dde220:   0000000000000000 0000000000000000 

Instructions: (pc=0x00007f8de3b8320b)
0x00007f8de3b8310b:   6e c0 48 89 c1 66 0f 6c c3 0f 29 85 00 ff ff ff
0x00007f8de3b8311b:   48 85 c0 74 21 49 8b 84 24 40 02 00 00 48 63 30
0x00007f8de3b8312b:   3b 70 04 0f 84 8c 00 00 00 8d 56 01 89 10 48 8b
0x00007f8de3b8313b:   40 08 48 89 0c f0 4c 89 fe 4c 89 ef e8 24 7f d3
0x00007f8de3b8314b:   ff 4c 89 ff e8 fc 7b d3 ff 49 8b 54 24 08 48 85
0x00007f8de3b8315b:   d2 74 21 4c 89 ff 4c 89 e6 e8 a7 13 96 ff 48 8b
0x00007f8de3b8316b:   85 00 ff ff ff 4c 89 e7 48 89 85 e8 fe ff ff e8
0x00007f8de3b8317b:   41 6e c3 ff 48 8b 85 f0 fe ff ff 48 85 c0 0f 85
0x00007f8de3b8318b:   58 fb ff ff e9 a6 fb ff ff 0f 1f 40 00 4c 89 ff
0x00007f8de3b8319b:   e8 60 21 81 ff 49 63 37 e9 1e fb ff ff 0f 1f 84
0x00007f8de3b831ab:   00 00 00 00 00 4c 89 ff e8 48 21 81 ff 49 63 37
0x00007f8de3b831bb:   e9 f7 fe ff ff 48 89 c7 48 89 8d d8 fe ff ff 48
0x00007f8de3b831cb:   89 85 e0 fe ff ff e8 2a 21 81 ff 48 8b 85 e0 fe
0x00007f8de3b831db:   ff ff 48 8b 8d d8 fe ff ff 48 63 30 e9 48 ff ff
0x00007f8de3b831eb:   ff 0f 1f 40 00 55 48 89 e5 41 57 41 56 41 55 49
0x00007f8de3b831fb:   89 d5 41 54 53 48 81 ec 18 01 00 00 4c 8b 77 10
0x00007f8de3b8320b:   41 f6 86 a5 00 00 00 02 0f 84 07 04 00 00 0f b6
0x00007f8de3b8321b:   47 32 49 89 fc 89 f3 3c 0b 74 08 84 c0 0f 85 32
0x00007f8de3b8322b:   02 00 00 ba 01 00 00 00 31 f6 4c 89 e7 e8 33 e1
0x00007f8de3b8323b:   ff ff 66 49 0f 6e cd 66 48 0f 6e c0 49 89 c7 66
0x00007f8de3b8324b:   0f 6c c1 0f 29 85 f0 fe ff ff 48 85 c0 0f 84 8a
0x00007f8de3b8325b:   00 00 00 49 8b 85 40 02 00 00 48 63 30 3b 70 04
0x00007f8de3b8326b:   0f 84 5f 04 00 00 8d 56 01 89 10 48 8b 40 08 4c
0x00007f8de3b8327b:   89 3c f0 48 8b 85 f0 fe ff ff 48 85 c0 74 5e 4c
0x00007f8de3b8328b:   8d bd f0 fe ff ff 41 80 7c 24 30 00 0f 85 8b 01
0x00007f8de3b8329b:   00 00 41 80 7c 24 31 00 0f 85 a7 02 00 00 4c 8b
0x00007f8de3b832ab:   a5 f0 fe ff ff 81 fb b8 00 00 00 74 0c 41 f6 44
0x00007f8de3b832bb:   24 28 08 0f 85 2c 04 00 00 4c 89 ff e8 84 7a d3
0x00007f8de3b832cb:   ff 48 81 c4 18 01 00 00 4c 89 e0 5b 41 5c 41 5d
0x00007f8de3b832db:   41 5e 41 5f 5d c3 0f 1f 80 00 00 00 00 41 8b 46
0x00007f8de3b832eb:   08 85 c0 0f 89 8c 02 00 00 4c 8d 95 00 ff ff ff
0x00007f8de3b832fb:   4c 8d bd f0 fe ff ff 49 8b 9d 30 02 00 00 31 f6 


Stack slot to memory mapping:
stack at sp + 0 slots: 0x00007f8dbd8b14a0 is pointing into metadata
stack at sp + 1 slots: 0x00007f8dbd8af9f8 is pointing into metadata
stack at sp + 2 slots: 0x00007f8ddc017090 is a thread
stack at sp + 3 slots: 0x0000001600000014 is an unknown value
stack at sp + 4 slots: 0x00007f8d0000008a is an unknown value
stack at sp + 5 slots: 0x0 is NULL
stack at sp + 6 slots: 0x0 is NULL
stack at sp + 7 slots: 0x0 is NULL


---------------  P R O C E S S  ---------------

Threads class SMR info:
_java_thread_list=0x00007f8ddc310ea0, length=16, elements={
0x00007f8ddc017090, 0x00007f8ddc221830, 0x00007f8ddc222c40, 0x00007f8ddc22d8c0,
0x00007f8ddc22ec40, 0x00007f8ddc230020, 0x00007f8ddc231a20, 0x00007f8ddc23af10,
0x00007f8ddc23c350, 0x00007f8ddc258290, 0x00007f8d98065c30, 0x00007f8d98077e00,
0x00007f8d94022250, 0x00007f8d980ba2e0, 0x00007f8d94045600, 0x00007f8ddc31e3c0
}

Java Threads: ( => current thread )
=>0x00007f8ddc017090 JavaThread "main" [_thread_in_vm, id=88403, stack(0x00007f8de2ce0000,0x00007f8de2de1000)]
  0x00007f8ddc221830 JavaThread "Reference Handler" daemon [_thread_blocked, id=88406, stack(0x00007f8dbd6ff000,0x00007f8dbd800000)]
  0x00007f8ddc222c40 JavaThread "Finalizer" daemon [_thread_blocked, id=88407, stack(0x00007f8dbd5fe000,0x00007f8dbd6ff000)]
  0x00007f8ddc22d8c0 JavaThread "Signal Dispatcher" daemon [_thread_blocked, id=88408, stack(0x00007f8dbd216000,0x00007f8dbd317000)]
  0x00007f8ddc22ec40 JavaThread "Service Thread" daemon [_thread_blocked, id=88409, stack(0x00007f8dbd115000,0x00007f8dbd216000)]
  0x00007f8ddc230020 JavaThread "Monitor Deflation Thread" daemon [_thread_blocked, id=88410, stack(0x00007f8dbd014000,0x00007f8dbd115000)]
  0x00007f8ddc231a20 JavaThread "C2 CompilerThread0" daemon [_thread_blocked, id=88411, stack(0x00007f8dbcf13000,0x00007f8dbd014000)]
  0x00007f8ddc23af10 JavaThread "C1 CompilerThread0" daemon [_thread_blocked, id=88412, stack(0x00007f8dbce12000,0x00007f8dbcf13000)]
  0x00007f8ddc23c350 JavaThread "Sweeper thread" daemon [_thread_blocked, id=88413, stack(0x00007f8dbcd11000,0x00007f8dbce12000)]
  0x00007f8ddc258290 JavaThread "Common-Cleaner" daemon [_thread_blocked, id=88414, stack(0x00007f8dbcc10000,0x00007f8dbcd11000)]
  0x00007f8d98065c30 JavaThread "C1 CompilerThread1" daemon [_thread_blocked, id=88415, stack(0x00007f8dbcb0f000,0x00007f8dbcc10000)]
  0x00007f8d98077e00 JavaThread "C2 CompilerThread1" daemon [_thread_blocked, id=88417, stack(0x00007f8dbca0e000,0x00007f8dbcb0f000)]
  0x00007f8d94022250 JavaThread "C2 CompilerThread2" daemon [_thread_blocked, id=88418, stack(0x00007f8dbc90d000,0x00007f8dbca0e000)]
  0x00007f8d980ba2e0 JavaThread "C1 CompilerThread2" daemon [_thread_blocked, id=88421, stack(0x00007f8dbc80c000,0x00007f8dbc90d000)]
  0x00007f8d94045600 JavaThread "C1 CompilerThread3" daemon [_thread_blocked, id=88422, stack(0x00007f8dbc70b000,0x00007f8dbc80c000)]
  0x00007f8ddc31e3c0 JavaThread "Notification Thread" daemon [_thread_blocked, id=88425, stack(0x00007f8dbc60a000,0x00007f8dbc70b000)]

Other Threads:
  0x00007f8ddc21cfe0 VMThread "VM Thread" [stack: 0x00007f8dc4028000,0x00007f8dc4128000] [id=88405]
  0x00007f8ddc31f5a0 WatcherThread [stack: 0x00007f8dbc50a000,0x00007f8dbc60a000] [id=88426]
  0x00007f8ddc02e300 GCTaskThread "GC Thread#0" [stack: 0x00007f8de1ed9000,0x00007f8de1fd9000] [id=88404]

Threads with active compile tasks:

VM state: not at safepoint (normal execution)

VM Mutex/Monitor currently owned by a thread: None

Heap address: 0x00000000c0000000, size: 1024 MB, Compressed Oops mode: 32-bit

CDS archive(s) mapped at: [0x0000000800000000-0x0000000800be3000-0x0000000800be3000), size 12464128, SharedBaseAddress: 0x0000000800000000, ArchiveRelocationMode: 0.
Compressed class space mapped at: 0x0000000800c00000-0x0000000840c00000, reserved size: 1073741824
Narrow klass base: 0x0000000800000000, Narrow klass shift: 0, Narrow klass range: 0x100000000

GC Precious Log:
 CPUs: 16 total, 16 available
 Memory: 31888M
 Large Page Support: Disabled
 NUMA Support: Disabled
 Compressed Oops: Enabled (32-bit)
 Alignments: Space 512K, Generation 512K, Heap 2M
 Heap Min Capacity: 100M
 Heap Initial Capacity: 100M
 Heap Max Capacity: 1G
 Pre-touch: Disabled
 Parallel Workers: 13

Heap:
 PSYoungGen      total 29696K, used 10317K [0x00000000eab00000, 0x00000000ecc00000, 0x0000000100000000)
  eden space 25600K, 40% used [0x00000000eab00000,0x00000000eb513750,0x00000000ec400000)
  from space 4096K, 0% used [0x00000000ec800000,0x00000000ec800000,0x00000000ecc00000)
  to   space 4096K, 0% used [0x00000000ec400000,0x00000000ec400000,0x00000000ec800000)
 ParOldGen       total 68608K, used 0K [0x00000000c0000000, 0x00000000c4300000, 0x00000000eab00000)
  object space 68608K, 0% used [0x00000000c0000000,0x00000000c0000000,0x00000000c4300000)
 Metaspace       used 1418K, committed 1536K, reserved 1056768K
  class space    used 123K, committed 192K, reserved 1048576K

Card table byte_map: [0x00007f8de1fd9000,0x00007f8de21da000] _byte_map_base: 0x00007f8de19d9000

Marking Bits: (ParMarkBitMap*) 0x00007f8de44517a0
 Begin Bits: [0x00007f8dbe000000, 0x00007f8dbf000000)
 End Bits:   [0x00007f8dbf000000, 0x00007f8dc0000000)

Polling page: 0x00007f8de46a8000

Metaspace:

Usage:
  Non-class:      1,26 MB used.
      Class:    123,74 KB used.
       Both:      1,39 MB used.

Virtual space:
  Non-class space:        8,00 MB reserved,       1,31 MB ( 16%) committed,  1 nodes.
      Class space:        1,00 GB reserved,     192,00 KB ( <1%) committed,  1 nodes.
             Both:        1,01 GB reserved,       1,50 MB ( <1%) committed. 

Chunk freelists:
   Non-Class:  3,77 MB
       Class:  3,71 MB
        Both:  7,48 MB

MaxMetaspaceSize: unlimited
CompressedClassSpaceSize: 1,00 GB
Initial GC threshold: 21,00 MB
Current GC threshold: 21,00 MB
CDS: on
MetaspaceReclaimPolicy: balanced
 - commit_granule_bytes: 65536.
 - commit_granule_words: 8192.
 - virtual_space_node_default_size: 1048576.
 - enlarge_chunks_in_place: 1.
 - new_chunks_are_fully_committed: 0.
 - uncommit_free_chunks: 1.
 - use_allocation_guard: 0.
 - handle_deallocations: 1.


Internal statistics:

num_allocs_failed_limit: 0.
num_arena_births: 10.
num_arena_deaths: 0.
num_vsnodes_births: 2.
num_vsnodes_deaths: 0.
num_space_committed: 24.
num_space_uncommitted: 0.
num_chunks_returned_to_freelist: 0.
num_chunks_taken_from_freelist: 25.
num_chunk_merges: 0.
num_chunk_splits: 18.
num_chunks_enlarged: 17.
num_purges: 0.
num_inconsistent_stats: 0.

CodeHeap 'non-profiled nmethods': size=119168Kb used=120Kb max_used=120Kb free=119047Kb
 bounds [0x00007f8dccda9000, 0x00007f8dcd019000, 0x00007f8dd4209000]
CodeHeap 'profiled nmethods': size=119164Kb used=602Kb max_used=602Kb free=118562Kb
 bounds [0x00007f8dc5209000, 0x00007f8dc5479000, 0x00007f8dcc668000]
CodeHeap 'non-nmethods': size=7428Kb used=2786Kb max_used=2803Kb free=4642Kb
 bounds [0x00007f8dcc668000, 0x00007f8dcc928000, 0x00007f8dccda9000]
 total_blobs=818 nmethods=436 adapters=295
 compilation: enabled
              stopped_count=0, restarted_count=0
 full_count=0

Compilation events (20 events):
Event: 0,130 Thread 0x00007f8ddc23af10 nmethod 424 0x00007f8dc5290990 code [0x00007f8dc5290b40, 0x00007f8dc5290cc0]
Event: 0,130 Thread 0x00007f8d94022250  426       4       java.lang.CharacterDataLatin1::toUpperCaseEx (71 bytes)
Event: 0,130 Thread 0x00007f8d94045600  428  s    3       java.util.Properties::put (10 bytes)
Event: 0,130 Thread 0x00007f8d980ba2e0 nmethod 423 0x00007f8dc5290d90 code [0x00007f8dc52910e0, 0x00007f8dc5292b20]
Event: 0,130 Thread 0x00007f8d94022250 nmethod 426 0x00007f8dccdc6810 code [0x00007f8dccdc69a0, 0x00007f8dccdc6a98]
Event: 0,131 Thread 0x00007f8d94045600 nmethod 428 0x00007f8dc5293390 code [0x00007f8dc5293540, 0x00007f8dc52937a0]
Event: 0,132 Thread 0x00007f8d98065c30 nmethod 422 0x00007f8dc5293890 code [0x00007f8dc52941a0, 0x00007f8dc52985d0]
Event: 0,132 Thread 0x00007f8d980ba2e0  429       3       java.lang.Number::<init> (5 bytes)
Event: 0,132 Thread 0x00007f8d980ba2e0 nmethod 429 0x00007f8dc5299e90 code [0x00007f8dc529a040, 0x00007f8dc529a190]
Event: 0,132 Thread 0x00007f8d98065c30  430       3       java.lang.Character::digit (6 bytes)
Event: 0,133 Thread 0x00007f8d94045600  431       3       java.lang.Character::digit (10 bytes)
Event: 0,133 Thread 0x00007f8d980ba2e0  432       3       java.lang.CharacterDataLatin1::digit (32 bytes)
Event: 0,133 Thread 0x00007f8d98077e00  433       4       java.util.Arrays::copyOfRange (64 bytes)
Event: 0,133 Thread 0x00007f8d98065c30 nmethod 430 0x00007f8dc529a290 code [0x00007f8dc529a440, 0x00007f8dc529a690]
Event: 0,133 Thread 0x00007f8d94045600 nmethod 431 0x00007f8dc529a790 code [0x00007f8dc529a940, 0x00007f8dc529ab30]
Event: 0,133 Thread 0x00007f8d980ba2e0 nmethod 432 0x00007f8dc529ac10 code [0x00007f8dc529adc0, 0x00007f8dc529b010]
Event: 0,133 Thread 0x00007f8d98065c30  434       3       java.lang.Integer::parseInt (264 bytes)
Event: 0,133 Thread 0x00007f8d980ba2e0  435       3       java.lang.Integer::parseInt (7 bytes)
Event: 0,133 Thread 0x00007f8d94045600  436       3       sun.security.util.ObjectIdentifier::checkOidSize (86 bytes)
Event: 0,133 Thread 0x00007f8d980ba2e0 nmethod 435 0x00007f8dc529b110 code [0x00007f8dc529b2c0, 0x00007f8dc529b3e0]

GC Heap History (0 events):
No events

Dll operation events (8 events):
Event: 0,002 Loaded shared library /usr/lib/jvm/java-17-openjdk-amd64/lib/libjava.so
Event: 0,002 Loaded shared library /usr/lib/jvm/java-17-openjdk-amd64/lib/libzip.so
Event: 0,006 Loaded shared library /usr/lib/jvm/java-17-openjdk-amd64/lib/libjsvml.so
Event: 0,049 Loaded shared library /usr/lib/jvm/java-17-openjdk-amd64/lib/libinstrument.so
Event: 0,051 Loaded shared library /usr/lib/jvm/java-17-openjdk-amd64/lib/libnio.so
Event: 0,054 Loaded shared library /usr/lib/jvm/java-17-openjdk-amd64/lib/libzip.so
Event: 0,061 Loaded shared library /usr/lib/jvm/java-17-openjdk-amd64/lib/libjimage.so
Event: 0,085 Loaded shared library /usr/lib/jvm/java-17-openjdk-amd64/lib/libverify.so

Deoptimization events (2 events):
Event: 0,111 Thread 0x00007f8ddc017090 DEOPT PACKING pc=0x00007f8dc525414a sp=0x00007f8de2ddd860
Event: 0,111 Thread 0x00007f8ddc017090 DEOPT UNPACKING pc=0x00007f8dcc6beb2f sp=0x00007f8de2ddcce0 mode 0

Classes unloaded (0 events):
No events

Classes redefined (0 events):
No events

Internal exceptions (2 events):
Event: 0,034 Thread 0x00007f8ddc017090 Exception <a 'java/lang/NoSuchMethodError'{0x00000000eaca3850}: 'void java.lang.invoke.DirectMethodHandle$Holder.invokeStatic(java.lang.Object, java.lang.Object, java.lang.Object)'> (0x00000000eaca3850) 
thrown [./src/hotspot/share/interpreter/linkResolver.cpp, line 758]
Event: 0,090 Thread 0x00007f8ddc017090 Exception <a 'java/lang/reflect/InvocationTargetException'{0x00000000eb064008}> (0x00000000eb064008) 
thrown [./src/hotspot/share/runtime/reflection.cpp, line 1119]

VM Operations (4 events):
Event: 0,037 Executing VM operation: HandshakeAllThreads
Event: 0,037 Executing VM operation: HandshakeAllThreads done
Event: 0,071 Executing VM operation: HandshakeAllThreads
Event: 0,071 Executing VM operation: HandshakeAllThreads done

Events (20 events):
Event: 0,131 loading class sun/security/util/ObjectIdentifier
Event: 0,131 loading class sun/security/util/ObjectIdentifier done
Event: 0,131 loading class sun/security/util/DerValue
Event: 0,131 loading class sun/security/util/DerValue done
Event: 0,132 loading class sun/security/util/DerOutputStream
Event: 0,132 loading class sun/security/util/DerEncoder
Event: 0,132 loading class sun/security/util/DerEncoder done
Event: 0,132 loading class sun/security/util/DerOutputStream done
Event: 0,132 loading class sun/security/util/ByteArrayLexOrder
Event: 0,132 loading class sun/security/util/ByteArrayLexOrder done
Event: 0,132 loading class sun/security/util/ByteArrayTagOrder
Event: 0,132 loading class sun/security/util/ByteArrayTagOrder done
Event: 0,132 loading class sun/security/x509/AlgorithmId
Event: 0,132 loading class sun/security/x509/AlgorithmId done
Event: 0,133 loading class java/security/cert/CertificateFactory
Event: 0,133 loading class java/security/cert/CertificateFactory done
Event: 0,133 loading class java/security/cert/CertificateFactorySpi
Event: 0,133 loading class java/security/cert/CertificateFactorySpi done
Event: 0,133 loading class sun/security/jca/GetInstance
Event: 0,133 loading class sun/security/jca/GetInstance done


Dynamic libraries:
c0000000-c4300000 rw-p 00000000 00:00 0 
c4300000-eab00000 ---p 00000000 00:00 0 
eab00000-ecc00000 rw-p 00000000 00:00 0 
ecc00000-100000000 ---p 00000000 00:00 0 
800000000-800be3000 rw-p 00001000 103:02 3543126                         /usr/lib/jvm/java-17-openjdk-amd64/lib/server/classes.jsa
800be3000-800c00000 ---p 00000000 00:00 0 
800c00000-800c10000 rw-p 00000000 00:00 0 
800c10000-800c40000 ---p 00000000 00:00 0 
800c40000-800c60000 rw-p 00000000 00:00 0 
800c60000-840c00000 ---p 00000000 00:00 0 
5643356f2000-5643356f3000 r--p 00000000 103:02 3166030                   /usr/lib/jvm/java-17-openjdk-amd64/bin/java
5643356f3000-5643356f4000 r-xp 00001000 103:02 3166030                   /usr/lib/jvm/java-17-openjdk-amd64/bin/java
5643356f4000-5643356f5000 r--p 00002000 103:02 3166030                   /usr/lib/jvm/java-17-openjdk-amd64/bin/java
5643356f5000-5643356f6000 r--p 00002000 103:02 3166030                   /usr/lib/jvm/java-17-openjdk-amd64/bin/java
5643356f6000-5643356f7000 rw-p 00003000 103:02 3166030                   /usr/lib/jvm/java-17-openjdk-amd64/bin/java
56433671d000-564336764000 rw-p 00000000 00:00 0                          [heap]
7f8d78000000-7f8d78021000 rw-p 00000000 00:00 0 
7f8d78021000-7f8d7c000000 ---p 00000000 00:00 0 
7f8d7c000000-7f8d7c021000 rw-p 00000000 00:00 0 
7f8d7c021000-7f8d80000000 ---p 00000000 00:00 0 
7f8d80000000-7f8d80021000 rw-p 00000000 00:00 0 
7f8d80021000-7f8d84000000 ---p 00000000 00:00 0 
7f8d84000000-7f8d84024000 rw-p 00000000 00:00 0 
7f8d84024000-7f8d88000000 ---p 00000000 00:00 0 
7f8d88000000-7f8d8808e000 rw-p 00000000 00:00 0 
7f8d8808e000-7f8d8c000000 ---p 00000000 00:00 0 
7f8d8c000000-7f8d8c04c000 rw-p 00000000 00:00 0 
7f8d8c04c000-7f8d90000000 ---p 00000000 00:00 0 
7f8d90000000-7f8d90021000 rw-p 00000000 00:00 0 
7f8d90021000-7f8d94000000 ---p 00000000 00:00 0 
7f8d94000000-7f8d9405a000 rw-p 00000000 00:00 0 
7f8d9405a000-7f8d98000000 ---p 00000000 00:00 0 
7f8d98000000-7f8d980be000 rw-p 00000000 00:00 0 
7f8d980be000-7f8d9c000000 ---p 00000000 00:00 0 
7f8d9c000000-7f8d9c021000 rw-p 00000000 00:00 0 
7f8d9c021000-7f8da0000000 ---p 00000000 00:00 0 
7f8da0000000-7f8da0021000 rw-p 00000000 00:00 0 
7f8da0021000-7f8da4000000 ---p 00000000 00:00 0 
7f8da4000000-7f8da40eb000 rw-p 00000000 00:00 0 
7f8da40eb000-7f8da8000000 ---p 00000000 00:00 0 
7f8da8000000-7f8da8021000 rw-p 00000000 00:00 0 
7f8da8021000-7f8dac000000 ---p 00000000 00:00 0 
7f8dac000000-7f8dac021000 rw-p 00000000 00:00 0 
7f8dac021000-7f8db0000000 ---p 00000000 00:00 0 
7f8db0000000-7f8db0021000 rw-p 00000000 00:00 0 
7f8db0021000-7f8db4000000 ---p 00000000 00:00 0 
7f8db4000000-7f8db4021000 rw-p 00000000 00:00 0 
7f8db4021000-7f8db8000000 ---p 00000000 00:00 0 
7f8db8000000-7f8db8021000 rw-p 00000000 00:00 0 
7f8db8021000-7f8dbc000000 ---p 00000000 00:00 0 
7f8dbc508000-7f8dbc509000 ---p 00000000 00:00 0 
7f8dbc509000-7f8dbc60a000 rw-p 00000000 00:00 0 
7f8dbc60a000-7f8dbc60e000 ---p 00000000 00:00 0 
7f8dbc60e000-7f8dbc70b000 rw-p 00000000 00:00 0 
7f8dbc70b000-7f8dbc70f000 ---p 00000000 00:00 0 
7f8dbc70f000-7f8dbc80c000 rw-p 00000000 00:00 0 
7f8dbc80c000-7f8dbc810000 ---p 00000000 00:00 0 
7f8dbc810000-7f8dbc90d000 rw-p 00000000 00:00 0 
7f8dbc90d000-7f8dbc911000 ---p 00000000 00:00 0 
7f8dbc911000-7f8dbca0e000 rw-p 00000000 00:00 0 
7f8dbca0e000-7f8dbca12000 ---p 00000000 00:00 0 
7f8dbca12000-7f8dbcb0f000 rw-p 00000000 00:00 0 
7f8dbcb0f000-7f8dbcb13000 ---p 00000000 00:00 0 
7f8dbcb13000-7f8dbcc10000 rw-p 00000000 00:00 0 
7f8dbcc10000-7f8dbcc14000 ---p 00000000 00:00 0 
7f8dbcc14000-7f8dbcd11000 rw-p 00000000 00:00 0 
7f8dbcd11000-7f8dbcd15000 ---p 00000000 00:00 0 
7f8dbcd15000-7f8dbce12000 rw-p 00000000 00:00 0 
7f8dbce12000-7f8dbce16000 ---p 00000000 00:00 0 
7f8dbce16000-7f8dbcf13000 rw-p 00000000 00:00 0 
7f8dbcf13000-7f8dbcf17000 ---p 00000000 00:00 0 
7f8dbcf17000-7f8dbd014000 rw-p 00000000 00:00 0 
7f8dbd014000-7f8dbd018000 ---p 00000000 00:00 0 
7f8dbd018000-7f8dbd115000 rw-p 00000000 00:00 0 
7f8dbd115000-7f8dbd119000 ---p 00000000 00:00 0 
7f8dbd119000-7f8dbd216000 rw-p 00000000 00:00 0 
7f8dbd216000-7f8dbd21a000 ---p 00000000 00:00 0 
7f8dbd21a000-7f8dbd317000 rw-p 00000000 00:00 0 
7f8dbd317000-7f8dbd5fe000 r--p 00000000 103:02 3168159                   /usr/lib/locale/locale-archive
7f8dbd5fe000-7f8dbd602000 ---p 00000000 00:00 0 
7f8dbd602000-7f8dbd6ff000 rw-p 00000000 00:00 0 
7f8dbd6ff000-7f8dbd703000 ---p 00000000 00:00 0 
7f8dbd703000-7f8dbd910000 rw-p 00000000 00:00 0 
7f8dbd910000-7f8dbdc00000 ---p 00000000 00:00 0 
7f8dbdc00000-7f8dbdc40000 rw-p 00000000 00:00 0 
7f8dbdc40000-7f8dbe000000 ---p 00000000 00:00 0 
7f8dbe000000-7f8dc0000000 rw-p 00000000 00:00 0 
7f8dc0000000-7f8dc0021000 rw-p 00000000 00:00 0 
7f8dc0021000-7f8dc4000000 ---p 00000000 00:00 0 
7f8dc4016000-7f8dc401a000 r--p 00000000 103:02 3192852                   /usr/lib/jvm/java-17-openjdk-amd64/lib/libverify.so
7f8dc401a000-7f8dc4021000 r-xp 00004000 103:02 3192852                   /usr/lib/jvm/java-17-openjdk-amd64/lib/libverify.so
7f8dc4021000-7f8dc4023000 r--p 0000b000 103:02 3192852                   /usr/lib/jvm/java-17-openjdk-amd64/lib/libverify.so
7f8dc4023000-7f8dc4025000 r--p 0000c000 103:02 3192852                   /usr/lib/jvm/java-17-openjdk-amd64/lib/libverify.so
7f8dc4025000-7f8dc4026000 rw-p 0000e000 103:02 3192852                   /usr/lib/jvm/java-17-openjdk-amd64/lib/libverify.so
7f8dc4026000-7f8dc4027000 ---p 00000000 00:00 0 
7f8dc4027000-7f8dc4128000 rw-p 00000000 00:00 0 
7f8dc4128000-7f8dc412d000 r--p 00000000 103:02 3191070                   /usr/lib/jvm/java-17-openjdk-amd64/lib/libjsvml.so
7f8dc412d000-7f8dc416e000 r-xp 00005000 103:02 3191070                   /usr/lib/jvm/java-17-openjdk-amd64/lib/libjsvml.so
7f8dc416e000-7f8dc41f7000 r--p 00046000 103:02 3191070                   /usr/lib/jvm/java-17-openjdk-amd64/lib/libjsvml.so
7f8dc41f7000-7f8dc41f8000 r--p 000ce000 103:02 3191070                   /usr/lib/jvm/java-17-openjdk-amd64/lib/libjsvml.so
7f8dc41f8000-7f8dc41f9000 rw-p 000cf000 103:02 3191070                   /usr/lib/jvm/java-17-openjdk-amd64/lib/libjsvml.so
7f8dc41f9000-7f8dc5209000 rw-p 00000000 00:00 0 
7f8dc5209000-7f8dc5479000 rwxp 00000000 00:00 0 
7f8dc5479000-7f8dcc668000 ---p 00000000 00:00 0 
7f8dcc668000-7f8dcc928000 rwxp 00000000 00:00 0 
7f8dcc928000-7f8dccda9000 ---p 00000000 00:00 0 
7f8dccda9000-7f8dcd019000 rwxp 00000000 00:00 0 
7f8dcd019000-7f8dd4209000 ---p 00000000 00:00 0 
7f8dd4209000-7f8ddc000000 r--s 00000000 103:02 3192854                   /usr/lib/jvm/java-17-openjdk-amd64/lib/modules
7f8ddc000000-7f8ddc34e000 rw-p 00000000 00:00 0 
7f8ddc34e000-7f8de0000000 ---p 00000000 00:00 0 
7f8de0002000-7f8de0009000 r--s 00000000 103:02 3194164                   /usr/lib/x86_64-linux-gnu/gconv/gconv-modules.cache
7f8de0009000-7f8de000d000 r--p 00000000 103:02 3191076                   /usr/lib/jvm/java-17-openjdk-amd64/lib/libnet.so
7f8de000d000-7f8de001b000 r-xp 00004000 103:02 3191076                   /usr/lib/jvm/java-17-openjdk-amd64/lib/libnet.so
7f8de001b000-7f8de001f000 r--p 00012000 103:02 3191076                   /usr/lib/jvm/java-17-openjdk-amd64/lib/libnet.so
7f8de001f000-7f8de0020000 r--p 00015000 103:02 3191076                   /usr/lib/jvm/java-17-openjdk-amd64/lib/libnet.so
7f8de0020000-7f8de0021000 rw-p 00016000 103:02 3191076                   /usr/lib/jvm/java-17-openjdk-amd64/lib/libnet.so
7f8de0021000-7f8de0027000 r--p 00000000 103:02 3191077                   /usr/lib/jvm/java-17-openjdk-amd64/lib/libnio.so
7f8de0027000-7f8de002f000 r-xp 00006000 103:02 3191077                   /usr/lib/jvm/java-17-openjdk-amd64/lib/libnio.so
7f8de002f000-7f8de0033000 r--p 0000e000 103:02 3191077                   /usr/lib/jvm/java-17-openjdk-amd64/lib/libnio.so
7f8de0033000-7f8de0034000 ---p 00012000 103:02 3191077                   /usr/lib/jvm/java-17-openjdk-amd64/lib/libnio.so
7f8de0034000-7f8de0035000 r--p 00012000 103:02 3191077                   /usr/lib/jvm/java-17-openjdk-amd64/lib/libnio.so
7f8de0035000-7f8de0036000 rw-p 00013000 103:02 3191077                   /usr/lib/jvm/java-17-openjdk-amd64/lib/libnio.so
7f8de0036000-7f8de1da3000 rw-p 00000000 00:00 0 
7f8de1da3000-7f8de1ed7000 ---p 00000000 00:00 0 
7f8de1ed7000-7f8de1ed8000 ---p 00000000 00:00 0 
7f8de1ed8000-7f8de1ffb000 rw-p 00000000 00:00 0 
7f8de1ffb000-7f8de212e000 ---p 00000000 00:00 0 
7f8de212e000-7f8de213f000 rw-p 00000000 00:00 0 
7f8de213f000-7f8de21d9000 ---p 00000000 00:00 0 
7f8de21d9000-7f8de21df000 rw-p 00000000 00:00 0 
7f8de21df000-7f8de22c3000 ---p 00000000 00:00 0 
7f8de22c3000-7f8de22c8000 rw-p 00000000 00:00 0 
7f8de22c8000-7f8de23ac000 ---p 00000000 00:00 0 
7f8de23ac000-7f8de2c80000 r--s 00000000 103:02 789470                    /var/lib/sss/mc/passwd
7f8de2c80000-7f8de2c82000 r--p 00000000 103:02 3175991                   /usr/lib/x86_64-linux-gnu/libnss_sss.so.2
7f8de2c82000-7f8de2c89000 r-xp 00002000 103:02 3175991                   /usr/lib/x86_64-linux-gnu/libnss_sss.so.2
7f8de2c89000-7f8de2c8b000 r--p 00009000 103:02 3175991                   /usr/lib/x86_64-linux-gnu/libnss_sss.so.2
7f8de2c8b000-7f8de2c8c000 r--p 0000a000 103:02 3175991                   /usr/lib/x86_64-linux-gnu/libnss_sss.so.2
7f8de2c8c000-7f8de2c8d000 rw-p 0000b000 103:02 3175991                   /usr/lib/x86_64-linux-gnu/libnss_sss.so.2
7f8de2c8d000-7f8de2c8f000 r--p 00000000 103:02 3177338                   /usr/lib/x86_64-linux-gnu/libnss_compat-2.31.so
7f8de2c8f000-7f8de2c95000 r-xp 00002000 103:02 3177338                   /usr/lib/x86_64-linux-gnu/libnss_compat-2.31.so
7f8de2c95000-7f8de2c96000 r--p 00008000 103:02 3177338                   /usr/lib/x86_64-linux-gnu/libnss_compat-2.31.so
7f8de2c96000-7f8de2c97000 ---p 00009000 103:02 3177338                   /usr/lib/x86_64-linux-gnu/libnss_compat-2.31.so
7f8de2c97000-7f8de2c98000 r--p 00009000 103:02 3177338                   /usr/lib/x86_64-linux-gnu/libnss_compat-2.31.so
7f8de2c98000-7f8de2c99000 rw-p 0000a000 103:02 3177338                   /usr/lib/x86_64-linux-gnu/libnss_compat-2.31.so
7f8de2c9d000-7f8de2ca3000 rw-p 00000000 00:00 0 
7f8de2ca3000-7f8de2cac000 ---p 00000000 00:00 0 
7f8de2cac000-7f8de2cae000 r--s 0000c000 103:02 3682863                   /usr/share/java/java-atk-wrapper.jar
7f8de2cae000-7f8de2cb0000 r--p 00000000 103:02 3192853                   /usr/lib/jvm/java-17-openjdk-amd64/lib/libzip.so
7f8de2cb0000-7f8de2cb4000 r-xp 00002000 103:02 3192853                   /usr/lib/jvm/java-17-openjdk-amd64/lib/libzip.so
7f8de2cb4000-7f8de2cb6000 r--p 00006000 103:02 3192853                   /usr/lib/jvm/java-17-openjdk-amd64/lib/libzip.so
7f8de2cb6000-7f8de2cb7000 r--p 00007000 103:02 3192853                   /usr/lib/jvm/java-17-openjdk-amd64/lib/libzip.so
7f8de2cb7000-7f8de2cb8000 rw-p 00008000 103:02 3192853                   /usr/lib/jvm/java-17-openjdk-amd64/lib/libzip.so
7f8de2cb8000-7f8de2cc4000 r--p 00000000 103:02 3191062                   /usr/lib/jvm/java-17-openjdk-amd64/lib/libjava.so
7f8de2cc4000-7f8de2cd6000 r-xp 0000c000 103:02 3191062                   /usr/lib/jvm/java-17-openjdk-amd64/lib/libjava.so
7f8de2cd6000-7f8de2cdc000 r--p 0001e000 103:02 3191062                   /usr/lib/jvm/java-17-openjdk-amd64/lib/libjava.so
7f8de2cdc000-7f8de2cdd000 ---p 00024000 103:02 3191062                   /usr/lib/jvm/java-17-openjdk-amd64/lib/libjava.so
7f8de2cdd000-7f8de2cde000 r--p 00024000 103:02 3191062                   /usr/lib/jvm/java-17-openjdk-amd64/lib/libjava.so
7f8de2cde000-7f8de2cdf000 rw-p 00025000 103:02 3191062                   /usr/lib/jvm/java-17-openjdk-amd64/lib/libjava.so
7f8de2cdf000-7f8de2ce0000 rw-p 00000000 00:00 0 
7f8de2ce0000-7f8de2ce4000 ---p 00000000 00:00 0 
7f8de2ce4000-7f8de2de1000 rw-p 00000000 00:00 0 
7f8de2de1000-7f8de2de4000 r--p 00000000 103:02 3147348                   /usr/lib/x86_64-linux-gnu/libgcc_s.so.1
7f8de2de4000-7f8de2df5000 r-xp 00003000 103:02 3147348                   /usr/lib/x86_64-linux-gnu/libgcc_s.so.1
7f8de2df5000-7f8de2df9000 r--p 00014000 103:02 3147348                   /usr/lib/x86_64-linux-gnu/libgcc_s.so.1
7f8de2df9000-7f8de2dfa000 r--p 00017000 103:02 3147348                   /usr/lib/x86_64-linux-gnu/libgcc_s.so.1
7f8de2dfa000-7f8de2dfb000 rw-p 00018000 103:02 3147348                   /usr/lib/x86_64-linux-gnu/libgcc_s.so.1
7f8de2dfb000-7f8de2e08000 r--p 00000000 103:02 3168944                   /usr/lib/x86_64-linux-gnu/libm-2.31.so
7f8de2e08000-7f8de2ea2000 r-xp 0000d000 103:02 3168944                   /usr/lib/x86_64-linux-gnu/libm-2.31.so
7f8de2ea2000-7f8de2f3d000 r--p 000a7000 103:02 3168944                   /usr/lib/x86_64-linux-gnu/libm-2.31.so
7f8de2f3d000-7f8de2f3e000 r--p 00141000 103:02 3168944                   /usr/lib/x86_64-linux-gnu/libm-2.31.so
7f8de2f3e000-7f8de2f3f000 rw-p 00142000 103:02 3168944                   /usr/lib/x86_64-linux-gnu/libm-2.31.so
7f8de2f3f000-7f8de2fd5000 r--p 00000000 103:02 3148088                   /usr/lib/x86_64-linux-gnu/libstdc++.so.6.0.28
7f8de2fd5000-7f8de30b1000 r-xp 00096000 103:02 3148088                   /usr/lib/x86_64-linux-gnu/libstdc++.so.6.0.28
7f8de30b1000-7f8de30fb000 r--p 00172000 103:02 3148088                   /usr/lib/x86_64-linux-gnu/libstdc++.so.6.0.28
7f8de30fb000-7f8de3106000 r--p 001bb000 103:02 3148088                   /usr/lib/x86_64-linux-gnu/libstdc++.so.6.0.28
7f8de3106000-7f8de3109000 rw-p 001c6000 103:02 3148088                   /usr/lib/x86_64-linux-gnu/libstdc++.so.6.0.28
7f8de3109000-7f8de310c000 rw-p 00000000 00:00 0 
7f8de310c000-7f8de335c000 r--p 00000000 103:02 3561119                   /usr/lib/jvm/java-17-openjdk-amd64/lib/server/libjvm.so
7f8de335c000-7f8de40a9000 r-xp 00250000 103:02 3561119                   /usr/lib/jvm/java-17-openjdk-amd64/lib/server/libjvm.so
7f8de40a9000-7f8de4332000 r--p 00f9d000 103:02 3561119                   /usr/lib/jvm/java-17-openjdk-amd64/lib/server/libjvm.so
7f8de4332000-7f8de4333000 ---p 01226000 103:02 3561119                   /usr/lib/jvm/java-17-openjdk-amd64/lib/server/libjvm.so
7f8de4333000-7f8de43eb000 r--p 01226000 103:02 3561119                   /usr/lib/jvm/java-17-openjdk-amd64/lib/server/libjvm.so
7f8de43eb000-7f8de4420000 rw-p 012de000 103:02 3561119                   /usr/lib/jvm/java-17-openjdk-amd64/lib/server/libjvm.so
7f8de4420000-7f8de447b000 rw-p 00000000 00:00 0 
7f8de447b000-7f8de4481000 r--p 00000000 103:02 3177343                   /usr/lib/x86_64-linux-gnu/libpthread-2.31.so
7f8de4481000-7f8de4491000 r-xp 00006000 103:02 3177343                   /usr/lib/x86_64-linux-gnu/libpthread-2.31.so
7f8de4491000-7f8de4497000 r--p 00016000 103:02 3177343                   /usr/lib/x86_64-linux-gnu/libpthread-2.31.so
7f8de4497000-7f8de4498000 r--p 0001b000 103:02 3177343                   /usr/lib/x86_64-linux-gnu/libpthread-2.31.so
7f8de4498000-7f8de4499000 rw-p 0001c000 103:02 3177343                   /usr/lib/x86_64-linux-gnu/libpthread-2.31.so
7f8de4499000-7f8de449d000 rw-p 00000000 00:00 0 
7f8de449d000-7f8de449e000 r--p 00000000 103:02 3168943                   /usr/lib/x86_64-linux-gnu/libdl-2.31.so
7f8de449e000-7f8de44a0000 r-xp 00001000 103:02 3168943                   /usr/lib/x86_64-linux-gnu/libdl-2.31.so
7f8de44a0000-7f8de44a1000 r--p 00003000 103:02 3168943                   /usr/lib/x86_64-linux-gnu/libdl-2.31.so
7f8de44a1000-7f8de44a2000 r--p 00003000 103:02 3168943                   /usr/lib/x86_64-linux-gnu/libdl-2.31.so
7f8de44a2000-7f8de44a3000 rw-p 00004000 103:02 3168943                   /usr/lib/x86_64-linux-gnu/libdl-2.31.so
7f8de44a3000-7f8de44a6000 r--p 00000000 103:02 3147157                   /usr/lib/x86_64-linux-gnu/libz.so.1.2.11
7f8de44a6000-7f8de44b7000 r-xp 00003000 103:02 3147157                   /usr/lib/x86_64-linux-gnu/libz.so.1.2.11
7f8de44b7000-7f8de44bd000 r--p 00014000 103:02 3147157                   /usr/lib/x86_64-linux-gnu/libz.so.1.2.11
7f8de44bd000-7f8de44be000 ---p 0001a000 103:02 3147157                   /usr/lib/x86_64-linux-gnu/libz.so.1.2.11
7f8de44be000-7f8de44bf000 r--p 0001a000 103:02 3147157                   /usr/lib/x86_64-linux-gnu/libz.so.1.2.11
7f8de44bf000-7f8de44c0000 rw-p 0001b000 103:02 3147157                   /usr/lib/x86_64-linux-gnu/libz.so.1.2.11
7f8de44c0000-7f8de44e2000 r--p 00000000 103:02 3168942                   /usr/lib/x86_64-linux-gnu/libc-2.31.so
7f8de44e2000-7f8de463b000 r-xp 00022000 103:02 3168942                   /usr/lib/x86_64-linux-gnu/libc-2.31.so
7f8de463b000-7f8de468a000 r--p 0017b000 103:02 3168942                   /usr/lib/x86_64-linux-gnu/libc-2.31.so
7f8de468a000-7f8de468e000 r--p 001c9000 103:02 3168942                   /usr/lib/x86_64-linux-gnu/libc-2.31.so
7f8de468e000-7f8de4690000 rw-p 001cd000 103:02 3168942                   /usr/lib/x86_64-linux-gnu/libc-2.31.so
7f8de4690000-7f8de4694000 rw-p 00000000 00:00 0 
7f8de4694000-7f8de469c000 rw-s 00000000 103:02 1837533                   /tmp/hsperfdata_quentin.moutte.etu/88402
7f8de469c000-7f8de469d000 r--p 00000000 103:02 3191052                   /usr/lib/jvm/java-17-openjdk-amd64/lib/libinstrument.so
7f8de469d000-7f8de46a3000 r-xp 00001000 103:02 3191052                   /usr/lib/jvm/java-17-openjdk-amd64/lib/libinstrument.so
7f8de46a3000-7f8de46a6000 r--p 00007000 103:02 3191052                   /usr/lib/jvm/java-17-openjdk-amd64/lib/libinstrument.so
7f8de46a6000-7f8de46a7000 r--p 00009000 103:02 3191052                   /usr/lib/jvm/java-17-openjdk-amd64/lib/libinstrument.so
7f8de46a7000-7f8de46a8000 rw-p 0000a000 103:02 3191052                   /usr/lib/jvm/java-17-openjdk-amd64/lib/libinstrument.so
7f8de46a8000-7f8de46a9000 ---p 00000000 00:00 0 
7f8de46a9000-7f8de46aa000 r--p 00000000 00:00 0 
7f8de46aa000-7f8de46ac000 r--p 00000000 103:02 3191066                   /usr/lib/jvm/java-17-openjdk-amd64/lib/libjimage.so
7f8de46ac000-7f8de46af000 r-xp 00002000 103:02 3191066                   /usr/lib/jvm/java-17-openjdk-amd64/lib/libjimage.so
7f8de46af000-7f8de46b0000 r--p 00005000 103:02 3191066                   /usr/lib/jvm/java-17-openjdk-amd64/lib/libjimage.so
7f8de46b0000-7f8de46b1000 ---p 00006000 103:02 3191066                   /usr/lib/jvm/java-17-openjdk-amd64/lib/libjimage.so
7f8de46b1000-7f8de46b2000 r--p 00006000 103:02 3191066                   /usr/lib/jvm/java-17-openjdk-amd64/lib/libjimage.so
7f8de46b2000-7f8de46b3000 rw-p 00007000 103:02 3191066                   /usr/lib/jvm/java-17-openjdk-amd64/lib/libjimage.so
7f8de46b3000-7f8de46b5000 r--p 00000000 103:02 3191067                   /usr/lib/jvm/java-17-openjdk-amd64/lib/libjli.so
7f8de46b5000-7f8de46bf000 r-xp 00002000 103:02 3191067                   /usr/lib/jvm/java-17-openjdk-amd64/lib/libjli.so
7f8de46bf000-7f8de46c2000 r--p 0000c000 103:02 3191067                   /usr/lib/jvm/java-17-openjdk-amd64/lib/libjli.so
7f8de46c2000-7f8de46c3000 ---p 0000f000 103:02 3191067                   /usr/lib/jvm/java-17-openjdk-amd64/lib/libjli.so
7f8de46c3000-7f8de46c4000 r--p 0000f000 103:02 3191067                   /usr/lib/jvm/java-17-openjdk-amd64/lib/libjli.so
7f8de46c4000-7f8de46c5000 rw-p 00010000 103:02 3191067                   /usr/lib/jvm/java-17-openjdk-amd64/lib/libjli.so
7f8de46c5000-7f8de46c7000 rw-p 00000000 00:00 0 
7f8de46c7000-7f8de46c8000 r--p 00000000 103:02 3168849                   /usr/lib/x86_64-linux-gnu/ld-2.31.so
7f8de46c8000-7f8de46e8000 r-xp 00001000 103:02 3168849                   /usr/lib/x86_64-linux-gnu/ld-2.31.so
7f8de46e8000-7f8de46f0000 r--p 00021000 103:02 3168849                   /usr/lib/x86_64-linux-gnu/ld-2.31.so
7f8de46f0000-7f8de46f1000 ---p 00000000 00:00 0 
7f8de46f1000-7f8de46f2000 r--p 00029000 103:02 3168849                   /usr/lib/x86_64-linux-gnu/ld-2.31.so
7f8de46f2000-7f8de46f3000 rw-p 0002a000 103:02 3168849                   /usr/lib/x86_64-linux-gnu/ld-2.31.so
7f8de46f3000-7f8de46f4000 rw-p 00000000 00:00 0 
7ffd6bca1000-7ffd6bcc2000 rw-p 00000000 00:00 0                          [stack]
7ffd6bd64000-7ffd6bd68000 r--p 00000000 00:00 0                          [vvar]
7ffd6bd68000-7ffd6bd6a000 r-xp 00000000 00:00 0                          [vdso]


VM Arguments:
jvm_args: --add-modules=ALL-SYSTEM --add-opens=java.base/java.util=ALL-UNNAMED --add-opens=java.base/java.lang=ALL-UNNAMED --add-opens=java.base/sun.nio.fs=ALL-UNNAMED -Declipse.application=org.eclipse.jdt.ls.core.id1 -Dosgi.bundles.defaultStartLevel=4 -Declipse.product=org.eclipse.jdt.ls.core.product -Djava.import.generatesMetadataFilesAtProjectRoot=false -Dfile.encoding=utf8 -XX:+UseParallelGC -XX:GCTimeRatio=4 -XX:AdaptiveSizePolicyWeight=90 -Dsun.zip.disableMemoryMapping=true -Xmx1G -Xms100m -Xlog:disable -javaagent:/home/infoetu/quentin.moutte.etu/.vscode-oss/extensions/redhat.java-1.18.0-universal/lombok/lombok-1.18.27.jar -XX:+HeapDumpOnOutOfMemoryError -XX:HeapDumpPath=/home/infoetu/quentin.moutte.etu/.config/VSCodium/User/workspaceStorage/bba4e4735a77dc069042abacbee27294/redhat.java -Daether.dependencyCollector.impl=bf 
java_command: /home/infoetu/quentin.moutte.etu/.vscode-oss/extensions/redhat.java-1.18.0-universal/server/plugins/org.eclipse.equinox.launcher_1.6.400.v20210924-0641.jar -configuration /home/infoetu/quentin.moutte.etu/.config/VSCodium/User/globalStorage/redhat.java/1.18.0/config_linux -data /home/infoetu/quentin.moutte.etu/.config/VSCodium/User/workspaceStorage/bba4e4735a77dc069042abacbee27294/redhat.java/jdt_ws
java_class_path (initial): /home/infoetu/quentin.moutte.etu/.vscode-oss/extensions/redhat.java-1.18.0-universal/server/plugins/org.eclipse.equinox.launcher_1.6.400.v20210924-0641.jar
Launcher Type: SUN_STANDARD

[Global flags]
    uintx AdaptiveSizePolicyWeight                 = 90                                        {product} {command line}
     intx CICompilerCount                          = 12                                        {product} {ergonomic}
    uintx GCTimeRatio                              = 4                                         {product} {command line}
     bool HeapDumpOnOutOfMemoryError               = true                                   {manageable} {command line}
    ccstr HeapDumpPath                             = /home/infoetu/quentin.moutte.etu/.config/VSCodium/User/workspaceStorage/bba4e4735a77dc069042abacbee27294/redhat.java         {manageable} {command line}
   size_t InitialHeapSize                          = 104857600                                 {product} {command line}
   size_t MaxHeapSize                              = 1073741824                                {product} {command line}
   size_t MaxNewSize                               = 357564416                                 {product} {ergonomic}
   size_t MinHeapDeltaBytes                        = 524288                                    {product} {ergonomic}
   size_t MinHeapSize                              = 104857600                                 {product} {command line}
   size_t NewSize                                  = 34603008                                  {product} {ergonomic}
    uintx NonNMethodCodeHeapSize                   = 7602480                                {pd product} {ergonomic}
    uintx NonProfiledCodeHeapSize                  = 122027880                              {pd product} {ergonomic}
   size_t OldSize                                  = 70254592                                  {product} {ergonomic}
    uintx ProfiledCodeHeapSize                     = 122027880                              {pd product} {ergonomic}
    uintx ReservedCodeCacheSize                    = 251658240                              {pd product} {ergonomic}
     bool SegmentedCodeCache                       = true                                      {product} {ergonomic}
   size_t SoftMaxHeapSize                          = 1073741824                             {manageable} {ergonomic}
     bool UseCompressedClassPointers               = true                           {product lp64_product} {ergonomic}
     bool UseCompressedOops                        = true                           {product lp64_product} {ergonomic}
     bool UseParallelGC                            = true                                      {product} {command line}

Logging:
Log output configuration:
 #0: stdout all=off uptime,level,tags
 #1: stderr all=off uptime,level,tags

Environment Variables:
PATH=/usr/local/bin:/usr/bin:/bin:/usr/local/games:/usr/games
SHELL=/bin/bash
DISPLAY=:0
LANG=fr_FR.UTF-8

Signal Handlers:
   SIGSEGV: 0x00007f8de4029290 in libjvm.so+15848080, mask=11100100010111111101111111111110, flags=SA_RESTART|SA_SIGINFO
    SIGBUS: 0x00007f8de4029290 in libjvm.so+15848080, mask=11100100010111111101111111111110, flags=SA_RESTART|SA_SIGINFO
    SIGFPE: 0x00007f8de4029290 in libjvm.so+15848080, mask=11100100010111111101111111111110, flags=SA_RESTART|SA_SIGINFO
   SIGPIPE: 0x00007f8de3ed0ca0 in libjvm.so+14437536, mask=11100100010111111101111111111110, flags=SA_RESTART|SA_SIGINFO
   SIGXFSZ: 0x00007f8de3ed0ca0 in libjvm.so+14437536, mask=11100100010111111101111111111110, flags=SA_RESTART|SA_SIGINFO
    SIGILL: 0x00007f8de4029290 in libjvm.so+15848080, mask=11100100010111111101111111111110, flags=SA_RESTART|SA_SIGINFO
   SIGUSR2: 0x00007f8de3ed0340 in libjvm.so+14435136, mask=00000000000000000000000000000000, flags=SA_RESTART|SA_SIGINFO
    SIGHUP: 0x00007f8de3ed0270 in libjvm.so+14434928, mask=11100100010111111101111111111110, flags=SA_RESTART|SA_SIGINFO
    SIGINT: 0x00007f8de3ed0270 in libjvm.so+14434928, mask=11100100010111111101111111111110, flags=SA_RESTART|SA_SIGINFO
   SIGTERM: 0x00007f8de3ed0270 in libjvm.so+14434928, mask=11100100010111111101111111111110, flags=SA_RESTART|SA_SIGINFO
   SIGQUIT: 0x00007f8de3ed0270 in libjvm.so+14434928, mask=11100100010111111101111111111110, flags=SA_RESTART|SA_SIGINFO
   SIGTRAP: 0x00007f8de4029290 in libjvm.so+15848080, mask=11100100010111111101111111111110, flags=SA_RESTART|SA_SIGINFO


---------------  S Y S T E M  ---------------

OS:
PRETTY_NAME="Debian GNU/Linux 11 (bullseye)"
NAME="Debian GNU/Linux"
VERSION_ID="11"
VERSION="11 (bullseye)"
VERSION_CODENAME=bullseye
ID=debian
HOME_URL="https://www.debian.org/"
SUPPORT_URL="https://www.debian.org/support"
BUG_REPORT_URL="https://bugs.debian.org/"
uname: Linux 5.10.0-17-amd64 #1 SMP Debian 5.10.136-1 (2022-08-13) x86_64
OS uptime: 6 days 5:22 hours
libc: glibc 2.31 NPTL 2.31 
rlimit (soft/hard): STACK 8192k/infinity , CORE 0k/infinity , NPROC 4096/4096 , NOFILE 1048576/1048576 , AS infinity/infinity , CPU infinity/infinity , DATA infinity/infinity , FSIZE infinity/infinity , MEMLOCK 4081737k/4081737k
load average: 1,99 1,22 0,91

/proc/meminfo:
MemTotal:       32653900 kB
MemFree:        26342744 kB
MemAvailable:   29982588 kB
Buffers:          566164 kB
Cached:          3697948 kB
SwapCached:            0 kB
Active:          1999712 kB
Inactive:        3361160 kB
Active(anon):       2976 kB
Inactive(anon):  1546352 kB
Active(file):    1996736 kB
Inactive(file):  1814808 kB
Unevictable:      384936 kB
Mlocked:              64 kB
SwapTotal:      15999996 kB
SwapFree:       15999996 kB
Dirty:               156 kB
Writeback:            12 kB
AnonPages:       1455664 kB
Mapped:           658244 kB
Shmem:            452552 kB
KReclaimable:     292020 kB
Slab:             419060 kB
SReclaimable:     292020 kB
SUnreclaim:       127040 kB
KernelStack:       15008 kB
PageTables:        23480 kB
NFS_Unstable:          0 kB
Bounce:                0 kB
WritebackTmp:          0 kB
CommitLimit:    32326944 kB
Committed_AS:    6364784 kB
VmallocTotal:   34359738367 kB
VmallocUsed:       42276 kB
VmallocChunk:          0 kB
Percpu:            23104 kB
HardwareCorrupted:     0 kB
AnonHugePages:    172032 kB
ShmemHugePages:        0 kB
ShmemPmdMapped:        0 kB
FileHugePages:         0 kB
FilePmdMapped:         0 kB
HugePages_Total:       0
HugePages_Free:        0
HugePages_Rsvd:        0
HugePages_Surp:        0
Hugepagesize:       2048 kB
Hugetlb:               0 kB
DirectMap4k:      363112 kB
DirectMap2M:    15136768 kB
DirectMap1G:    17825792 kB

/sys/kernel/mm/transparent_hugepage/enabled: [always] madvise never
/sys/kernel/mm/transparent_hugepage/defrag (defrag/compaction efforts parameter): always defer defer+madvise [madvise] never

Process Memory:
Virtual Size: 3881228K (peak: 3881228K)
Resident Set Size: 51268K (peak: 51268K) (anon: 23636K, file: 27632K, shmem: 0K)
Swapped out: 0K
C-Heap outstanding allocations: 50359K, retained: 2284K
glibc malloc tunables: (default)

/proc/sys/kernel/threads-max (system-wide limit on the number of threads): 254542
/proc/sys/vm/max_map_count (maximum number of memory map areas a process may have): 65530
/proc/sys/kernel/pid_max (system-wide limit on number of process identifiers): 4194304

container (cgroup) information:
container_type: cgroupv2
cpu_cpuset_cpus: not supported
cpu_memory_nodes: not supported
active_processor_count: 16
cpu_quota: not supported
cpu_period: not supported
cpu_shares: not supported
memory_limit_in_bytes: unlimited
memory_and_swap_limit_in_bytes: unlimited
memory_soft_limit_in_bytes: unlimited
memory_usage_in_bytes: 2190156 k
memory_max_usage_in_bytes: not supported
memory_swap_current_in_bytes: unlimited
memory_swap_max_limit_in_bytes: unlimited
maximum number of tasks: unlimited
current number of tasks: 482

Steal ticks since vm start: 0
Steal ticks percentage since vm start:  0,000

CPU: total 16 (initial active 16) (8 cores per cpu, 2 threads per core) family 6 model 165 stepping 5 microcode 0xf0, cx8, cmov, fxsr, ht, mmx, 3dnowpref, sse, sse2, sse3, ssse3, sse4.1, sse4.2, popcnt, lzcnt, tsc, tscinvbit, avx, avx2, aes, erms, clmul, bmi1, bmi2, adx, fma, vzeroupper, clflush, clflushopt
CPU Model and flags from /proc/cpuinfo:
model name	: Intel(R) Core(TM) i7-10700 CPU @ 2.90GHz
flags		: fpu vme de pse tsc msr pae mce cx8 apic sep mtrr pge mca cmov pat pse36 clflush dts acpi mmx fxsr sse sse2 ss ht tm pbe syscall nx pdpe1gb rdtscp lm constant_tsc art arch_perfmon pebs bts rep_good nopl xtopology nonstop_tsc cpuid aperfmperf pni pclmulqdq dtes64 monitor ds_cpl vmx smx est tm2 ssse3 sdbg fma cx16 xtpr pdcm pcid sse4_1 sse4_2 x2apic movbe popcnt tsc_deadline_timer aes xsave avx f16c rdrand lahf_lm abm 3dnowprefetch cpuid_fault epb invpcid_single ssbd ibrs ibpb stibp ibrs_enhanced tpr_shadow vnmi flexpriority ept vpid ept_ad fsgsbase tsc_adjust bmi1 avx2 smep bmi2 erms invpcid mpx rdseed adx smap clflushopt intel_pt xsaveopt xsavec xgetbv1 xsaves dtherm ida arat pln pts hwp hwp_notify hwp_act_window hwp_epp pku ospke md_clear flush_l1d arch_capabilities

Online cpus: 0-15
Offline cpus: 
BIOS frequency limitation: <Not Available>
Frequency switch latency (ns): 0
Available cpu frequencies: <Not Available>
Current governor: powersave
Core performance/turbo boost: <Not Available>

Memory: 4k page, physical 32653900k(26342736k free), swap 15999996k(15999996k free)
Page Sizes: 4k

vm_info: OpenJDK 64-Bit Server VM (17.0.6+10-Debian-1deb11u1) for linux-amd64 JRE (17.0.6+10-Debian-1deb11u1), built on Jan 28 2023 20:09:51 by "buildd" with gcc 10.2.1 20210110

END.
