#
# A fatal error has been detected by the Java Runtime Environment:
#
#  SIGSEGV (0xb) at pc=0x00007fb9dc02da75, pid=88044, tid=88076
#
# JRE version: OpenJDK Runtime Environment (17.0.6+10) (build 17.0.6+10-Debian-1deb11u1)
# Java VM: OpenJDK 64-Bit Server VM (17.0.6+10-Debian-1deb11u1, mixed mode, sharing, tiered, compressed oops, compressed class ptrs, parallel gc, linux-amd64)
# Problematic frame:
# V  [libjvm.so+0x5a3a75]
#
# No core dump will be written. Core dumps have been disabled. To enable core dumping, try "ulimit -c unlimited" before starting Java again
#
# If you would like to submit a bug report, please visit:
#   https://bugs.debian.org/openjdk-17
#

---------------  S U M M A R Y ------------

Command Line: --add-modules=ALL-SYSTEM --add-opens=java.base/java.util=ALL-UNNAMED --add-opens=java.base/java.lang=ALL-UNNAMED --add-opens=java.base/sun.nio.fs=ALL-UNNAMED -Declipse.application=org.eclipse.jdt.ls.core.id1 -Dosgi.bundles.defaultStartLevel=4 -Declipse.product=org.eclipse.jdt.ls.core.product -Djava.import.generatesMetadataFilesAtProjectRoot=false -Dfile.encoding=utf8 -XX:+UseParallelGC -XX:GCTimeRatio=4 -XX:AdaptiveSizePolicyWeight=90 -Dsun.zip.disableMemoryMapping=true -Xmx1G -Xms100m -Xlog:disable -javaagent:/home/infoetu/quentin.moutte.etu/.vscode-oss/extensions/redhat.java-1.18.0-universal/lombok/lombok-1.18.27.jar -XX:+HeapDumpOnOutOfMemoryError -XX:HeapDumpPath=/home/infoetu/quentin.moutte.etu/.config/VSCodium/User/workspaceStorage/bba4e4735a77dc069042abacbee27294/redhat.java -Daether.dependencyCollector.impl=bf /home/infoetu/quentin.moutte.etu/.vscode-oss/extensions/redhat.java-1.18.0-universal/server/plugins/org.eclipse.equinox.launcher_1.6.400.v20210924-0641.jar -configuration /home/infoetu/quentin.moutte.etu/.config/VSCodium/User/globalStorage/redhat.java/1.18.0/config_linux -data /home/infoetu/quentin.moutte.etu/.config/VSCodium/User/workspaceStorage/bba4e4735a77dc069042abacbee27294/redhat.java/jdt_ws

Host: Intel(R) Core(TM) i7-10700 CPU @ 2.90GHz, 16 cores, 31G, Debian GNU/Linux 11 (bullseye)
Time: Wed May 31 16:03:01 2023 CEST elapsed time: 0.820055 seconds (0d 0h 0m 0s)

---------------  T H R E A D  ---------------

Current thread (0x00007fb9d4550db0):  JavaThread "Start Level: Equinox Container: 40c15bc1-b22f-4707-8f55-e7258db27f42" daemon [_thread_in_vm, id=88076, stack(0x00007fb9b45fc000,0x00007fb9b46fd000)]

Stack: [0x00007fb9b45fc000,0x00007fb9b46fd000],  sp=0x00007fb9b46f4ad0,  free space=994k
Native frames: (J=compiled Java code, j=interpreted, Vv=VM code, C=native code)
V  [libjvm.so+0x5a3a75]
V  [libjvm.so+0x61425f]
V  [libjvm.so+0xe53f9f]
V  [libjvm.so+0xe5414c]
V  [libjvm.so+0xe5616b]
V  [libjvm.so+0xe545e8]
V  [libjvm.so+0xe5518b]
V  [libjvm.so+0xe567d6]
V  [libjvm.so+0x5f80fe]
V  [libjvm.so+0x815c3d]
j  sun.util.calendar.ZoneInfoFile.getZoneInfo(Ljava/lang/String;[J[I[J[I[Lsun/util/calendar/ZoneInfoFile$ZoneOffsetTransitionRule;)Lsun/util/calendar/ZoneInfo;+1614 java.base@17.0.6
j  sun.util.calendar.ZoneInfoFile.getZoneInfo(Ljava/io/DataInput;Ljava/lang/String;)Lsun/util/calendar/ZoneInfo;+204 java.base@17.0.6
j  sun.util.calendar.ZoneInfoFile.getZoneInfo0(Ljava/lang/String;)Lsun/util/calendar/ZoneInfo;+92 java.base@17.0.6
j  sun.util.calendar.ZoneInfoFile.getZoneInfo(Ljava/lang/String;)Lsun/util/calendar/ZoneInfo;+7 java.base@17.0.6
j  sun.util.calendar.ZoneInfo.getTimeZone(Ljava/lang/String;)Ljava/util/TimeZone;+1 java.base@17.0.6
j  java.util.TimeZone.getTimeZone(Ljava/lang/String;Z)Ljava/util/TimeZone;+1 java.base@17.0.6
j  java.util.TimeZone.setDefaultZone()Ljava/util/TimeZone;+48 java.base@17.0.6
j  java.util.TimeZone.getDefaultRef()Ljava/util/TimeZone;+8 java.base@17.0.6
j  java.util.TimeZone.getDefault()Ljava/util/TimeZone;+0 java.base@17.0.6
j  java.util.Calendar.defaultTimeZone(Ljava/util/Locale;)Ljava/util/TimeZone;+0 java.base@17.0.6
j  java.util.Calendar.getInstance(Ljava/util/Locale;)Ljava/util/Calendar;+1 java.base@17.0.6
j  java.text.SimpleDateFormat.initializeCalendar(Ljava/util/Locale;)V+27 java.base@17.0.6
j  java.text.SimpleDateFormat.<init>(Ljava/lang/String;Ljava/util/Locale;)V+43 java.base@17.0.6
j  java.text.SimpleDateFormat.<init>(Ljava/lang/String;)V+8 java.base@17.0.6
j  org.eclipse.osgi.internal.debug.EclipseDebugTrace.<clinit>()V+6
v  ~StubRoutines::call_stub
V  [libjvm.so+0x81ce95]
V  [libjvm.so+0x7fc33c]
V  [libjvm.so+0x7fc753]
V  [libjvm.so+0x815d41]
j  org.eclipse.osgi.internal.debug.FrameworkDebugOptions.newDebugTrace(Ljava/lang/String;Ljava/lang/Class;)Lorg/eclipse/osgi/service/debug/DebugTrace;+28
j  org.eclipse.osgi.internal.debug.FrameworkDebugOptions.newDebugTrace(Ljava/lang/String;)Lorg/eclipse/osgi/service/debug/DebugTrace;+3
j  org.eclipse.core.internal.utils.Policy$1.optionsChanged(Lorg/eclipse/osgi/service/debug/DebugOptions;)V+3
j  org.eclipse.osgi.internal.debug.FrameworkDebugOptions.addingService(Lorg/osgi/framework/ServiceReference;)Lorg/eclipse/osgi/service/debug/DebugOptionsListener;+16
j  org.eclipse.osgi.internal.debug.FrameworkDebugOptions.addingService(Lorg/osgi/framework/ServiceReference;)Ljava/lang/Object;+5
j  org.osgi.util.tracker.ServiceTracker$Tracked.customizerAdding(Lorg/osgi/framework/ServiceReference;Lorg/osgi/framework/ServiceEvent;)Ljava/lang/Object;+8
j  org.osgi.util.tracker.ServiceTracker$Tracked.customizerAdding(Ljava/lang/Object;Ljava/lang/Object;)Ljava/lang/Object;+9
j  org.osgi.util.tracker.AbstractTracked.trackAdding(Ljava/lang/Object;Ljava/lang/Object;)V+8
j  org.osgi.util.tracker.AbstractTracked.track(Ljava/lang/Object;Ljava/lang/Object;)V+83
j  org.osgi.util.tracker.ServiceTracker$Tracked.serviceChanged(Lorg/osgi/framework/ServiceEvent;)V+67
J 1613 c1 org.eclipse.osgi.internal.serviceregistry.FilteredServiceListener.serviceChanged(Lorg/osgi/framework/ServiceEvent;)V (284 bytes) @ 0x00007fb9bd5027d4 [0x00007fb9bd500500+0x00000000000022d4]
J 1597 c1 org.eclipse.osgi.internal.framework.BundleContextImpl.dispatchEvent(Ljava/lang/Object;Ljava/lang/Object;ILjava/lang/Object;)V (558 bytes) @ 0x00007fb9bd4f3dbc [0x00007fb9bd4f0ca0+0x000000000000311c]
J 1917 c1 org.eclipse.osgi.framework.eventmgr.EventManager.dispatchEvent(Ljava/util/Set;Lorg/eclipse/osgi/framework/eventmgr/EventDispatcher;ILjava/lang/Object;)V (69 bytes) @ 0x00007fb9bd5a052c [0x00007fb9bd5a0020+0x000000000000050c]
j  org.eclipse.osgi.framework.eventmgr.ListenerQueue.dispatchEventSynchronous(ILjava/lang/Object;)V+67
j  org.eclipse.osgi.internal.serviceregistry.ServiceRegistry.publishServiceEventPrivileged(Lorg/osgi/framework/ServiceEvent;)V+320
j  org.eclipse.osgi.internal.serviceregistry.ServiceRegistry.publishServiceEvent(Lorg/osgi/framework/ServiceEvent;)V+8
j  org.eclipse.osgi.internal.serviceregistry.ServiceRegistrationImpl.register(Ljava/util/Dictionary;)V+128
j  org.eclipse.osgi.internal.serviceregistry.ServiceRegistry.registerService(Lorg/eclipse/osgi/internal/framework/BundleContextImpl;[Ljava/lang/String;Ljava/lang/Object;Ljava/util/Dictionary;)Lorg/eclipse/osgi/internal/serviceregistry/ServiceRegistrationImpl;+298
j  org.eclipse.osgi.internal.framework.BundleContextImpl.registerService([Ljava/lang/String;Ljava/lang/Object;Ljava/util/Dictionary;)Lorg/osgi/framework/ServiceRegistration;+15
j  org.eclipse.osgi.internal.framework.BundleContextImpl.registerService(Ljava/lang/String;Ljava/lang/Object;Ljava/util/Dictionary;)Lorg/osgi/framework/ServiceRegistration;+15
j  org.eclipse.osgi.internal.framework.BundleContextImpl.registerService(Ljava/lang/Class;Ljava/lang/Object;Ljava/util/Dictionary;)Lorg/osgi/framework/ServiceRegistration;+7
j  org.eclipse.core.resources.ResourcesPlugin.start(Lorg/osgi/framework/BundleContext;)V+46
j  org.eclipse.osgi.internal.framework.BundleContextImpl$2.run()Ljava/lang/Void;+23
j  org.eclipse.osgi.internal.framework.BundleContextImpl$2.run()Ljava/lang/Object;+1
j  java.security.AccessController.executePrivileged(Ljava/security/PrivilegedExceptionAction;Ljava/security/AccessControlContext;Ljava/lang/Class;)Ljava/lang/Object;+29 java.base@17.0.6
j  java.security.AccessController.doPrivileged(Ljava/security/PrivilegedExceptionAction;)Ljava/lang/Object;+9 java.base@17.0.6
j  org.eclipse.osgi.internal.framework.BundleContextImpl.startActivator(Lorg/osgi/framework/BundleActivator;)V+9
j  org.eclipse.osgi.internal.framework.BundleContextImpl.start()V+134
j  org.eclipse.osgi.internal.framework.EquinoxBundle.startWorker0()V+35
j  org.eclipse.osgi.internal.framework.EquinoxBundle$EquinoxModule.startWorker()V+4
j  org.eclipse.osgi.container.Module.doStart([Lorg/eclipse/osgi/container/Module$StartOptions;)Lorg/eclipse/osgi/container/ModuleContainerAdaptor$ModuleEvent;+190
j  org.eclipse.osgi.container.Module.start([Lorg/eclipse/osgi/container/Module$StartOptions;)V+460
j  org.eclipse.osgi.framework.util.SecureAction.start(Lorg/eclipse/osgi/container/Module;[Lorg/eclipse/osgi/container/Module$StartOptions;)V+8
J 1794 c1 org.eclipse.osgi.internal.hooks.EclipseLazyStarter.postFindLocalClass(Ljava/lang/String;Ljava/lang/Class;Lorg/eclipse/osgi/internal/loader/classpath/ClasspathManager;)V (394 bytes) @ 0x00007fb9bd559804 [0x00007fb9bd558800+0x0000000000001004]
J 1790 c1 org.eclipse.osgi.internal.loader.classpath.ClasspathManager.findLocalClass(Ljava/lang/String;)Ljava/lang/Class; (210 bytes) @ 0x00007fb9bd551714 [0x00007fb9bd5506c0+0x0000000000001054]
J 1788 c1 org.eclipse.osgi.internal.loader.BundleLoader.findLocalClass(Ljava/lang/String;)Ljava/lang/Class; (152 bytes) @ 0x00007fb9bd553754 [0x00007fb9bd552f20+0x0000000000000834]
J 1722 c1 org.eclipse.osgi.internal.loader.BundleLoader.findClass0(Ljava/lang/String;ZZ)Ljava/lang/Class; (466 bytes) @ 0x00007fb9bd52d9c4 [0x00007fb9bd52b2a0+0x0000000000002724]
J 1721 c1 org.eclipse.osgi.internal.loader.BundleLoader.findClass(Ljava/lang/String;)Ljava/lang/Class; (8 bytes) @ 0x00007fb9bd528dc4 [0x00007fb9bd528d40+0x0000000000000084]
J 1723 c1 org.eclipse.osgi.internal.loader.ModuleClassLoader.loadClass(Ljava/lang/String;Z)Ljava/lang/Class; (36 bytes) @ 0x00007fb9bd5297c4 [0x00007fb9bd5295a0+0x0000000000000224]
J 804 c1 java.lang.ClassLoader.loadClass(Ljava/lang/String;)Ljava/lang/Class; java.base@17.0.6 (7 bytes) @ 0x00007fb9bd34fc44 [0x00007fb9bd34fb40+0x0000000000000104]
v  ~StubRoutines::call_stub
V  [libjvm.so+0x81ce95]
V  [libjvm.so+0x81e663]
V  [libjvm.so+0xe55ed2]
V  [libjvm.so+0xe545e8]
V  [libjvm.so+0xe5518b]
V  [libjvm.so+0xe567d6]
V  [libjvm.so+0xef3364]
V  [libjvm.so+0xef3ac8]
V  [libjvm.so+0xefe9db]
V  [libjvm.so+0xf02ab6]
V  [libjvm.so+0xf06bc0]
V  [libjvm.so+0xf06f8f]
V  [libjvm.so+0x7fb869]
V  [libjvm.so+0x8f520c]
V  [libjvm.so+0x8f56ed]  JVM_GetClassDeclaredConstructors+0x9d
j  java.lang.Class.getDeclaredConstructors0(Z)[Ljava/lang/reflect/Constructor;+0 java.base@17.0.6
j  java.lang.Class.privateGetDeclaredConstructors(Z)[Ljava/lang/reflect/Constructor;+52 java.base@17.0.6
j  java.lang.Class.getConstructor0([Ljava/lang/Class;I)Ljava/lang/reflect/Constructor;+14 java.base@17.0.6
j  java.lang.Class.getConstructor([Ljava/lang/Class;)Ljava/lang/reflect/Constructor;+24 java.base@17.0.6
j  org.eclipse.osgi.internal.framework.BundleContextImpl.loadBundleActivator()Lorg/osgi/framework/BundleActivator;+105
j  org.eclipse.osgi.internal.framework.BundleContextImpl.start()V+18
j  org.eclipse.osgi.internal.framework.EquinoxBundle.startWorker0()V+35
j  org.eclipse.osgi.internal.framework.EquinoxBundle$EquinoxModule.startWorker()V+4
j  org.eclipse.osgi.container.Module.doStart([Lorg/eclipse/osgi/container/Module$StartOptions;)Lorg/eclipse/osgi/container/ModuleContainerAdaptor$ModuleEvent;+190
j  org.eclipse.osgi.container.Module.start([Lorg/eclipse/osgi/container/Module$StartOptions;)V+460
j  org.eclipse.osgi.container.ModuleContainer$ContainerStartLevel$2.run()V+71
j  org.eclipse.osgi.internal.framework.EquinoxContainerAdaptor$1$1.execute(Ljava/lang/Runnable;)V+1
j  org.eclipse.osgi.container.ModuleContainer$ContainerStartLevel.incStartLevel(ILjava/util/List;Z)V+192
j  org.eclipse.osgi.container.ModuleContainer$ContainerStartLevel.incStartLevel(ILjava/util/List;Ljava/util/List;Ljava/util/List;Ljava/util/List;)V+19
...<more frames>...

Java frames: (J=compiled Java code, j=interpreted, Vv=VM code)
j  sun.util.calendar.ZoneInfoFile.getZoneInfo(Ljava/lang/String;[J[I[J[I[Lsun/util/calendar/ZoneInfoFile$ZoneOffsetTransitionRule;)Lsun/util/calendar/ZoneInfo;+1614 java.base@17.0.6
j  sun.util.calendar.ZoneInfoFile.getZoneInfo(Ljava/io/DataInput;Ljava/lang/String;)Lsun/util/calendar/ZoneInfo;+204 java.base@17.0.6
j  sun.util.calendar.ZoneInfoFile.getZoneInfo0(Ljava/lang/String;)Lsun/util/calendar/ZoneInfo;+92 java.base@17.0.6
j  sun.util.calendar.ZoneInfoFile.getZoneInfo(Ljava/lang/String;)Lsun/util/calendar/ZoneInfo;+7 java.base@17.0.6
j  sun.util.calendar.ZoneInfo.getTimeZone(Ljava/lang/String;)Ljava/util/TimeZone;+1 java.base@17.0.6
j  java.util.TimeZone.getTimeZone(Ljava/lang/String;Z)Ljava/util/TimeZone;+1 java.base@17.0.6
j  java.util.TimeZone.setDefaultZone()Ljava/util/TimeZone;+48 java.base@17.0.6
j  java.util.TimeZone.getDefaultRef()Ljava/util/TimeZone;+8 java.base@17.0.6
j  java.util.TimeZone.getDefault()Ljava/util/TimeZone;+0 java.base@17.0.6
j  java.util.Calendar.defaultTimeZone(Ljava/util/Locale;)Ljava/util/TimeZone;+0 java.base@17.0.6
j  java.util.Calendar.getInstance(Ljava/util/Locale;)Ljava/util/Calendar;+1 java.base@17.0.6
j  java.text.SimpleDateFormat.initializeCalendar(Ljava/util/Locale;)V+27 java.base@17.0.6
j  java.text.SimpleDateFormat.<init>(Ljava/lang/String;Ljava/util/Locale;)V+43 java.base@17.0.6
j  java.text.SimpleDateFormat.<init>(Ljava/lang/String;)V+8 java.base@17.0.6
j  org.eclipse.osgi.internal.debug.EclipseDebugTrace.<clinit>()V+6
v  ~StubRoutines::call_stub
j  org.eclipse.osgi.internal.debug.FrameworkDebugOptions.newDebugTrace(Ljava/lang/String;Ljava/lang/Class;)Lorg/eclipse/osgi/service/debug/DebugTrace;+28
j  org.eclipse.osgi.internal.debug.FrameworkDebugOptions.newDebugTrace(Ljava/lang/String;)Lorg/eclipse/osgi/service/debug/DebugTrace;+3
j  org.eclipse.core.internal.utils.Policy$1.optionsChanged(Lorg/eclipse/osgi/service/debug/DebugOptions;)V+3
j  org.eclipse.osgi.internal.debug.FrameworkDebugOptions.addingService(Lorg/osgi/framework/ServiceReference;)Lorg/eclipse/osgi/service/debug/DebugOptionsListener;+16
j  org.eclipse.osgi.internal.debug.FrameworkDebugOptions.addingService(Lorg/osgi/framework/ServiceReference;)Ljava/lang/Object;+5
j  org.osgi.util.tracker.ServiceTracker$Tracked.customizerAdding(Lorg/osgi/framework/ServiceReference;Lorg/osgi/framework/ServiceEvent;)Ljava/lang/Object;+8
j  org.osgi.util.tracker.ServiceTracker$Tracked.customizerAdding(Ljava/lang/Object;Ljava/lang/Object;)Ljava/lang/Object;+9
j  org.osgi.util.tracker.AbstractTracked.trackAdding(Ljava/lang/Object;Ljava/lang/Object;)V+8
j  org.osgi.util.tracker.AbstractTracked.track(Ljava/lang/Object;Ljava/lang/Object;)V+83
j  org.osgi.util.tracker.ServiceTracker$Tracked.serviceChanged(Lorg/osgi/framework/ServiceEvent;)V+67
J 1613 c1 org.eclipse.osgi.internal.serviceregistry.FilteredServiceListener.serviceChanged(Lorg/osgi/framework/ServiceEvent;)V (284 bytes) @ 0x00007fb9bd5027d4 [0x00007fb9bd500500+0x00000000000022d4]
J 1597 c1 org.eclipse.osgi.internal.framework.BundleContextImpl.dispatchEvent(Ljava/lang/Object;Ljava/lang/Object;ILjava/lang/Object;)V (558 bytes) @ 0x00007fb9bd4f3dbc [0x00007fb9bd4f0ca0+0x000000000000311c]
J 1917 c1 org.eclipse.osgi.framework.eventmgr.EventManager.dispatchEvent(Ljava/util/Set;Lorg/eclipse/osgi/framework/eventmgr/EventDispatcher;ILjava/lang/Object;)V (69 bytes) @ 0x00007fb9bd5a052c [0x00007fb9bd5a0020+0x000000000000050c]
j  org.eclipse.osgi.framework.eventmgr.ListenerQueue.dispatchEventSynchronous(ILjava/lang/Object;)V+67
j  org.eclipse.osgi.internal.serviceregistry.ServiceRegistry.publishServiceEventPrivileged(Lorg/osgi/framework/ServiceEvent;)V+320
j  org.eclipse.osgi.internal.serviceregistry.ServiceRegistry.publishServiceEvent(Lorg/osgi/framework/ServiceEvent;)V+8
j  org.eclipse.osgi.internal.serviceregistry.ServiceRegistrationImpl.register(Ljava/util/Dictionary;)V+128
j  org.eclipse.osgi.internal.serviceregistry.ServiceRegistry.registerService(Lorg/eclipse/osgi/internal/framework/BundleContextImpl;[Ljava/lang/String;Ljava/lang/Object;Ljava/util/Dictionary;)Lorg/eclipse/osgi/internal/serviceregistry/ServiceRegistrationImpl;+298
j  org.eclipse.osgi.internal.framework.BundleContextImpl.registerService([Ljava/lang/String;Ljava/lang/Object;Ljava/util/Dictionary;)Lorg/osgi/framework/ServiceRegistration;+15
j  org.eclipse.osgi.internal.framework.BundleContextImpl.registerService(Ljava/lang/String;Ljava/lang/Object;Ljava/util/Dictionary;)Lorg/osgi/framework/ServiceRegistration;+15
j  org.eclipse.osgi.internal.framework.BundleContextImpl.registerService(Ljava/lang/Class;Ljava/lang/Object;Ljava/util/Dictionary;)Lorg/osgi/framework/ServiceRegistration;+7
j  org.eclipse.core.resources.ResourcesPlugin.start(Lorg/osgi/framework/BundleContext;)V+46
j  org.eclipse.osgi.internal.framework.BundleContextImpl$2.run()Ljava/lang/Void;+23
j  org.eclipse.osgi.internal.framework.BundleContextImpl$2.run()Ljava/lang/Object;+1
j  java.security.AccessController.executePrivileged(Ljava/security/PrivilegedExceptionAction;Ljava/security/AccessControlContext;Ljava/lang/Class;)Ljava/lang/Object;+29 java.base@17.0.6
j  java.security.AccessController.doPrivileged(Ljava/security/PrivilegedExceptionAction;)Ljava/lang/Object;+9 java.base@17.0.6
j  org.eclipse.osgi.internal.framework.BundleContextImpl.startActivator(Lorg/osgi/framework/BundleActivator;)V+9
j  org.eclipse.osgi.internal.framework.BundleContextImpl.start()V+134
j  org.eclipse.osgi.internal.framework.EquinoxBundle.startWorker0()V+35
j  org.eclipse.osgi.internal.framework.EquinoxBundle$EquinoxModule.startWorker()V+4
j  org.eclipse.osgi.container.Module.doStart([Lorg/eclipse/osgi/container/Module$StartOptions;)Lorg/eclipse/osgi/container/ModuleContainerAdaptor$ModuleEvent;+190
j  org.eclipse.osgi.container.Module.start([Lorg/eclipse/osgi/container/Module$StartOptions;)V+460
j  org.eclipse.osgi.framework.util.SecureAction.start(Lorg/eclipse/osgi/container/Module;[Lorg/eclipse/osgi/container/Module$StartOptions;)V+8
J 1794 c1 org.eclipse.osgi.internal.hooks.EclipseLazyStarter.postFindLocalClass(Ljava/lang/String;Ljava/lang/Class;Lorg/eclipse/osgi/internal/loader/classpath/ClasspathManager;)V (394 bytes) @ 0x00007fb9bd559804 [0x00007fb9bd558800+0x0000000000001004]
J 1790 c1 org.eclipse.osgi.internal.loader.classpath.ClasspathManager.findLocalClass(Ljava/lang/String;)Ljava/lang/Class; (210 bytes) @ 0x00007fb9bd551714 [0x00007fb9bd5506c0+0x0000000000001054]
J 1788 c1 org.eclipse.osgi.internal.loader.BundleLoader.findLocalClass(Ljava/lang/String;)Ljava/lang/Class; (152 bytes) @ 0x00007fb9bd553754 [0x00007fb9bd552f20+0x0000000000000834]
J 1722 c1 org.eclipse.osgi.internal.loader.BundleLoader.findClass0(Ljava/lang/String;ZZ)Ljava/lang/Class; (466 bytes) @ 0x00007fb9bd52d9c4 [0x00007fb9bd52b2a0+0x0000000000002724]
J 1721 c1 org.eclipse.osgi.internal.loader.BundleLoader.findClass(Ljava/lang/String;)Ljava/lang/Class; (8 bytes) @ 0x00007fb9bd528dc4 [0x00007fb9bd528d40+0x0000000000000084]
J 1723 c1 org.eclipse.osgi.internal.loader.ModuleClassLoader.loadClass(Ljava/lang/String;Z)Ljava/lang/Class; (36 bytes) @ 0x00007fb9bd5297c4 [0x00007fb9bd5295a0+0x0000000000000224]
J 804 c1 java.lang.ClassLoader.loadClass(Ljava/lang/String;)Ljava/lang/Class; java.base@17.0.6 (7 bytes) @ 0x00007fb9bd34fc44 [0x00007fb9bd34fb40+0x0000000000000104]
v  ~StubRoutines::call_stub
j  java.lang.Class.getDeclaredConstructors0(Z)[Ljava/lang/reflect/Constructor;+0 java.base@17.0.6
j  java.lang.Class.privateGetDeclaredConstructors(Z)[Ljava/lang/reflect/Constructor;+52 java.base@17.0.6
j  java.lang.Class.getConstructor0([Ljava/lang/Class;I)Ljava/lang/reflect/Constructor;+14 java.base@17.0.6
j  java.lang.Class.getConstructor([Ljava/lang/Class;)Ljava/lang/reflect/Constructor;+24 java.base@17.0.6
j  org.eclipse.osgi.internal.framework.BundleContextImpl.loadBundleActivator()Lorg/osgi/framework/BundleActivator;+105
j  org.eclipse.osgi.internal.framework.BundleContextImpl.start()V+18
j  org.eclipse.osgi.internal.framework.EquinoxBundle.startWorker0()V+35
j  org.eclipse.osgi.internal.framework.EquinoxBundle$EquinoxModule.startWorker()V+4
j  org.eclipse.osgi.container.Module.doStart([Lorg/eclipse/osgi/container/Module$StartOptions;)Lorg/eclipse/osgi/container/ModuleContainerAdaptor$ModuleEvent;+190
j  org.eclipse.osgi.container.Module.start([Lorg/eclipse/osgi/container/Module$StartOptions;)V+460
j  org.eclipse.osgi.container.ModuleContainer$ContainerStartLevel$2.run()V+71
j  org.eclipse.osgi.internal.framework.EquinoxContainerAdaptor$1$1.execute(Ljava/lang/Runnable;)V+1
j  org.eclipse.osgi.container.ModuleContainer$ContainerStartLevel.incStartLevel(ILjava/util/List;Z)V+192
j  org.eclipse.osgi.container.ModuleContainer$ContainerStartLevel.incStartLevel(ILjava/util/List;Ljava/util/List;Ljava/util/List;Ljava/util/List;)V+19
j  org.eclipse.osgi.container.ModuleContainer$ContainerStartLevel.doContainerStartLevel(Lorg/eclipse/osgi/container/Module;I[Lorg/osgi/framework/FrameworkListener;)V+349
j  org.eclipse.osgi.container.ModuleContainer$ContainerStartLevel.dispatchEvent(Lorg/eclipse/osgi/container/Module;[Lorg/osgi/framework/FrameworkListener;ILjava/lang/Integer;)V+32
j  org.eclipse.osgi.container.ModuleContainer$ContainerStartLevel.dispatchEvent(Ljava/lang/Object;Ljava/lang/Object;ILjava/lang/Object;)V+15
j  org.eclipse.osgi.framework.eventmgr.EventManager.dispatchEvent(Ljava/util/Set;Lorg/eclipse/osgi/framework/eventmgr/EventDispatcher;ILjava/lang/Object;)V+48
j  org.eclipse.osgi.framework.eventmgr.EventManager$EventThread.run()V+26
v  ~StubRoutines::call_stub

siginfo: si_signo: 11 (SIGSEGV), si_code: 1 (SEGV_MAPERR), si_addr: 0x00007f00dcd63318

Register to memory mapping:

RAX=0x00007f00dcd632c0 is an unknown value
RBX=0x00007fb9d4027970 points into unknown readable memory: 0x00007fb9dccbefa8 | a8 ef cb dc b9 7f 00 00
RCX=0x0000000000000007 is an unknown value
RDX=0x00007fb9c4da9000 points into unknown readable memory: 0x0000000000000006 | 06 00 00 00 00 00 00 00
RSP=0x00007fb9b46f4ad0 is pointing into the stack for thread: 0x00007fb9d4550db0
RBP=0x00007fb9b46f4b10 is pointing into the stack for thread: 0x00007fb9d4550db0
RSI=0x00007fb9c4e48180 points into unknown readable memory: 0x0000000000000006 | 06 00 00 00 00 00 00 00
RDI=0x00007fb9c4e48190 points into unknown readable memory: 0x00007f00dcd632c0 | c0 32 d6 dc 00 7f 00 00
R8 =0x00007fb9c4e48190 points into unknown readable memory: 0x00007f00dcd632c0 | c0 32 d6 dc 00 7f 00 00
R9 =0x0000000000000001 is an unknown value
R10=0x00007fb9bd209683 is at entry_point+355 in (nmethod*)0x00007fb9bd209390
R11=0x0000000000000003 is an unknown value
R12=0x00007fb9dc030f30: <offset 0x00000000005a6f30> in /usr/lib/jvm/java-17-openjdk-amd64/lib/server/libjvm.so at 0x00007fb9dba8a000
R13=0x0 is NULL
R14=0x00007fb9c4e48190 points into unknown readable memory: 0x00007f00dcd632c0 | c0 32 d6 dc 00 7f 00 00
R15=0x00005563aa78c1b0 points into unknown readable memory: 0x0000000300000002 | 02 00 00 00 03 00 00 00


Registers:
RAX=0x00007f00dcd632c0, RBX=0x00007fb9d4027970, RCX=0x0000000000000007, RDX=0x00007fb9c4da9000
RSP=0x00007fb9b46f4ad0, RBP=0x00007fb9b46f4b10, RSI=0x00007fb9c4e48180, RDI=0x00007fb9c4e48190
R8 =0x00007fb9c4e48190, R9 =0x0000000000000001, R10=0x00007fb9bd209683, R11=0x0000000000000003
R12=0x00007fb9dc030f30, R13=0x0000000000000000, R14=0x00007fb9c4e48190, R15=0x00005563aa78c1b0
RIP=0x00007fb9dc02da75, EFLAGS=0x0000000000010206, CSGSFS=0x002b000000000033, ERR=0x0000000000000004
  TRAPNO=0x000000000000000e

Top of Stack: (sp=0x00007fb9b46f4ad0)
0x00007fb9b46f4ad0:   00007fb9d40114d0 00000002dccbb038
0x00007fb9b46f4ae0:   00007fb9b46f4b00 00007fb9d4551320
0x00007fb9b46f4af0:   00007fb9900806a0 00007fb990088688
0x00007fb9b46f4b00:   0000000000000000 00000000000083b0 

Instructions: (pc=0x00007fb9dc02da75)
0x00007fb9dc02d975:   00 00 00 48 8b 40 10 48 8d 0d 7d 35 00 00 48 89
0x00007fb9dc02d985:   df 48 39 c8 75 35 e8 10 58 21 00 48 89 df 48 89
0x00007fb9dc02d995:   c6 e8 c5 57 21 00 49 89 c6 4d 85 f6 0f 84 b2 fe
0x00007fb9dc02d9a5:   ff ff 49 8b 06 4c 89 f7 ff 50 58 84 c0 0f 85 e8
0x00007fb9dc02d9b5:   fe ff ff 48 8b 03 e9 21 fe ff ff ff d0 49 89 c6
0x00007fb9dc02d9c5:   eb d7 c7 45 cc 00 00 00 00 e9 d3 fd ff ff 90 66
0x00007fb9dc02d9d5:   66 2e 0f 1f 84 00 00 00 00 00 90 55 48 89 e5 41
0x00007fb9dc02d9e5:   57 41 56 41 55 41 54 53 48 83 ec 18 4c 8b 3d f8
0x00007fb9dc02d9f5:   aa d7 00 4d 85 ff 0f 84 9e 01 00 00 41 8b 07 89
0x00007fb9dc02da05:   45 cc 45 31 ed 45 31 f6 4c 8d 25 1c 35 00 00 0f
0x00007fb9dc02da15:   1f 40 00 44 39 6d cc 0f 84 a0 00 00 00 49 8b 57
0x00007fb9dc02da25:   08 49 63 c5 48 8b 1c c2 48 8b 03 4d 85 f6 0f 84
0x00007fb9dc02da35:   17 01 00 00 48 8b 40 18 4c 89 f6 48 89 df 4c 39
0x00007fb9dc02da45:   e0 0f 85 8c 00 00 00 e8 6f 57 21 00 48 89 df 48
0x00007fb9dc02da55:   89 c6 e8 e4 57 21 00 48 89 df 48 89 c6 e8 f9 56
0x00007fb9dc02da65:   21 00 49 89 c6 4d 85 f6 74 42 49 8b 06 4c 89 f7
0x00007fb9dc02da75:   ff 50 58 84 c0 75 64 48 8b 03 4c 89 f6 48 89 df
0x00007fb9dc02da85:   48 8b 40 18 4c 39 e0 75 4a e8 2d 57 21 00 48 89
0x00007fb9dc02da95:   df 48 89 c6 e8 a2 57 21 00 48 89 df 48 89 c6 e8
0x00007fb9dc02daa5:   b7 56 21 00 49 89 c6 48 85 c0 75 be 41 83 c5 01
0x00007fb9dc02dab5:   45 31 f6 44 39 6d cc 0f 85 60 ff ff ff 48 83 c4
0x00007fb9dc02dac5:   18 5b 41 5c 41 5d 41 5e 41 5f 5d c3 0f 1f 80 00
0x00007fb9dc02dad5:   00 00 00 ff d0 49 89 c6 eb 8b 90 49 8b 06 4c 89
0x00007fb9dc02dae5:   f7 ff 90 88 00 00 00 84 c0 0f 84 24 ff ff ff 49
0x00007fb9dc02daf5:   8b 06 4c 89 f7 ff 50 58 84 c0 74 14 49 8b 06 4c
0x00007fb9dc02db05:   89 f7 ff 90 20 02 00 00 84 c0 0f 85 03 ff ff ff
0x00007fb9dc02db15:   41 8b 46 68 85 c0 0f 84 f7 fe ff ff 49 8b 06 48
0x00007fb9dc02db25:   8d 15 05 d5 f4 ff 48 8b 80 f8 00 00 00 48 39 d0
0x00007fb9dc02db35:   75 74 be 02 00 00 00 4c 89 f7 e8 5c 42 62 00 e9
0x00007fb9dc02db45:   cf fe ff ff 0f 1f 80 00 00 00 00 48 8b 40 10 48
0x00007fb9dc02db55:   8d 0d a5 33 00 00 48 89 df 48 39 c8 75 35 e8 38
0x00007fb9dc02db65:   56 21 00 48 89 df 48 89 c6 e8 ed 55 21 00 49 89 


Stack slot to memory mapping:
stack at sp + 0 slots: 0x00007fb9d40114d0 points into unknown readable memory: 0x00007fb9d4550db0 | b0 0d 55 d4 b9 7f 00 00
stack at sp + 1 slots: 0x00000002dccbb038 is an unknown value
stack at sp + 2 slots: 0x00007fb9b46f4b00 is pointing into the stack for thread: 0x00007fb9d4550db0
stack at sp + 3 slots: 0x00007fb9d4551320 points into unknown readable memory: 0x00007fb900000002 | 02 00 00 00 b9 7f 00 00
stack at sp + 4 slots: 0x00007fb9900806a0 points into unknown readable memory: 0x0000000000000000 | 00 00 00 00 00 00 00 00
stack at sp + 5 slots: 0x00007fb990088688 points into unknown readable memory: 0x0000000000000025 | 25 00 00 00 00 00 00 00
stack at sp + 6 slots: 0x0 is NULL
stack at sp + 7 slots: 0x00000000000083b0 is an unknown value


---------------  P R O C E S S  ---------------

Threads class SMR info:
_java_thread_list=0x00007fb9540b9be0, length=21, elements={
0x00007fb9d4017090, 0x00007fb9d4221830, 0x00007fb9d4222c40, 0x00007fb9d422d8c0,
0x00007fb9d422ec40, 0x00007fb9d4230020, 0x00007fb9d4231a20, 0x00007fb9d423af10,
0x00007fb9d423c350, 0x00007fb9d4258290, 0x00007fb990065c30, 0x00007fb990066fe0,
0x00007fb98c001d40, 0x00007fb98c002ec0, 0x00007fb9d431db90, 0x00007fb9d4413be0,
0x00007fb9d456d200, 0x00007fb9d4535d80, 0x00007fb9d4550db0, 0x00007fb954033ae0,
0x00007fb9540b8e20
}

Java Threads: ( => current thread )
  0x00007fb9d4017090 JavaThread "main" [_thread_blocked, id=88045, stack(0x00007fb9db65e000,0x00007fb9db75f000)]
  0x00007fb9d4221830 JavaThread "Reference Handler" daemon [_thread_blocked, id=88048, stack(0x00007fb9b5eff000,0x00007fb9b6000000)]
  0x00007fb9d4222c40 JavaThread "Finalizer" daemon [_thread_blocked, id=88049, stack(0x00007fb9b5dfe000,0x00007fb9b5eff000)]
  0x00007fb9d422d8c0 JavaThread "Signal Dispatcher" daemon [_thread_blocked, id=88050, stack(0x00007fb9b5a16000,0x00007fb9b5b17000)]
  0x00007fb9d422ec40 JavaThread "Service Thread" daemon [_thread_blocked, id=88051, stack(0x00007fb9b5915000,0x00007fb9b5a16000)]
  0x00007fb9d4230020 JavaThread "Monitor Deflation Thread" daemon [_thread_blocked, id=88052, stack(0x00007fb9b5814000,0x00007fb9b5915000)]
  0x00007fb9d4231a20 JavaThread "C2 CompilerThread0" daemon [_thread_in_vm, id=88053, stack(0x00007fb9b5713000,0x00007fb9b5814000)]
  0x00007fb9d423af10 JavaThread "C1 CompilerThread0" daemon [_thread_blocked, id=88054, stack(0x00007fb9b5612000,0x00007fb9b5713000)]
  0x00007fb9d423c350 JavaThread "Sweeper thread" daemon [_thread_blocked, id=88055, stack(0x00007fb9b5511000,0x00007fb9b5612000)]
  0x00007fb9d4258290 JavaThread "Common-Cleaner" daemon [_thread_blocked, id=88056, stack(0x00007fb9b5410000,0x00007fb9b5511000)]
  0x00007fb990065c30 JavaThread "C1 CompilerThread1" daemon [_thread_blocked, id=88057, stack(0x00007fb9b530f000,0x00007fb9b5410000)]
  0x00007fb990066fe0 JavaThread "C1 CompilerThread2" daemon [_thread_blocked, id=88058, stack(0x00007fb9b520e000,0x00007fb9b530f000)]
  0x00007fb98c001d40 JavaThread "C2 CompilerThread1" daemon [_thread_in_vm, id=88059, stack(0x00007fb9b510d000,0x00007fb9b520e000)]
  0x00007fb98c002ec0 JavaThread "C2 CompilerThread2" daemon [_thread_blocked, id=88060, stack(0x00007fb9b500c000,0x00007fb9b510d000)]
  0x00007fb9d431db90 JavaThread "Notification Thread" daemon [_thread_blocked, id=88061, stack(0x00007fb9b4f0b000,0x00007fb9b500c000)]
  0x00007fb9d4413be0 JavaThread "process reaper" daemon [_thread_blocked, id=88067, stack(0x00007fb9d8040000,0x00007fb9d8062000)]
  0x00007fb9d456d200 JavaThread "Active Thread: Equinox Container: 40c15bc1-b22f-4707-8f55-e7258db27f42" [_thread_blocked, id=88073, stack(0x00007fb9b47fe000,0x00007fb9b48ff000)]
  0x00007fb9d4535d80 JavaThread "Framework Event Dispatcher: Equinox Container: 40c15bc1-b22f-4707-8f55-e7258db27f42" daemon [_thread_blocked, id=88075, stack(0x00007fb9b46fd000,0x00007fb9b47fe000)]
=>0x00007fb9d4550db0 JavaThread "Start Level: Equinox Container: 40c15bc1-b22f-4707-8f55-e7258db27f42" daemon [_thread_in_vm, id=88076, stack(0x00007fb9b45fc000,0x00007fb9b46fd000)]
  0x00007fb954033ae0 JavaThread "SCR Component Actor" daemon [_thread_blocked, id=88077, stack(0x00007fb9b42e9000,0x00007fb9b43ea000)]
  0x00007fb9540b8e20 JavaThread "SCR Component Registry" daemon [_thread_blocked, id=88080, stack(0x00007fb94f6ff000,0x00007fb94f800000)]

Other Threads:
  0x00007fb9d421cfe0 VMThread "VM Thread" [stack: 0x00007fb9b68ea000,0x00007fb9b69ea000] [id=88047]
  0x00007fb9d431ed70 WatcherThread [stack: 0x00007fb9b4e0b000,0x00007fb9b4f0b000] [id=88062]
  0x00007fb9d402e300 GCTaskThread "GC Thread#0" [stack: 0x00007fb9da857000,0x00007fb9da957000] [id=88046]
  0x00007fb9b0001120 GCTaskThread "GC Thread#1" [stack: 0x00007fb9b4d09000,0x00007fb9b4e09000] [id=88068]
  0x00007fb9b00030f0 GCTaskThread "GC Thread#2" [stack: 0x00007fb9b4c07000,0x00007fb9b4d07000] [id=88069]
  0x00007fb9b0003a80 GCTaskThread "GC Thread#3" [stack: 0x00007fb9b4b05000,0x00007fb9b4c05000] [id=88070]
  0x00007fb9b0004410 GCTaskThread "GC Thread#4" [stack: 0x00007fb9b4a03000,0x00007fb9b4b03000] [id=88071]
  0x00007fb9b0004da0 GCTaskThread "GC Thread#5" [stack: 0x00007fb9b4901000,0x00007fb9b4a01000] [id=88072]
  0x00007fb9b0006450 GCTaskThread "GC Thread#6" [stack: 0x00007fb9b41e9000,0x00007fb9b42e9000] [id=88078]
  0x00007fb9b0006d20 GCTaskThread "GC Thread#7" [stack: 0x00007fb9b40e7000,0x00007fb9b41e7000] [id=88079]

Threads with active compile tasks:
C2 CompilerThread0      855 2107       4       java.util.HashMap::put (13 bytes)
C1 CompilerThread1      856 2110       3       sun.util.calendar.ZoneInfoFile::indexOf (32 bytes)
C2 CompilerThread1      856 2093       4       java.io.DataInputStream::readUTF (501 bytes)

VM state: not at safepoint (normal execution)

VM Mutex/Monitor currently owned by a thread:  ([mutex/lock_event])
[0x00007fb9d40114d0] CodeCache_lock - owner thread: 0x00007fb9d4550db0
[0x00007fb9d40136b0] Compile_lock - owner thread: 0x00007fb9d4550db0
[0x00007fb9d40138c0] MethodCompileQueue_lock - owner thread: 0x00007fb990065c30

Heap address: 0x00000000c0000000, size: 1024 MB, Compressed Oops mode: 32-bit

CDS archive(s) mapped at: [0x0000000800000000-0x0000000800be3000-0x0000000800be3000), size 12464128, SharedBaseAddress: 0x0000000800000000, ArchiveRelocationMode: 0.
Compressed class space mapped at: 0x0000000800c00000-0x0000000840c00000, reserved size: 1073741824
Narrow klass base: 0x0000000800000000, Narrow klass shift: 0, Narrow klass range: 0x100000000

GC Precious Log:
 CPUs: 16 total, 16 available
 Memory: 31888M
 Large Page Support: Disabled
 NUMA Support: Disabled
 Compressed Oops: Enabled (32-bit)
 Alignments: Space 512K, Generation 512K, Heap 2M
 Heap Min Capacity: 100M
 Heap Initial Capacity: 100M
 Heap Max Capacity: 1G
 Pre-touch: Disabled
 Parallel Workers: 13

Heap:
 PSYoungGen      total 29696K, used 21409K [0x00000000eab00000, 0x00000000ecc00000, 0x0000000100000000)
  eden space 25600K, 67% used [0x00000000eab00000,0x00000000ebbecee0,0x00000000ec400000)
  from space 4096K, 99% used [0x00000000ec800000,0x00000000ecbfb8a8,0x00000000ecc00000)
  to   space 4096K, 0% used [0x00000000ec400000,0x00000000ec400000,0x00000000ec800000)
 ParOldGen       total 68608K, used 1288K [0x00000000c0000000, 0x00000000c4300000, 0x00000000eab00000)
  object space 68608K, 1% used [0x00000000c0000000,0x00000000c0142370,0x00000000c4300000)
 Metaspace       used 11730K, committed 12032K, reserved 1064960K
  class space    used 1154K, committed 1280K, reserved 1048576K

Card table byte_map: [0x00007fb9da957000,0x00007fb9dab58000] _byte_map_base: 0x00007fb9da357000

Marking Bits: (ParMarkBitMap*) 0x00007fb9dcdcf7a0
 Begin Bits: [0x00007fb9d86ff000, 0x00007fb9d96ff000)
 End Bits:   [0x00007fb9d96ff000, 0x00007fb9da6ff000)

Polling page: 0x00007fb9dd026000

Metaspace:

Usage:
  Non-class:     10,33 MB used.
      Class:      1,13 MB used.
       Both:     11,46 MB used.

Virtual space:
  Non-class space:       16,00 MB reserved,      10,50 MB ( 66%) committed,  2 nodes.
      Class space:        1,00 GB reserved,       1,25 MB ( <1%) committed,  1 nodes.
             Both:        1,02 GB reserved,      11,75 MB (  1%) committed. 

Chunk freelists:
   Non-Class:  832,00 KB
       Class:  2,72 MB
        Both:  3,53 MB

MaxMetaspaceSize: unlimited
CompressedClassSpaceSize: 1,00 GB
Initial GC threshold: 21,00 MB
Current GC threshold: 21,00 MB
CDS: on
MetaspaceReclaimPolicy: balanced
 - commit_granule_bytes: 65536.
 - commit_granule_words: 8192.
 - virtual_space_node_default_size: 1048576.
 - enlarge_chunks_in_place: 1.
 - new_chunks_are_fully_committed: 0.
 - uncommit_free_chunks: 1.
 - use_allocation_guard: 0.
 - handle_deallocations: 1.


Internal statistics:

num_allocs_failed_limit: 0.
num_arena_births: 130.
num_arena_deaths: 0.
num_vsnodes_births: 3.
num_vsnodes_deaths: 0.
num_space_committed: 188.
num_space_uncommitted: 0.
num_chunks_returned_to_freelist: 0.
num_chunks_taken_from_freelist: 452.
num_chunk_merges: 0.
num_chunk_splits: 307.
num_chunks_enlarged: 222.
num_purges: 0.
num_inconsistent_stats: 0.

CodeHeap 'non-profiled nmethods': size=119168Kb used=725Kb max_used=725Kb free=118442Kb
 bounds [0x00007fb9c4da9000, 0x00007fb9c5019000, 0x00007fb9cc209000]
CodeHeap 'profiled nmethods': size=119164Kb used=4242Kb max_used=4242Kb free=114921Kb
 bounds [0x00007fb9bd209000, 0x00007fb9bd639000, 0x00007fb9c4668000]
CodeHeap 'non-nmethods': size=7428Kb used=2301Kb max_used=2321Kb free=5126Kb
 bounds [0x00007fb9c4668000, 0x00007fb9c48d8000, 0x00007fb9c4da9000]
 total_blobs=2578 nmethods=2107 adapters=384
 compilation: enabled
              stopped_count=0, restarted_count=0
 full_count=0

Compilation events (20 events):
Event: 0,791 Thread 0x00007fb990066fe0 2100       3       java.util.Hashtable$Enumerator::nextElement (111 bytes)
Event: 0,791 Thread 0x00007fb990066fe0 nmethod 2100 0x00007fb9bd62a490 code [0x00007fb9bd62a660, 0x00007fb9bd62aaa0]
Event: 0,794 Thread 0x00007fb9d423af10 2101       3       java.lang.Math::abs (13 bytes)
Event: 0,794 Thread 0x00007fb9d423af10 nmethod 2101 0x00007fb9bd62ac10 code [0x00007fb9bd62adc0, 0x00007fb9bd62af30]
Event: 0,797 Thread 0x00007fb9d423af10 2102       3       org.eclipse.osgi.internal.loader.sources.SingleSourcePackage::loadClass (9 bytes)
Event: 0,797 Thread 0x00007fb9d423af10 nmethod 2102 0x00007fb9bd62af90 code [0x00007fb9bd62b140, 0x00007fb9bd62b300]
Event: 0,798 Thread 0x00007fb990066fe0 2103       3       org.eclipse.osgi.internal.log.EquinoxLogWriter::isLoggable (65 bytes)
Event: 0,798 Thread 0x00007fb990065c30 2104       3       org.eclipse.osgi.internal.log.ExtendedLogReaderServiceFactory::getCount (29 bytes)
Event: 0,798 Thread 0x00007fb990065c30 nmethod 2104 0x00007fb9bd62b410 code [0x00007fb9bd62b5e0, 0x00007fb9bd62ba50]
Event: 0,798 Thread 0x00007fb990066fe0 nmethod 2103 0x00007fb9bd62bb90 code [0x00007fb9bd62bda0, 0x00007fb9bd62c2b0]
Event: 0,800 Thread 0x00007fb990065c30 2105       3       java.io.DataInputStream::readShort (40 bytes)
Event: 0,800 Thread 0x00007fb9d423af10 2106       3       java.io.DataInputStream::readFully (9 bytes)
Event: 0,801 Thread 0x00007fb9d423af10 nmethod 2106 0x00007fb9bd62c410 code [0x00007fb9bd62c5c0, 0x00007fb9bd62c700]
Event: 0,801 Thread 0x00007fb990065c30 nmethod 2105 0x00007fb9bd62c810 code [0x00007fb9bd62c9e0, 0x00007fb9bd62cda0]
Event: 0,801 Thread 0x00007fb9d4231a20 2107       4       java.util.HashMap::put (13 bytes)
Event: 0,801 Thread 0x00007fb9d423af10 2108  s    3       java.io.ByteArrayInputStream::read (36 bytes)
Event: 0,801 Thread 0x00007fb990066fe0 2109       3       java.io.DataInputStream::readByte (23 bytes)
Event: 0,801 Thread 0x00007fb990066fe0 nmethod 2109 0x00007fb9bd62cf10 code [0x00007fb9bd62d0e0, 0x00007fb9bd62d3b0]
Event: 0,801 Thread 0x00007fb9d423af10 nmethod 2108 0x00007fb9bd62d490 code [0x00007fb9bd62d640, 0x00007fb9bd62d890]
Event: 0,801 Thread 0x00007fb990065c30 2110       3       sun.util.calendar.ZoneInfoFile::indexOf (32 bytes)

GC Heap History (4 events):
Event: 0,356 GC heap before
{Heap before GC invocations=1 (full 0):
 PSYoungGen      total 29696K, used 25600K [0x00000000eab00000, 0x00000000ecc00000, 0x0000000100000000)
  eden space 25600K, 100% used [0x00000000eab00000,0x00000000ec400000,0x00000000ec400000)
  from space 4096K, 0% used [0x00000000ec800000,0x00000000ec800000,0x00000000ecc00000)
  to   space 4096K, 0% used [0x00000000ec400000,0x00000000ec400000,0x00000000ec800000)
 ParOldGen       total 68608K, used 0K [0x00000000c0000000, 0x00000000c4300000, 0x00000000eab00000)
  object space 68608K, 0% used [0x00000000c0000000,0x00000000c0000000,0x00000000c4300000)
 Metaspace       used 4761K, committed 4864K, reserved 1056768K
  class space    used 462K, committed 512K, reserved 1048576K
}
Event: 0,359 GC heap after
{Heap after GC invocations=1 (full 0):
 PSYoungGen      total 29696K, used 3121K [0x00000000eab00000, 0x00000000ecc00000, 0x0000000100000000)
  eden space 25600K, 0% used [0x00000000eab00000,0x00000000eab00000,0x00000000ec400000)
  from space 4096K, 76% used [0x00000000ec400000,0x00000000ec70c430,0x00000000ec800000)
  to   space 4096K, 0% used [0x00000000ec800000,0x00000000ec800000,0x00000000ecc00000)
 ParOldGen       total 68608K, used 16K [0x00000000c0000000, 0x00000000c4300000, 0x00000000eab00000)
  object space 68608K, 0% used [0x00000000c0000000,0x00000000c0004000,0x00000000c4300000)
 Metaspace       used 4761K, committed 4864K, reserved 1056768K
  class space    used 462K, committed 512K, reserved 1048576K
}
Event: 0,609 GC heap before
{Heap before GC invocations=2 (full 0):
 PSYoungGen      total 29696K, used 28721K [0x00000000eab00000, 0x00000000ecc00000, 0x0000000100000000)
  eden space 25600K, 100% used [0x00000000eab00000,0x00000000ec400000,0x00000000ec400000)
  from space 4096K, 76% used [0x00000000ec400000,0x00000000ec70c430,0x00000000ec800000)
  to   space 4096K, 0% used [0x00000000ec800000,0x00000000ec800000,0x00000000ecc00000)
 ParOldGen       total 68608K, used 16K [0x00000000c0000000, 0x00000000c4300000, 0x00000000eab00000)
  object space 68608K, 0% used [0x00000000c0000000,0x00000000c0004000,0x00000000c4300000)
 Metaspace       used 8524K, committed 8704K, reserved 1064960K
  class space    used 832K, committed 896K, reserved 1048576K
}
Event: 0,612 GC heap after
{Heap after GC invocations=2 (full 0):
 PSYoungGen      total 29696K, used 4078K [0x00000000eab00000, 0x00000000ecc00000, 0x0000000100000000)
  eden space 25600K, 0% used [0x00000000eab00000,0x00000000eab00000,0x00000000ec400000)
  from space 4096K, 99% used [0x00000000ec800000,0x00000000ecbfb8a8,0x00000000ecc00000)
  to   space 4096K, 0% used [0x00000000ec400000,0x00000000ec400000,0x00000000ec800000)
 ParOldGen       total 68608K, used 1288K [0x00000000c0000000, 0x00000000c4300000, 0x00000000eab00000)
  object space 68608K, 1% used [0x00000000c0000000,0x00000000c0142370,0x00000000c4300000)
 Metaspace       used 8524K, committed 8704K, reserved 1064960K
  class space    used 832K, committed 896K, reserved 1048576K
}

Dll operation events (10 events):
Event: 0,002 Loaded shared library /usr/lib/jvm/java-17-openjdk-amd64/lib/libjava.so
Event: 0,002 Loaded shared library /usr/lib/jvm/java-17-openjdk-amd64/lib/libzip.so
Event: 0,006 Loaded shared library /usr/lib/jvm/java-17-openjdk-amd64/lib/libjsvml.so
Event: 0,052 Loaded shared library /usr/lib/jvm/java-17-openjdk-amd64/lib/libinstrument.so
Event: 0,053 Loaded shared library /usr/lib/jvm/java-17-openjdk-amd64/lib/libnio.so
Event: 0,055 Loaded shared library /usr/lib/jvm/java-17-openjdk-amd64/lib/libzip.so
Event: 0,064 Loaded shared library /usr/lib/jvm/java-17-openjdk-amd64/lib/libjimage.so
Event: 0,088 Loaded shared library /usr/lib/jvm/java-17-openjdk-amd64/lib/libverify.so
Event: 0,383 Loaded shared library /usr/lib/jvm/java-17-openjdk-amd64/lib/libnet.so
Event: 0,570 Loaded shared library /home/infoetu/quentin.moutte.etu/.config/VSCodium/User/globalStorage/redhat.java/1.18.0/config_linux/org.eclipse.equinox.launcher/org.eclipse.equinox.launcher.gtk.linux.x86_64_1.2.700.v20221108-1024/eclipse_11801.so

Deoptimization events (20 events):
Event: 0,801 Thread 0x00007fb9d4550db0 Uncommon trap: trap_request=0xffffffc6 fr.pc=0x00007fb9c4e510b0 relative=0x0000000000000370
Event: 0,801 Thread 0x00007fb9d4550db0 Uncommon trap: reason=bimorphic_or_optimized_type_check action=maybe_recompile pc=0x00007fb9c4e510b0 method=java.io.DataInputStream.readByte()B @ 4 c2
Event: 0,801 Thread 0x00007fb9d4550db0 DEOPT PACKING pc=0x00007fb9c4e510b0 sp=0x00007fb9b46f5110
Event: 0,801 Thread 0x00007fb9d4550db0 DEOPT UNPACKING pc=0x00007fb9c46be399 sp=0x00007fb9b46f50c8 mode 2
Event: 0,801 Thread 0x00007fb9d4550db0 Uncommon trap: trap_request=0xffffffc6 fr.pc=0x00007fb9c4e510b0 relative=0x0000000000000370
Event: 0,801 Thread 0x00007fb9d4550db0 Uncommon trap: reason=bimorphic_or_optimized_type_check action=maybe_recompile pc=0x00007fb9c4e510b0 method=java.io.DataInputStream.readByte()B @ 4 c2
Event: 0,801 Thread 0x00007fb9d4550db0 DEOPT PACKING pc=0x00007fb9c4e510b0 sp=0x00007fb9b46f5110
Event: 0,801 Thread 0x00007fb9d4550db0 DEOPT UNPACKING pc=0x00007fb9c46be399 sp=0x00007fb9b46f50c8 mode 2
Event: 0,801 Thread 0x00007fb9d4550db0 Uncommon trap: trap_request=0xffffffc6 fr.pc=0x00007fb9c4e524e0 relative=0x0000000000000e20
Event: 0,801 Thread 0x00007fb9d4550db0 Uncommon trap: reason=bimorphic_or_optimized_type_check action=maybe_recompile pc=0x00007fb9c4e524e0 method=java.io.DataInputStream.readInt()I @ 4 c2
Event: 0,801 Thread 0x00007fb9d4550db0 DEOPT PACKING pc=0x00007fb9c4e524e0 sp=0x00007fb9b46f5120
Event: 0,801 Thread 0x00007fb9d4550db0 DEOPT UNPACKING pc=0x00007fb9c46be399 sp=0x00007fb9b46f50d0 mode 2
Event: 0,801 Thread 0x00007fb9d4550db0 Uncommon trap: trap_request=0xffffffc6 fr.pc=0x00007fb9c4e524e0 relative=0x0000000000000e20
Event: 0,801 Thread 0x00007fb9d4550db0 Uncommon trap: reason=bimorphic_or_optimized_type_check action=maybe_recompile pc=0x00007fb9c4e524e0 method=java.io.DataInputStream.readInt()I @ 4 c2
Event: 0,801 Thread 0x00007fb9d4550db0 DEOPT PACKING pc=0x00007fb9c4e524e0 sp=0x00007fb9b46f51a0
Event: 0,801 Thread 0x00007fb9d4550db0 DEOPT UNPACKING pc=0x00007fb9c46be399 sp=0x00007fb9b46f5150 mode 2
Event: 0,801 Thread 0x00007fb9d4550db0 Uncommon trap: trap_request=0xffffffc6 fr.pc=0x00007fb9c4e524e0 relative=0x0000000000000e20
Event: 0,801 Thread 0x00007fb9d4550db0 Uncommon trap: reason=bimorphic_or_optimized_type_check action=maybe_recompile pc=0x00007fb9c4e524e0 method=java.io.DataInputStream.readInt()I @ 4 c2
Event: 0,801 Thread 0x00007fb9d4550db0 DEOPT PACKING pc=0x00007fb9c4e524e0 sp=0x00007fb9b46f5120
Event: 0,801 Thread 0x00007fb9d4550db0 DEOPT UNPACKING pc=0x00007fb9c46be399 sp=0x00007fb9b46f50d0 mode 2

Classes unloaded (0 events):
No events

Classes redefined (0 events):
No events

Internal exceptions (20 events):
Event: 0,246 Thread 0x00007fb9d4017090 Exception <a 'java/lang/NoSuchMethodError'{0x00000000eb972270}: 'java.lang.Object java.lang.invoke.DirectMethodHandle$Holder.invokeSpecial(java.lang.Object, java.lang.Object, java.lang.Object, java.lang.Object, int)'> (0x00000000eb972270) 
thrown [./src/hotspot/share/interpreter/linkResolver.cpp, line 758]
Event: 0,246 Thread 0x00007fb9d4017090 Exception <a 'java/lang/NoSuchMethodError'{0x00000000eb975e38}: 'java.lang.Object java.lang.invoke.Invokers$Holder.linkToTargetMethod(java.lang.Object, java.lang.Object, int, java.lang.Object)'> (0x00000000eb975e38) 
thrown [./src/hotspot/share/interpreter/linkResolver.cpp, line 758]
Event: 0,333 Thread 0x00007fb9d4017090 Exception <a 'java/io/FileNotFoundException'{0x00000000ec24b658}> (0x00000000ec24b658) 
thrown [./src/hotspot/share/prims/jni.cpp, line 516]
Event: 0,348 Thread 0x00007fb9d4017090 Implicit null exception at 0x00007fb9c4de8ee0 to 0x00007fb9c4de9814
Event: 0,348 Thread 0x00007fb9d4017090 Implicit null exception at 0x00007fb9c4df786c to 0x00007fb9c4df7a64
Event: 0,348 Thread 0x00007fb9d4017090 Implicit null exception at 0x00007fb9c4ded98c to 0x00007fb9c4dedbb0
Event: 0,348 Thread 0x00007fb9d4017090 Implicit null exception at 0x00007fb9c4dea12f to 0x00007fb9c4dea1a9
Event: 0,374 Thread 0x00007fb9d4017090 Exception <a 'java/lang/NoSuchMethodError'{0x00000000eac5a1a8}: 'int java.lang.invoke.DirectMethodHandle$Holder.invokeStaticInit(java.lang.Object, java.lang.Object, java.lang.Object, java.lang.Object)'> (0x00000000eac5a1a8) 
thrown [./src/hotspot/share/interpreter/linkResolver.cpp, line 758]
Event: 0,375 Thread 0x00007fb9d4017090 Exception <a 'java/lang/NoSuchMethodError'{0x00000000eac645d0}: 'java.lang.Object java.lang.invoke.DirectMethodHandle$Holder.invokeInterface(java.lang.Object, java.lang.Object)'> (0x00000000eac645d0) 
thrown [./src/hotspot/share/interpreter/linkResolver.cpp, line 758]
Event: 0,375 Thread 0x00007fb9d4017090 Exception <a 'java/lang/IncompatibleClassChangeError'{0x00000000eac67dc8}: Found class java.lang.Object, but interface was expected> (0x00000000eac67dc8) 
thrown [./src/hotspot/share/interpreter/linkResolver.cpp, line 826]
Event: 0,375 Thread 0x00007fb9d4017090 Exception <a 'java/lang/NoSuchMethodError'{0x00000000eac6c4f0}: 'void java.lang.invoke.DirectMethodHandle$Holder.invokeStatic(java.lang.Object, java.lang.Object)'> (0x00000000eac6c4f0) 
thrown [./src/hotspot/share/interpreter/linkResolver.cpp, line 758]
Event: 0,376 Thread 0x00007fb9d4017090 Exception <a 'java/lang/NoSuchMethodError'{0x00000000eac6fe08}: 'void java.lang.invoke.DirectMethodHandle$Holder.invokeStaticInit(java.lang.Object, java.lang.Object)'> (0x00000000eac6fe08) 
thrown [./src/hotspot/share/interpreter/linkResolver.cpp, line 758]
Event: 0,376 Thread 0x00007fb9d4017090 Exception <a 'java/lang/NoSuchMethodError'{0x00000000eac775e0}: 'int java.lang.invoke.DirectMethodHandle$Holder.invokeStaticInit(java.lang.Object, java.lang.Object)'> (0x00000000eac775e0) 
thrown [./src/hotspot/share/interpreter/linkResolver.cpp, line 758]
Event: 0,398 Thread 0x00007fb9d4017090 Exception <a 'java/lang/NoSuchMethodError'{0x00000000eae36f90}: 'void java.lang.invoke.DirectMethodHandle$Holder.invokeSpecial(java.lang.Object, java.lang.Object, java.lang.Object)'> (0x00000000eae36f90) 
thrown [./src/hotspot/share/interpreter/linkResolver.cpp, line 758]
Event: 0,514 Thread 0x00007fb9d4017090 Exception <a 'java/lang/NoSuchMethodError'{0x00000000eba647c0}: 'java.lang.Object java.lang.invoke.DirectMethodHandle$Holder.newInvokeSpecial(java.lang.Object, int, java.lang.Object)'> (0x00000000eba647c0) 
thrown [./src/hotspot/share/interpreter/linkResolver.cpp, line 758]
Event: 0,570 Thread 0x00007fb9d4017090 Exception <a 'java/lang/UnsatisfiedLinkError'{0x00000000ebfc5fd8}: 'void org.eclipse.equinox.launcher.JNIBridge._update_splash()'> (0x00000000ebfc5fd8) 
thrown [./src/hotspot/share/prims/nativeLookup.cpp, line 543]
Event: 0,706 Thread 0x00007fb9d4550db0 Exception <a 'java/io/FileNotFoundException'{0x00000000eb5af8f8}> (0x00000000eb5af8f8) 
thrown [./src/hotspot/share/prims/jni.cpp, line 516]
Event: 0,712 Thread 0x00007fb9d4550db0 Exception <a 'java/lang/NullPointerException'{0x00000000eb606320}> (0x00000000eb606320) 
thrown [./src/hotspot/share/interpreter/linkResolver.cpp, line 1350]
Event: 0,712 Thread 0x00007fb9d4550db0 Exception <a 'java/lang/NullPointerException'{0x00000000eb606b48}> (0x00000000eb606b48) 
thrown [./src/hotspot/share/interpreter/linkResolver.cpp, line 1350]
Event: 0,776 Thread 0x00007fb9d4550db0 Exception <a 'java/lang/NoSuchMethodError'{0x00000000eb97bd10}: 'java.lang.Object java.lang.invoke.Invokers$Holder.invokeExact_MT(java.lang.Object, java.lang.Object, java.lang.Object, java.lang.Object, java.lang.Object, java.lang.Object)'> (0x00000000eb97bd10) 
thrown [./src/hotspot/share/interpreter/linkResolver.cpp, line 758]

VM Operations (20 events):
Event: 0,075 Executing VM operation: HandshakeAllThreads
Event: 0,075 Executing VM operation: HandshakeAllThreads done
Event: 0,199 Executing VM operation: HandshakeAllThreads
Event: 0,199 Executing VM operation: HandshakeAllThreads done
Event: 0,207 Executing VM operation: HandshakeAllThreads
Event: 0,207 Executing VM operation: HandshakeAllThreads done
Event: 0,356 Executing VM operation: ParallelGCFailedAllocation
Event: 0,359 Executing VM operation: ParallelGCFailedAllocation done
Event: 0,503 Executing VM operation: HandshakeAllThreads
Event: 0,503 Executing VM operation: HandshakeAllThreads done
Event: 0,506 Executing VM operation: HandshakeAllThreads
Event: 0,506 Executing VM operation: HandshakeAllThreads done
Event: 0,512 Executing VM operation: HandshakeAllThreads
Event: 0,512 Executing VM operation: HandshakeAllThreads done
Event: 0,579 Executing VM operation: ICBufferFull
Event: 0,579 Executing VM operation: ICBufferFull done
Event: 0,598 Executing VM operation: HandshakeAllThreads
Event: 0,598 Executing VM operation: HandshakeAllThreads done
Event: 0,609 Executing VM operation: ParallelGCFailedAllocation
Event: 0,612 Executing VM operation: ParallelGCFailedAllocation done

Events (20 events):
Event: 0,775 loading class org/osgi/framework/Bundle
Event: 0,775 loading class org/osgi/framework/Bundle done
Event: 0,776 loading class java/util/Comparators$NaturalOrderComparator
Event: 0,776 loading class java/util/Comparators$NaturalOrderComparator done
Event: 0,776 loading class java/util/Collections$ReverseComparator2
Event: 0,777 loading class java/util/Collections$ReverseComparator2 done
Event: 0,786 loading class org/eclipse/osgi/service/runnable/ParameterizedRunnable
Event: 0,786 loading class org/eclipse/osgi/service/runnable/ParameterizedRunnable done
Event: 0,786 loading class org/eclipse/osgi/service/runnable/ApplicationRunnable
Event: 0,786 loading class org/eclipse/osgi/service/runnable/ApplicationRunnable done
Event: 0,786 loading class org/eclipse/osgi/service/runnable/ApplicationLauncher
Event: 0,786 loading class org/eclipse/osgi/service/runnable/ApplicationLauncher done
Event: 0,798 loading class org/eclipse/osgi/internal/debug/EclipseDebugTrace
Event: 0,798 loading class org/eclipse/osgi/internal/debug/EclipseDebugTrace done
Event: 0,799 loading class org/eclipse/osgi/internal/debug/EclipseDebugTrace$1
Event: 0,799 loading class org/eclipse/osgi/internal/debug/EclipseDebugTrace$1 done
Event: 0,799 loading class org/eclipse/osgi/internal/debug/EclipseDebugTrace$2
Event: 0,799 loading class org/eclipse/osgi/internal/debug/EclipseDebugTrace$2 done
Event: 0,801 loading class sun/util/calendar/ZoneInfoFile$Checksum
Event: 0,801 loading class sun/util/calendar/ZoneInfoFile$Checksum done


Dynamic libraries:
c0000000-c4300000 rw-p 00000000 00:00 0 
c4300000-eab00000 ---p 00000000 00:00 0 
eab00000-ecc00000 rw-p 00000000 00:00 0 
ecc00000-100000000 ---p 00000000 00:00 0 
800000000-800be3000 rw-p 00001000 103:02 3543126                         /usr/lib/jvm/java-17-openjdk-amd64/lib/server/classes.jsa
800be3000-800c00000 ---p 00000000 00:00 0 
800c00000-800c20000 rw-p 00000000 00:00 0 
800c20000-800c40000 rw-p 00000000 00:00 0 
800c40000-800cc0000 rw-p 00000000 00:00 0 
800cc0000-800cf0000 rw-p 00000000 00:00 0 
800cf0000-800d00000 ---p 00000000 00:00 0 
800d00000-800d50000 rw-p 00000000 00:00 0 
800d50000-840c00000 ---p 00000000 00:00 0 
5563a984f000-5563a9850000 r--p 00000000 103:02 3166030                   /usr/lib/jvm/java-17-openjdk-amd64/bin/java
5563a9850000-5563a9851000 r-xp 00001000 103:02 3166030                   /usr/lib/jvm/java-17-openjdk-amd64/bin/java
5563a9851000-5563a9852000 r--p 00002000 103:02 3166030                   /usr/lib/jvm/java-17-openjdk-amd64/bin/java
5563a9852000-5563a9853000 r--p 00002000 103:02 3166030                   /usr/lib/jvm/java-17-openjdk-amd64/bin/java
5563a9853000-5563a9854000 rw-p 00003000 103:02 3166030                   /usr/lib/jvm/java-17-openjdk-amd64/bin/java
5563aa766000-5563aa7ad000 rw-p 00000000 00:00 0                          [heap]
7fb938000000-7fb938021000 rw-p 00000000 00:00 0 
7fb938021000-7fb93c000000 ---p 00000000 00:00 0 
7fb940000000-7fb940021000 rw-p 00000000 00:00 0 
7fb940021000-7fb944000000 ---p 00000000 00:00 0 
7fb944000000-7fb944021000 rw-p 00000000 00:00 0 
7fb944021000-7fb948000000 ---p 00000000 00:00 0 
7fb948000000-7fb948021000 rw-p 00000000 00:00 0 
7fb948021000-7fb94c000000 ---p 00000000 00:00 0 
7fb94f6ff000-7fb94f703000 ---p 00000000 00:00 0 
7fb94f703000-7fb94f900000 rw-p 00000000 00:00 0 
7fb94f900000-7fb94f950000 rw-p 00000000 00:00 0 
7fb94f950000-7fb94fa00000 ---p 00000000 00:00 0 
7fb94fa00000-7fb94fb30000 rw-p 00000000 00:00 0 
7fb94fb30000-7fb950000000 ---p 00000000 00:00 0 
7fb950000000-7fb950021000 rw-p 00000000 00:00 0 
7fb950021000-7fb954000000 ---p 00000000 00:00 0 
7fb954000000-7fb9541f1000 rw-p 00000000 00:00 0 
7fb9541f1000-7fb958000000 ---p 00000000 00:00 0 
7fb958000000-7fb958021000 rw-p 00000000 00:00 0 
7fb958021000-7fb95c000000 ---p 00000000 00:00 0 
7fb95c000000-7fb95c021000 rw-p 00000000 00:00 0 
7fb95c021000-7fb960000000 ---p 00000000 00:00 0 
7fb960000000-7fb960021000 rw-p 00000000 00:00 0 
7fb960021000-7fb964000000 ---p 00000000 00:00 0 
7fb964000000-7fb964021000 rw-p 00000000 00:00 0 
7fb964021000-7fb968000000 ---p 00000000 00:00 0 
7fb968000000-7fb968021000 rw-p 00000000 00:00 0 
7fb968021000-7fb96c000000 ---p 00000000 00:00 0 
7fb96c000000-7fb96c021000 rw-p 00000000 00:00 0 
7fb96c021000-7fb970000000 ---p 00000000 00:00 0 
7fb970000000-7fb970021000 rw-p 00000000 00:00 0 
7fb970021000-7fb974000000 ---p 00000000 00:00 0 
7fb974000000-7fb974021000 rw-p 00000000 00:00 0 
7fb974021000-7fb978000000 ---p 00000000 00:00 0 
7fb978000000-7fb978269000 rw-p 00000000 00:00 0 
7fb978269000-7fb97c000000 ---p 00000000 00:00 0 
7fb97c000000-7fb97c021000 rw-p 00000000 00:00 0 
7fb97c021000-7fb980000000 ---p 00000000 00:00 0 
7fb980000000-7fb98010d000 rw-p 00000000 00:00 0 
7fb98010d000-7fb984000000 ---p 00000000 00:00 0 
7fb984000000-7fb984416000 rw-p 00000000 00:00 0 
7fb984416000-7fb988000000 ---p 00000000 00:00 0 
7fb988000000-7fb988021000 rw-p 00000000 00:00 0 
7fb988021000-7fb98c000000 ---p 00000000 00:00 0 
7fb98c000000-7fb98c068000 rw-p 00000000 00:00 0 
7fb98c068000-7fb990000000 ---p 00000000 00:00 0 
7fb990000000-7fb990178000 rw-p 00000000 00:00 0 
7fb990178000-7fb994000000 ---p 00000000 00:00 0 
7fb994000000-7fb994021000 rw-p 00000000 00:00 0 
7fb994021000-7fb998000000 ---p 00000000 00:00 0 
7fb998000000-7fb998021000 rw-p 00000000 00:00 0 
7fb998021000-7fb99c000000 ---p 00000000 00:00 0 
7fb99c000000-7fb99c336000 rw-p 00000000 00:00 0 
7fb99c336000-7fb9a0000000 ---p 00000000 00:00 0 
7fb9a0000000-7fb9a0021000 rw-p 00000000 00:00 0 
7fb9a0021000-7fb9a4000000 ---p 00000000 00:00 0 
7fb9a4000000-7fb9a4021000 rw-p 00000000 00:00 0 
7fb9a4021000-7fb9a8000000 ---p 00000000 00:00 0 
7fb9a8000000-7fb9a8021000 rw-p 00000000 00:00 0 
7fb9a8021000-7fb9ac000000 ---p 00000000 00:00 0 
7fb9ac000000-7fb9ac021000 rw-p 00000000 00:00 0 
7fb9ac021000-7fb9b0000000 ---p 00000000 00:00 0 
7fb9b0000000-7fb9b0021000 rw-p 00000000 00:00 0 
7fb9b0021000-7fb9b4000000 ---p 00000000 00:00 0 
7fb9b40e5000-7fb9b40e6000 ---p 00000000 00:00 0 
7fb9b40e6000-7fb9b41e7000 rw-p 00000000 00:00 0 
7fb9b41e7000-7fb9b41e8000 ---p 00000000 00:00 0 
7fb9b41e8000-7fb9b42e9000 rw-p 00000000 00:00 0 
7fb9b42e9000-7fb9b42ed000 ---p 00000000 00:00 0 
7fb9b42ed000-7fb9b43ea000 rw-p 00000000 00:00 0 
7fb9b43ea000-7fb9b43fa000 r-xp 00000000 00:28 144646696                  /home/infoetu/quentin.moutte.etu/.config/VSCodium/User/globalStorage/redhat.java/1.18.0/config_linux/org.eclipse.equinox.launcher/org.eclipse.equinox.launcher.gtk.linux.x86_64_1.2.700.v20221108-1024/eclipse_11801.so
7fb9b43fa000-7fb9b45f9000 ---p 00010000 00:28 144646696                  /home/infoetu/quentin.moutte.etu/.config/VSCodium/User/globalStorage/redhat.java/1.18.0/config_linux/org.eclipse.equinox.launcher/org.eclipse.equinox.launcher.gtk.linux.x86_64_1.2.700.v20221108-1024/eclipse_11801.so
7fb9b45f9000-7fb9b45fa000 r--p 0000f000 00:28 144646696                  /home/infoetu/quentin.moutte.etu/.config/VSCodium/User/globalStorage/redhat.java/1.18.0/config_linux/org.eclipse.equinox.launcher/org.eclipse.equinox.launcher.gtk.linux.x86_64_1.2.700.v20221108-1024/eclipse_11801.so
7fb9b45fa000-7fb9b45fb000 rw-p 00010000 00:28 144646696                  /home/infoetu/quentin.moutte.etu/.config/VSCodium/User/globalStorage/redhat.java/1.18.0/config_linux/org.eclipse.equinox.launcher/org.eclipse.equinox.launcher.gtk.linux.x86_64_1.2.700.v20221108-1024/eclipse_11801.so
7fb9b45fb000-7fb9b45fc000 rw-p 00000000 00:00 0 
7fb9b45fc000-7fb9b4600000 ---p 00000000 00:00 0 
7fb9b4600000-7fb9b46fd000 rw-p 00000000 00:00 0 
7fb9b46fd000-7fb9b4701000 ---p 00000000 00:00 0 
7fb9b4701000-7fb9b47fe000 rw-p 00000000 00:00 0 
7fb9b47fe000-7fb9b4802000 ---p 00000000 00:00 0 
7fb9b4802000-7fb9b48ff000 rw-p 00000000 00:00 0 
7fb9b48ff000-7fb9b4900000 ---p 00000000 00:00 0 
7fb9b4900000-7fb9b4a01000 rw-p 00000000 00:00 0 
7fb9b4a01000-7fb9b4a02000 ---p 00000000 00:00 0 
7fb9b4a02000-7fb9b4b03000 rw-p 00000000 00:00 0 
7fb9b4b03000-7fb9b4b04000 ---p 00000000 00:00 0 
7fb9b4b04000-7fb9b4c05000 rw-p 00000000 00:00 0 
7fb9b4c05000-7fb9b4c06000 ---p 00000000 00:00 0 
7fb9b4c06000-7fb9b4d07000 rw-p 00000000 00:00 0 
7fb9b4d07000-7fb9b4d08000 ---p 00000000 00:00 0 
7fb9b4d08000-7fb9b4e09000 rw-p 00000000 00:00 0 
7fb9b4e09000-7fb9b4e0a000 ---p 00000000 00:00 0 
7fb9b4e0a000-7fb9b4f0b000 rw-p 00000000 00:00 0 
7fb9b4f0b000-7fb9b4f0f000 ---p 00000000 00:00 0 
7fb9b4f0f000-7fb9b500c000 rw-p 00000000 00:00 0 
7fb9b500c000-7fb9b5010000 ---p 00000000 00:00 0 
7fb9b5010000-7fb9b510d000 rw-p 00000000 00:00 0 
7fb9b510d000-7fb9b5111000 ---p 00000000 00:00 0 
7fb9b5111000-7fb9b520e000 rw-p 00000000 00:00 0 
7fb9b520e000-7fb9b5212000 ---p 00000000 00:00 0 
7fb9b5212000-7fb9b530f000 rw-p 00000000 00:00 0 
7fb9b530f000-7fb9b5313000 ---p 00000000 00:00 0 
7fb9b5313000-7fb9b5410000 rw-p 00000000 00:00 0 
7fb9b5410000-7fb9b5414000 ---p 00000000 00:00 0 
7fb9b5414000-7fb9b5511000 rw-p 00000000 00:00 0 
7fb9b5511000-7fb9b5515000 ---p 00000000 00:00 0 
7fb9b5515000-7fb9b5612000 rw-p 00000000 00:00 0 
7fb9b5612000-7fb9b5616000 ---p 00000000 00:00 0 
7fb9b5616000-7fb9b5713000 rw-p 00000000 00:00 0 
7fb9b5713000-7fb9b5717000 ---p 00000000 00:00 0 
7fb9b5717000-7fb9b5814000 rw-p 00000000 00:00 0 
7fb9b5814000-7fb9b5818000 ---p 00000000 00:00 0 
7fb9b5818000-7fb9b5915000 rw-p 00000000 00:00 0 
7fb9b5915000-7fb9b5919000 ---p 00000000 00:00 0 
7fb9b5919000-7fb9b5a16000 rw-p 00000000 00:00 0 
7fb9b5a16000-7fb9b5a1a000 ---p 00000000 00:00 0 
7fb9b5a1a000-7fb9b5b17000 rw-p 00000000 00:00 0 
7fb9b5b17000-7fb9b5dfe000 r--p 00000000 103:02 3168159                   /usr/lib/locale/locale-archive
7fb9b5dfe000-7fb9b5e02000 ---p 00000000 00:00 0 
7fb9b5e02000-7fb9b5eff000 rw-p 00000000 00:00 0 
7fb9b5eff000-7fb9b5f03000 ---p 00000000 00:00 0 
7fb9b5f03000-7fb9b6400000 rw-p 00000000 00:00 0 
7fb9b6400000-7fb9b6700000 rw-p 00000000 00:00 0 
7fb9b6700000-7fb9b6800000 rw-p 00000000 00:00 0 
7fb9b68e8000-7fb9b68e9000 ---p 00000000 00:00 0 
7fb9b68e9000-7fb9b8000000 rw-p 00000000 00:00 0 
7fb9b8000000-7fb9b8021000 rw-p 00000000 00:00 0 
7fb9b8021000-7fb9bc000000 ---p 00000000 00:00 0 
7fb9bc027000-7fb9bc02c000 r--p 00000000 103:02 3191070                   /usr/lib/jvm/java-17-openjdk-amd64/lib/libjsvml.so
7fb9bc02c000-7fb9bc06d000 r-xp 00005000 103:02 3191070                   /usr/lib/jvm/java-17-openjdk-amd64/lib/libjsvml.so
7fb9bc06d000-7fb9bc0f6000 r--p 00046000 103:02 3191070                   /usr/lib/jvm/java-17-openjdk-amd64/lib/libjsvml.so
7fb9bc0f6000-7fb9bc0f7000 r--p 000ce000 103:02 3191070                   /usr/lib/jvm/java-17-openjdk-amd64/lib/libjsvml.so
7fb9bc0f7000-7fb9bc0f8000 rw-p 000cf000 103:02 3191070                   /usr/lib/jvm/java-17-openjdk-amd64/lib/libjsvml.so
7fb9bc0f8000-7fb9bd209000 rw-p 00000000 00:00 0 
7fb9bd209000-7fb9bd639000 rwxp 00000000 00:00 0 
7fb9bd639000-7fb9c4668000 ---p 00000000 00:00 0 
7fb9c4668000-7fb9c48d8000 rwxp 00000000 00:00 0 
7fb9c48d8000-7fb9c4da9000 ---p 00000000 00:00 0 
7fb9c4da9000-7fb9c5019000 rwxp 00000000 00:00 0 
7fb9c5019000-7fb9cc209000 ---p 00000000 00:00 0 
7fb9cc209000-7fb9d4000000 r--s 00000000 103:02 3192854                   /usr/lib/jvm/java-17-openjdk-amd64/lib/modules
7fb9d4000000-7fb9d459c000 rw-p 00000000 00:00 0 
7fb9d459c000-7fb9d8000000 ---p 00000000 00:00 0 
7fb9d8040000-7fb9d8044000 ---p 00000000 00:00 0 
7fb9d8044000-7fb9d8062000 rw-p 00000000 00:00 0 
7fb9d8062000-7fb9d8069000 r--s 00000000 103:02 3194164                   /usr/lib/x86_64-linux-gnu/gconv/gconv-modules.cache
7fb9d8069000-7fb9d808e000 r--p 00000000 103:02 3152389                   /usr/share/locale/fr/LC_MESSAGES/libc.mo
7fb9d808e000-7fb9d8092000 r--p 00000000 103:02 3192852                   /usr/lib/jvm/java-17-openjdk-amd64/lib/libverify.so
7fb9d8092000-7fb9d8099000 r-xp 00004000 103:02 3192852                   /usr/lib/jvm/java-17-openjdk-amd64/lib/libverify.so
7fb9d8099000-7fb9d809b000 r--p 0000b000 103:02 3192852                   /usr/lib/jvm/java-17-openjdk-amd64/lib/libverify.so
7fb9d809b000-7fb9d809d000 r--p 0000c000 103:02 3192852                   /usr/lib/jvm/java-17-openjdk-amd64/lib/libverify.so
7fb9d809d000-7fb9d809e000 rw-p 0000e000 103:02 3192852                   /usr/lib/jvm/java-17-openjdk-amd64/lib/libverify.so
7fb9d809e000-7fb9d80a2000 r--p 00000000 103:02 3191076                   /usr/lib/jvm/java-17-openjdk-amd64/lib/libnet.so
7fb9d80a2000-7fb9d80b0000 r-xp 00004000 103:02 3191076                   /usr/lib/jvm/java-17-openjdk-amd64/lib/libnet.so
7fb9d80b0000-7fb9d80b4000 r--p 00012000 103:02 3191076                   /usr/lib/jvm/java-17-openjdk-amd64/lib/libnet.so
7fb9d80b4000-7fb9d80b5000 r--p 00015000 103:02 3191076                   /usr/lib/jvm/java-17-openjdk-amd64/lib/libnet.so
7fb9d80b5000-7fb9d80b6000 rw-p 00016000 103:02 3191076                   /usr/lib/jvm/java-17-openjdk-amd64/lib/libnet.so
7fb9d80b6000-7fb9d80bc000 r--p 00000000 103:02 3191077                   /usr/lib/jvm/java-17-openjdk-amd64/lib/libnio.so
7fb9d80bc000-7fb9d80c4000 r-xp 00006000 103:02 3191077                   /usr/lib/jvm/java-17-openjdk-amd64/lib/libnio.so
7fb9d80c4000-7fb9d80c8000 r--p 0000e000 103:02 3191077                   /usr/lib/jvm/java-17-openjdk-amd64/lib/libnio.so
7fb9d80c8000-7fb9d80c9000 ---p 00012000 103:02 3191077                   /usr/lib/jvm/java-17-openjdk-amd64/lib/libnio.so
7fb9d80c9000-7fb9d80ca000 r--p 00012000 103:02 3191077                   /usr/lib/jvm/java-17-openjdk-amd64/lib/libnio.so
7fb9d80ca000-7fb9d80cb000 rw-p 00013000 103:02 3191077                   /usr/lib/jvm/java-17-openjdk-amd64/lib/libnio.so
7fb9d80cb000-7fb9da721000 rw-p 00000000 00:00 0 
7fb9da721000-7fb9da855000 ---p 00000000 00:00 0 
7fb9da855000-7fb9da856000 ---p 00000000 00:00 0 
7fb9da856000-7fb9da979000 rw-p 00000000 00:00 0 
7fb9da979000-7fb9daaac000 ---p 00000000 00:00 0 
7fb9daaac000-7fb9daabd000 rw-p 00000000 00:00 0 
7fb9daabd000-7fb9dab57000 ---p 00000000 00:00 0 
7fb9dab57000-7fb9dab5d000 rw-p 00000000 00:00 0 
7fb9dab5d000-7fb9dac41000 ---p 00000000 00:00 0 
7fb9dac41000-7fb9dac4a000 rw-p 00000000 00:00 0 
7fb9dac4a000-7fb9dad2a000 ---p 00000000 00:00 0 
7fb9dad2a000-7fb9db5fe000 r--s 00000000 103:02 789470                    /var/lib/sss/mc/passwd
7fb9db5fe000-7fb9db600000 r--p 00000000 103:02 3175991                   /usr/lib/x86_64-linux-gnu/libnss_sss.so.2
7fb9db600000-7fb9db607000 r-xp 00002000 103:02 3175991                   /usr/lib/x86_64-linux-gnu/libnss_sss.so.2
7fb9db607000-7fb9db609000 r--p 00009000 103:02 3175991                   /usr/lib/x86_64-linux-gnu/libnss_sss.so.2
7fb9db609000-7fb9db60a000 r--p 0000a000 103:02 3175991                   /usr/lib/x86_64-linux-gnu/libnss_sss.so.2
7fb9db60a000-7fb9db60b000 rw-p 0000b000 103:02 3175991                   /usr/lib/x86_64-linux-gnu/libnss_sss.so.2
7fb9db60b000-7fb9db60d000 r--p 00000000 103:02 3177338                   /usr/lib/x86_64-linux-gnu/libnss_compat-2.31.so
7fb9db60d000-7fb9db613000 r-xp 00002000 103:02 3177338                   /usr/lib/x86_64-linux-gnu/libnss_compat-2.31.so
7fb9db613000-7fb9db614000 r--p 00008000 103:02 3177338                   /usr/lib/x86_64-linux-gnu/libnss_compat-2.31.so
7fb9db614000-7fb9db615000 ---p 00009000 103:02 3177338                   /usr/lib/x86_64-linux-gnu/libnss_compat-2.31.so
7fb9db615000-7fb9db616000 r--p 00009000 103:02 3177338                   /usr/lib/x86_64-linux-gnu/libnss_compat-2.31.so
7fb9db616000-7fb9db617000 rw-p 0000a000 103:02 3177338                   /usr/lib/x86_64-linux-gnu/libnss_compat-2.31.so
7fb9db61b000-7fb9db620000 rw-p 00000000 00:00 0 
7fb9db620000-7fb9db62a000 ---p 00000000 00:00 0 
7fb9db62a000-7fb9db62c000 r--s 0000c000 103:02 3682863                   /usr/share/java/java-atk-wrapper.jar
7fb9db62c000-7fb9db62e000 r--p 00000000 103:02 3192853                   /usr/lib/jvm/java-17-openjdk-amd64/lib/libzip.so
7fb9db62e000-7fb9db632000 r-xp 00002000 103:02 3192853                   /usr/lib/jvm/java-17-openjdk-amd64/lib/libzip.so
7fb9db632000-7fb9db634000 r--p 00006000 103:02 3192853                   /usr/lib/jvm/java-17-openjdk-amd64/lib/libzip.so
7fb9db634000-7fb9db635000 r--p 00007000 103:02 3192853                   /usr/lib/jvm/java-17-openjdk-amd64/lib/libzip.so
7fb9db635000-7fb9db636000 rw-p 00008000 103:02 3192853                   /usr/lib/jvm/java-17-openjdk-amd64/lib/libzip.so
7fb9db636000-7fb9db642000 r--p 00000000 103:02 3191062                   /usr/lib/jvm/java-17-openjdk-amd64/lib/libjava.so
7fb9db642000-7fb9db654000 r-xp 0000c000 103:02 3191062                   /usr/lib/jvm/java-17-openjdk-amd64/lib/libjava.so
7fb9db654000-7fb9db65a000 r--p 0001e000 103:02 3191062                   /usr/lib/jvm/java-17-openjdk-amd64/lib/libjava.so
7fb9db65a000-7fb9db65b000 ---p 00024000 103:02 3191062                   /usr/lib/jvm/java-17-openjdk-amd64/lib/libjava.so
7fb9db65b000-7fb9db65c000 r--p 00024000 103:02 3191062                   /usr/lib/jvm/java-17-openjdk-amd64/lib/libjava.so
7fb9db65c000-7fb9db65d000 rw-p 00025000 103:02 3191062                   /usr/lib/jvm/java-17-openjdk-amd64/lib/libjava.so
7fb9db65d000-7fb9db65e000 rw-p 00000000 00:00 0 
7fb9db65e000-7fb9db662000 ---p 00000000 00:00 0 
7fb9db662000-7fb9db75f000 rw-p 00000000 00:00 0 
7fb9db75f000-7fb9db762000 r--p 00000000 103:02 3147348                   /usr/lib/x86_64-linux-gnu/libgcc_s.so.1
7fb9db762000-7fb9db773000 r-xp 00003000 103:02 3147348                   /usr/lib/x86_64-linux-gnu/libgcc_s.so.1
7fb9db773000-7fb9db777000 r--p 00014000 103:02 3147348                   /usr/lib/x86_64-linux-gnu/libgcc_s.so.1
7fb9db777000-7fb9db778000 r--p 00017000 103:02 3147348                   /usr/lib/x86_64-linux-gnu/libgcc_s.so.1
7fb9db778000-7fb9db779000 rw-p 00018000 103:02 3147348                   /usr/lib/x86_64-linux-gnu/libgcc_s.so.1
7fb9db779000-7fb9db786000 r--p 00000000 103:02 3168944                   /usr/lib/x86_64-linux-gnu/libm-2.31.so
7fb9db786000-7fb9db820000 r-xp 0000d000 103:02 3168944                   /usr/lib/x86_64-linux-gnu/libm-2.31.so
7fb9db820000-7fb9db8bb000 r--p 000a7000 103:02 3168944                   /usr/lib/x86_64-linux-gnu/libm-2.31.so
7fb9db8bb000-7fb9db8bc000 r--p 00141000 103:02 3168944                   /usr/lib/x86_64-linux-gnu/libm-2.31.so
7fb9db8bc000-7fb9db8bd000 rw-p 00142000 103:02 3168944                   /usr/lib/x86_64-linux-gnu/libm-2.31.so
7fb9db8bd000-7fb9db953000 r--p 00000000 103:02 3148088                   /usr/lib/x86_64-linux-gnu/libstdc++.so.6.0.28
7fb9db953000-7fb9dba2f000 r-xp 00096000 103:02 3148088                   /usr/lib/x86_64-linux-gnu/libstdc++.so.6.0.28
7fb9dba2f000-7fb9dba79000 r--p 00172000 103:02 3148088                   /usr/lib/x86_64-linux-gnu/libstdc++.so.6.0.28
7fb9dba79000-7fb9dba84000 r--p 001bb000 103:02 3148088                   /usr/lib/x86_64-linux-gnu/libstdc++.so.6.0.28
7fb9dba84000-7fb9dba87000 rw-p 001c6000 103:02 3148088                   /usr/lib/x86_64-linux-gnu/libstdc++.so.6.0.28
7fb9dba87000-7fb9dba8a000 rw-p 00000000 00:00 0 
7fb9dba8a000-7fb9dbcda000 r--p 00000000 103:02 3561119                   /usr/lib/jvm/java-17-openjdk-amd64/lib/server/libjvm.so
7fb9dbcda000-7fb9dca27000 r-xp 00250000 103:02 3561119                   /usr/lib/jvm/java-17-openjdk-amd64/lib/server/libjvm.so
7fb9dca27000-7fb9dccb0000 r--p 00f9d000 103:02 3561119                   /usr/lib/jvm/java-17-openjdk-amd64/lib/server/libjvm.so
7fb9dccb0000-7fb9dccb1000 ---p 01226000 103:02 3561119                   /usr/lib/jvm/java-17-openjdk-amd64/lib/server/libjvm.so
7fb9dccb1000-7fb9dcd69000 r--p 01226000 103:02 3561119                   /usr/lib/jvm/java-17-openjdk-amd64/lib/server/libjvm.so
7fb9dcd69000-7fb9dcd9e000 rw-p 012de000 103:02 3561119                   /usr/lib/jvm/java-17-openjdk-amd64/lib/server/libjvm.so
7fb9dcd9e000-7fb9dcdf9000 rw-p 00000000 00:00 0 
7fb9dcdf9000-7fb9dcdff000 r--p 00000000 103:02 3177343                   /usr/lib/x86_64-linux-gnu/libpthread-2.31.so
7fb9dcdff000-7fb9dce0f000 r-xp 00006000 103:02 3177343                   /usr/lib/x86_64-linux-gnu/libpthread-2.31.so
7fb9dce0f000-7fb9dce15000 r--p 00016000 103:02 3177343                   /usr/lib/x86_64-linux-gnu/libpthread-2.31.so
7fb9dce15000-7fb9dce16000 r--p 0001b000 103:02 3177343                   /usr/lib/x86_64-linux-gnu/libpthread-2.31.so
7fb9dce16000-7fb9dce17000 rw-p 0001c000 103:02 3177343                   /usr/lib/x86_64-linux-gnu/libpthread-2.31.so
7fb9dce17000-7fb9dce1b000 rw-p 00000000 00:00 0 
7fb9dce1b000-7fb9dce1c000 r--p 00000000 103:02 3168943                   /usr/lib/x86_64-linux-gnu/libdl-2.31.so
7fb9dce1c000-7fb9dce1e000 r-xp 00001000 103:02 3168943                   /usr/lib/x86_64-linux-gnu/libdl-2.31.so
7fb9dce1e000-7fb9dce1f000 r--p 00003000 103:02 3168943                   /usr/lib/x86_64-linux-gnu/libdl-2.31.so
7fb9dce1f000-7fb9dce20000 r--p 00003000 103:02 3168943                   /usr/lib/x86_64-linux-gnu/libdl-2.31.so
7fb9dce20000-7fb9dce21000 rw-p 00004000 103:02 3168943                   /usr/lib/x86_64-linux-gnu/libdl-2.31.so
7fb9dce21000-7fb9dce24000 r--p 00000000 103:02 3147157                   /usr/lib/x86_64-linux-gnu/libz.so.1.2.11
7fb9dce24000-7fb9dce35000 r-xp 00003000 103:02 3147157                   /usr/lib/x86_64-linux-gnu/libz.so.1.2.11
7fb9dce35000-7fb9dce3b000 r--p 00014000 103:02 3147157                   /usr/lib/x86_64-linux-gnu/libz.so.1.2.11
7fb9dce3b000-7fb9dce3c000 ---p 0001a000 103:02 3147157                   /usr/lib/x86_64-linux-gnu/libz.so.1.2.11
7fb9dce3c000-7fb9dce3d000 r--p 0001a000 103:02 3147157                   /usr/lib/x86_64-linux-gnu/libz.so.1.2.11
7fb9dce3d000-7fb9dce3e000 rw-p 0001b000 103:02 3147157                   /usr/lib/x86_64-linux-gnu/libz.so.1.2.11
7fb9dce3e000-7fb9dce60000 r--p 00000000 103:02 3168942                   /usr/lib/x86_64-linux-gnu/libc-2.31.so
7fb9dce60000-7fb9dcfb9000 r-xp 00022000 103:02 3168942                   /usr/lib/x86_64-linux-gnu/libc-2.31.so
7fb9dcfb9000-7fb9dd008000 r--p 0017b000 103:02 3168942                   /usr/lib/x86_64-linux-gnu/libc-2.31.so
7fb9dd008000-7fb9dd00c000 r--p 001c9000 103:02 3168942                   /usr/lib/x86_64-linux-gnu/libc-2.31.so
7fb9dd00c000-7fb9dd00e000 rw-p 001cd000 103:02 3168942                   /usr/lib/x86_64-linux-gnu/libc-2.31.so
7fb9dd00e000-7fb9dd012000 rw-p 00000000 00:00 0 
7fb9dd012000-7fb9dd01a000 rw-s 00000000 103:02 1837533                   /tmp/hsperfdata_quentin.moutte.etu/88044
7fb9dd01a000-7fb9dd01b000 r--p 00000000 103:02 3191052                   /usr/lib/jvm/java-17-openjdk-amd64/lib/libinstrument.so
7fb9dd01b000-7fb9dd021000 r-xp 00001000 103:02 3191052                   /usr/lib/jvm/java-17-openjdk-amd64/lib/libinstrument.so
7fb9dd021000-7fb9dd024000 r--p 00007000 103:02 3191052                   /usr/lib/jvm/java-17-openjdk-amd64/lib/libinstrument.so
7fb9dd024000-7fb9dd025000 r--p 00009000 103:02 3191052                   /usr/lib/jvm/java-17-openjdk-amd64/lib/libinstrument.so
7fb9dd025000-7fb9dd026000 rw-p 0000a000 103:02 3191052                   /usr/lib/jvm/java-17-openjdk-amd64/lib/libinstrument.so
7fb9dd026000-7fb9dd027000 ---p 00000000 00:00 0 
7fb9dd027000-7fb9dd028000 r--p 00000000 00:00 0 
7fb9dd028000-7fb9dd02a000 r--p 00000000 103:02 3191066                   /usr/lib/jvm/java-17-openjdk-amd64/lib/libjimage.so
7fb9dd02a000-7fb9dd02d000 r-xp 00002000 103:02 3191066                   /usr/lib/jvm/java-17-openjdk-amd64/lib/libjimage.so
7fb9dd02d000-7fb9dd02e000 r--p 00005000 103:02 3191066                   /usr/lib/jvm/java-17-openjdk-amd64/lib/libjimage.so
7fb9dd02e000-7fb9dd02f000 ---p 00006000 103:02 3191066                   /usr/lib/jvm/java-17-openjdk-amd64/lib/libjimage.so
7fb9dd02f000-7fb9dd030000 r--p 00006000 103:02 3191066                   /usr/lib/jvm/java-17-openjdk-amd64/lib/libjimage.so
7fb9dd030000-7fb9dd031000 rw-p 00007000 103:02 3191066                   /usr/lib/jvm/java-17-openjdk-amd64/lib/libjimage.so
7fb9dd031000-7fb9dd033000 r--p 00000000 103:02 3191067                   /usr/lib/jvm/java-17-openjdk-amd64/lib/libjli.so
7fb9dd033000-7fb9dd03d000 r-xp 00002000 103:02 3191067                   /usr/lib/jvm/java-17-openjdk-amd64/lib/libjli.so
7fb9dd03d000-7fb9dd040000 r--p 0000c000 103:02 3191067                   /usr/lib/jvm/java-17-openjdk-amd64/lib/libjli.so
7fb9dd040000-7fb9dd041000 ---p 0000f000 103:02 3191067                   /usr/lib/jvm/java-17-openjdk-amd64/lib/libjli.so
7fb9dd041000-7fb9dd042000 r--p 0000f000 103:02 3191067                   /usr/lib/jvm/java-17-openjdk-amd64/lib/libjli.so
7fb9dd042000-7fb9dd043000 rw-p 00010000 103:02 3191067                   /usr/lib/jvm/java-17-openjdk-amd64/lib/libjli.so
7fb9dd043000-7fb9dd045000 rw-p 00000000 00:00 0 
7fb9dd045000-7fb9dd046000 r--p 00000000 103:02 3168849                   /usr/lib/x86_64-linux-gnu/ld-2.31.so
7fb9dd046000-7fb9dd066000 r-xp 00001000 103:02 3168849                   /usr/lib/x86_64-linux-gnu/ld-2.31.so
7fb9dd066000-7fb9dd06e000 r--p 00021000 103:02 3168849                   /usr/lib/x86_64-linux-gnu/ld-2.31.so
7fb9dd06e000-7fb9dd06f000 ---p 00000000 00:00 0 
7fb9dd06f000-7fb9dd070000 r--p 00029000 103:02 3168849                   /usr/lib/x86_64-linux-gnu/ld-2.31.so
7fb9dd070000-7fb9dd071000 rw-p 0002a000 103:02 3168849                   /usr/lib/x86_64-linux-gnu/ld-2.31.so
7fb9dd071000-7fb9dd072000 rw-p 00000000 00:00 0 
7ffcada31000-7ffcada52000 rw-p 00000000 00:00 0                          [stack]
7ffcadb1f000-7ffcadb23000 r--p 00000000 00:00 0                          [vvar]
7ffcadb23000-7ffcadb25000 r-xp 00000000 00:00 0                          [vdso]


VM Arguments:
jvm_args: --add-modules=ALL-SYSTEM --add-opens=java.base/java.util=ALL-UNNAMED --add-opens=java.base/java.lang=ALL-UNNAMED --add-opens=java.base/sun.nio.fs=ALL-UNNAMED -Declipse.application=org.eclipse.jdt.ls.core.id1 -Dosgi.bundles.defaultStartLevel=4 -Declipse.product=org.eclipse.jdt.ls.core.product -Djava.import.generatesMetadataFilesAtProjectRoot=false -Dfile.encoding=utf8 -XX:+UseParallelGC -XX:GCTimeRatio=4 -XX:AdaptiveSizePolicyWeight=90 -Dsun.zip.disableMemoryMapping=true -Xmx1G -Xms100m -Xlog:disable -javaagent:/home/infoetu/quentin.moutte.etu/.vscode-oss/extensions/redhat.java-1.18.0-universal/lombok/lombok-1.18.27.jar -XX:+HeapDumpOnOutOfMemoryError -XX:HeapDumpPath=/home/infoetu/quentin.moutte.etu/.config/VSCodium/User/workspaceStorage/bba4e4735a77dc069042abacbee27294/redhat.java -Daether.dependencyCollector.impl=bf 
java_command: /home/infoetu/quentin.moutte.etu/.vscode-oss/extensions/redhat.java-1.18.0-universal/server/plugins/org.eclipse.equinox.launcher_1.6.400.v20210924-0641.jar -configuration /home/infoetu/quentin.moutte.etu/.config/VSCodium/User/globalStorage/redhat.java/1.18.0/config_linux -data /home/infoetu/quentin.moutte.etu/.config/VSCodium/User/workspaceStorage/bba4e4735a77dc069042abacbee27294/redhat.java/jdt_ws
java_class_path (initial): /home/infoetu/quentin.moutte.etu/.vscode-oss/extensions/redhat.java-1.18.0-universal/server/plugins/org.eclipse.equinox.launcher_1.6.400.v20210924-0641.jar
Launcher Type: SUN_STANDARD

[Global flags]
    uintx AdaptiveSizePolicyWeight                 = 90                                        {product} {command line}
     intx CICompilerCount                          = 12                                        {product} {ergonomic}
    uintx GCTimeRatio                              = 4                                         {product} {command line}
     bool HeapDumpOnOutOfMemoryError               = true                                   {manageable} {command line}
    ccstr HeapDumpPath                             = /home/infoetu/quentin.moutte.etu/.config/VSCodium/User/workspaceStorage/bba4e4735a77dc069042abacbee27294/redhat.java         {manageable} {command line}
   size_t InitialHeapSize                          = 104857600                                 {product} {command line}
   size_t MaxHeapSize                              = 1073741824                                {product} {command line}
   size_t MaxNewSize                               = 357564416                                 {product} {ergonomic}
   size_t MinHeapDeltaBytes                        = 524288                                    {product} {ergonomic}
   size_t MinHeapSize                              = 104857600                                 {product} {command line}
   size_t NewSize                                  = 34603008                                  {product} {ergonomic}
    uintx NonNMethodCodeHeapSize                   = 7602480                                {pd product} {ergonomic}
    uintx NonProfiledCodeHeapSize                  = 122027880                              {pd product} {ergonomic}
   size_t OldSize                                  = 70254592                                  {product} {ergonomic}
    uintx ProfiledCodeHeapSize                     = 122027880                              {pd product} {ergonomic}
    uintx ReservedCodeCacheSize                    = 251658240                              {pd product} {ergonomic}
     bool SegmentedCodeCache                       = true                                      {product} {ergonomic}
   size_t SoftMaxHeapSize                          = 1073741824                             {manageable} {ergonomic}
     bool UseCompressedClassPointers               = true                           {product lp64_product} {ergonomic}
     bool UseCompressedOops                        = true                           {product lp64_product} {ergonomic}
     bool UseParallelGC                            = true                                      {product} {command line}

Logging:
Log output configuration:
 #0: stdout all=off uptime,level,tags
 #1: stderr all=off uptime,level,tags

Environment Variables:
PATH=/usr/local/bin:/usr/bin:/bin:/usr/local/games:/usr/games
SHELL=/bin/bash
DISPLAY=:0
LANG=fr_FR.UTF-8

Signal Handlers:
   SIGSEGV: 0x00007fb9dc9a7290 in libjvm.so+15848080, mask=11100100010111111101111111111110, flags=SA_RESTART|SA_SIGINFO
    SIGBUS: 0x00007fb9dc9a7290 in libjvm.so+15848080, mask=11100100010111111101111111111110, flags=SA_RESTART|SA_SIGINFO
    SIGFPE: 0x00007fb9dc9a7290 in libjvm.so+15848080, mask=11100100010111111101111111111110, flags=SA_RESTART|SA_SIGINFO
   SIGPIPE: 0x00007fb9dc84eca0 in libjvm.so+14437536, mask=11100100010111111101111111111110, flags=SA_RESTART|SA_SIGINFO
   SIGXFSZ: 0x00007fb9dc84eca0 in libjvm.so+14437536, mask=11100100010111111101111111111110, flags=SA_RESTART|SA_SIGINFO
    SIGILL: 0x00007fb9dc9a7290 in libjvm.so+15848080, mask=11100100010111111101111111111110, flags=SA_RESTART|SA_SIGINFO
   SIGUSR2: 0x00007fb9dc84e340 in libjvm.so+14435136, mask=00000000000000000000000000000000, flags=SA_RESTART|SA_SIGINFO
    SIGHUP: 0x00007fb9dc84e270 in libjvm.so+14434928, mask=11100100010111111101111111111110, flags=SA_RESTART|SA_SIGINFO
    SIGINT: 0x00007fb9dc84e270 in libjvm.so+14434928, mask=11100100010111111101111111111110, flags=SA_RESTART|SA_SIGINFO
   SIGTERM: 0x00007fb9dc84e270 in libjvm.so+14434928, mask=11100100010111111101111111111110, flags=SA_RESTART|SA_SIGINFO
   SIGQUIT: 0x00007fb9dc84e270 in libjvm.so+14434928, mask=11100100010111111101111111111110, flags=SA_RESTART|SA_SIGINFO
   SIGTRAP: 0x00007fb9dc9a7290 in libjvm.so+15848080, mask=11100100010111111101111111111110, flags=SA_RESTART|SA_SIGINFO


---------------  S Y S T E M  ---------------

OS:
PRETTY_NAME="Debian GNU/Linux 11 (bullseye)"
NAME="Debian GNU/Linux"
VERSION_ID="11"
VERSION="11 (bullseye)"
VERSION_CODENAME=bullseye
ID=debian
HOME_URL="https://www.debian.org/"
SUPPORT_URL="https://www.debian.org/support"
BUG_REPORT_URL="https://bugs.debian.org/"
uname: Linux 5.10.0-17-amd64 #1 SMP Debian 5.10.136-1 (2022-08-13) x86_64
OS uptime: 6 days 5:21 hours
libc: glibc 2.31 NPTL 2.31 
rlimit (soft/hard): STACK 8192k/infinity , CORE 0k/infinity , NPROC 4096/4096 , NOFILE 1048576/1048576 , AS infinity/infinity , CPU infinity/infinity , DATA infinity/infinity , FSIZE infinity/infinity , MEMLOCK 4081737k/4081737k
load average: 2,71 1,24 0,90

/proc/meminfo:
MemTotal:       32653900 kB
MemFree:        26116640 kB
MemAvailable:   29722236 kB
Buffers:          566136 kB
Cached:          3658524 kB
SwapCached:            0 kB
Active:          1997728 kB
Inactive:        3590260 kB
Active(anon):       3504 kB
Inactive(anon):  1807404 kB
Active(file):    1994224 kB
Inactive(file):  1782856 kB
Unevictable:      381436 kB
Mlocked:              64 kB
SwapTotal:      15999996 kB
SwapFree:       15999996 kB
Dirty:               208 kB
Writeback:             4 kB
AnonPages:       1721056 kB
Mapped:           660752 kB
Shmem:            447572 kB
KReclaimable:     292236 kB
Slab:             420936 kB
SReclaimable:     292236 kB
SUnreclaim:       128700 kB
KernelStack:       15904 kB
PageTables:        26068 kB
NFS_Unstable:          0 kB
Bounce:                0 kB
WritebackTmp:          0 kB
CommitLimit:    32326944 kB
Committed_AS:    6540744 kB
VmallocTotal:   34359738367 kB
VmallocUsed:       42948 kB
VmallocChunk:          0 kB
Percpu:            23104 kB
HardwareCorrupted:     0 kB
AnonHugePages:    378880 kB
ShmemHugePages:        0 kB
ShmemPmdMapped:        0 kB
FileHugePages:         0 kB
FilePmdMapped:         0 kB
HugePages_Total:       0
HugePages_Free:        0
HugePages_Rsvd:        0
HugePages_Surp:        0
Hugepagesize:       2048 kB
Hugetlb:               0 kB
DirectMap4k:      363112 kB
DirectMap2M:    15136768 kB
DirectMap1G:    17825792 kB

/sys/kernel/mm/transparent_hugepage/enabled: [always] madvise never
/sys/kernel/mm/transparent_hugepage/defrag (defrag/compaction efforts parameter): always defer defer+madvise [madvise] never

Process Memory:
Virtual Size: 4689592K (peak: 4755128K)
Resident Set Size: 107820K (peak: 107820K) (anon: 79980K, file: 27840K, shmem: 0K)
Swapped out: 0K
C-Heap outstanding allocations: 60897K, retained: 6590K
glibc malloc tunables: (default)

/proc/sys/kernel/threads-max (system-wide limit on the number of threads): 254542
/proc/sys/vm/max_map_count (maximum number of memory map areas a process may have): 65530
/proc/sys/kernel/pid_max (system-wide limit on number of process identifiers): 4194304

container (cgroup) information:
container_type: cgroupv2
cpu_cpuset_cpus: not supported
cpu_memory_nodes: not supported
active_processor_count: 16
cpu_quota: not supported
cpu_period: not supported
cpu_shares: not supported
memory_limit_in_bytes: unlimited
memory_and_swap_limit_in_bytes: unlimited
memory_soft_limit_in_bytes: unlimited
memory_usage_in_bytes: 2426996 k
memory_max_usage_in_bytes: not supported
memory_swap_current_in_bytes: unlimited
memory_swap_max_limit_in_bytes: unlimited
maximum number of tasks: unlimited
current number of tasks: 525

Steal ticks since vm start: 0
Steal ticks percentage since vm start:  0,000

CPU: total 16 (initial active 16) (8 cores per cpu, 2 threads per core) family 6 model 165 stepping 5 microcode 0xf0, cx8, cmov, fxsr, ht, mmx, 3dnowpref, sse, sse2, sse3, ssse3, sse4.1, sse4.2, popcnt, lzcnt, tsc, tscinvbit, avx, avx2, aes, erms, clmul, bmi1, bmi2, adx, fma, vzeroupper, clflush, clflushopt
CPU Model and flags from /proc/cpuinfo:
model name	: Intel(R) Core(TM) i7-10700 CPU @ 2.90GHz
flags		: fpu vme de pse tsc msr pae mce cx8 apic sep mtrr pge mca cmov pat pse36 clflush dts acpi mmx fxsr sse sse2 ss ht tm pbe syscall nx pdpe1gb rdtscp lm constant_tsc art arch_perfmon pebs bts rep_good nopl xtopology nonstop_tsc cpuid aperfmperf pni pclmulqdq dtes64 monitor ds_cpl vmx smx est tm2 ssse3 sdbg fma cx16 xtpr pdcm pcid sse4_1 sse4_2 x2apic movbe popcnt tsc_deadline_timer aes xsave avx f16c rdrand lahf_lm abm 3dnowprefetch cpuid_fault epb invpcid_single ssbd ibrs ibpb stibp ibrs_enhanced tpr_shadow vnmi flexpriority ept vpid ept_ad fsgsbase tsc_adjust bmi1 avx2 smep bmi2 erms invpcid mpx rdseed adx smap clflushopt intel_pt xsaveopt xsavec xgetbv1 xsaves dtherm ida arat pln pts hwp hwp_notify hwp_act_window hwp_epp pku ospke md_clear flush_l1d arch_capabilities

Online cpus: 0-15
Offline cpus: 
BIOS frequency limitation: <Not Available>
Frequency switch latency (ns): 0
Available cpu frequencies: <Not Available>
Current governor: powersave
Core performance/turbo boost: <Not Available>

Memory: 4k page, physical 32653900k(26116640k free), swap 15999996k(15999996k free)
Page Sizes: 4k

vm_info: OpenJDK 64-Bit Server VM (17.0.6+10-Debian-1deb11u1) for linux-amd64 JRE (17.0.6+10-Debian-1deb11u1), built on Jan 28 2023 20:09:51 by "buildd" with gcc 10.2.1 20210110

END.
