#
# A fatal error has been detected by the Java Runtime Environment:
#
#  SIGSEGV (0xb) at pc=0x00007f2d41d4f0e0, pid=88654, tid=88682
#
# JRE version: OpenJDK Runtime Environment (17.0.6+10) (build 17.0.6+10-Debian-1deb11u1)
# Java VM: OpenJDK 64-Bit Server VM (17.0.6+10-Debian-1deb11u1, mixed mode, sharing, tiered, compressed oops, compressed class ptrs, parallel gc, linux-amd64)
# Problematic frame:
# V  [libjvm.so+0xc4b0e0]
#
# No core dump will be written. Core dumps have been disabled. To enable core dumping, try "ulimit -c unlimited" before starting Java again
#
# If you would like to submit a bug report, please visit:
#   https://bugs.debian.org/openjdk-17
#

---------------  S U M M A R Y ------------

Command Line: --add-modules=ALL-SYSTEM --add-opens=java.base/java.util=ALL-UNNAMED --add-opens=java.base/java.lang=ALL-UNNAMED --add-opens=java.base/sun.nio.fs=ALL-UNNAMED -Declipse.application=org.eclipse.jdt.ls.core.id1 -Dosgi.bundles.defaultStartLevel=4 -Declipse.product=org.eclipse.jdt.ls.core.product -Djava.import.generatesMetadataFilesAtProjectRoot=false -Dfile.encoding=utf8 -XX:+UseParallelGC -XX:GCTimeRatio=4 -XX:AdaptiveSizePolicyWeight=90 -Dsun.zip.disableMemoryMapping=true -Xmx1G -Xms100m -Xlog:disable -javaagent:/home/infoetu/quentin.moutte.etu/.vscode-oss/extensions/redhat.java-1.18.0-universal/lombok/lombok-1.18.27.jar -XX:+HeapDumpOnOutOfMemoryError -XX:HeapDumpPath=/home/infoetu/quentin.moutte.etu/.config/VSCodium/User/workspaceStorage/bba4e4735a77dc069042abacbee27294/redhat.java -Daether.dependencyCollector.impl=bf /home/infoetu/quentin.moutte.etu/.vscode-oss/extensions/redhat.java-1.18.0-universal/server/plugins/org.eclipse.equinox.launcher_1.6.400.v20210924-0641.jar -configuration /home/infoetu/quentin.moutte.etu/.config/VSCodium/User/globalStorage/redhat.java/1.18.0/config_linux -data /home/infoetu/quentin.moutte.etu/.config/VSCodium/User/workspaceStorage/bba4e4735a77dc069042abacbee27294/redhat.java/jdt_ws

Host: Intel(R) Core(TM) i7-10700 CPU @ 2.90GHz, 16 cores, 31G, Debian GNU/Linux 11 (bullseye)
Time: Wed May 31 16:03:38 2023 CEST elapsed time: 1.679192 seconds (0d 0h 0m 1s)

---------------  T H R E A D  ---------------

Current thread (0x00007f2cf00509d0):  JavaThread "C2 CompilerThread2" daemon [_thread_in_native, id=88682, stack(0x00007f2d1a5f9000,0x00007f2d1a6fa000)]


Current CompileTask:
C2:   1679 3335       4       java.lang.Class::getPackageName (81 bytes)

Stack: [0x00007f2d1a5f9000,0x00007f2d1a6fa000],  sp=0x00007f2d1a6f5b20,  free space=1010k
Native frames: (J=compiled Java code, j=interpreted, Vv=VM code, C=native code)
V  [libjvm.so+0xc4b0e0]
V  [libjvm.so+0xad79f9]
V  [libjvm.so+0xae0bd2]
V  [libjvm.so+0x5ce925]
V  [libjvm.so+0x5cf997]
V  [libjvm.so+0x50f6f1]
V  [libjvm.so+0x5d872f]
V  [libjvm.so+0x5d9358]
V  [libjvm.so+0xe9dc80]
V  [libjvm.so+0xea1140]
V  [libjvm.so+0xc04db1]


siginfo: si_signo: 11 (SIGSEGV), si_code: 1 (SEGV_MAPERR), si_addr: 0x00007f00d431261c

Register to memory mapping:

RAX=0x0000000000000004 is an unknown value
RBX=0x00007f2cd4315440 points into unknown readable memory: 0x00007f00d43125f0 | f0 25 31 d4 00 7f 00 00
RCX=0x0000000000000054 is an unknown value
RDX=0x00007f2cd430eea0 points into unknown readable memory: 0x00007f2cd430f0a8 | a8 f0 30 d4 2c 7f 00 00
RSP=0x00007f2d1a6f5b20 is pointing into the stack for thread: 0x00007f2cf00509d0
RBP=0x00007f2d1a6f5bb0 is pointing into the stack for thread: 0x00007f2cf00509d0
RSI=0x00000000ff848000 is an unallocated location in the heap
RDI=0x00007f2cd430f0a8 points into unknown readable memory: 0x00007f2d423bd8c0 | c0 d8 3b 42 2d 7f 00 00
R8 =0x0000000000000001 is an unknown value
R9 =0x00007f2cd4315460 points into unknown readable memory: 0x00007f2c9c0f8b90 | 90 8b 0f 9c 2c 7f 00 00
R10=0x0 is NULL
R11=0x0000000000000008 is an unknown value
R12=0x00007f00d43125f0 is an unknown value
R13=0x000000000000003f is an unknown value
R14=0x00007f2cd4315460 points into unknown readable memory: 0x00007f2c9c0f8b90 | 90 8b 0f 9c 2c 7f 00 00
R15=0x00007f2d1a6f5ed0 is pointing into the stack for thread: 0x00007f2cf00509d0


Registers:
RAX=0x0000000000000004, RBX=0x00007f2cd4315440, RCX=0x0000000000000054, RDX=0x00007f2cd430eea0
RSP=0x00007f2d1a6f5b20, RBP=0x00007f2d1a6f5bb0, RSI=0x00000000ff848000, RDI=0x00007f2cd430f0a8
R8 =0x0000000000000001, R9 =0x00007f2cd4315460, R10=0x0000000000000000, R11=0x0000000000000008
R12=0x00007f00d43125f0, R13=0x000000000000003f, R14=0x00007f2cd4315460, R15=0x00007f2d1a6f5ed0
RIP=0x00007f2d41d4f0e0, EFLAGS=0x0000000000010283, CSGSFS=0x002b000000000033, ERR=0x0000000000000004
  TRAPNO=0x000000000000000e

Top of Stack: (sp=0x00007f2d1a6f5b20)
0x00007f2d1a6f5b20:   00007f2cd451edc8 00007f2d1a6f5ed0
0x00007f2d1a6f5b30:   00007f2cd430e8b0 00007f2cd451ed40
0x00007f2d1a6f5b40:   00007f2cd451eb28 00007f2cd430edd8
0x00007f2d1a6f5b50:   00007f2cd430eea0 00007f2cd430f0a8 

Instructions: (pc=0x00007f2d41d4f0e0)
0x00007f2d41d4efe0:   98 49 89 c6 4c 89 65 a0 eb 38 66 0f 1f 44 00 00
0x00007f2d41d4eff0:   be 01 00 00 00 d3 e6 49 8b 8f 00 0a 00 00 41 89
0x00007f2d41d4f000:   f2 48 8d 3c 99 8b 0f 41 09 ca 44 89 17 85 ce 0f
0x00007f2d41d4f010:   84 63 04 00 00 49 83 c6 08 4d 39 f5 0f 86 ae 03
0x00007f2d41d4f020:   00 00 4d 8b 26 41 8b 4c 24 28 89 cb c1 eb 05 41
0x00007f2d41d4f030:   3b 9f f8 09 00 00 72 b8 48 8b 7d c8 89 de 89 4d
0x00007f2d41d4f040:   c0 e8 0a 80 2a 00 8b 4d c0 eb a5 0f 1f 44 00 00
0x00007f2d41d4f050:   48 8d bb d8 09 00 00 44 89 e6 e8 d1 6c f8 ff 41
0x00007f2d41d4f060:   b8 01 00 00 00 e9 35 f9 ff ff 66 0f 1f 44 00 00
0x00007f2d41d4f070:   4c 89 e6 4c 89 ff e8 65 f8 ff ff 45 8b 44 24 20
0x00007f2d41d4f080:   45 85 c0 0f 85 a7 01 00 00 41 83 fd 4f 0f 84 5d
0x00007f2d41d4f090:   04 00 00 41 8b 44 24 2c 83 e0 1f 83 f8 14 0f 85
0x00007f2d41d4f0a0:   80 f9 ff ff 0f 1f 40 00 49 8b 5c 24 10 41 8b 44
0x00007f2d41d4f0b0:   24 20 4c 8d 0c c3 4c 39 cb 0f 83 65 f9 ff ff 4c
0x00007f2d41d4f0c0:   89 75 a0 4d 89 ce 44 89 6d c0 4c 89 65 a8 eb 0d
0x00007f2d41d4f0d0:   48 83 c3 08 4c 39 f3 0f 83 83 00 00 00 4c 8b 23
0x00007f2d41d4f0e0:   41 8b 44 24 2c 83 e0 0f 83 f8 0c 75 e3 41 8b 4c
0x00007f2d41d4f0f0:   24 28 41 89 cd 41 c1 ed 05 45 3b af f8 09 00 00
0x00007f2d41d4f100:   0f 83 e2 02 00 00 b8 01 00 00 00 49 8b b7 00 0a
0x00007f2d41d4f110:   00 00 d3 e0 89 c1 44 89 e8 48 8d 34 86 89 cf 8b
0x00007f2d41d4f120:   06 09 c7 89 3e 85 c1 75 a7 45 8b af f0 09 00 00
0x00007f2d41d4f130:   41 8d 45 01 41 89 87 f0 09 00 00 45 3b af e0 09
0x00007f2d41d4f140:   00 00 0f 83 3c 05 00 00 49 8b 87 e8 09 00 00 48
0x00007f2d41d4f150:   83 c3 08 4e 89 24 e8 4c 39 f3 72 81 0f 1f 40 00
0x00007f2d41d4f160:   44 8b 6d c0 4c 8b 65 a8 4c 8b 75 a0 41 81 fd ad
0x00007f2d41d4f170:   00 00 00 0f 85 b8 f8 ff ff 0f 1f 80 00 00 00 00
0x00007f2d41d4f180:   49 8b 5c 24 10 41 8b 44 24 20 48 8d 04 c3 48 39
0x00007f2d41d4f190:   c3 0f 83 c1 fa ff ff 4c 89 65 a8 49 89 dc 48 89
0x00007f2d41d4f1a0:   c3 44 89 6d c0 eb 16 66 0f 1f 84 00 00 00 00 00
0x00007f2d41d4f1b0:   49 83 c4 08 49 39 dc 0f 83 93 fa ff ff 4d 8b 2c
0x00007f2d41d4f1c0:   24 49 8b 45 00 4c 89 ef ff 10 3d 06 01 00 00 75
0x00007f2d41d4f1d0:   df 41 8b 4d 28 89 c8 c1 e8 05 41 3b 87 f8 09 00 


Stack slot to memory mapping:
stack at sp + 0 slots: 0x00007f2cd451edc8 points into unknown readable memory: 0x00007f2d423dcfa0 | a0 cf 3d 42 2d 7f 00 00
stack at sp + 1 slots: 0x00007f2d1a6f5ed0 is pointing into the stack for thread: 0x00007f2cf00509d0
stack at sp + 2 slots: 0x00007f2cd430e8b0 points into unknown readable memory: 0x00007f2d423bdc10 | 10 dc 3b 42 2d 7f 00 00
stack at sp + 3 slots: 0x00007f2cd451ed40 points into unknown readable memory: 0x00007f2d423bdc10 | 10 dc 3b 42 2d 7f 00 00
stack at sp + 4 slots: 0x00007f2cd451eb28 points into unknown readable memory: 0x00007f2d423bc9c8 | c8 c9 3b 42 2d 7f 00 00
stack at sp + 5 slots: 0x00007f2cd430edd8 points into unknown readable memory: 0x00007f2d423dcfa0 | a0 cf 3d 42 2d 7f 00 00
stack at sp + 6 slots: 0x00007f2cd430eea0 points into unknown readable memory: 0x00007f2cd430f0a8 | a8 f0 30 d4 2c 7f 00 00
stack at sp + 7 slots: 0x00007f2cd430f0a8 points into unknown readable memory: 0x00007f2d423bd8c0 | c0 d8 3b 42 2d 7f 00 00


---------------  P R O C E S S  ---------------

Threads class SMR info:
_java_thread_list=0x00007f2d3c5b3730, length=28, elements={
0x00007f2d3c017090, 0x00007f2d3c221830, 0x00007f2d3c222c40, 0x00007f2d3c22d8c0,
0x00007f2d3c22ec40, 0x00007f2d3c230020, 0x00007f2d3c231a20, 0x00007f2d3c23af10,
0x00007f2d3c23c350, 0x00007f2d3c258260, 0x00007f2cf4066100, 0x00007f2cf0000fa0,
0x00007f2d3c32de60, 0x00007f2cf00359c0, 0x00007f2cf00509d0, 0x00007f2d3c3fc0e0,
0x00007f2d3c54cfd0, 0x00007f2d3c51d770, 0x00007f2d3c51fcf0, 0x00007f2cb8033860,
0x00007f2cb80b86b0, 0x00007f2cf41fff00, 0x00007f2cb82323d0, 0x00007f2cb82e8120,
0x00007f2cb82d6980, 0x00007f2cb88c2e70, 0x00007f2d3c5a3ea0, 0x00007f2d3c735ac0
}

Java Threads: ( => current thread )
  0x00007f2d3c017090 JavaThread "main" [_thread_blocked, id=88656, stack(0x00007f2d40cd8000,0x00007f2d40dd9000)]
  0x00007f2d3c221830 JavaThread "Reference Handler" daemon [_thread_blocked, id=88659, stack(0x00007f2d1b6ff000,0x00007f2d1b800000)]
  0x00007f2d3c222c40 JavaThread "Finalizer" daemon [_thread_blocked, id=88660, stack(0x00007f2d1b5fe000,0x00007f2d1b6ff000)]
  0x00007f2d3c22d8c0 JavaThread "Signal Dispatcher" daemon [_thread_blocked, id=88662, stack(0x00007f2d1b216000,0x00007f2d1b317000)]
  0x00007f2d3c22ec40 JavaThread "Service Thread" daemon [_thread_blocked, id=88663, stack(0x00007f2d1b115000,0x00007f2d1b216000)]
  0x00007f2d3c230020 JavaThread "Monitor Deflation Thread" daemon [_thread_blocked, id=88664, stack(0x00007f2d1b014000,0x00007f2d1b115000)]
  0x00007f2d3c231a20 JavaThread "C2 CompilerThread0" daemon [_thread_in_native, id=88665, stack(0x00007f2d1af13000,0x00007f2d1b014000)]
  0x00007f2d3c23af10 JavaThread "C1 CompilerThread0" daemon [_thread_blocked, id=88666, stack(0x00007f2d1ae12000,0x00007f2d1af13000)]
  0x00007f2d3c23c350 JavaThread "Sweeper thread" daemon [_thread_blocked, id=88667, stack(0x00007f2d1ad11000,0x00007f2d1ae12000)]
  0x00007f2d3c258260 JavaThread "Common-Cleaner" daemon [_thread_blocked, id=88670, stack(0x00007f2d1ac10000,0x00007f2d1ad11000)]
  0x00007f2cf4066100 JavaThread "C1 CompilerThread1" daemon [_thread_in_vm, id=88672, stack(0x00007f2d1ab0f000,0x00007f2d1ac10000)]
  0x00007f2cf0000fa0 JavaThread "C1 CompilerThread2" daemon [_thread_blocked, id=88673, stack(0x00007f2d1aa0e000,0x00007f2d1ab0f000)]
  0x00007f2d3c32de60 JavaThread "Notification Thread" daemon [_thread_blocked, id=88676, stack(0x00007f2d1a8fd000,0x00007f2d1a9fe000)]
  0x00007f2cf00359c0 JavaThread "C2 CompilerThread1" daemon [_thread_in_native, id=88678, stack(0x00007f2d1a6fa000,0x00007f2d1a7fb000)]
=>0x00007f2cf00509d0 JavaThread "C2 CompilerThread2" daemon [_thread_in_native, id=88682, stack(0x00007f2d1a5f9000,0x00007f2d1a6fa000)]
  0x00007f2d3c3fc0e0 JavaThread "process reaper" daemon [_thread_blocked, id=88686, stack(0x00007f2d1a5b2000,0x00007f2d1a5d4000)]
  0x00007f2d3c54cfd0 JavaThread "Active Thread: Equinox Container: 9639bbb7-813c-4479-9051-2a3c1a5aa0a8" [_thread_blocked, id=88698, stack(0x00007f2d1a459000,0x00007f2d1a55a000)]
  0x00007f2d3c51d770 JavaThread "Framework Event Dispatcher: Equinox Container: 9639bbb7-813c-4479-9051-2a3c1a5aa0a8" daemon [_thread_blocked, id=88699, stack(0x00007f2d1a358000,0x00007f2d1a459000)]
  0x00007f2d3c51fcf0 JavaThread "Start Level: Equinox Container: 9639bbb7-813c-4479-9051-2a3c1a5aa0a8" daemon [_thread_blocked, id=88700, stack(0x00007f2d19d4d000,0x00007f2d19e4e000)]
  0x00007f2cb8033860 JavaThread "SCR Component Actor" daemon [_thread_blocked, id=88701, stack(0x00007f2d19a3a000,0x00007f2d19b3b000)]
  0x00007f2cb80b86b0 JavaThread "SCR Component Registry" daemon [_thread_blocked, id=88704, stack(0x00007f2d18eff000,0x00007f2d19000000)]
  0x00007f2cf41fff00 JavaThread "C1 CompilerThread3" daemon [_thread_blocked, id=88706, stack(0x00007f2d18dfe000,0x00007f2d18eff000)]
  0x00007f2cb82323d0 JavaThread "Worker-JM" [_thread_blocked, id=88707, stack(0x00007f2d18cfd000,0x00007f2d18dfe000)]
  0x00007f2cb82e8120 JavaThread "Worker-0" [_thread_blocked, id=88712, stack(0x00007f2d187f4000,0x00007f2d188f5000)]
  0x00007f2cb82d6980 JavaThread "Worker-1" [_thread_blocked, id=88713, stack(0x00007f2d186f3000,0x00007f2d187f4000)]
  0x00007f2cb88c2e70 JavaThread "Java indexing" daemon [_thread_blocked, id=88715, stack(0x00007f2d18461000,0x00007f2d18562000)]
  0x00007f2d3c5a3ea0 JavaThread "pool-2-thread-1" [_thread_blocked, id=88716, stack(0x00007f2d18145000,0x00007f2d18246000)]
  0x00007f2d3c735ac0 JavaThread "pool-1-thread-1" [_thread_in_Java, id=88717, stack(0x00007f2d18360000,0x00007f2d18461000)]

Other Threads:
  0x00007f2d3c21cfe0 VMThread "VM Thread" [stack: 0x00007f2d1c011000,0x00007f2d1c111000] [id=88658]
  0x00007f2d3c32f040 WatcherThread [stack: 0x00007f2d1a7fd000,0x00007f2d1a8fd000] [id=88677]
  0x00007f2d3c02e300 GCTaskThread "GC Thread#0" [stack: 0x00007f2d400d2000,0x00007f2d401d2000] [id=88657]
  0x00007f2d14001140 GCTaskThread "GC Thread#1" [stack: 0x00007f2d1a258000,0x00007f2d1a358000] [id=88691]
  0x00007f2d14003110 GCTaskThread "GC Thread#2" [stack: 0x00007f2d1a156000,0x00007f2d1a256000] [id=88692]
  0x00007f2d14003aa0 GCTaskThread "GC Thread#3" [stack: 0x00007f2d1a054000,0x00007f2d1a154000] [id=88693]
  0x00007f2d14004430 GCTaskThread "GC Thread#4" [stack: 0x00007f2d19f52000,0x00007f2d1a052000] [id=88694]
  0x00007f2d14004dc0 GCTaskThread "GC Thread#5" [stack: 0x00007f2d19e50000,0x00007f2d19f50000] [id=88695]
  0x00007f2d14006470 GCTaskThread "GC Thread#6" [stack: 0x00007f2d1993a000,0x00007f2d19a3a000] [id=88702]
  0x00007f2d14006d40 GCTaskThread "GC Thread#7" [stack: 0x00007f2d19838000,0x00007f2d19938000] [id=88703]
  0x00007f2d140081c0 GCTaskThread "GC Thread#8" [stack: 0x00007f2d18bfd000,0x00007f2d18cfd000] [id=88708]
  0x00007f2d14008ab0 GCTaskThread "GC Thread#9" [stack: 0x00007f2d18afb000,0x00007f2d18bfb000] [id=88709]
  0x00007f2d140093a0 GCTaskThread "GC Thread#10" [stack: 0x00007f2d189f9000,0x00007f2d18af9000] [id=88710]
  0x00007f2d14009c90 GCTaskThread "GC Thread#11" [stack: 0x00007f2d188f7000,0x00007f2d189f7000] [id=88711]
  0x00007f2d1400a6e0 GCTaskThread "GC Thread#12" [stack: 0x00007f2d18564000,0x00007f2d18664000] [id=88714]

Threads with active compile tasks:
C2 CompilerThread0     1695 3373       4       jdk.internal.org.objectweb.asm.Frame::execute (2305 bytes)
C1 CompilerThread0     1695 3427       3       com.google.gson.stream.JsonReader::peek (144 bytes)
C1 CompilerThread1     1695 3422       3       com.google.gson.stream.JsonReader::nextNonWhitespace (354 bytes)
C1 CompilerThread2     1695 3426       3       com.google.gson.stream.JsonReader::nextQuotedValue (270 bytes)
C2 CompilerThread1     1696 2805       4       org.objectweb.asm.ClassReader::readMethod (1066 bytes)
C2 CompilerThread2     1696 3335       4       java.lang.Class::getPackageName (81 bytes)
C1 CompilerThread3     1696 3423       3       com.google.gson.stream.JsonReader::doPeek (744 bytes)

VM state: not at safepoint (normal execution)

VM Mutex/Monitor currently owned by a thread: None

Heap address: 0x00000000c0000000, size: 1024 MB, Compressed Oops mode: 32-bit

CDS archive(s) mapped at: [0x0000000800000000-0x0000000800be3000-0x0000000800be3000), size 12464128, SharedBaseAddress: 0x0000000800000000, ArchiveRelocationMode: 0.
Compressed class space mapped at: 0x0000000800c00000-0x0000000840c00000, reserved size: 1073741824
Narrow klass base: 0x0000000800000000, Narrow klass shift: 0, Narrow klass range: 0x100000000

GC Precious Log:
 CPUs: 16 total, 16 available
 Memory: 31888M
 Large Page Support: Disabled
 NUMA Support: Disabled
 Compressed Oops: Enabled (32-bit)
 Alignments: Space 512K, Generation 512K, Heap 2M
 Heap Min Capacity: 100M
 Heap Initial Capacity: 100M
 Heap Max Capacity: 1G
 Pre-touch: Disabled
 Parallel Workers: 13

Heap:
 PSYoungGen      total 26624K, used 6297K [0x00000000eab00000, 0x00000000ec980000, 0x0000000100000000)
  eden space 24064K, 16% used [0x00000000eab00000,0x00000000eaef65a8,0x00000000ec280000)
  from space 2560K, 87% used [0x00000000ec700000,0x00000000ec930238,0x00000000ec980000)
  to   space 2560K, 0% used [0x00000000ec480000,0x00000000ec480000,0x00000000ec700000)
 ParOldGen       total 68608K, used 10400K [0x00000000c0000000, 0x00000000c4300000, 0x00000000eab00000)
  object space 68608K, 15% used [0x00000000c0000000,0x00000000c0a282c8,0x00000000c4300000)
 Metaspace       used 28414K, committed 29120K, reserved 1081344K
  class space    used 2842K, committed 3136K, reserved 1048576K

Card table byte_map: [0x00007f2d25008000,0x00007f2d25209000] _byte_map_base: 0x00007f2d24a08000

Marking Bits: (ParMarkBitMap*) 0x00007f2d424497a0
 Begin Bits: [0x00007f2d1e000000, 0x00007f2d1f000000)
 End Bits:   [0x00007f2d1f000000, 0x00007f2d20000000)

Polling page: 0x00007f2d426a0000

Metaspace:

Usage:
  Non-class:     24,98 MB used.
      Class:      2,78 MB used.
       Both:     27,75 MB used.

Virtual space:
  Non-class space:       32,00 MB reserved,      25,38 MB ( 79%) committed,  4 nodes.
      Class space:        1,00 GB reserved,       3,06 MB ( <1%) committed,  1 nodes.
             Both:        1,03 GB reserved,      28,44 MB (  3%) committed. 

Chunk freelists:
   Non-Class:  2,00 MB
       Class:  775,00 KB
        Both:  2,76 MB

MaxMetaspaceSize: unlimited
CompressedClassSpaceSize: 1,00 GB
Initial GC threshold: 21,00 MB
Current GC threshold: 35,00 MB
CDS: on
MetaspaceReclaimPolicy: balanced
 - commit_granule_bytes: 65536.
 - commit_granule_words: 8192.
 - virtual_space_node_default_size: 1048576.
 - enlarge_chunks_in_place: 1.
 - new_chunks_are_fully_committed: 0.
 - uncommit_free_chunks: 1.
 - use_allocation_guard: 0.
 - handle_deallocations: 1.


Internal statistics:

num_allocs_failed_limit: 3.
num_arena_births: 308.
num_arena_deaths: 14.
num_vsnodes_births: 5.
num_vsnodes_deaths: 0.
num_space_committed: 455.
num_space_uncommitted: 0.
num_chunks_returned_to_freelist: 17.
num_chunks_taken_from_freelist: 1389.
num_chunk_merges: 7.
num_chunk_splits: 931.
num_chunks_enlarged: 642.
num_purges: 2.
num_inconsistent_stats: 0.

CodeHeap 'non-profiled nmethods': size=119168Kb used=1320Kb max_used=1320Kb free=117847Kb
 bounds [0x00007f2d2cda9000, 0x00007f2d2d019000, 0x00007f2d34209000]
CodeHeap 'profiled nmethods': size=119164Kb used=6883Kb max_used=6883Kb free=112280Kb
 bounds [0x00007f2d25209000, 0x00007f2d258c9000, 0x00007f2d2c668000]
CodeHeap 'non-nmethods': size=7428Kb used=2944Kb max_used=2972Kb free=4484Kb
 bounds [0x00007f2d2c668000, 0x00007f2d2c958000, 0x00007f2d2cda9000]
 total_blobs=3989 nmethods=3415 adapters=485
 compilation: enabled
              stopped_count=0, restarted_count=0
 full_count=0

Compilation events (20 events):
Event: 1,657 Thread 0x00007f2cf41fff00 3346       3       jdk.internal.module.ServicesCatalog::findServices (17 bytes)
Event: 1,657 Thread 0x00007f2cf4066100 3347       3       java.util.concurrent.ConcurrentHashMap::getOrDefault (16 bytes)
Event: 1,657 Thread 0x00007f2d3c23af10 3348       3       jdk.internal.loader.BuiltinClassLoader::findResources (182 bytes)
Event: 1,657 Thread 0x00007f2cf0000fa0 nmethod 3345 0x00007f2d25891a10 code [0x00007f2d25891ca0, 0x00007f2d25892780]
Event: 1,657 Thread 0x00007f2cf0000fa0 3349       3       jdk.internal.loader.BuiltinClassLoader::findResourcesOnClassPath (43 bytes)
Event: 1,657 Thread 0x00007f2cf4066100 nmethod 3347 0x00007f2d25892c10 code [0x00007f2d25892dc0, 0x00007f2d25892f60]
Event: 1,657 Thread 0x00007f2cf41fff00 nmethod 3346 0x00007f2d25893010 code [0x00007f2d258931e0, 0x00007f2d25893520]
Event: 1,657 Thread 0x00007f2cf4066100 3350       3       jdk.internal.loader.BuiltinClassLoader$1::<init> (33 bytes)
Event: 1,657 Thread 0x00007f2cf41fff00 3351       3       jdk.internal.loader.BuiltinClassLoader$1::hasMoreElements (5 bytes)
Event: 1,657 Thread 0x00007f2cf41fff00 nmethod 3351 0x00007f2d25893610 code [0x00007f2d258937c0, 0x00007f2d25893900]
Event: 1,657 Thread 0x00007f2cf41fff00 3352       3       jdk.internal.loader.BuiltinClassLoader$1::hasNext (93 bytes)
Event: 1,658 Thread 0x00007f2cf4066100 nmethod 3350 0x00007f2d25893990 code [0x00007f2d25893b40, 0x00007f2d25893dc0]
Event: 1,658 Thread 0x00007f2cf0000fa0 nmethod 3349 0x00007f2d25893f10 code [0x00007f2d25894160, 0x00007f2d25894a90]
Event: 1,658 Thread 0x00007f2cf41fff00 nmethod 3352 0x00007f2d25894d90 code [0x00007f2d25894fc0, 0x00007f2d25895860]
Event: 1,658 Thread 0x00007f2cf4066100 3353       3       java.lang.Class::getInterfaces (49 bytes)
Event: 1,658 Thread 0x00007f2cf41fff00 3354  s    1       java.util.Vector::size (5 bytes)
Event: 1,658 Thread 0x00007f2cf41fff00 nmethod 3354 0x00007f2d2ceefd10 code [0x00007f2d2ceefea0, 0x00007f2d2cef0010]
Event: 1,658 Thread 0x00007f2cf0000fa0 3355       3       java.lang.Character::digit (6 bytes)
Event: 1,658 Thread 0x00007f2cf0000fa0 nmethod 3355 0x00007f2d25895a10 code [0x00007f2d25895bc0, 0x00007f2d25895e10]
Event: 1,658 Thread 0x00007f2cf4066100 nmethod 3353 0x00007f2d25895f10 code [0x00007f2d25896100, 0x00007f2d258965b0]

GC Heap History (16 events):
Event: 0,370 GC heap before
{Heap before GC invocations=1 (full 0):
 PSYoungGen      total 29696K, used 25600K [0x00000000eab00000, 0x00000000ecc00000, 0x0000000100000000)
  eden space 25600K, 100% used [0x00000000eab00000,0x00000000ec400000,0x00000000ec400000)
  from space 4096K, 0% used [0x00000000ec800000,0x00000000ec800000,0x00000000ecc00000)
  to   space 4096K, 0% used [0x00000000ec400000,0x00000000ec400000,0x00000000ec800000)
 ParOldGen       total 68608K, used 0K [0x00000000c0000000, 0x00000000c4300000, 0x00000000eab00000)
  object space 68608K, 0% used [0x00000000c0000000,0x00000000c0000000,0x00000000c4300000)
 Metaspace       used 4755K, committed 4864K, reserved 1056768K
  class space    used 460K, committed 512K, reserved 1048576K
}
Event: 0,376 GC heap after
{Heap after GC invocations=1 (full 0):
 PSYoungGen      total 29696K, used 3138K [0x00000000eab00000, 0x00000000ecc00000, 0x0000000100000000)
  eden space 25600K, 0% used [0x00000000eab00000,0x00000000eab00000,0x00000000ec400000)
  from space 4096K, 76% used [0x00000000ec400000,0x00000000ec710830,0x00000000ec800000)
  to   space 4096K, 0% used [0x00000000ec800000,0x00000000ec800000,0x00000000ecc00000)
 ParOldGen       total 68608K, used 16K [0x00000000c0000000, 0x00000000c4300000, 0x00000000eab00000)
  object space 68608K, 0% used [0x00000000c0000000,0x00000000c0004000,0x00000000c4300000)
 Metaspace       used 4755K, committed 4864K, reserved 1056768K
  class space    used 460K, committed 512K, reserved 1048576K
}
Event: 0,697 GC heap before
{Heap before GC invocations=2 (full 0):
 PSYoungGen      total 29696K, used 28738K [0x00000000eab00000, 0x00000000ecc00000, 0x0000000100000000)
  eden space 25600K, 100% used [0x00000000eab00000,0x00000000ec400000,0x00000000ec400000)
  from space 4096K, 76% used [0x00000000ec400000,0x00000000ec710830,0x00000000ec800000)
  to   space 4096K, 0% used [0x00000000ec800000,0x00000000ec800000,0x00000000ecc00000)
 ParOldGen       total 68608K, used 16K [0x00000000c0000000, 0x00000000c4300000, 0x00000000eab00000)
  object space 68608K, 0% used [0x00000000c0000000,0x00000000c0004000,0x00000000c4300000)
 Metaspace       used 8494K, committed 8704K, reserved 1064960K
  class space    used 829K, committed 896K, reserved 1048576K
}
Event: 0,700 GC heap after
{Heap after GC invocations=2 (full 0):
 PSYoungGen      total 29696K, used 4088K [0x00000000eab00000, 0x00000000ecc00000, 0x0000000100000000)
  eden space 25600K, 0% used [0x00000000eab00000,0x00000000eab00000,0x00000000ec400000)
  from space 4096K, 99% used [0x00000000ec800000,0x00000000ecbfe068,0x00000000ecc00000)
  to   space 4096K, 0% used [0x00000000ec400000,0x00000000ec400000,0x00000000ec800000)
 ParOldGen       total 68608K, used 1292K [0x00000000c0000000, 0x00000000c4300000, 0x00000000eab00000)
  object space 68608K, 1% used [0x00000000c0000000,0x00000000c0143370,0x00000000c4300000)
 Metaspace       used 8494K, committed 8704K, reserved 1064960K
  class space    used 829K, committed 896K, reserved 1048576K
}
Event: 0,920 GC heap before
{Heap before GC invocations=3 (full 0):
 PSYoungGen      total 29696K, used 29688K [0x00000000eab00000, 0x00000000ecc00000, 0x0000000100000000)
  eden space 25600K, 100% used [0x00000000eab00000,0x00000000ec400000,0x00000000ec400000)
  from space 4096K, 99% used [0x00000000ec800000,0x00000000ecbfe068,0x00000000ecc00000)
  to   space 4096K, 0% used [0x00000000ec400000,0x00000000ec400000,0x00000000ec800000)
 ParOldGen       total 68608K, used 1292K [0x00000000c0000000, 0x00000000c4300000, 0x00000000eab00000)
  object space 68608K, 1% used [0x00000000c0000000,0x00000000c0143370,0x00000000c4300000)
 Metaspace       used 12968K, committed 13312K, reserved 1064960K
  class space    used 1264K, committed 1408K, reserved 1048576K
}
Event: 0,923 GC heap after
{Heap after GC invocations=3 (full 0):
 PSYoungGen      total 29696K, used 4082K [0x00000000eab00000, 0x00000000ecc00000, 0x0000000100000000)
  eden space 25600K, 0% used [0x00000000eab00000,0x00000000eab00000,0x00000000ec400000)
  from space 4096K, 99% used [0x00000000ec400000,0x00000000ec7fcb60,0x00000000ec800000)
  to   space 4096K, 0% used [0x00000000ec800000,0x00000000ec800000,0x00000000ecc00000)
 ParOldGen       total 68608K, used 3611K [0x00000000c0000000, 0x00000000c4300000, 0x00000000eab00000)
  object space 68608K, 5% used [0x00000000c0000000,0x00000000c0386c60,0x00000000c4300000)
 Metaspace       used 12968K, committed 13312K, reserved 1064960K
  class space    used 1264K, committed 1408K, reserved 1048576K
}
Event: 1,125 GC heap before
{Heap before GC invocations=4 (full 0):
 PSYoungGen      total 29696K, used 29682K [0x00000000eab00000, 0x00000000ecc00000, 0x0000000100000000)
  eden space 25600K, 100% used [0x00000000eab00000,0x00000000ec400000,0x00000000ec400000)
  from space 4096K, 99% used [0x00000000ec400000,0x00000000ec7fcb60,0x00000000ec800000)
  to   space 4096K, 0% used [0x00000000ec800000,0x00000000ec800000,0x00000000ecc00000)
 ParOldGen       total 68608K, used 3611K [0x00000000c0000000, 0x00000000c4300000, 0x00000000eab00000)
  object space 68608K, 5% used [0x00000000c0000000,0x00000000c0386c60,0x00000000c4300000)
 Metaspace       used 16016K, committed 16576K, reserved 1064960K
  class space    used 1620K, committed 1856K, reserved 1048576K
}
Event: 1,129 GC heap after
{Heap after GC invocations=4 (full 0):
 PSYoungGen      total 29696K, used 4087K [0x00000000eab00000, 0x00000000ecc00000, 0x0000000100000000)
  eden space 25600K, 0% used [0x00000000eab00000,0x00000000eab00000,0x00000000ec400000)
  from space 4096K, 99% used [0x00000000ec800000,0x00000000ecbfdc20,0x00000000ecc00000)
  to   space 4096K, 0% used [0x00000000ec400000,0x00000000ec400000,0x00000000ec800000)
 ParOldGen       total 68608K, used 6093K [0x00000000c0000000, 0x00000000c4300000, 0x00000000eab00000)
  object space 68608K, 8% used [0x00000000c0000000,0x00000000c05f3578,0x00000000c4300000)
 Metaspace       used 16016K, committed 16576K, reserved 1064960K
  class space    used 1620K, committed 1856K, reserved 1048576K
}
Event: 1,267 GC heap before
{Heap before GC invocations=5 (full 0):
 PSYoungGen      total 29696K, used 29687K [0x00000000eab00000, 0x00000000ecc00000, 0x0000000100000000)
  eden space 25600K, 100% used [0x00000000eab00000,0x00000000ec400000,0x00000000ec400000)
  from space 4096K, 99% used [0x00000000ec800000,0x00000000ecbfdc20,0x00000000ecc00000)
  to   space 4096K, 0% used [0x00000000ec400000,0x00000000ec400000,0x00000000ec800000)
 ParOldGen       total 68608K, used 6093K [0x00000000c0000000, 0x00000000c4300000, 0x00000000eab00000)
  object space 68608K, 8% used [0x00000000c0000000,0x00000000c05f3578,0x00000000c4300000)
 Metaspace       used 19500K, committed 20032K, reserved 1073152K
  class space    used 1896K, committed 2112K, reserved 1048576K
}
Event: 1,270 GC heap after
{Heap after GC invocations=5 (full 0):
 PSYoungGen      total 29184K, used 4074K [0x00000000eab00000, 0x00000000ece80000, 0x0000000100000000)
  eden space 25088K, 0% used [0x00000000eab00000,0x00000000eab00000,0x00000000ec380000)
  from space 4096K, 99% used [0x00000000ec400000,0x00000000ec7fa9f8,0x00000000ec800000)
  to   space 5632K, 0% used [0x00000000ec900000,0x00000000ec900000,0x00000000ece80000)
 ParOldGen       total 68608K, used 6953K [0x00000000c0000000, 0x00000000c4300000, 0x00000000eab00000)
  object space 68608K, 10% used [0x00000000c0000000,0x00000000c06ca718,0x00000000c4300000)
 Metaspace       used 19500K, committed 20032K, reserved 1073152K
  class space    used 1896K, committed 2112K, reserved 1048576K
}
Event: 1,313 GC heap before
{Heap before GC invocations=6 (full 0):
 PSYoungGen      total 29184K, used 11786K [0x00000000eab00000, 0x00000000ece80000, 0x0000000100000000)
  eden space 25088K, 30% used [0x00000000eab00000,0x00000000eb2881e8,0x00000000ec380000)
  from space 4096K, 99% used [0x00000000ec400000,0x00000000ec7fa9f8,0x00000000ec800000)
  to   space 5632K, 0% used [0x00000000ec900000,0x00000000ec900000,0x00000000ece80000)
 ParOldGen       total 68608K, used 6953K [0x00000000c0000000, 0x00000000c4300000, 0x00000000eab00000)
  object space 68608K, 10% used [0x00000000c0000000,0x00000000c06ca718,0x00000000c4300000)
 Metaspace       used 20931K, committed 21504K, reserved 1073152K
  class space    used 2023K, committed 2240K, reserved 1048576K
}
Event: 1,316 GC heap after
{Heap after GC invocations=6 (full 0):
 PSYoungGen      total 29696K, used 4404K [0x00000000eab00000, 0x00000000ecd80000, 0x0000000100000000)
  eden space 25088K, 0% used [0x00000000eab00000,0x00000000eab00000,0x00000000ec380000)
  from space 4608K, 95% used [0x00000000ec900000,0x00000000ecd4d250,0x00000000ecd80000)
  to   space 5120K, 0% used [0x00000000ec380000,0x00000000ec380000,0x00000000ec880000)
 ParOldGen       total 68608K, used 6953K [0x00000000c0000000, 0x00000000c4300000, 0x00000000eab00000)
  object space 68608K, 10% used [0x00000000c0000000,0x00000000c06ca718,0x00000000c4300000)
 Metaspace       used 20931K, committed 21504K, reserved 1073152K
  class space    used 2023K, committed 2240K, reserved 1048576K
}
Event: 1,316 GC heap before
{Heap before GC invocations=7 (full 1):
 PSYoungGen      total 29696K, used 4404K [0x00000000eab00000, 0x00000000ecd80000, 0x0000000100000000)
  eden space 25088K, 0% used [0x00000000eab00000,0x00000000eab00000,0x00000000ec380000)
  from space 4608K, 95% used [0x00000000ec900000,0x00000000ecd4d250,0x00000000ecd80000)
  to   space 5120K, 0% used [0x00000000ec380000,0x00000000ec380000,0x00000000ec880000)
 ParOldGen       total 68608K, used 6953K [0x00000000c0000000, 0x00000000c4300000, 0x00000000eab00000)
  object space 68608K, 10% used [0x00000000c0000000,0x00000000c06ca718,0x00000000c4300000)
 Metaspace       used 20931K, committed 21504K, reserved 1073152K
  class space    used 2023K, committed 2240K, reserved 1048576K
}
Event: 1,330 GC heap after
{Heap after GC invocations=7 (full 1):
 PSYoungGen      total 29696K, used 0K [0x00000000eab00000, 0x00000000ecd80000, 0x0000000100000000)
  eden space 25088K, 0% used [0x00000000eab00000,0x00000000eab00000,0x00000000ec380000)
  from space 4608K, 0% used [0x00000000ec900000,0x00000000ec900000,0x00000000ecd80000)
  to   space 5120K, 0% used [0x00000000ec380000,0x00000000ec380000,0x00000000ec880000)
 ParOldGen       total 68608K, used 10384K [0x00000000c0000000, 0x00000000c4300000, 0x00000000eab00000)
  object space 68608K, 15% used [0x00000000c0000000,0x00000000c0a242c8,0x00000000c4300000)
 Metaspace       used 20918K, committed 21504K, reserved 1073152K
  class space    used 2019K, committed 2240K, reserved 1048576K
}
Event: 1,440 GC heap before
{Heap before GC invocations=8 (full 1):
 PSYoungGen      total 29696K, used 25088K [0x00000000eab00000, 0x00000000ecd80000, 0x0000000100000000)
  eden space 25088K, 100% used [0x00000000eab00000,0x00000000ec380000,0x00000000ec380000)
  from space 4608K, 0% used [0x00000000ec900000,0x00000000ec900000,0x00000000ecd80000)
  to   space 5120K, 0% used [0x00000000ec380000,0x00000000ec380000,0x00000000ec880000)
 ParOldGen       total 68608K, used 10384K [0x00000000c0000000, 0x00000000c4300000, 0x00000000eab00000)
  object space 68608K, 15% used [0x00000000c0000000,0x00000000c0a242c8,0x00000000c4300000)
 Metaspace       used 23833K, committed 24384K, reserved 1073152K
  class space    used 2271K, committed 2496K, reserved 1048576K
}
Event: 1,441 GC heap after
{Heap after GC invocations=8 (full 1):
 PSYoungGen      total 25600K, used 942K [0x00000000eab00000, 0x00000000ec980000, 0x0000000100000000)
  eden space 24576K, 0% used [0x00000000eab00000,0x00000000eab00000,0x00000000ec300000)
  from space 1024K, 92% used [0x00000000ec380000,0x00000000ec46bb28,0x00000000ec480000)
  to   space 2560K, 0% used [0x00000000ec700000,0x00000000ec700000,0x00000000ec980000)
 ParOldGen       total 68608K, used 10392K [0x00000000c0000000, 0x00000000c4300000, 0x00000000eab00000)
  object space 68608K, 15% used [0x00000000c0000000,0x00000000c0a262c8,0x00000000c4300000)
 Metaspace       used 23833K, committed 24384K, reserved 1073152K
  class space    used 2271K, committed 2496K, reserved 1048576K
}

Dll operation events (10 events):
Event: 0,002 Loaded shared library /usr/lib/jvm/java-17-openjdk-amd64/lib/libjava.so
Event: 0,002 Loaded shared library /usr/lib/jvm/java-17-openjdk-amd64/lib/libzip.so
Event: 0,006 Loaded shared library /usr/lib/jvm/java-17-openjdk-amd64/lib/libjsvml.so
Event: 0,052 Loaded shared library /usr/lib/jvm/java-17-openjdk-amd64/lib/libinstrument.so
Event: 0,053 Loaded shared library /usr/lib/jvm/java-17-openjdk-amd64/lib/libnio.so
Event: 0,055 Loaded shared library /usr/lib/jvm/java-17-openjdk-amd64/lib/libzip.so
Event: 0,064 Loaded shared library /usr/lib/jvm/java-17-openjdk-amd64/lib/libjimage.so
Event: 0,083 Loaded shared library /usr/lib/jvm/java-17-openjdk-amd64/lib/libverify.so
Event: 0,417 Loaded shared library /usr/lib/jvm/java-17-openjdk-amd64/lib/libnet.so
Event: 0,661 Loaded shared library /home/infoetu/quentin.moutte.etu/.config/VSCodium/User/globalStorage/redhat.java/1.18.0/config_linux/org.eclipse.equinox.launcher/org.eclipse.equinox.launcher.gtk.linux.x86_64_1.2.700.v20221108-1024/eclipse_11801.so

Deoptimization events (20 events):
Event: 1,400 Thread 0x00007f2d3c51fcf0 DEOPT PACKING pc=0x00007f2d2571e5de sp=0x00007f2d19e46480
Event: 1,400 Thread 0x00007f2d3c51fcf0 DEOPT UNPACKING pc=0x00007f2d2c6beb2f sp=0x00007f2d19e45998 mode 0
Event: 1,401 Thread 0x00007f2d3c51fcf0 DEOPT PACKING pc=0x00007f2d2571e5de sp=0x00007f2d19e46550
Event: 1,401 Thread 0x00007f2d3c51fcf0 DEOPT UNPACKING pc=0x00007f2d2c6beb2f sp=0x00007f2d19e45a68 mode 0
Event: 1,401 Thread 0x00007f2d3c51fcf0 DEOPT PACKING pc=0x00007f2d2571e5de sp=0x00007f2d19e46480
Event: 1,401 Thread 0x00007f2d3c51fcf0 DEOPT UNPACKING pc=0x00007f2d2c6beb2f sp=0x00007f2d19e45998 mode 0
Event: 1,402 Thread 0x00007f2d3c51fcf0 DEOPT PACKING pc=0x00007f2d2571e5de sp=0x00007f2d19e46480
Event: 1,402 Thread 0x00007f2d3c51fcf0 DEOPT UNPACKING pc=0x00007f2d2c6beb2f sp=0x00007f2d19e45998 mode 0
Event: 1,402 Thread 0x00007f2d3c51fcf0 DEOPT PACKING pc=0x00007f2d2571e5de sp=0x00007f2d19e46480
Event: 1,402 Thread 0x00007f2d3c51fcf0 DEOPT UNPACKING pc=0x00007f2d2c6beb2f sp=0x00007f2d19e45998 mode 0
Event: 1,402 Thread 0x00007f2d3c51fcf0 DEOPT PACKING pc=0x00007f2d2571e5de sp=0x00007f2d19e46550
Event: 1,402 Thread 0x00007f2d3c51fcf0 DEOPT UNPACKING pc=0x00007f2d2c6beb2f sp=0x00007f2d19e45a68 mode 0
Event: 1,403 Thread 0x00007f2d3c51fcf0 DEOPT PACKING pc=0x00007f2d2571e5de sp=0x00007f2d19e46550
Event: 1,403 Thread 0x00007f2d3c51fcf0 DEOPT UNPACKING pc=0x00007f2d2c6beb2f sp=0x00007f2d19e45a68 mode 0
Event: 1,403 Thread 0x00007f2d3c51fcf0 DEOPT PACKING pc=0x00007f2d2571e5de sp=0x00007f2d19e46550
Event: 1,403 Thread 0x00007f2d3c51fcf0 DEOPT UNPACKING pc=0x00007f2d2c6beb2f sp=0x00007f2d19e45a68 mode 0
Event: 1,656 Thread 0x00007f2d3c017090 Uncommon trap: trap_request=0xffffff45 fr.pc=0x00007f2d2ce684b0 relative=0x0000000000000110
Event: 1,656 Thread 0x00007f2d3c017090 Uncommon trap: reason=unstable_if action=reinterpret pc=0x00007f2d2ce684b0 method=jdk.internal.org.objectweb.asm.SymbolTable.put(Ljdk/internal/org/objectweb/asm/SymbolTable$Entry;)Ljdk/internal/org/objectweb/asm/SymbolTable$Entry; @ 13 c2
Event: 1,656 Thread 0x00007f2d3c017090 DEOPT PACKING pc=0x00007f2d2ce684b0 sp=0x00007f2d40dd6140
Event: 1,656 Thread 0x00007f2d3c017090 DEOPT UNPACKING pc=0x00007f2d2c6be399 sp=0x00007f2d40dd60c0 mode 2

Classes unloaded (7 events):
Event: 1,319 Thread 0x00007f2d3c21cfe0 Unloading class 0x0000000800d6a400 'java/lang/invoke/LambdaForm$MH+0x0000000800d6a400'
Event: 1,319 Thread 0x00007f2d3c21cfe0 Unloading class 0x0000000800d6a000 'java/lang/invoke/LambdaForm$MH+0x0000000800d6a000'
Event: 1,319 Thread 0x00007f2d3c21cfe0 Unloading class 0x0000000800d69c00 'java/lang/invoke/LambdaForm$MH+0x0000000800d69c00'
Event: 1,319 Thread 0x00007f2d3c21cfe0 Unloading class 0x0000000800d69800 'java/lang/invoke/LambdaForm$MH+0x0000000800d69800'
Event: 1,319 Thread 0x00007f2d3c21cfe0 Unloading class 0x0000000800d69000 'java/lang/invoke/LambdaForm$BMH+0x0000000800d69000'
Event: 1,319 Thread 0x00007f2d3c21cfe0 Unloading class 0x0000000800d68c00 'java/lang/invoke/LambdaForm$DMH+0x0000000800d68c00'
Event: 1,319 Thread 0x00007f2d3c21cfe0 Unloading class 0x0000000800d66000 'java/lang/invoke/LambdaForm$DMH+0x0000000800d66000'

Classes redefined (0 events):
No events

Internal exceptions (20 events):
Event: 1,012 Thread 0x00007f2d3c51fcf0 Exception <a 'java/lang/NoSuchMethodError'{0x00000000eb4d67c8}: 'java.lang.Object java.lang.invoke.DirectMethodHandle$Holder.newInvokeSpecial(java.lang.Object, java.lang.Object, java.lang.Object, int, java.lang.Object)'> (0x00000000eb4d67c8) 
thrown [./src/hotspot/share/interpreter/linkResolver.cpp, line 758]
Event: 1,013 Thread 0x00007f2d3c51fcf0 Exception <a 'java/lang/NoSuchMethodError'{0x00000000eb4dac20}: 'java.lang.Object java.lang.invoke.DirectMethodHandle$Holder.invokeSpecial(java.lang.Object, java.lang.Object, java.lang.Object, java.lang.Object, int, java.lang.Object)'> (0x00000000eb4dac20) 
thrown [./src/hotspot/share/interpreter/linkResolver.cpp, line 758]
Event: 1,013 Thread 0x00007f2d3c51fcf0 Exception <a 'java/lang/NoSuchMethodError'{0x00000000eb4de9b0}: 'java.lang.Object java.lang.invoke.Invokers$Holder.linkToTargetMethod(java.lang.Object, java.lang.Object, int, java.lang.Object, java.lang.Object)'> (0x00000000eb4de9b0) 
thrown [./src/hotspot/share/interpreter/linkResolver.cpp, line 758]
Event: 1,013 Thread 0x00007f2cb82e8120 Exception <a 'java/lang/NoSuchMethodError'{0x00000000eb401718}: 'java.lang.Object java.lang.invoke.DirectMethodHandle$Holder.invokeSpecial(java.lang.Object, java.lang.Object, int, java.lang.Object, java.lang.Object)'> (0x00000000eb401718) 
thrown [./src/hotspot/share/interpreter/linkResolver.cpp, line 758]
Event: 1,014 Thread 0x00007f2cb82e8120 Exception <a 'java/lang/NoSuchMethodError'{0x00000000eb408de8}: 'java.lang.Object java.lang.invoke.DirectMethodHandle$Holder.newInvokeSpecial(java.lang.Object, java.lang.Object, int, java.lang.Object)'> (0x00000000eb408de8) 
thrown [./src/hotspot/share/interpreter/linkResolver.cpp, line 758]
Event: 1,014 Thread 0x00007f2cb82e8120 Exception <a 'java/lang/NoSuchMethodError'{0x00000000eb40c8f8}: 'java.lang.Object java.lang.invoke.DirectMethodHandle$Holder.invokeSpecial(java.lang.Object, java.lang.Object, java.lang.Object, int, java.lang.Object)'> (0x00000000eb40c8f8) 
thrown [./src/hotspot/share/interpreter/linkResolver.cpp, line 758]
Event: 1,089 Thread 0x00007f2d3c51fcf0 Exception <a 'java/io/FileNotFoundException'{0x00000000ebf6e350}> (0x00000000ebf6e350) 
thrown [./src/hotspot/share/prims/jni.cpp, line 516]
Event: 1,142 Thread 0x00007f2d3c51fcf0 Exception <a 'java/lang/NoSuchMethodError'{0x00000000eace0fe0}: 'void java.lang.invoke.DirectMethodHandle$Holder.invokeSpecial(java.lang.Object, java.lang.Object, java.lang.Object, int)'> (0x00000000eace0fe0) 
thrown [./src/hotspot/share/interpreter/linkResolver.cpp, line 758]
Event: 1,168 Thread 0x00007f2cb82e8120 Exception <a 'java/io/FileNotFoundException'{0x00000000eb05d7a0}> (0x00000000eb05d7a0) 
thrown [./src/hotspot/share/prims/jni.cpp, line 516]
Event: 1,399 Thread 0x00007f2d3c51fcf0 Exception <a 'java/lang/ClassNotFoundException'{0x00000000ebf02200}: com/sun/org/apache/xerces/internal/impl/msg/spi/DOMMessagesProvider> (0x00000000ebf02200) 
thrown [./src/hotspot/share/classfile/systemDictionary.cpp, line 256]
Event: 1,401 Thread 0x00007f2d3c51fcf0 Exception <a 'java/lang/ClassNotFoundException'{0x00000000ebf27e58}: com/sun/org/apache/xerces/internal/impl/msg/spi/XMLSerializerMessagesProvider> (0x00000000ebf27e58) 
thrown [./src/hotspot/share/classfile/systemDictionary.cpp, line 256]
Event: 1,401 Thread 0x00007f2d3c51fcf0 Exception <a 'java/lang/ClassNotFoundException'{0x00000000ebf3ba78}: com/sun/org/apache/xerces/internal/impl/msg/spi/XMLMessagesProvider> (0x00000000ebf3ba78) 
thrown [./src/hotspot/share/classfile/systemDictionary.cpp, line 256]
Event: 1,414 Thread 0x00007f2d3c51fcf0 Exception <a 'java/lang/NoSuchMethodError'{0x00000000ec05a0d8}: 'void java.lang.invoke.DirectMethodHandle$Holder.invokeVirtual(java.lang.Object, java.lang.Object)'> (0x00000000ec05a0d8) 
thrown [./src/hotspot/share/interpreter/linkResolver.cpp, line 758]
Event: 1,468 Thread 0x00007f2d3c51fcf0 Exception <a 'java/lang/ClassNotFoundException'{0x00000000eac87140}: com/sun/org/apache/xml/internal/serializer/spi/XMLEntitiesProvider> (0x00000000eac87140) 
thrown [./src/hotspot/share/classfile/systemDictionary.cpp, line 256]
Event: 1,512 Thread 0x00007f2d3c51fcf0 Exception <a 'java/io/FileNotFoundException'{0x00000000eaf7cd48}> (0x00000000eaf7cd48) 
thrown [./src/hotspot/share/prims/jni.cpp, line 516]
Event: 1,517 Thread 0x00007f2d3c51fcf0 Exception <a 'java/io/FileNotFoundException'{0x00000000eb012cf0}> (0x00000000eb012cf0) 
thrown [./src/hotspot/share/prims/jni.cpp, line 516]
Event: 1,522 Thread 0x00007f2d3c51fcf0 Exception <a 'java/io/FileNotFoundException'{0x00000000eb08d248}> (0x00000000eb08d248) 
thrown [./src/hotspot/share/prims/jni.cpp, line 516]
Event: 1,590 Thread 0x00007f2d3c017090 Exception <a 'java/lang/NoSuchMethodError'{0x00000000eb6b1f78}: 'void java.lang.invoke.DirectMethodHandle$Holder.invokeStatic(java.lang.Object, java.lang.Object, java.lang.Object, java.lang.Object)'> (0x00000000eb6b1f78) 
thrown [./src/hotspot/share/interpreter/linkResolver.cpp, line 758]
Event: 1,651 Thread 0x00007f2d3c017090 Exception <a 'java/lang/NoSuchMethodError'{0x00000000ec08fa70}: 'void java.lang.invoke.DirectMethodHandle$Holder.invokeSpecial(java.lang.Object, java.lang.Object, java.lang.Object, java.lang.Object, java.lang.Object, java.lang.Object)'> (0x00000000ec08fa70) 
thrown [./src/hotspot/share/interpreter/linkResolver.cpp, line 758]
Event: 1,651 Thread 0x00007f2d3c017090 Exception <a 'java/lang/IncompatibleClassChangeError'{0x00000000ec098698}: Found class java.lang.Object, but interface was expected> (0x00000000ec098698) 
thrown [./src/hotspot/share/interpreter/linkResolver.cpp, line 826]

VM Operations (20 events):
Event: 0,877 Executing VM operation: HandshakeAllThreads
Event: 0,877 Executing VM operation: HandshakeAllThreads done
Event: 0,919 Executing VM operation: ParallelGCFailedAllocation
Event: 0,923 Executing VM operation: ParallelGCFailedAllocation done
Event: 0,923 Executing VM operation: HandshakeAllThreads
Event: 0,923 Executing VM operation: HandshakeAllThreads done
Event: 1,019 Executing VM operation: HandshakeAllThreads
Event: 1,019 Executing VM operation: HandshakeAllThreads done
Event: 1,061 Executing VM operation: HandshakeAllThreads
Event: 1,061 Executing VM operation: HandshakeAllThreads done
Event: 1,125 Executing VM operation: ParallelGCFailedAllocation
Event: 1,129 Executing VM operation: ParallelGCFailedAllocation done
Event: 1,267 Executing VM operation: ParallelGCFailedAllocation
Event: 1,270 Executing VM operation: ParallelGCFailedAllocation done
Event: 1,313 Executing VM operation: CollectForMetadataAllocation
Event: 1,330 Executing VM operation: CollectForMetadataAllocation done
Event: 1,424 Executing VM operation: HandshakeAllThreads
Event: 1,424 Executing VM operation: HandshakeAllThreads done
Event: 1,440 Executing VM operation: ParallelGCFailedAllocation
Event: 1,441 Executing VM operation: ParallelGCFailedAllocation done

Events (20 events):
Event: 1,647 loading class org/eclipse/lsp4j/jsonrpc/services/AnnotationUtil$MethodInfo
Event: 1,647 loading class org/eclipse/lsp4j/jsonrpc/services/AnnotationUtil$MethodInfo done
Event: 1,651 loading class org/eclipse/lsp4j/jsonrpc/services/GenericEndpoint
Event: 1,651 loading class org/eclipse/lsp4j/jsonrpc/services/GenericEndpoint done
Event: 1,653 loading class java/io/UncheckedIOException
Event: 1,653 loading class java/io/UncheckedIOException done
Event: 1,653 loading class org/eclipse/lsp4j/jsonrpc/messages/ResponseError
Event: 1,653 loading class org/eclipse/lsp4j/jsonrpc/messages/ResponseError done
Event: 1,653 loading class org/eclipse/lsp4j/jsonrpc/messages/ResponseError
Event: 1,653 loading class org/eclipse/lsp4j/jsonrpc/messages/ResponseError done
Event: 1,654 loading class org/eclipse/lsp4j/jsonrpc/services/EndpointProxy
Event: 1,654 loading class org/eclipse/lsp4j/jsonrpc/services/EndpointProxy done
Event: 1,654 loading class org/eclipse/lsp4j/jsonrpc/services/AnnotationUtil$MethodInfo
Event: 1,654 loading class org/eclipse/lsp4j/jsonrpc/services/AnnotationUtil$MethodInfo done
Event: 1,654 loading class org/eclipse/lsp4j/jsonrpc/services/AnnotationUtil$MethodInfo
Event: 1,654 loading class org/eclipse/lsp4j/jsonrpc/services/AnnotationUtil$MethodInfo done
Event: 1,654 loading class org/eclipse/lsp4j/jsonrpc/services/EndpointProxy
Event: 1,654 loading class org/eclipse/lsp4j/jsonrpc/services/EndpointProxy done
Event: 1,654 loading class org/eclipse/lsp4j/jsonrpc/Endpoint
Event: 1,654 loading class org/eclipse/lsp4j/jsonrpc/Endpoint done


Dynamic libraries:
c0000000-c4300000 rw-p 00000000 00:00 0 
c4300000-eab00000 ---p 00000000 00:00 0 
eab00000-ec980000 rw-p 00000000 00:00 0 
ec980000-100000000 ---p 00000000 00:00 0 
800000000-800be3000 rw-p 00001000 103:02 3543126                         /usr/lib/jvm/java-17-openjdk-amd64/lib/server/classes.jsa
800be3000-800c00000 ---p 00000000 00:00 0 
800c00000-800c20000 rw-p 00000000 00:00 0 
800c20000-800c40000 rw-p 00000000 00:00 0 
800c40000-800cc0000 rw-p 00000000 00:00 0 
800cc0000-800d00000 rw-p 00000000 00:00 0 
800d00000-800e60000 rw-p 00000000 00:00 0 
800e60000-800ec0000 rw-p 00000000 00:00 0 
800ec0000-800ed0000 rw-p 00000000 00:00 0 
800ed0000-800f00000 ---p 00000000 00:00 0 
800f00000-800f40000 rw-p 00000000 00:00 0 
800f40000-840c00000 ---p 00000000 00:00 0 
55b4312c5000-55b4312c6000 r--p 00000000 103:02 3166030                   /usr/lib/jvm/java-17-openjdk-amd64/bin/java
55b4312c6000-55b4312c7000 r-xp 00001000 103:02 3166030                   /usr/lib/jvm/java-17-openjdk-amd64/bin/java
55b4312c7000-55b4312c8000 r--p 00002000 103:02 3166030                   /usr/lib/jvm/java-17-openjdk-amd64/bin/java
55b4312c8000-55b4312c9000 r--p 00002000 103:02 3166030                   /usr/lib/jvm/java-17-openjdk-amd64/bin/java
55b4312c9000-55b4312ca000 rw-p 00003000 103:02 3166030                   /usr/lib/jvm/java-17-openjdk-amd64/bin/java
55b431e38000-55b431e7f000 rw-p 00000000 00:00 0                          [heap]
7f2c70000000-7f2c70021000 rw-p 00000000 00:00 0 
7f2c70021000-7f2c74000000 ---p 00000000 00:00 0 
7f2c74000000-7f2c7419b000 rw-p 00000000 00:00 0 
7f2c7419b000-7f2c78000000 ---p 00000000 00:00 0 
7f2c78000000-7f2c78021000 rw-p 00000000 00:00 0 
7f2c78021000-7f2c7c000000 ---p 00000000 00:00 0 
7f2c7c000000-7f2c7c021000 rw-p 00000000 00:00 0 
7f2c7c021000-7f2c80000000 ---p 00000000 00:00 0 
7f2c82d53000-7f2c83210000 rw-p 00000000 00:00 0 
7f2c83210000-7f2c83800000 ---p 00000000 00:00 0 
7f2c83800000-7f2c83b00000 rw-p 00000000 00:00 0 
7f2c83b00000-7f2c83c00000 rw-p 00000000 00:00 0 
7f2c83c00000-7f2c83e00000 rw-p 00000000 00:00 0 
7f2c83e00000-7f2c83f00000 rw-p 00000000 00:00 0 
7f2c83f00000-7f2c83f60000 rw-p 00000000 00:00 0 
7f2c83f60000-7f2c84000000 ---p 00000000 00:00 0 
7f2c84000000-7f2c84021000 rw-p 00000000 00:00 0 
7f2c84021000-7f2c88000000 ---p 00000000 00:00 0 
7f2c88000000-7f2c8802a000 rw-p 00000000 00:00 0 
7f2c8802a000-7f2c8c000000 ---p 00000000 00:00 0 
7f2c8c000000-7f2c8c021000 rw-p 00000000 00:00 0 
7f2c8c021000-7f2c90000000 ---p 00000000 00:00 0 
7f2c90000000-7f2c90021000 rw-p 00000000 00:00 0 
7f2c90021000-7f2c94000000 ---p 00000000 00:00 0 
7f2c94000000-7f2c94021000 rw-p 00000000 00:00 0 
7f2c94021000-7f2c98000000 ---p 00000000 00:00 0 
7f2c98000000-7f2c98021000 rw-p 00000000 00:00 0 
7f2c98021000-7f2c9c000000 ---p 00000000 00:00 0 
7f2c9c000000-7f2c9c1dc000 rw-p 00000000 00:00 0 
7f2c9c1dc000-7f2ca0000000 ---p 00000000 00:00 0 
7f2ca0000000-7f2ca0021000 rw-p 00000000 00:00 0 
7f2ca0021000-7f2ca4000000 ---p 00000000 00:00 0 
7f2ca4000000-7f2ca4021000 rw-p 00000000 00:00 0 
7f2ca4021000-7f2ca8000000 ---p 00000000 00:00 0 
7f2ca8000000-7f2ca8021000 rw-p 00000000 00:00 0 
7f2ca8021000-7f2cac000000 ---p 00000000 00:00 0 
7f2cac000000-7f2cac021000 rw-p 00000000 00:00 0 
7f2cac021000-7f2cb0000000 ---p 00000000 00:00 0 
7f2cb0000000-7f2cb0021000 rw-p 00000000 00:00 0 
7f2cb0021000-7f2cb4000000 ---p 00000000 00:00 0 
7f2cb4000000-7f2cb4021000 rw-p 00000000 00:00 0 
7f2cb4021000-7f2cb8000000 ---p 00000000 00:00 0 
7f2cb8000000-7f2cb8991000 rw-p 00000000 00:00 0 
7f2cb8991000-7f2cbc000000 ---p 00000000 00:00 0 
7f2cbc000000-7f2cbc021000 rw-p 00000000 00:00 0 
7f2cbc021000-7f2cc0000000 ---p 00000000 00:00 0 
7f2cc0000000-7f2cc0021000 rw-p 00000000 00:00 0 
7f2cc0021000-7f2cc4000000 ---p 00000000 00:00 0 
7f2cc4000000-7f2cc4021000 rw-p 00000000 00:00 0 
7f2cc4021000-7f2cc8000000 ---p 00000000 00:00 0 
7f2cc8000000-7f2cc8021000 rw-p 00000000 00:00 0 
7f2cc8021000-7f2ccc000000 ---p 00000000 00:00 0 
7f2ccc000000-7f2ccc0cb000 rw-p 00000000 00:00 0 
7f2ccc0cb000-7f2cd0000000 ---p 00000000 00:00 0 
7f2cd0000000-7f2cd0021000 rw-p 00000000 00:00 0 
7f2cd0021000-7f2cd4000000 ---p 00000000 00:00 0 
7f2cd4000000-7f2cd468f000 rw-p 00000000 00:00 0 
7f2cd468f000-7f2cd8000000 ---p 00000000 00:00 0 
7f2cd8000000-7f2cd827e000 rw-p 00000000 00:00 0 
7f2cd827e000-7f2cdc000000 ---p 00000000 00:00 0 
7f2cdc000000-7f2cdc021000 rw-p 00000000 00:00 0 
7f2cdc021000-7f2ce0000000 ---p 00000000 00:00 0 
7f2ce0000000-7f2ce0d92000 rw-p 00000000 00:00 0 
7f2ce0d92000-7f2ce4000000 ---p 00000000 00:00 0 
7f2ce4000000-7f2ce42dc000 rw-p 00000000 00:00 0 
7f2ce42dc000-7f2ce8000000 ---p 00000000 00:00 0 
7f2ce8000000-7f2ce8021000 rw-p 00000000 00:00 0 
7f2ce8021000-7f2cec000000 ---p 00000000 00:00 0 
7f2cec000000-7f2cec021000 rw-p 00000000 00:00 0 
7f2cec021000-7f2cf0000000 ---p 00000000 00:00 0 
7f2cf0000000-7f2cf030f000 rw-p 00000000 00:00 0 
7f2cf030f000-7f2cf4000000 ---p 00000000 00:00 0 
7f2cf4000000-7f2cf4465000 rw-p 00000000 00:00 0 
7f2cf4465000-7f2cf8000000 ---p 00000000 00:00 0 
7f2cf8000000-7f2cf8021000 rw-p 00000000 00:00 0 
7f2cf8021000-7f2cfc000000 ---p 00000000 00:00 0 
7f2cfc000000-7f2cfc021000 rw-p 00000000 00:00 0 
7f2cfc021000-7f2d00000000 ---p 00000000 00:00 0 
7f2d00000000-7f2d00786000 rw-p 00000000 00:00 0 
7f2d00786000-7f2d04000000 ---p 00000000 00:00 0 
7f2d04000000-7f2d04021000 rw-p 00000000 00:00 0 
7f2d04021000-7f2d08000000 ---p 00000000 00:00 0 
7f2d08000000-7f2d08021000 rw-p 00000000 00:00 0 
7f2d08021000-7f2d0c000000 ---p 00000000 00:00 0 
7f2d0c000000-7f2d0c021000 rw-p 00000000 00:00 0 
7f2d0c021000-7f2d10000000 ---p 00000000 00:00 0 
7f2d10000000-7f2d10021000 rw-p 00000000 00:00 0 
7f2d10021000-7f2d14000000 ---p 00000000 00:00 0 
7f2d14000000-7f2d14021000 rw-p 00000000 00:00 0 
7f2d14021000-7f2d18000000 ---p 00000000 00:00 0 
7f2d18145000-7f2d18149000 ---p 00000000 00:00 0 
7f2d18149000-7f2d18246000 rw-p 00000000 00:00 0 
7f2d18360000-7f2d18364000 ---p 00000000 00:00 0 
7f2d18364000-7f2d18461000 rw-p 00000000 00:00 0 
7f2d18461000-7f2d18465000 ---p 00000000 00:00 0 
7f2d18465000-7f2d18562000 rw-p 00000000 00:00 0 
7f2d18562000-7f2d18563000 ---p 00000000 00:00 0 
7f2d18563000-7f2d18664000 rw-p 00000000 00:00 0 
7f2d186f3000-7f2d186f7000 ---p 00000000 00:00 0 
7f2d186f7000-7f2d187f4000 rw-p 00000000 00:00 0 
7f2d187f4000-7f2d187f8000 ---p 00000000 00:00 0 
7f2d187f8000-7f2d188f5000 rw-p 00000000 00:00 0 
7f2d188f5000-7f2d188f6000 ---p 00000000 00:00 0 
7f2d188f6000-7f2d189f7000 rw-p 00000000 00:00 0 
7f2d189f7000-7f2d189f8000 ---p 00000000 00:00 0 
7f2d189f8000-7f2d18af9000 rw-p 00000000 00:00 0 
7f2d18af9000-7f2d18afa000 ---p 00000000 00:00 0 
7f2d18afa000-7f2d18bfb000 rw-p 00000000 00:00 0 
7f2d18bfb000-7f2d18bfc000 ---p 00000000 00:00 0 
7f2d18bfc000-7f2d18cfd000 rw-p 00000000 00:00 0 
7f2d18cfd000-7f2d18d01000 ---p 00000000 00:00 0 
7f2d18d01000-7f2d18dfe000 rw-p 00000000 00:00 0 
7f2d18dfe000-7f2d18e02000 ---p 00000000 00:00 0 
7f2d18e02000-7f2d18eff000 rw-p 00000000 00:00 0 
7f2d18eff000-7f2d18f03000 ---p 00000000 00:00 0 
7f2d18f03000-7f2d19100000 rw-p 00000000 00:00 0 
7f2d19100000-7f2d19200000 rw-p 00000000 00:00 0 
7f2d19200000-7f2d19800000 rw-p 00000000 00:00 0 
7f2d19836000-7f2d19837000 ---p 00000000 00:00 0 
7f2d19837000-7f2d19938000 rw-p 00000000 00:00 0 
7f2d19938000-7f2d19939000 ---p 00000000 00:00 0 
7f2d19939000-7f2d19a3a000 rw-p 00000000 00:00 0 
7f2d19a3a000-7f2d19a3e000 ---p 00000000 00:00 0 
7f2d19a3e000-7f2d19b3b000 rw-p 00000000 00:00 0 
7f2d19b3b000-7f2d19b4b000 r-xp 00000000 00:28 144646696                  /home/infoetu/quentin.moutte.etu/.config/VSCodium/User/globalStorage/redhat.java/1.18.0/config_linux/org.eclipse.equinox.launcher/org.eclipse.equinox.launcher.gtk.linux.x86_64_1.2.700.v20221108-1024/eclipse_11801.so
7f2d19b4b000-7f2d19d4a000 ---p 00010000 00:28 144646696                  /home/infoetu/quentin.moutte.etu/.config/VSCodium/User/globalStorage/redhat.java/1.18.0/config_linux/org.eclipse.equinox.launcher/org.eclipse.equinox.launcher.gtk.linux.x86_64_1.2.700.v20221108-1024/eclipse_11801.so
7f2d19d4a000-7f2d19d4b000 r--p 0000f000 00:28 144646696                  /home/infoetu/quentin.moutte.etu/.config/VSCodium/User/globalStorage/redhat.java/1.18.0/config_linux/org.eclipse.equinox.launcher/org.eclipse.equinox.launcher.gtk.linux.x86_64_1.2.700.v20221108-1024/eclipse_11801.so
7f2d19d4b000-7f2d19d4c000 rw-p 00010000 00:28 144646696                  /home/infoetu/quentin.moutte.etu/.config/VSCodium/User/globalStorage/redhat.java/1.18.0/config_linux/org.eclipse.equinox.launcher/org.eclipse.equinox.launcher.gtk.linux.x86_64_1.2.700.v20221108-1024/eclipse_11801.so
7f2d19d4c000-7f2d19d4d000 rw-p 00000000 00:00 0 
7f2d19d4d000-7f2d19d51000 ---p 00000000 00:00 0 
7f2d19d51000-7f2d19e4e000 rw-p 00000000 00:00 0 
7f2d19e4e000-7f2d19e4f000 ---p 00000000 00:00 0 
7f2d19e4f000-7f2d19f50000 rw-p 00000000 00:00 0 
7f2d19f50000-7f2d19f51000 ---p 00000000 00:00 0 
7f2d19f51000-7f2d1a052000 rw-p 00000000 00:00 0 
7f2d1a052000-7f2d1a053000 ---p 00000000 00:00 0 
7f2d1a053000-7f2d1a154000 rw-p 00000000 00:00 0 
7f2d1a154000-7f2d1a155000 ---p 00000000 00:00 0 
7f2d1a155000-7f2d1a256000 rw-p 00000000 00:00 0 
7f2d1a256000-7f2d1a257000 ---p 00000000 00:00 0 
7f2d1a257000-7f2d1a358000 rw-p 00000000 00:00 0 
7f2d1a358000-7f2d1a35c000 ---p 00000000 00:00 0 
7f2d1a35c000-7f2d1a459000 rw-p 00000000 00:00 0 
7f2d1a459000-7f2d1a45d000 ---p 00000000 00:00 0 
7f2d1a45d000-7f2d1a55a000 rw-p 00000000 00:00 0 
7f2d1a5b2000-7f2d1a5b6000 ---p 00000000 00:00 0 
7f2d1a5b6000-7f2d1a5d4000 rw-p 00000000 00:00 0 
7f2d1a5d4000-7f2d1a5f9000 r--p 00000000 103:02 3152389                   /usr/share/locale/fr/LC_MESSAGES/libc.mo
7f2d1a5f9000-7f2d1a5fd000 ---p 00000000 00:00 0 
7f2d1a5fd000-7f2d1a6fa000 rw-p 00000000 00:00 0 
7f2d1a6fa000-7f2d1a6fe000 ---p 00000000 00:00 0 
7f2d1a6fe000-7f2d1a7fb000 rw-p 00000000 00:00 0 
7f2d1a7fb000-7f2d1a7fc000 ---p 00000000 00:00 0 
7f2d1a7fc000-7f2d1a8fd000 rw-p 00000000 00:00 0 
7f2d1a8fd000-7f2d1a901000 ---p 00000000 00:00 0 
7f2d1a901000-7f2d1a9fe000 rw-p 00000000 00:00 0 
7f2d1a9fe000-7f2d1aa02000 r--p 00000000 103:02 3192852                   /usr/lib/jvm/java-17-openjdk-amd64/lib/libverify.so
7f2d1aa02000-7f2d1aa09000 r-xp 00004000 103:02 3192852                   /usr/lib/jvm/java-17-openjdk-amd64/lib/libverify.so
7f2d1aa09000-7f2d1aa0b000 r--p 0000b000 103:02 3192852                   /usr/lib/jvm/java-17-openjdk-amd64/lib/libverify.so
7f2d1aa0b000-7f2d1aa0d000 r--p 0000c000 103:02 3192852                   /usr/lib/jvm/java-17-openjdk-amd64/lib/libverify.so
7f2d1aa0d000-7f2d1aa0e000 rw-p 0000e000 103:02 3192852                   /usr/lib/jvm/java-17-openjdk-amd64/lib/libverify.so
7f2d1aa0e000-7f2d1aa12000 ---p 00000000 00:00 0 
7f2d1aa12000-7f2d1ab0f000 rw-p 00000000 00:00 0 
7f2d1ab0f000-7f2d1ab13000 ---p 00000000 00:00 0 
7f2d1ab13000-7f2d1ac10000 rw-p 00000000 00:00 0 
7f2d1ac10000-7f2d1ac14000 ---p 00000000 00:00 0 
7f2d1ac14000-7f2d1ad11000 rw-p 00000000 00:00 0 
7f2d1ad11000-7f2d1ad15000 ---p 00000000 00:00 0 
7f2d1ad15000-7f2d1ae12000 rw-p 00000000 00:00 0 
7f2d1ae12000-7f2d1ae16000 ---p 00000000 00:00 0 
7f2d1ae16000-7f2d1af13000 rw-p 00000000 00:00 0 
7f2d1af13000-7f2d1af17000 ---p 00000000 00:00 0 
7f2d1af17000-7f2d1b014000 rw-p 00000000 00:00 0 
7f2d1b014000-7f2d1b018000 ---p 00000000 00:00 0 
7f2d1b018000-7f2d1b115000 rw-p 00000000 00:00 0 
7f2d1b115000-7f2d1b119000 ---p 00000000 00:00 0 
7f2d1b119000-7f2d1b216000 rw-p 00000000 00:00 0 
7f2d1b216000-7f2d1b21a000 ---p 00000000 00:00 0 
7f2d1b21a000-7f2d1b317000 rw-p 00000000 00:00 0 
7f2d1b317000-7f2d1b5fe000 r--p 00000000 103:02 3168159                   /usr/lib/locale/locale-archive
7f2d1b5fe000-7f2d1b602000 ---p 00000000 00:00 0 
7f2d1b602000-7f2d1b6ff000 rw-p 00000000 00:00 0 
7f2d1b6ff000-7f2d1b703000 ---p 00000000 00:00 0 
7f2d1b703000-7f2d1bc00000 rw-p 00000000 00:00 0 
7f2d1bc00000-7f2d1bf00000 rw-p 00000000 00:00 0 
7f2d1bf00000-7f2d1c000000 rw-p 00000000 00:00 0 
7f2d1c00f000-7f2d1c010000 ---p 00000000 00:00 0 
7f2d1c010000-7f2d1c111000 rw-p 00000000 00:00 0 
7f2d1c111000-7f2d1c116000 r--p 00000000 103:02 3191070                   /usr/lib/jvm/java-17-openjdk-amd64/lib/libjsvml.so
7f2d1c116000-7f2d1c157000 r-xp 00005000 103:02 3191070                   /usr/lib/jvm/java-17-openjdk-amd64/lib/libjsvml.so
7f2d1c157000-7f2d1c1e0000 r--p 00046000 103:02 3191070                   /usr/lib/jvm/java-17-openjdk-amd64/lib/libjsvml.so
7f2d1c1e0000-7f2d1c1e1000 r--p 000ce000 103:02 3191070                   /usr/lib/jvm/java-17-openjdk-amd64/lib/libjsvml.so
7f2d1c1e1000-7f2d1c1e2000 rw-p 000cf000 103:02 3191070                   /usr/lib/jvm/java-17-openjdk-amd64/lib/libjsvml.so
7f2d1c1e2000-7f2d20000000 rw-p 00000000 00:00 0 
7f2d20000000-7f2d20021000 rw-p 00000000 00:00 0 
7f2d20021000-7f2d24000000 ---p 00000000 00:00 0 
7f2d2400d000-7f2d24011000 r--p 00000000 103:02 3191076                   /usr/lib/jvm/java-17-openjdk-amd64/lib/libnet.so
7f2d24011000-7f2d2401f000 r-xp 00004000 103:02 3191076                   /usr/lib/jvm/java-17-openjdk-amd64/lib/libnet.so
7f2d2401f000-7f2d24023000 r--p 00012000 103:02 3191076                   /usr/lib/jvm/java-17-openjdk-amd64/lib/libnet.so
7f2d24023000-7f2d24024000 r--p 00015000 103:02 3191076                   /usr/lib/jvm/java-17-openjdk-amd64/lib/libnet.so
7f2d24024000-7f2d24025000 rw-p 00016000 103:02 3191076                   /usr/lib/jvm/java-17-openjdk-amd64/lib/libnet.so
7f2d24025000-7f2d24ed4000 rw-p 00000000 00:00 0 
7f2d24ed4000-7f2d25008000 ---p 00000000 00:00 0 
7f2d25008000-7f2d2502a000 rw-p 00000000 00:00 0 
7f2d2502a000-7f2d2515d000 ---p 00000000 00:00 0 
7f2d2515d000-7f2d2516d000 rw-p 00000000 00:00 0 
7f2d2516d000-7f2d25208000 ---p 00000000 00:00 0 
7f2d25208000-7f2d25209000 rw-p 00000000 00:00 0 
7f2d25209000-7f2d258e9000 rwxp 00000000 00:00 0 
7f2d258e9000-7f2d2c668000 ---p 00000000 00:00 0 
7f2d2c668000-7f2d2c958000 rwxp 00000000 00:00 0 
7f2d2c958000-7f2d2cda9000 ---p 00000000 00:00 0 
7f2d2cda9000-7f2d2d019000 rwxp 00000000 00:00 0 
7f2d2d019000-7f2d34209000 ---p 00000000 00:00 0 
7f2d34209000-7f2d3c000000 r--s 00000000 103:02 3192854                   /usr/lib/jvm/java-17-openjdk-amd64/lib/modules
7f2d3c000000-7f2d3c73b000 rw-p 00000000 00:00 0 
7f2d3c73b000-7f2d40000000 ---p 00000000 00:00 0 
7f2d40004000-7f2d4000b000 r--s 00000000 103:02 3194164                   /usr/lib/x86_64-linux-gnu/gconv/gconv-modules.cache
7f2d4000b000-7f2d40011000 r--p 00000000 103:02 3191077                   /usr/lib/jvm/java-17-openjdk-amd64/lib/libnio.so
7f2d40011000-7f2d40019000 r-xp 00006000 103:02 3191077                   /usr/lib/jvm/java-17-openjdk-amd64/lib/libnio.so
7f2d40019000-7f2d4001d000 r--p 0000e000 103:02 3191077                   /usr/lib/jvm/java-17-openjdk-amd64/lib/libnio.so
7f2d4001d000-7f2d4001e000 ---p 00012000 103:02 3191077                   /usr/lib/jvm/java-17-openjdk-amd64/lib/libnio.so
7f2d4001e000-7f2d4001f000 r--p 00012000 103:02 3191077                   /usr/lib/jvm/java-17-openjdk-amd64/lib/libnio.so
7f2d4001f000-7f2d40020000 rw-p 00013000 103:02 3191077                   /usr/lib/jvm/java-17-openjdk-amd64/lib/libnio.so
7f2d40020000-7f2d400d0000 rw-p 00000000 00:00 0 
7f2d400d0000-7f2d400d1000 ---p 00000000 00:00 0 
7f2d400d1000-7f2d401d7000 rw-p 00000000 00:00 0 
7f2d401d7000-7f2d402bb000 ---p 00000000 00:00 0 
7f2d402bb000-7f2d402c9000 rw-p 00000000 00:00 0 
7f2d402c9000-7f2d403a4000 ---p 00000000 00:00 0 
7f2d403a4000-7f2d40c78000 r--s 00000000 103:02 789470                    /var/lib/sss/mc/passwd
7f2d40c78000-7f2d40c7a000 r--p 00000000 103:02 3175991                   /usr/lib/x86_64-linux-gnu/libnss_sss.so.2
7f2d40c7a000-7f2d40c81000 r-xp 00002000 103:02 3175991                   /usr/lib/x86_64-linux-gnu/libnss_sss.so.2
7f2d40c81000-7f2d40c83000 r--p 00009000 103:02 3175991                   /usr/lib/x86_64-linux-gnu/libnss_sss.so.2
7f2d40c83000-7f2d40c84000 r--p 0000a000 103:02 3175991                   /usr/lib/x86_64-linux-gnu/libnss_sss.so.2
7f2d40c84000-7f2d40c85000 rw-p 0000b000 103:02 3175991                   /usr/lib/x86_64-linux-gnu/libnss_sss.so.2
7f2d40c85000-7f2d40c87000 r--p 00000000 103:02 3177338                   /usr/lib/x86_64-linux-gnu/libnss_compat-2.31.so
7f2d40c87000-7f2d40c8d000 r-xp 00002000 103:02 3177338                   /usr/lib/x86_64-linux-gnu/libnss_compat-2.31.so
7f2d40c8d000-7f2d40c8e000 r--p 00008000 103:02 3177338                   /usr/lib/x86_64-linux-gnu/libnss_compat-2.31.so
7f2d40c8e000-7f2d40c8f000 ---p 00009000 103:02 3177338                   /usr/lib/x86_64-linux-gnu/libnss_compat-2.31.so
7f2d40c8f000-7f2d40c90000 r--p 00009000 103:02 3177338                   /usr/lib/x86_64-linux-gnu/libnss_compat-2.31.so
7f2d40c90000-7f2d40c91000 rw-p 0000a000 103:02 3177338                   /usr/lib/x86_64-linux-gnu/libnss_compat-2.31.so
7f2d40c95000-7f2d40c9b000 rw-p 00000000 00:00 0 
7f2d40c9b000-7f2d40ca4000 ---p 00000000 00:00 0 
7f2d40ca4000-7f2d40ca6000 r--s 0000c000 103:02 3682863                   /usr/share/java/java-atk-wrapper.jar
7f2d40ca6000-7f2d40ca8000 r--p 00000000 103:02 3192853                   /usr/lib/jvm/java-17-openjdk-amd64/lib/libzip.so
7f2d40ca8000-7f2d40cac000 r-xp 00002000 103:02 3192853                   /usr/lib/jvm/java-17-openjdk-amd64/lib/libzip.so
7f2d40cac000-7f2d40cae000 r--p 00006000 103:02 3192853                   /usr/lib/jvm/java-17-openjdk-amd64/lib/libzip.so
7f2d40cae000-7f2d40caf000 r--p 00007000 103:02 3192853                   /usr/lib/jvm/java-17-openjdk-amd64/lib/libzip.so
7f2d40caf000-7f2d40cb0000 rw-p 00008000 103:02 3192853                   /usr/lib/jvm/java-17-openjdk-amd64/lib/libzip.so
7f2d40cb0000-7f2d40cbc000 r--p 00000000 103:02 3191062                   /usr/lib/jvm/java-17-openjdk-amd64/lib/libjava.so
7f2d40cbc000-7f2d40cce000 r-xp 0000c000 103:02 3191062                   /usr/lib/jvm/java-17-openjdk-amd64/lib/libjava.so
7f2d40cce000-7f2d40cd4000 r--p 0001e000 103:02 3191062                   /usr/lib/jvm/java-17-openjdk-amd64/lib/libjava.so
7f2d40cd4000-7f2d40cd5000 ---p 00024000 103:02 3191062                   /usr/lib/jvm/java-17-openjdk-amd64/lib/libjava.so
7f2d40cd5000-7f2d40cd6000 r--p 00024000 103:02 3191062                   /usr/lib/jvm/java-17-openjdk-amd64/lib/libjava.so
7f2d40cd6000-7f2d40cd7000 rw-p 00025000 103:02 3191062                   /usr/lib/jvm/java-17-openjdk-amd64/lib/libjava.so
7f2d40cd7000-7f2d40cd8000 rw-p 00000000 00:00 0 
7f2d40cd8000-7f2d40cdc000 ---p 00000000 00:00 0 
7f2d40cdc000-7f2d40dd9000 rw-p 00000000 00:00 0 
7f2d40dd9000-7f2d40ddc000 r--p 00000000 103:02 3147348                   /usr/lib/x86_64-linux-gnu/libgcc_s.so.1
7f2d40ddc000-7f2d40ded000 r-xp 00003000 103:02 3147348                   /usr/lib/x86_64-linux-gnu/libgcc_s.so.1
7f2d40ded000-7f2d40df1000 r--p 00014000 103:02 3147348                   /usr/lib/x86_64-linux-gnu/libgcc_s.so.1
7f2d40df1000-7f2d40df2000 r--p 00017000 103:02 3147348                   /usr/lib/x86_64-linux-gnu/libgcc_s.so.1
7f2d40df2000-7f2d40df3000 rw-p 00018000 103:02 3147348                   /usr/lib/x86_64-linux-gnu/libgcc_s.so.1
7f2d40df3000-7f2d40e00000 r--p 00000000 103:02 3168944                   /usr/lib/x86_64-linux-gnu/libm-2.31.so
7f2d40e00000-7f2d40e9a000 r-xp 0000d000 103:02 3168944                   /usr/lib/x86_64-linux-gnu/libm-2.31.so
7f2d40e9a000-7f2d40f35000 r--p 000a7000 103:02 3168944                   /usr/lib/x86_64-linux-gnu/libm-2.31.so
7f2d40f35000-7f2d40f36000 r--p 00141000 103:02 3168944                   /usr/lib/x86_64-linux-gnu/libm-2.31.so
7f2d40f36000-7f2d40f37000 rw-p 00142000 103:02 3168944                   /usr/lib/x86_64-linux-gnu/libm-2.31.so
7f2d40f37000-7f2d40fcd000 r--p 00000000 103:02 3148088                   /usr/lib/x86_64-linux-gnu/libstdc++.so.6.0.28
7f2d40fcd000-7f2d410a9000 r-xp 00096000 103:02 3148088                   /usr/lib/x86_64-linux-gnu/libstdc++.so.6.0.28
7f2d410a9000-7f2d410f3000 r--p 00172000 103:02 3148088                   /usr/lib/x86_64-linux-gnu/libstdc++.so.6.0.28
7f2d410f3000-7f2d410fe000 r--p 001bb000 103:02 3148088                   /usr/lib/x86_64-linux-gnu/libstdc++.so.6.0.28
7f2d410fe000-7f2d41101000 rw-p 001c6000 103:02 3148088                   /usr/lib/x86_64-linux-gnu/libstdc++.so.6.0.28
7f2d41101000-7f2d41104000 rw-p 00000000 00:00 0 
7f2d41104000-7f2d41354000 r--p 00000000 103:02 3561119                   /usr/lib/jvm/java-17-openjdk-amd64/lib/server/libjvm.so
7f2d41354000-7f2d420a1000 r-xp 00250000 103:02 3561119                   /usr/lib/jvm/java-17-openjdk-amd64/lib/server/libjvm.so
7f2d420a1000-7f2d4232a000 r--p 00f9d000 103:02 3561119                   /usr/lib/jvm/java-17-openjdk-amd64/lib/server/libjvm.so
7f2d4232a000-7f2d4232b000 ---p 01226000 103:02 3561119                   /usr/lib/jvm/java-17-openjdk-amd64/lib/server/libjvm.so
7f2d4232b000-7f2d423e3000 r--p 01226000 103:02 3561119                   /usr/lib/jvm/java-17-openjdk-amd64/lib/server/libjvm.so
7f2d423e3000-7f2d42418000 rw-p 012de000 103:02 3561119                   /usr/lib/jvm/java-17-openjdk-amd64/lib/server/libjvm.so
7f2d42418000-7f2d42473000 rw-p 00000000 00:00 0 
7f2d42473000-7f2d42479000 r--p 00000000 103:02 3177343                   /usr/lib/x86_64-linux-gnu/libpthread-2.31.so
7f2d42479000-7f2d42489000 r-xp 00006000 103:02 3177343                   /usr/lib/x86_64-linux-gnu/libpthread-2.31.so
7f2d42489000-7f2d4248f000 r--p 00016000 103:02 3177343                   /usr/lib/x86_64-linux-gnu/libpthread-2.31.so
7f2d4248f000-7f2d42490000 r--p 0001b000 103:02 3177343                   /usr/lib/x86_64-linux-gnu/libpthread-2.31.so
7f2d42490000-7f2d42491000 rw-p 0001c000 103:02 3177343                   /usr/lib/x86_64-linux-gnu/libpthread-2.31.so
7f2d42491000-7f2d42495000 rw-p 00000000 00:00 0 
7f2d42495000-7f2d42496000 r--p 00000000 103:02 3168943                   /usr/lib/x86_64-linux-gnu/libdl-2.31.so
7f2d42496000-7f2d42498000 r-xp 00001000 103:02 3168943                   /usr/lib/x86_64-linux-gnu/libdl-2.31.so
7f2d42498000-7f2d42499000 r--p 00003000 103:02 3168943                   /usr/lib/x86_64-linux-gnu/libdl-2.31.so
7f2d42499000-7f2d4249a000 r--p 00003000 103:02 3168943                   /usr/lib/x86_64-linux-gnu/libdl-2.31.so
7f2d4249a000-7f2d4249b000 rw-p 00004000 103:02 3168943                   /usr/lib/x86_64-linux-gnu/libdl-2.31.so
7f2d4249b000-7f2d4249e000 r--p 00000000 103:02 3147157                   /usr/lib/x86_64-linux-gnu/libz.so.1.2.11
7f2d4249e000-7f2d424af000 r-xp 00003000 103:02 3147157                   /usr/lib/x86_64-linux-gnu/libz.so.1.2.11
7f2d424af000-7f2d424b5000 r--p 00014000 103:02 3147157                   /usr/lib/x86_64-linux-gnu/libz.so.1.2.11
7f2d424b5000-7f2d424b6000 ---p 0001a000 103:02 3147157                   /usr/lib/x86_64-linux-gnu/libz.so.1.2.11
7f2d424b6000-7f2d424b7000 r--p 0001a000 103:02 3147157                   /usr/lib/x86_64-linux-gnu/libz.so.1.2.11
7f2d424b7000-7f2d424b8000 rw-p 0001b000 103:02 3147157                   /usr/lib/x86_64-linux-gnu/libz.so.1.2.11
7f2d424b8000-7f2d424da000 r--p 00000000 103:02 3168942                   /usr/lib/x86_64-linux-gnu/libc-2.31.so
7f2d424da000-7f2d42633000 r-xp 00022000 103:02 3168942                   /usr/lib/x86_64-linux-gnu/libc-2.31.so
7f2d42633000-7f2d42682000 r--p 0017b000 103:02 3168942                   /usr/lib/x86_64-linux-gnu/libc-2.31.so
7f2d42682000-7f2d42686000 r--p 001c9000 103:02 3168942                   /usr/lib/x86_64-linux-gnu/libc-2.31.so
7f2d42686000-7f2d42688000 rw-p 001cd000 103:02 3168942                   /usr/lib/x86_64-linux-gnu/libc-2.31.so
7f2d42688000-7f2d4268c000 rw-p 00000000 00:00 0 
7f2d4268c000-7f2d42694000 rw-s 00000000 103:02 1837533                   /tmp/hsperfdata_quentin.moutte.etu/88654
7f2d42694000-7f2d42695000 r--p 00000000 103:02 3191052                   /usr/lib/jvm/java-17-openjdk-amd64/lib/libinstrument.so
7f2d42695000-7f2d4269b000 r-xp 00001000 103:02 3191052                   /usr/lib/jvm/java-17-openjdk-amd64/lib/libinstrument.so
7f2d4269b000-7f2d4269e000 r--p 00007000 103:02 3191052                   /usr/lib/jvm/java-17-openjdk-amd64/lib/libinstrument.so
7f2d4269e000-7f2d4269f000 r--p 00009000 103:02 3191052                   /usr/lib/jvm/java-17-openjdk-amd64/lib/libinstrument.so
7f2d4269f000-7f2d426a0000 rw-p 0000a000 103:02 3191052                   /usr/lib/jvm/java-17-openjdk-amd64/lib/libinstrument.so
7f2d426a0000-7f2d426a1000 ---p 00000000 00:00 0 
7f2d426a1000-7f2d426a2000 r--p 00000000 00:00 0 
7f2d426a2000-7f2d426a4000 r--p 00000000 103:02 3191066                   /usr/lib/jvm/java-17-openjdk-amd64/lib/libjimage.so
7f2d426a4000-7f2d426a7000 r-xp 00002000 103:02 3191066                   /usr/lib/jvm/java-17-openjdk-amd64/lib/libjimage.so
7f2d426a7000-7f2d426a8000 r--p 00005000 103:02 3191066                   /usr/lib/jvm/java-17-openjdk-amd64/lib/libjimage.so
7f2d426a8000-7f2d426a9000 ---p 00006000 103:02 3191066                   /usr/lib/jvm/java-17-openjdk-amd64/lib/libjimage.so
7f2d426a9000-7f2d426aa000 r--p 00006000 103:02 3191066                   /usr/lib/jvm/java-17-openjdk-amd64/lib/libjimage.so
7f2d426aa000-7f2d426ab000 rw-p 00007000 103:02 3191066                   /usr/lib/jvm/java-17-openjdk-amd64/lib/libjimage.so
7f2d426ab000-7f2d426ad000 r--p 00000000 103:02 3191067                   /usr/lib/jvm/java-17-openjdk-amd64/lib/libjli.so
7f2d426ad000-7f2d426b7000 r-xp 00002000 103:02 3191067                   /usr/lib/jvm/java-17-openjdk-amd64/lib/libjli.so
7f2d426b7000-7f2d426ba000 r--p 0000c000 103:02 3191067                   /usr/lib/jvm/java-17-openjdk-amd64/lib/libjli.so
7f2d426ba000-7f2d426bb000 ---p 0000f000 103:02 3191067                   /usr/lib/jvm/java-17-openjdk-amd64/lib/libjli.so
7f2d426bb000-7f2d426bc000 r--p 0000f000 103:02 3191067                   /usr/lib/jvm/java-17-openjdk-amd64/lib/libjli.so
7f2d426bc000-7f2d426bd000 rw-p 00010000 103:02 3191067                   /usr/lib/jvm/java-17-openjdk-amd64/lib/libjli.so
7f2d426bd000-7f2d426bf000 rw-p 00000000 00:00 0 
7f2d426bf000-7f2d426c0000 r--p 00000000 103:02 3168849                   /usr/lib/x86_64-linux-gnu/ld-2.31.so
7f2d426c0000-7f2d426e0000 r-xp 00001000 103:02 3168849                   /usr/lib/x86_64-linux-gnu/ld-2.31.so
7f2d426e0000-7f2d426e8000 r--p 00021000 103:02 3168849                   /usr/lib/x86_64-linux-gnu/ld-2.31.so
7f2d426e8000-7f2d426e9000 ---p 00000000 00:00 0 
7f2d426e9000-7f2d426ea000 r--p 00029000 103:02 3168849                   /usr/lib/x86_64-linux-gnu/ld-2.31.so
7f2d426ea000-7f2d426eb000 rw-p 0002a000 103:02 3168849                   /usr/lib/x86_64-linux-gnu/ld-2.31.so
7f2d426eb000-7f2d426ec000 rw-p 00000000 00:00 0 
7ffe1a325000-7ffe1a346000 rw-p 00000000 00:00 0                          [stack]
7ffe1a364000-7ffe1a368000 r--p 00000000 00:00 0                          [vvar]
7ffe1a368000-7ffe1a36a000 r-xp 00000000 00:00 0                          [vdso]


VM Arguments:
jvm_args: --add-modules=ALL-SYSTEM --add-opens=java.base/java.util=ALL-UNNAMED --add-opens=java.base/java.lang=ALL-UNNAMED --add-opens=java.base/sun.nio.fs=ALL-UNNAMED -Declipse.application=org.eclipse.jdt.ls.core.id1 -Dosgi.bundles.defaultStartLevel=4 -Declipse.product=org.eclipse.jdt.ls.core.product -Djava.import.generatesMetadataFilesAtProjectRoot=false -Dfile.encoding=utf8 -XX:+UseParallelGC -XX:GCTimeRatio=4 -XX:AdaptiveSizePolicyWeight=90 -Dsun.zip.disableMemoryMapping=true -Xmx1G -Xms100m -Xlog:disable -javaagent:/home/infoetu/quentin.moutte.etu/.vscode-oss/extensions/redhat.java-1.18.0-universal/lombok/lombok-1.18.27.jar -XX:+HeapDumpOnOutOfMemoryError -XX:HeapDumpPath=/home/infoetu/quentin.moutte.etu/.config/VSCodium/User/workspaceStorage/bba4e4735a77dc069042abacbee27294/redhat.java -Daether.dependencyCollector.impl=bf 
java_command: /home/infoetu/quentin.moutte.etu/.vscode-oss/extensions/redhat.java-1.18.0-universal/server/plugins/org.eclipse.equinox.launcher_1.6.400.v20210924-0641.jar -configuration /home/infoetu/quentin.moutte.etu/.config/VSCodium/User/globalStorage/redhat.java/1.18.0/config_linux -data /home/infoetu/quentin.moutte.etu/.config/VSCodium/User/workspaceStorage/bba4e4735a77dc069042abacbee27294/redhat.java/jdt_ws
java_class_path (initial): /home/infoetu/quentin.moutte.etu/.vscode-oss/extensions/redhat.java-1.18.0-universal/server/plugins/org.eclipse.equinox.launcher_1.6.400.v20210924-0641.jar
Launcher Type: SUN_STANDARD

[Global flags]
    uintx AdaptiveSizePolicyWeight                 = 90                                        {product} {command line}
     intx CICompilerCount                          = 12                                        {product} {ergonomic}
    uintx GCTimeRatio                              = 4                                         {product} {command line}
     bool HeapDumpOnOutOfMemoryError               = true                                   {manageable} {command line}
    ccstr HeapDumpPath                             = /home/infoetu/quentin.moutte.etu/.config/VSCodium/User/workspaceStorage/bba4e4735a77dc069042abacbee27294/redhat.java         {manageable} {command line}
   size_t InitialHeapSize                          = 104857600                                 {product} {command line}
   size_t MaxHeapSize                              = 1073741824                                {product} {command line}
   size_t MaxNewSize                               = 357564416                                 {product} {ergonomic}
   size_t MinHeapDeltaBytes                        = 524288                                    {product} {ergonomic}
   size_t MinHeapSize                              = 104857600                                 {product} {command line}
   size_t NewSize                                  = 34603008                                  {product} {ergonomic}
    uintx NonNMethodCodeHeapSize                   = 7602480                                {pd product} {ergonomic}
    uintx NonProfiledCodeHeapSize                  = 122027880                              {pd product} {ergonomic}
   size_t OldSize                                  = 70254592                                  {product} {ergonomic}
    uintx ProfiledCodeHeapSize                     = 122027880                              {pd product} {ergonomic}
    uintx ReservedCodeCacheSize                    = 251658240                              {pd product} {ergonomic}
     bool SegmentedCodeCache                       = true                                      {product} {ergonomic}
   size_t SoftMaxHeapSize                          = 1073741824                             {manageable} {ergonomic}
     bool UseCompressedClassPointers               = true                           {product lp64_product} {ergonomic}
     bool UseCompressedOops                        = true                           {product lp64_product} {ergonomic}
     bool UseParallelGC                            = true                                      {product} {command line}

Logging:
Log output configuration:
 #0: stdout all=off uptime,level,tags
 #1: stderr all=off uptime,level,tags

Environment Variables:
PATH=/usr/local/bin:/usr/bin:/bin:/usr/local/games:/usr/games
SHELL=/bin/bash
DISPLAY=:0
LANG=fr_FR.UTF-8

Signal Handlers:
   SIGSEGV: 0x00007f2d42021290 in libjvm.so+15848080, mask=11100100010111111101111111111110, flags=SA_RESTART|SA_SIGINFO
    SIGBUS: 0x00007f2d42021290 in libjvm.so+15848080, mask=11100100010111111101111111111110, flags=SA_RESTART|SA_SIGINFO
    SIGFPE: 0x00007f2d42021290 in libjvm.so+15848080, mask=11100100010111111101111111111110, flags=SA_RESTART|SA_SIGINFO
   SIGPIPE: 0x00007f2d41ec8ca0 in libjvm.so+14437536, mask=11100100010111111101111111111110, flags=SA_RESTART|SA_SIGINFO
   SIGXFSZ: 0x00007f2d41ec8ca0 in libjvm.so+14437536, mask=11100100010111111101111111111110, flags=SA_RESTART|SA_SIGINFO
    SIGILL: 0x00007f2d42021290 in libjvm.so+15848080, mask=11100100010111111101111111111110, flags=SA_RESTART|SA_SIGINFO
   SIGUSR2: 0x00007f2d41ec8340 in libjvm.so+14435136, mask=00000000000000000000000000000000, flags=SA_RESTART|SA_SIGINFO
    SIGHUP: 0x00007f2d41ec8270 in libjvm.so+14434928, mask=11100100010111111101111111111110, flags=SA_RESTART|SA_SIGINFO
    SIGINT: 0x00007f2d41ec8270 in libjvm.so+14434928, mask=11100100010111111101111111111110, flags=SA_RESTART|SA_SIGINFO
   SIGTERM: 0x00007f2d41ec8270 in libjvm.so+14434928, mask=11100100010111111101111111111110, flags=SA_RESTART|SA_SIGINFO
   SIGQUIT: 0x00007f2d41ec8270 in libjvm.so+14434928, mask=11100100010111111101111111111110, flags=SA_RESTART|SA_SIGINFO
   SIGTRAP: 0x00007f2d42021290 in libjvm.so+15848080, mask=11100100010111111101111111111110, flags=SA_RESTART|SA_SIGINFO


---------------  S Y S T E M  ---------------

OS:
PRETTY_NAME="Debian GNU/Linux 11 (bullseye)"
NAME="Debian GNU/Linux"
VERSION_ID="11"
VERSION="11 (bullseye)"
VERSION_CODENAME=bullseye
ID=debian
HOME_URL="https://www.debian.org/"
SUPPORT_URL="https://www.debian.org/support"
BUG_REPORT_URL="https://bugs.debian.org/"
uname: Linux 5.10.0-17-amd64 #1 SMP Debian 5.10.136-1 (2022-08-13) x86_64
OS uptime: 6 days 5:22 hours
libc: glibc 2.31 NPTL 2.31 
rlimit (soft/hard): STACK 8192k/infinity , CORE 0k/infinity , NPROC 4096/4096 , NOFILE 1048576/1048576 , AS infinity/infinity , CPU infinity/infinity , DATA infinity/infinity , FSIZE infinity/infinity , MEMLOCK 4081737k/4081737k
load average: 2,15 1,26 0,92

/proc/meminfo:
MemTotal:       32653900 kB
MemFree:        26056156 kB
MemAvailable:   29712716 kB
Buffers:          566164 kB
Cached:          3715852 kB
SwapCached:            0 kB
Active:          2001332 kB
Inactive:        3633364 kB
Active(anon):       3244 kB
Inactive(anon):  1803224 kB
Active(file):    1998088 kB
Inactive(file):  1830140 kB
Unevictable:      390268 kB
Mlocked:              64 kB
SwapTotal:      15999996 kB
SwapFree:       15999996 kB
Dirty:               396 kB
Writeback:          5324 kB
AnonPages:       1716088 kB
Mapped:           661792 kB
Shmem:            453784 kB
KReclaimable:     292052 kB
Slab:             422140 kB
SReclaimable:     292052 kB
SUnreclaim:       130088 kB
KernelStack:       15312 kB
PageTables:        25532 kB
NFS_Unstable:          0 kB
Bounce:                0 kB
WritebackTmp:          0 kB
CommitLimit:    32326944 kB
Committed_AS:    6385652 kB
VmallocTotal:   34359738367 kB
VmallocUsed:       42516 kB
VmallocChunk:          0 kB
Percpu:            23104 kB
HardwareCorrupted:     0 kB
AnonHugePages:    299008 kB
ShmemHugePages:        0 kB
ShmemPmdMapped:        0 kB
FileHugePages:         0 kB
FilePmdMapped:         0 kB
HugePages_Total:       0
HugePages_Free:        0
HugePages_Rsvd:        0
HugePages_Surp:        0
Hugepagesize:       2048 kB
Hugetlb:               0 kB
DirectMap4k:      363112 kB
DirectMap2M:    15136768 kB
DirectMap1G:    17825792 kB

/sys/kernel/mm/transparent_hugepage/enabled: [always] madvise never
/sys/kernel/mm/transparent_hugepage/defrag (defrag/compaction efforts parameter): always defer defer+madvise [madvise] never

Process Memory:
Virtual Size: 5571328K (peak: 5639604K)
Resident Set Size: 188664K (peak: 188664K) (anon: 159204K, file: 29460K, shmem: 0K)
Swapped out: 0K
C-Heap outstanding allocations: 102350K, retained: 18249K
glibc malloc tunables: (default)

/proc/sys/kernel/threads-max (system-wide limit on the number of threads): 254542
/proc/sys/vm/max_map_count (maximum number of memory map areas a process may have): 65530
/proc/sys/kernel/pid_max (system-wide limit on number of process identifiers): 4194304

container (cgroup) information:
container_type: cgroupv2
cpu_cpuset_cpus: not supported
cpu_memory_nodes: not supported
active_processor_count: 16
cpu_quota: not supported
cpu_period: not supported
cpu_shares: not supported
memory_limit_in_bytes: unlimited
memory_and_swap_limit_in_bytes: unlimited
memory_soft_limit_in_bytes: unlimited
memory_usage_in_bytes: 2497200 k
memory_max_usage_in_bytes: not supported
memory_swap_current_in_bytes: unlimited
memory_swap_max_limit_in_bytes: unlimited
maximum number of tasks: unlimited
current number of tasks: 489

Steal ticks since vm start: 0
Steal ticks percentage since vm start:  0,000

CPU: total 16 (initial active 16) (8 cores per cpu, 2 threads per core) family 6 model 165 stepping 5 microcode 0xf0, cx8, cmov, fxsr, ht, mmx, 3dnowpref, sse, sse2, sse3, ssse3, sse4.1, sse4.2, popcnt, lzcnt, tsc, tscinvbit, avx, avx2, aes, erms, clmul, bmi1, bmi2, adx, fma, vzeroupper, clflush, clflushopt
CPU Model and flags from /proc/cpuinfo:
model name	: Intel(R) Core(TM) i7-10700 CPU @ 2.90GHz
flags		: fpu vme de pse tsc msr pae mce cx8 apic sep mtrr pge mca cmov pat pse36 clflush dts acpi mmx fxsr sse sse2 ss ht tm pbe syscall nx pdpe1gb rdtscp lm constant_tsc art arch_perfmon pebs bts rep_good nopl xtopology nonstop_tsc cpuid aperfmperf pni pclmulqdq dtes64 monitor ds_cpl vmx smx est tm2 ssse3 sdbg fma cx16 xtpr pdcm pcid sse4_1 sse4_2 x2apic movbe popcnt tsc_deadline_timer aes xsave avx f16c rdrand lahf_lm abm 3dnowprefetch cpuid_fault epb invpcid_single ssbd ibrs ibpb stibp ibrs_enhanced tpr_shadow vnmi flexpriority ept vpid ept_ad fsgsbase tsc_adjust bmi1 avx2 smep bmi2 erms invpcid mpx rdseed adx smap clflushopt intel_pt xsaveopt xsavec xgetbv1 xsaves dtherm ida arat pln pts hwp hwp_notify hwp_act_window hwp_epp pku ospke md_clear flush_l1d arch_capabilities

Online cpus: 0-15
Offline cpus: 
BIOS frequency limitation: <Not Available>
Frequency switch latency (ns): 0
Available cpu frequencies: <Not Available>
Current governor: powersave
Core performance/turbo boost: <Not Available>

Memory: 4k page, physical 32653900k(26040512k free), swap 15999996k(15999996k free)
Page Sizes: 4k

vm_info: OpenJDK 64-Bit Server VM (17.0.6+10-Debian-1deb11u1) for linux-amd64 JRE (17.0.6+10-Debian-1deb11u1), built on Jan 28 2023 20:09:51 by "buildd" with gcc 10.2.1 20210110

END.
