#
# A fatal error has been detected by the Java Runtime Environment:
#
#  SIGSEGV (0xb) at pc=0x00007f9eae8420ec, pid=85075, tid=85099
#
# JRE version: OpenJDK Runtime Environment (17.0.6+10) (build 17.0.6+10-Debian-1deb11u1)
# Java VM: OpenJDK 64-Bit Server VM (17.0.6+10-Debian-1deb11u1, mixed mode, sharing, tiered, compressed oops, compressed class ptrs, parallel gc, linux-amd64)
# Problematic frame:
# V  [libjvm.so+0xc640ec]
#
# No core dump will be written. Core dumps have been disabled. To enable core dumping, try "ulimit -c unlimited" before starting Java again
#
# If you would like to submit a bug report, please visit:
#   https://bugs.debian.org/openjdk-17
#

---------------  S U M M A R Y ------------

Command Line: --add-modules=ALL-SYSTEM --add-opens=java.base/java.util=ALL-UNNAMED --add-opens=java.base/java.lang=ALL-UNNAMED --add-opens=java.base/sun.nio.fs=ALL-UNNAMED -Declipse.application=org.eclipse.jdt.ls.core.id1 -Dosgi.bundles.defaultStartLevel=4 -Declipse.product=org.eclipse.jdt.ls.core.product -Djava.import.generatesMetadataFilesAtProjectRoot=false -Dfile.encoding=utf8 -XX:+UseParallelGC -XX:GCTimeRatio=4 -XX:AdaptiveSizePolicyWeight=90 -Dsun.zip.disableMemoryMapping=true -Xmx1G -Xms100m -Xlog:disable -javaagent:/home/infoetu/quentin.moutte.etu/.vscode-oss/extensions/redhat.java-1.18.0-universal/lombok/lombok-1.18.27.jar -XX:+HeapDumpOnOutOfMemoryError -XX:HeapDumpPath=/home/infoetu/quentin.moutte.etu/.config/VSCodium/User/workspaceStorage/bba4e4735a77dc069042abacbee27294/redhat.java -Daether.dependencyCollector.impl=bf /home/infoetu/quentin.moutte.etu/.vscode-oss/extensions/redhat.java-1.18.0-universal/server/plugins/org.eclipse.equinox.launcher_1.6.400.v20210924-0641.jar -configuration /home/infoetu/quentin.moutte.etu/.config/VSCodium/User/globalStorage/redhat.java/1.18.0/config_linux -data /home/infoetu/quentin.moutte.etu/.config/VSCodium/User/workspaceStorage/bba4e4735a77dc069042abacbee27294/redhat.java/jdt_ws

Host: Intel(R) Core(TM) i7-10700 CPU @ 2.90GHz, 16 cores, 31G, Debian GNU/Linux 11 (bullseye)
Time: Wed May 31 15:49:01 2023 CEST elapsed time: 3.797223 seconds (0d 0h 0m 3s)

---------------  T H R E A D  ---------------

Current thread (0x00007f9e80003170):  GCTaskThread "GC Thread#2" [stack: 0x00007f9e7ec07000,0x00007f9e7ed07000] [id=85099]

Stack: [0x00007f9e7ec07000,0x00007f9e7ed07000],  sp=0x00007f9e7ed05b00,  free space=1018k
Native frames: (J=compiled Java code, j=interpreted, Vv=VM code, C=native code)
V  [libjvm.so+0xc640ec]
V  [libjvm.so+0xc61b05]
V  [libjvm.so+0xc735dc]
V  [libjvm.so+0xc76877]
V  [libjvm.so+0xf4fd3f]
V  [libjvm.so+0xf4fd9f]
V  [libjvm.so+0xea1140]
V  [libjvm.so+0xc04db1]


siginfo: si_signo: 11 (SIGSEGV), si_code: 1 (SEGV_MAPERR), si_addr: 0x00000008656c6476

Register to memory mapping:

RAX=0x0000000000000001 is an unknown value
RBX=0x00000000c2048141 is pointing into object: [B 
{0x00000000c2048128} - klass: {type array byte}
 - length: 23
RCX=0x0 is NULL
RDX=0x0 is NULL
RSP=0x00007f9e7ed05b00 points into unknown readable memory: 0x00000000c2048170 | 70 81 04 c2 00 00 00 00
RBP=0x00007f9e7ed05b50 points into unknown readable memory: 0x00007f9e7ed05c40 | 40 5c d0 7e 9e 7f 00 00
RSI=0x00007f9e7ed05bf0 points into unknown readable memory: 0x00007f9eaee1a2e8 | e8 a2 e1 ae 9e 7f 00 00
RDI=0x00000008656c646e is an unknown value
R8 =0x0000000000000014 is an unknown value
R9 =0x00007f9e7ed05bf0 points into unknown readable memory: 0x00007f9eaee1a2e8 | e8 a2 e1 ae 9e 7f 00 00
R10=0x0 is NULL
R11=0x00007f9eaeec1d28: <offset 0x00000000012e3d28> in /usr/lib/jvm/java-17-openjdk-amd64/lib/server/libjvm.so at 0x00007f9eadbde000
R12=0x0000000000000004 is an unknown value
R13=0x00000000c2048188 is an oop: [B 
{0x00000000c2048188} - klass: {type array byte}
 - length: 34
R14=0x00000000c2048184 is pointing into object: java.lang.String 
{0x00000000c2048170} - klass: 'java/lang/String'

[error occurred during error reporting (printing register info), id 0xb, SIGSEGV (0xb) at pc=0x00007f9eae3de9e7]

Registers:
RAX=0x0000000000000001, RBX=0x00000000c2048141, RCX=0x0000000000000000, RDX=0x0000000000000000
RSP=0x00007f9e7ed05b00, RBP=0x00007f9e7ed05b50, RSI=0x00007f9e7ed05bf0, RDI=0x00000008656c646e
R8 =0x0000000000000014, R9 =0x00007f9e7ed05bf0, R10=0x0000000000000000, R11=0x00007f9eaeec1d28
R12=0x0000000000000004, R13=0x00000000c2048188, R14=0x00000000c2048184, R15=0x000000080000ee38
RIP=0x00007f9eae8420ec, EFLAGS=0x0000000000010202, CSGSFS=0x002b000000000033, ERR=0x0000000000000004
  TRAPNO=0x000000000000000e

Top of Stack: (sp=0x00007f9e7ed05b00)
0x00007f9e7ed05b00:   00000000c2048170 000000080000ee40
0x00007f9e7ed05b10:   00007f9e7ed05bf0 0000000000000003
0x00007f9e7ed05b20:   00007f9e7ed05b50 00007f9ea80adc40
0x00007f9e7ed05b30:   0000000000000004 00000000c2047e50 

Instructions: (pc=0x00007f9eae8420ec)
0x00007f9eae841fec:   41 54 53 48 89 d3 48 83 ec 28 48 89 7d c0 8b 57
0x00007f9eae841ffc:   10 48 89 75 b0 48 89 fe 48 8b bb 98 00 00 00 e8
0x00007f9eae84200c:   70 29 92 ff 48 63 83 a0 00 00 00 48 63 93 2c 01
0x00007f9eae84201c:   00 00 48 01 d0 4c 8d bc c3 d0 01 00 00 8b 83 28
0x00007f9eae84202c:   01 00 00 49 8d 04 c7 48 89 45 b8 4c 39 f8 0f 86
0x00007f9eae84203c:   86 01 00 00 48 8b 45 b0 4d 63 07 4e 8d 34 00 41
0x00007f9eae84204c:   8b 47 04 4d 8d 2c 86 4d 39 f5 77 15 e9 5b 01 00
0x00007f9eae84205c:   00 0f 1f 00 49 83 c6 04 4d 39 f5 0f 86 4b 01 00
0x00007f9eae84206c:   00 41 8b 1e 85 db 74 ec 48 8d 05 b5 f2 67 00 48
0x00007f9eae84207c:   8b 15 fe 15 6e 00 8b 48 08 48 d3 e3 48 03 18 48
0x00007f9eae84208c:   89 d9 48 2b 0a 48 89 c8 48 8d 0d 8d fc 67 00 48
0x00007f9eae84209c:   c1 e8 03 8b 09 48 d3 e8 48 89 c1 48 89 c6 48 8b
0x00007f9eae8420ac:   42 10 ba 01 00 00 00 83 e1 3f 48 c1 ee 06 48 d3
0x00007f9eae8420bc:   e2 48 23 14 f0 75 9d 48 8d 05 23 61 6c 00 0f b6
0x00007f9eae8420cc:   00 84 c0 0f 84 4b 01 00 00 48 8d 35 44 f2 67 00
0x00007f9eae8420dc:   8b 7b 08 8b 4e 08 48 d3 e7 48 03 3e 48 8b 75 c0
0x00007f9eae8420ec:   8b 4f 08 4c 8b 66 18 85 c9 0f 8e dd 00 00 00 f6
0x00007f9eae8420fc:   c1 01 74 1a 48 8b 07 48 8d 35 06 55 62 ff 48 8b
0x00007f9eae84210c:   80 00 01 00 00 48 39 f0 0f 85 30 01 00 00 c1 f9
0x00007f9eae84211c:   03 48 63 d1 48 8d 3d 79 16 6e 00 48 89 de 48 89
0x00007f9eae84212c:   55 c8 e8 ad b8 fb ff 48 8b 55 c8 84 c0 0f 84 21
0x00007f9eae84213c:   ff ff ff 48 8d 3d 1a 16 6e 00 48 89 de e8 62 98
0x00007f9eae84214c:   00 00 41 8b 84 24 88 00 00 00 41 8b 8c 24 08 01
0x00007f9eae84215c:   00 00 89 c2 29 ca 81 e2 ff ff 01 00 81 fa fd ff
0x00007f9eae84216c:   01 00 0f 86 ec 00 00 00 49 8b 84 24 a8 02 00 00
0x00007f9eae84217c:   49 3b 84 24 90 02 00 00 0f 84 f9 00 00 00 49 8b
0x00007f9eae84218c:   94 24 c0 02 00 00 48 8d 14 c2 48 83 c0 01 49 83
0x00007f9eae84219c:   c6 04 48 89 1a 49 89 84 24 a8 02 00 00 4d 39 f5
0x00007f9eae8421ac:   0f 87 bb fe ff ff 66 0f 1f 44 00 00 49 83 c7 08
0x00007f9eae8421bc:   4c 39 7d b8 0f 87 7a fe ff ff 48 83 c4 28 5b 41
0x00007f9eae8421cc:   5c 41 5d 41 5e 41 5f 5d c3 0f 1f 00 74 56 3c 01
0x00007f9eae8421dc:   48 8d 15 49 fb 67 00 48 19 c0 83 e0 04 8b 32 48 


Stack slot to memory mapping:
stack at sp + 0 slots: 0x00000000c2048170 is an oop: java.lang.String 
{0x00000000c2048170} - klass: 'java/lang/String'

[error occurred during error reporting (inspecting top of stack), id 0xb, SIGSEGV (0xb) at pc=0x00007f9eae3de9e7]


---------------  P R O C E S S  ---------------

Threads class SMR info:
_java_thread_list=0x00007f9da803f7c0, length=48, elements={
0x00007f9ea8017090, 0x00007f9ea8221830, 0x00007f9ea8222c40, 0x00007f9ea822d8c0,
0x00007f9ea822ec40, 0x00007f9ea8230020, 0x00007f9ea8231a20, 0x00007f9ea823af10,
0x00007f9ea823c350, 0x00007f9ea8258290, 0x00007f9e68055c50, 0x00007f9e54001110,
0x00007f9e6407e5a0, 0x00007f9ea83260f0, 0x00007f9e540769e0, 0x00007f9e481ec580,
0x00007f9e481ed630, 0x00007f9ea841bd90, 0x00007f9ea8574750, 0x00007f9ea853de70,
0x00007f9ea85409f0, 0x00007f9e14033820, 0x00007f9e140b8af0, 0x00007f9e541eace0,
0x00007f9e14232700, 0x00007f9e142e8720, 0x00007f9e142d7050, 0x00007f9e1492bf80,
0x00007f9ea85c3fb0, 0x00007f9de4001060, 0x00007f9ea866da30, 0x00007f9e681b50c0,
0x00007f9e681b62d0, 0x00007f9e681b74a0, 0x00007f9dd003d080, 0x00007f9dc4000e60,
0x00007f9dd485f740, 0x00007f9dd4860620, 0x00007f9dd4861770, 0x00007f9dd4874850,
0x00007f9dd4875da0, 0x00007f9dd48b2c20, 0x00007f9dd48b4240, 0x00007f9dd48b5200,
0x00007f9dd48b6360, 0x00007f9dd48b74d0, 0x00007f9db0059150, 0x00007f9da803e8a0
}

Java Threads: ( => current thread )
  0x00007f9ea8017090 JavaThread "main" [_thread_blocked, id=85076, stack(0x00007f9ead7b2000,0x00007f9ead8b3000)]
  0x00007f9ea8221830 JavaThread "Reference Handler" daemon [_thread_blocked, id=85079, stack(0x00007f9e889e9000,0x00007f9e88aea000)]
  0x00007f9ea8222c40 JavaThread "Finalizer" daemon [_thread_blocked, id=85080, stack(0x00007f9e888e8000,0x00007f9e889e9000)]
  0x00007f9ea822d8c0 JavaThread "Signal Dispatcher" daemon [_thread_blocked, id=85081, stack(0x00007f9e7fc18000,0x00007f9e7fd19000)]
  0x00007f9ea822ec40 JavaThread "Service Thread" daemon [_thread_blocked, id=85082, stack(0x00007f9e7fb17000,0x00007f9e7fc18000)]
  0x00007f9ea8230020 JavaThread "Monitor Deflation Thread" daemon [_thread_blocked, id=85083, stack(0x00007f9e7fa16000,0x00007f9e7fb17000)]
  0x00007f9ea8231a20 JavaThread "C2 CompilerThread0" daemon [_thread_blocked, id=85084, stack(0x00007f9e7f915000,0x00007f9e7fa16000)]
  0x00007f9ea823af10 JavaThread "C1 CompilerThread0" daemon [_thread_blocked, id=85085, stack(0x00007f9e7f814000,0x00007f9e7f915000)]
  0x00007f9ea823c350 JavaThread "Sweeper thread" daemon [_thread_blocked, id=85086, stack(0x00007f9e7f713000,0x00007f9e7f814000)]
  0x00007f9ea8258290 JavaThread "Common-Cleaner" daemon [_thread_blocked, id=85087, stack(0x00007f9e7f612000,0x00007f9e7f713000)]
  0x00007f9e68055c50 JavaThread "C1 CompilerThread1" daemon [_thread_blocked, id=85088, stack(0x00007f9e7f511000,0x00007f9e7f612000)]
  0x00007f9e54001110 JavaThread "C1 CompilerThread2" daemon [_thread_blocked, id=85089, stack(0x00007f9e7f410000,0x00007f9e7f511000)]
  0x00007f9e6407e5a0 JavaThread "C2 CompilerThread1" daemon [_thread_blocked, id=85090, stack(0x00007f9e7f30f000,0x00007f9e7f410000)]
  0x00007f9ea83260f0 JavaThread "Notification Thread" daemon [_thread_blocked, id=85091, stack(0x00007f9e7f20e000,0x00007f9e7f30f000)]
  0x00007f9e540769e0 JavaThread "C2 CompilerThread2" daemon [_thread_blocked, id=85093, stack(0x00007f9e7f00b000,0x00007f9e7f10c000)]
  0x00007f9e481ec580 JavaThread "C2 CompilerThread3" daemon [_thread_blocked, id=85094, stack(0x00007f9e7ef0a000,0x00007f9e7f00b000)]
  0x00007f9e481ed630 JavaThread "C2 CompilerThread4" daemon [_thread_in_native, id=85095, stack(0x00007f9e7ee09000,0x00007f9e7ef0a000)]
  0x00007f9ea841bd90 JavaThread "process reaper" daemon [_thread_blocked, id=85097, stack(0x00007f9e88891000,0x00007f9e888b3000)]
  0x00007f9ea8574750 JavaThread "Active Thread: Equinox Container: 7cc4606e-8187-487f-87f1-098def33ab45" [_thread_blocked, id=85104, stack(0x00007f9e7e7fe000,0x00007f9e7e8ff000)]
  0x00007f9ea853de70 JavaThread "Framework Event Dispatcher: Equinox Container: 7cc4606e-8187-487f-87f1-098def33ab45" daemon [_thread_blocked, id=85105, stack(0x00007f9e7e6fd000,0x00007f9e7e7fe000)]
  0x00007f9ea85409f0 JavaThread "Start Level: Equinox Container: 7cc4606e-8187-487f-87f1-098def33ab45" daemon [_thread_blocked, id=85106, stack(0x00007f9e7e5fc000,0x00007f9e7e6fd000)]
  0x00007f9e14033820 JavaThread "SCR Component Actor" daemon [_thread_blocked, id=85107, stack(0x00007f9e7e2e9000,0x00007f9e7e3ea000)]
  0x00007f9e140b8af0 JavaThread "SCR Component Registry" daemon [_thread_blocked, id=85110, stack(0x00007f9e7d6ff000,0x00007f9e7d800000)]
  0x00007f9e541eace0 JavaThread "C1 CompilerThread3" daemon [_thread_blocked, id=85111, stack(0x00007f9e7d5fe000,0x00007f9e7d6ff000)]
  0x00007f9e14232700 JavaThread "Worker-JM" [_thread_blocked, id=85112, stack(0x00007f9e7d4fd000,0x00007f9e7d5fe000)]
  0x00007f9e142e8720 JavaThread "Worker-0: Loading available Gradle versions" [_thread_in_native, id=85117, stack(0x00007f9e7cff4000,0x00007f9e7d0f5000)]
  0x00007f9e142d7050 JavaThread "Worker-1" [_thread_blocked, id=85118, stack(0x00007f9e7cef3000,0x00007f9e7cff4000)]
  0x00007f9e1492bf80 JavaThread "Java indexing" daemon [_thread_blocked, id=85120, stack(0x00007f9e7ccf0000,0x00007f9e7cdf1000)]
  0x00007f9ea85c3fb0 JavaThread "pool-2-thread-1" [_thread_blocked, id=85121, stack(0x00007f9e7c2ff000,0x00007f9e7c400000)]
  0x00007f9de4001060 JavaThread "Worker-2" [_thread_blocked, id=85122, stack(0x00007f9de36ff000,0x00007f9de3800000)]
  0x00007f9ea866da30 JavaThread "pool-1-thread-1" [_thread_in_native, id=85123, stack(0x00007f9de3362000,0x00007f9de3463000)]
  0x00007f9e681b50c0 JavaThread "C2 CompilerThread5" daemon [_thread_blocked, id=85124, stack(0x00007f9e7c1fe000,0x00007f9e7c2ff000)]
  0x00007f9e681b62d0 JavaThread "C2 CompilerThread6" daemon [_thread_blocked, id=85125, stack(0x00007f9e7c0fd000,0x00007f9e7c1fe000)]
  0x00007f9e681b74a0 JavaThread "C2 CompilerThread7" daemon [_thread_in_native, id=85126, stack(0x00007f9de35fe000,0x00007f9de36ff000)]
  0x00007f9dd003d080 JavaThread "Worker-3" [_thread_blocked, id=85127, stack(0x00007f9de34fd000,0x00007f9de35fe000)]
  0x00007f9dc4000e60 JavaThread "Worker-4" [_thread_blocked, id=85128, stack(0x00007f9de3261000,0x00007f9de3362000)]
  0x00007f9dd485f740 JavaThread "ForkJoinPool.commonPool-worker-1" daemon [_thread_blocked, id=85129, stack(0x00007f9de3160000,0x00007f9de3261000)]
  0x00007f9dd4860620 JavaThread "ForkJoinPool.commonPool-worker-2" daemon [_thread_blocked, id=85130, stack(0x00007f9de305f000,0x00007f9de3160000)]
  0x00007f9dd4861770 JavaThread "ForkJoinPool.commonPool-worker-3" daemon [_thread_blocked, id=85131, stack(0x00007f9de1eff000,0x00007f9de2000000)]
  0x00007f9dd4874850 JavaThread "ForkJoinPool.commonPool-worker-4" daemon [_thread_blocked, id=85132, stack(0x00007f9de1dfe000,0x00007f9de1eff000)]
  0x00007f9dd4875da0 JavaThread "ForkJoinPool.commonPool-worker-5" daemon [_thread_blocked, id=85133, stack(0x00007f9de1cfd000,0x00007f9de1dfe000)]
  0x00007f9dd48b2c20 JavaThread "ForkJoinPool.commonPool-worker-6" daemon [_thread_blocked, id=85134, stack(0x00007f9de1bfc000,0x00007f9de1cfd000)]
  0x00007f9dd48b4240 JavaThread "ForkJoinPool.commonPool-worker-7" daemon [_thread_blocked, id=85135, stack(0x00007f9de1afb000,0x00007f9de1bfc000)]
  0x00007f9dd48b5200 JavaThread "ForkJoinPool.commonPool-worker-8" daemon [_thread_blocked, id=85136, stack(0x00007f9de19fa000,0x00007f9de1afb000)]
  0x00007f9dd48b6360 JavaThread "ForkJoinPool.commonPool-worker-9" daemon [_thread_blocked, id=85137, stack(0x00007f9de18f9000,0x00007f9de19fa000)]
  0x00007f9dd48b74d0 JavaThread "ForkJoinPool.commonPool-worker-10" daemon [_thread_blocked, id=85138, stack(0x00007f9de17f8000,0x00007f9de18f9000)]
  0x00007f9db0059150 JavaThread "ForkJoinPool.commonPool-worker-11" daemon [_thread_blocked, id=85181, stack(0x00007f9de16f7000,0x00007f9de17f8000)]
  0x00007f9da803e8a0 JavaThread "ForkJoinPool.commonPool-worker-12" daemon [_thread_blocked, id=85182, stack(0x00007f9de15f6000,0x00007f9de16f7000)]

Other Threads:
  0x00007f9ea821cfe0 VMThread "VM Thread" [stack: 0x00007f9e88aec000,0x00007f9e88bec000] [id=85078]
  0x00007f9ea83272d0 WatcherThread [stack: 0x00007f9e7f10e000,0x00007f9e7f20e000] [id=85092]
  0x00007f9ea802e300 GCTaskThread "GC Thread#0" [stack: 0x00007f9eac9ab000,0x00007f9eacaab000] [id=85077]
  0x00007f9e800011a0 GCTaskThread "GC Thread#1" [stack: 0x00007f9e7ed09000,0x00007f9e7ee09000] [id=85098]
=>0x00007f9e80003170 GCTaskThread "GC Thread#2" [stack: 0x00007f9e7ec07000,0x00007f9e7ed07000] [id=85099]
  0x00007f9e80003b00 GCTaskThread "GC Thread#3" [stack: 0x00007f9e7eb05000,0x00007f9e7ec05000] [id=85100]
  0x00007f9e80004490 GCTaskThread "GC Thread#4" [stack: 0x00007f9e7ea03000,0x00007f9e7eb03000] [id=85101]
  0x00007f9e80004e20 GCTaskThread "GC Thread#5" [stack: 0x00007f9e7e901000,0x00007f9e7ea01000] [id=85102]
  0x00007f9e800064d0 GCTaskThread "GC Thread#6" [stack: 0x00007f9e7e1e9000,0x00007f9e7e2e9000] [id=85108]
  0x00007f9e80006da0 GCTaskThread "GC Thread#7" [stack: 0x00007f9e7e0e7000,0x00007f9e7e1e7000] [id=85109]
  0x00007f9e80008220 GCTaskThread "GC Thread#8" [stack: 0x00007f9e7d3fd000,0x00007f9e7d4fd000] [id=85113]
  0x00007f9e80008b10 GCTaskThread "GC Thread#9" [stack: 0x00007f9e7d2fb000,0x00007f9e7d3fb000] [id=85114]
  0x00007f9e80009400 GCTaskThread "GC Thread#10" [stack: 0x00007f9e7d1f9000,0x00007f9e7d2f9000] [id=85115]
  0x00007f9e80009cf0 GCTaskThread "GC Thread#11" [stack: 0x00007f9e7d0f7000,0x00007f9e7d1f7000] [id=85116]
  0x00007f9e8000a740 GCTaskThread "GC Thread#12" [stack: 0x00007f9e7cdf3000,0x00007f9e7cef3000] [id=85119]

Threads with active compile tasks:
C2 CompilerThread0     3820 8454 %     4       org.objectweb.asm.ClassReader::readCode @ 92 (5109 bytes)
C2 CompilerThread1     3820 8178   !   4       lombok.core.AST::buildWithField0 (121 bytes)
C2 CompilerThread2     3820 8493       4       org.objectweb.asm.ClassReader::readVerificationTypeInfo (184 bytes)
C2 CompilerThread4     3820 7632       4       org.eclipse.jdt.internal.compiler.lookup.BinaryTypeBinding::createMethod (1719 bytes)
C2 CompilerThread5     3820 8457       4       org.objectweb.asm.SymbolTable::<init> (536 bytes)
C2 CompilerThread7     3821 8177       4       lombok.core.AST::buildWithField (21 bytes)

VM state: at safepoint (normal execution)

VM Mutex/Monitor currently owned by a thread:  ([mutex/lock_event])
[0x00007f9ea8012760] Threads_lock - owner thread: 0x00007f9ea821cfe0
[0x00007f9ea8012f10] Heap_lock - owner thread: 0x00007f9dd4860620

Heap address: 0x00000000c0000000, size: 1024 MB, Compressed Oops mode: 32-bit

CDS archive(s) mapped at: [0x0000000800000000-0x0000000800be3000-0x0000000800be3000), size 12464128, SharedBaseAddress: 0x0000000800000000, ArchiveRelocationMode: 0.
Compressed class space mapped at: 0x0000000800c00000-0x0000000840c00000, reserved size: 1073741824
Narrow klass base: 0x0000000800000000, Narrow klass shift: 0, Narrow klass range: 0x100000000

GC Precious Log:
 CPUs: 16 total, 16 available
 Memory: 31888M
 Large Page Support: Disabled
 NUMA Support: Disabled
 Compressed Oops: Enabled (32-bit)
 Alignments: Space 512K, Generation 512K, Heap 2M
 Heap Min Capacity: 100M
 Heap Initial Capacity: 100M
 Heap Max Capacity: 1G
 Pre-touch: Disabled
 Parallel Workers: 13

Heap:
 PSYoungGen      total 20992K, used 913K [0x00000000eab00000, 0x00000000ec180000, 0x0000000100000000)
  eden space 19968K, 0% used [0x00000000eab00000,0x00000000eab00000,0x00000000ebe80000)
  from space 1024K, 89% used [0x00000000ec080000,0x00000000ec164560,0x00000000ec180000)
  to   space 1024K, 0% used [0x00000000ebf80000,0x00000000ebf80000,0x00000000ec080000)
 ParOldGen       total 68608K, used 46009K [0x00000000c0000000, 0x00000000c4300000, 0x00000000eab00000)
  object space 68608K, 67% used [0x00000000c0000000,0x00000000c2cee508,0x00000000c4300000)
 Metaspace       used 58851K, committed 59776K, reserved 1105920K
  class space    used 6137K, committed 6528K, reserved 1048576K

Card table byte_map: [0x00007f9eacaab000,0x00007f9eaccac000] _byte_map_base: 0x00007f9eac4ab000

Marking Bits: (ParMarkBitMap*) 0x00007f9eaef237a0
 Begin Bits: [0x00007f9e8a000000, 0x00007f9e8b000000)
 End Bits:   [0x00007f9e8b000000, 0x00007f9e8c000000)

Polling page: 0x00007f9eaf17a000

Metaspace:

Usage:
  Non-class:     51,48 MB used.
      Class:      5,99 MB used.
       Both:     57,47 MB used.

Virtual space:
  Non-class space:       56,00 MB reserved,      52,00 MB ( 93%) committed,  7 nodes.
      Class space:        1,00 GB reserved,       6,38 MB ( <1%) committed,  1 nodes.
             Both:        1,05 GB reserved,      58,38 MB (  5%) committed. 

Chunk freelists:
   Non-Class:  3,88 MB
       Class:  1,63 MB
        Both:  5,50 MB

MaxMetaspaceSize: unlimited
CompressedClassSpaceSize: 1,00 GB
Initial GC threshold: 21,00 MB
Current GC threshold: 58,38 MB
CDS: on
MetaspaceReclaimPolicy: balanced
 - commit_granule_bytes: 65536.
 - commit_granule_words: 8192.
 - virtual_space_node_default_size: 1048576.
 - enlarge_chunks_in_place: 1.
 - new_chunks_are_fully_committed: 0.
 - uncommit_free_chunks: 1.
 - use_allocation_guard: 0.
 - handle_deallocations: 1.


Internal statistics:

num_allocs_failed_limit: 9.
num_arena_births: 438.
num_arena_deaths: 14.
num_vsnodes_births: 8.
num_vsnodes_deaths: 0.
num_space_committed: 934.
num_space_uncommitted: 0.
num_chunks_returned_to_freelist: 23.
num_chunks_taken_from_freelist: 2802.
num_chunk_merges: 13.
num_chunk_splits: 1853.
num_chunks_enlarged: 1200.
num_purges: 2.
num_inconsistent_stats: 0.

CodeHeap 'non-profiled nmethods': size=119168Kb used=4735Kb max_used=4735Kb free=114432Kb
 bounds [0x00007f9e98da9000, 0x00007f9e99249000, 0x00007f9ea0209000]
CodeHeap 'profiled nmethods': size=119164Kb used=15757Kb max_used=16080Kb free=103406Kb
 bounds [0x00007f9e91209000, 0x00007f9e921d9000, 0x00007f9e98668000]
CodeHeap 'non-nmethods': size=7428Kb used=3033Kb max_used=3153Kb free=4395Kb
 bounds [0x00007f9e98668000, 0x00007f9e98998000, 0x00007f9e98da9000]
 total_blobs=7862 nmethods=7176 adapters=598
 compilation: enabled
              stopped_count=0, restarted_count=0
 full_count=0

Compilation events (20 events):
Event: 3,750 Thread 0x00007f9e54001110 nmethod 8486 0x00007f9e91ea5690 code [0x00007f9e91ea5860, 0x00007f9e91ea5cb0]
Event: 3,750 Thread 0x00007f9e68055c50 nmethod 8487 0x00007f9e91ea4e90 code [0x00007f9e91ea5060, 0x00007f9e91ea54b0]
Event: 3,750 Thread 0x00007f9e54001110 8488       1       org.eclipse.jdt.internal.compiler.ast.ConstructorDeclaration::isConstructor (2 bytes)
Event: 3,751 Thread 0x00007f9e54001110 nmethod 8488 0x00007f9e99245710 code [0x00007f9e992458a0, 0x00007f9e99245970]
Event: 3,751 Thread 0x00007f9e541eace0 nmethod 8470 0x00007f9e91e9b190 code [0x00007f9e91e9bc40, 0x00007f9e91ea2850]
Event: 3,751 Thread 0x00007f9e681b62d0 nmethod 8469 0x00007f9e99245a10 code [0x00007f9e99245bc0, 0x00007f9e992461f8]
Event: 3,751 Thread 0x00007f9e681b62d0 8480       4       org.objectweb.asm.MethodWriter::visitFieldInsn (258 bytes)
Event: 3,752 Thread 0x00007f9e481ec580 nmethod 8464 0x00007f9e99246510 code [0x00007f9e992466e0, 0x00007f9e99246c50]
Event: 3,752 Thread 0x00007f9e540769e0 nmethod 8475 0x00007f9e99247090 code [0x00007f9e99247240, 0x00007f9e992478d8]
Event: 3,755 Thread 0x00007f9ea823af10 nmethod 8474 0x00007f9e91e8d390 code [0x00007f9e91e8e140, 0x00007f9e91e992d0]
Event: 3,756 Thread 0x00007f9e681b62d0 nmethod 8480 0x00007f9e99247d10 code [0x00007f9e99247ee0, 0x00007f9e99248368]
Event: 3,756 Thread 0x00007f9ea823af10 8489       1       org.eclipse.jdt.internal.compiler.ast.TypeReference::extraDimensions (2 bytes)
Event: 3,756 Thread 0x00007f9ea823af10 nmethod 8489 0x00007f9e99248890 code [0x00007f9e99248a20, 0x00007f9e99248af0]
Event: 3,757 Thread 0x00007f9e68055c50 8490       3       org.eclipse.jdt.internal.corext.dom.GenericVisitor::visit (6 bytes)
Event: 3,757 Thread 0x00007f9ea823af10 8491       3       org.eclipse.jdt.internal.corext.dom.GenericVisitor::endVisit (6 bytes)
Event: 3,757 Thread 0x00007f9ea823af10 nmethod 8491 0x00007f9e91e8cf10 code [0x00007f9e91e8d0c0, 0x00007f9e91e8d2b0]
Event: 3,757 Thread 0x00007f9e68055c50 nmethod 8490 0x00007f9e91e8cb10 code [0x00007f9e91e8ccc0, 0x00007f9e91e8ce80]
Event: 3,767 Thread 0x00007f9e68055c50 8492       1       org.eclipse.jdt.ls.core.internal.preferences.PreferenceManager::getClientPreferences (5 bytes)
Event: 3,767 Thread 0x00007f9e68055c50 nmethod 8492 0x00007f9e99248b90 code [0x00007f9e99248d20, 0x00007f9e99248df0]
Event: 3,770 Thread 0x00007f9e540769e0 8493       4       org.objectweb.asm.ClassReader::readVerificationTypeInfo (184 bytes)

GC Heap History (20 events):
Event: 3,090 GC heap after
{Heap after GC invocations=27 (full 2):
 PSYoungGen      total 23040K, used 736K [0x00000000eab00000, 0x00000000ec280000, 0x0000000100000000)
  eden space 22016K, 0% used [0x00000000eab00000,0x00000000eab00000,0x00000000ec080000)
  from space 1024K, 71% used [0x00000000ec080000,0x00000000ec138000,0x00000000ec180000)
  to   space 1024K, 0% used [0x00000000ec180000,0x00000000ec180000,0x00000000ec280000)
 ParOldGen       total 68608K, used 34765K [0x00000000c0000000, 0x00000000c4300000, 0x00000000eab00000)
  object space 68608K, 50% used [0x00000000c0000000,0x00000000c21f3690,0x00000000c4300000)
 Metaspace       used 53342K, committed 54272K, reserved 1097728K
  class space    used 5674K, committed 6080K, reserved 1048576K
}
Event: 3,168 GC heap before
{Heap before GC invocations=28 (full 2):
 PSYoungGen      total 23040K, used 22748K [0x00000000eab00000, 0x00000000ec280000, 0x0000000100000000)
  eden space 22016K, 99% used [0x00000000eab00000,0x00000000ec07f2d8,0x00000000ec080000)
  from space 1024K, 71% used [0x00000000ec080000,0x00000000ec138000,0x00000000ec180000)
  to   space 1024K, 0% used [0x00000000ec180000,0x00000000ec180000,0x00000000ec280000)
 ParOldGen       total 68608K, used 34765K [0x00000000c0000000, 0x00000000c4300000, 0x00000000eab00000)
  object space 68608K, 50% used [0x00000000c0000000,0x00000000c21f3690,0x00000000c4300000)
 Metaspace       used 53545K, committed 54400K, reserved 1097728K
  class space    used 5695K, committed 6080K, reserved 1048576K
}
Event: 3,170 GC heap after
{Heap after GC invocations=28 (full 2):
 PSYoungGen      total 23040K, used 903K [0x00000000eab00000, 0x00000000ec280000, 0x0000000100000000)
  eden space 22016K, 0% used [0x00000000eab00000,0x00000000eab00000,0x00000000ec080000)
  from space 1024K, 88% used [0x00000000ec180000,0x00000000ec261d08,0x00000000ec280000)
  to   space 1024K, 0% used [0x00000000ec080000,0x00000000ec080000,0x00000000ec180000)
 ParOldGen       total 68608K, used 35069K [0x00000000c0000000, 0x00000000c4300000, 0x00000000eab00000)
  object space 68608K, 51% used [0x00000000c0000000,0x00000000c223f690,0x00000000c4300000)
 Metaspace       used 53545K, committed 54400K, reserved 1097728K
  class space    used 5695K, committed 6080K, reserved 1048576K
}
Event: 3,250 GC heap before
{Heap before GC invocations=29 (full 2):
 PSYoungGen      total 23040K, used 22919K [0x00000000eab00000, 0x00000000ec280000, 0x0000000100000000)
  eden space 22016K, 100% used [0x00000000eab00000,0x00000000ec080000,0x00000000ec080000)
  from space 1024K, 88% used [0x00000000ec180000,0x00000000ec261d08,0x00000000ec280000)
  to   space 1024K, 0% used [0x00000000ec080000,0x00000000ec080000,0x00000000ec180000)
 ParOldGen       total 68608K, used 35069K [0x00000000c0000000, 0x00000000c4300000, 0x00000000eab00000)
  object space 68608K, 51% used [0x00000000c0000000,0x00000000c223f690,0x00000000c4300000)
 Metaspace       used 54063K, committed 55040K, reserved 1097728K
  class space    used 5718K, committed 6144K, reserved 1048576K
}
Event: 3,251 GC heap after
{Heap after GC invocations=29 (full 2):
 PSYoungGen      total 23040K, used 1024K [0x00000000eab00000, 0x00000000ec480000, 0x0000000100000000)
  eden space 22016K, 0% used [0x00000000eab00000,0x00000000eab00000,0x00000000ec080000)
  from space 1024K, 100% used [0x00000000ec080000,0x00000000ec180000,0x00000000ec180000)
  to   space 2048K, 0% used [0x00000000ec280000,0x00000000ec280000,0x00000000ec480000)
 ParOldGen       total 68608K, used 35711K [0x00000000c0000000, 0x00000000c4300000, 0x00000000eab00000)
  object space 68608K, 52% used [0x00000000c0000000,0x00000000c22dff90,0x00000000c4300000)
 Metaspace       used 54063K, committed 55040K, reserved 1097728K
  class space    used 5718K, committed 6144K, reserved 1048576K
}
Event: 3,271 GC heap before
{Heap before GC invocations=30 (full 2):
 PSYoungGen      total 23040K, used 23040K [0x00000000eab00000, 0x00000000ec480000, 0x0000000100000000)
  eden space 22016K, 100% used [0x00000000eab00000,0x00000000ec080000,0x00000000ec080000)
  from space 1024K, 100% used [0x00000000ec080000,0x00000000ec180000,0x00000000ec180000)
  to   space 2048K, 0% used [0x00000000ec280000,0x00000000ec280000,0x00000000ec480000)
 ParOldGen       total 68608K, used 35711K [0x00000000c0000000, 0x00000000c4300000, 0x00000000eab00000)
  object space 68608K, 52% used [0x00000000c0000000,0x00000000c22dff90,0x00000000c4300000)
 Metaspace       used 54072K, committed 55040K, reserved 1097728K
  class space    used 5718K, committed 6144K, reserved 1048576K
}
Event: 3,272 GC heap after
{Heap after GC invocations=30 (full 2):
 PSYoungGen      total 23552K, used 1120K [0x00000000eab00000, 0x00000000ec400000, 0x0000000100000000)
  eden space 22016K, 0% used [0x00000000eab00000,0x00000000eab00000,0x00000000ec080000)
  from space 1536K, 72% used [0x00000000ec280000,0x00000000ec398000,0x00000000ec400000)
  to   space 1536K, 0% used [0x00000000ec100000,0x00000000ec100000,0x00000000ec280000)
 ParOldGen       total 68608K, used 36588K [0x00000000c0000000, 0x00000000c4300000, 0x00000000eab00000)
  object space 68608K, 53% used [0x00000000c0000000,0x00000000c23bb018,0x00000000c4300000)
 Metaspace       used 54072K, committed 55040K, reserved 1097728K
  class space    used 5718K, committed 6144K, reserved 1048576K
}
Event: 3,354 GC heap before
{Heap before GC invocations=31 (full 2):
 PSYoungGen      total 23552K, used 23136K [0x00000000eab00000, 0x00000000ec400000, 0x0000000100000000)
  eden space 22016K, 100% used [0x00000000eab00000,0x00000000ec080000,0x00000000ec080000)
  from space 1536K, 72% used [0x00000000ec280000,0x00000000ec398000,0x00000000ec400000)
  to   space 1536K, 0% used [0x00000000ec100000,0x00000000ec100000,0x00000000ec280000)
 ParOldGen       total 68608K, used 36588K [0x00000000c0000000, 0x00000000c4300000, 0x00000000eab00000)
  object space 68608K, 53% used [0x00000000c0000000,0x00000000c23bb018,0x00000000c4300000)
 Metaspace       used 55070K, committed 56064K, reserved 1105920K
  class space    used 5835K, committed 6272K, reserved 1048576K
}
Event: 3,355 GC heap after
{Heap after GC invocations=31 (full 2):
 PSYoungGen      total 23552K, used 1515K [0x00000000eab00000, 0x00000000ec780000, 0x0000000100000000)
  eden space 22016K, 0% used [0x00000000eab00000,0x00000000eab00000,0x00000000ec080000)
  from space 1536K, 98% used [0x00000000ec100000,0x00000000ec27ae90,0x00000000ec280000)
  to   space 3584K, 0% used [0x00000000ec400000,0x00000000ec400000,0x00000000ec780000)
 ParOldGen       total 68608K, used 38222K [0x00000000c0000000, 0x00000000c4300000, 0x00000000eab00000)
  object space 68608K, 55% used [0x00000000c0000000,0x00000000c2553958,0x00000000c4300000)
 Metaspace       used 55070K, committed 56064K, reserved 1105920K
  class space    used 5835K, committed 6272K, reserved 1048576K
}
Event: 3,534 GC heap before
{Heap before GC invocations=32 (full 2):
 PSYoungGen      total 23552K, used 23531K [0x00000000eab00000, 0x00000000ec780000, 0x0000000100000000)
  eden space 22016K, 100% used [0x00000000eab00000,0x00000000ec080000,0x00000000ec080000)
  from space 1536K, 98% used [0x00000000ec100000,0x00000000ec27ae90,0x00000000ec280000)
  to   space 3584K, 0% used [0x00000000ec400000,0x00000000ec400000,0x00000000ec780000)
 ParOldGen       total 68608K, used 38222K [0x00000000c0000000, 0x00000000c4300000, 0x00000000eab00000)
  object space 68608K, 55% used [0x00000000c0000000,0x00000000c2553958,0x00000000c4300000)
 Metaspace       used 56746K, committed 57728K, reserved 1105920K
  class space    used 5980K, committed 6400K, reserved 1048576K
}
Event: 3,537 GC heap after
{Heap after GC invocations=32 (full 2):
 PSYoungGen      total 23552K, used 3553K [0x00000000eab00000, 0x00000000ecb80000, 0x0000000100000000)
  eden space 19968K, 0% used [0x00000000eab00000,0x00000000eab00000,0x00000000ebe80000)
  from space 3584K, 99% used [0x00000000ec400000,0x00000000ec778780,0x00000000ec780000)
  to   space 5632K, 0% used [0x00000000ebe80000,0x00000000ebe80000,0x00000000ec400000)
 ParOldGen       total 68608K, used 39718K [0x00000000c0000000, 0x00000000c4300000, 0x00000000eab00000)
  object space 68608K, 57% used [0x00000000c0000000,0x00000000c26c98e8,0x00000000c4300000)
 Metaspace       used 56746K, committed 57728K, reserved 1105920K
  class space    used 5980K, committed 6400K, reserved 1048576K
}
Event: 3,630 GC heap before
{Heap before GC invocations=33 (full 2):
 PSYoungGen      total 23552K, used 23521K [0x00000000eab00000, 0x00000000ecb80000, 0x0000000100000000)
  eden space 19968K, 100% used [0x00000000eab00000,0x00000000ebe80000,0x00000000ebe80000)
  from space 3584K, 99% used [0x00000000ec400000,0x00000000ec778780,0x00000000ec780000)
  to   space 5632K, 0% used [0x00000000ebe80000,0x00000000ebe80000,0x00000000ec400000)
 ParOldGen       total 68608K, used 39718K [0x00000000c0000000, 0x00000000c4300000, 0x00000000eab00000)
  object space 68608K, 57% used [0x00000000c0000000,0x00000000c26c98e8,0x00000000c4300000)
 Metaspace       used 58291K, committed 59264K, reserved 1105920K
  class space    used 6097K, committed 6528K, reserved 1048576K
}
Event: 3,633 GC heap after
{Heap after GC invocations=33 (full 2):
 PSYoungGen      total 22016K, used 1840K [0x00000000eab00000, 0x00000000ec480000, 0x0000000100000000)
  eden space 19968K, 0% used [0x00000000eab00000,0x00000000eab00000,0x00000000ebe80000)
  from space 2048K, 89% used [0x00000000ebe80000,0x00000000ec04c010,0x00000000ec080000)
  to   space 3072K, 0% used [0x00000000ec180000,0x00000000ec180000,0x00000000ec480000)
 ParOldGen       total 68608K, used 42649K [0x00000000c0000000, 0x00000000c4300000, 0x00000000eab00000)
  object space 68608K, 62% used [0x00000000c0000000,0x00000000c29a6528,0x00000000c4300000)
 Metaspace       used 58291K, committed 59264K, reserved 1105920K
  class space    used 6097K, committed 6528K, reserved 1048576K
}
Event: 3,672 GC heap before
{Heap before GC invocations=34 (full 2):
 PSYoungGen      total 22016K, used 21808K [0x00000000eab00000, 0x00000000ec480000, 0x0000000100000000)
  eden space 19968K, 100% used [0x00000000eab00000,0x00000000ebe80000,0x00000000ebe80000)
  from space 2048K, 89% used [0x00000000ebe80000,0x00000000ec04c010,0x00000000ec080000)
  to   space 3072K, 0% used [0x00000000ec180000,0x00000000ec180000,0x00000000ec480000)
 ParOldGen       total 68608K, used 42649K [0x00000000c0000000, 0x00000000c4300000, 0x00000000eab00000)
  object space 68608K, 62% used [0x00000000c0000000,0x00000000c29a6528,0x00000000c4300000)
 Metaspace       used 58308K, committed 59264K, reserved 1105920K
  class space    used 6098K, committed 6528K, reserved 1048576K
}
Event: 3,675 GC heap after
{Heap after GC invocations=34 (full 2):
 PSYoungGen      total 21504K, used 1168K [0x00000000eab00000, 0x00000000ec300000, 0x0000000100000000)
  eden space 19968K, 0% used [0x00000000eab00000,0x00000000eab00000,0x00000000ebe80000)
  from space 1536K, 76% used [0x00000000ec180000,0x00000000ec2a4010,0x00000000ec300000)
  to   space 2048K, 0% used [0x00000000ebf00000,0x00000000ebf00000,0x00000000ec100000)
 ParOldGen       total 68608K, used 44085K [0x00000000c0000000, 0x00000000c4300000, 0x00000000eab00000)
  object space 68608K, 64% used [0x00000000c0000000,0x00000000c2b0d7a8,0x00000000c4300000)
 Metaspace       used 58308K, committed 59264K, reserved 1105920K
  class space    used 6098K, committed 6528K, reserved 1048576K
}
Event: 3,733 GC heap before
{Heap before GC invocations=35 (full 2):
 PSYoungGen      total 21504K, used 21136K [0x00000000eab00000, 0x00000000ec300000, 0x0000000100000000)
  eden space 19968K, 100% used [0x00000000eab00000,0x00000000ebe80000,0x00000000ebe80000)
  from space 1536K, 76% used [0x00000000ec180000,0x00000000ec2a4010,0x00000000ec300000)
  to   space 2048K, 0% used [0x00000000ebf00000,0x00000000ebf00000,0x00000000ec100000)
 ParOldGen       total 68608K, used 44085K [0x00000000c0000000, 0x00000000c4300000, 0x00000000eab00000)
  object space 68608K, 64% used [0x00000000c0000000,0x00000000c2b0d7a8,0x00000000c4300000)
 Metaspace       used 58435K, committed 59392K, reserved 1105920K
  class space    used 6106K, committed 6528K, reserved 1048576K
}
Event: 3,734 GC heap after
{Heap after GC invocations=35 (full 2):
 PSYoungGen      total 21504K, used 1184K [0x00000000eab00000, 0x00000000ec200000, 0x0000000100000000)
  eden space 19968K, 0% used [0x00000000eab00000,0x00000000eab00000,0x00000000ebe80000)
  from space 1536K, 77% used [0x00000000ebf00000,0x00000000ec028000,0x00000000ec080000)
  to   space 1536K, 0% used [0x00000000ec080000,0x00000000ec080000,0x00000000ec200000)
 ParOldGen       total 68608K, used 44979K [0x00000000c0000000, 0x00000000c4300000, 0x00000000eab00000)
  object space 68608K, 65% used [0x00000000c0000000,0x00000000c2becf48,0x00000000c4300000)
 Metaspace       used 58435K, committed 59392K, reserved 1105920K
  class space    used 6106K, committed 6528K, reserved 1048576K
}
Event: 3,772 GC heap before
{Heap before GC invocations=36 (full 2):
 PSYoungGen      total 21504K, used 8983K [0x00000000eab00000, 0x00000000ec200000, 0x0000000100000000)
  eden space 19968K, 39% used [0x00000000eab00000,0x00000000eb29dd40,0x00000000ebe80000)
  from space 1536K, 77% used [0x00000000ebf00000,0x00000000ec028000,0x00000000ec080000)
  to   space 1536K, 0% used [0x00000000ec080000,0x00000000ec080000,0x00000000ec200000)
 ParOldGen       total 68608K, used 44979K [0x00000000c0000000, 0x00000000c4300000, 0x00000000eab00000)
  object space 68608K, 65% used [0x00000000c0000000,0x00000000c2becf48,0x00000000c4300000)
 Metaspace       used 58851K, committed 59776K, reserved 1105920K
  class space    used 6137K, committed 6528K, reserved 1048576K
}
Event: 3,774 GC heap after
{Heap after GC invocations=36 (full 2):
 PSYoungGen      total 20992K, used 913K [0x00000000eab00000, 0x00000000ec180000, 0x0000000100000000)
  eden space 19968K, 0% used [0x00000000eab00000,0x00000000eab00000,0x00000000ebe80000)
  from space 1024K, 89% used [0x00000000ec080000,0x00000000ec164560,0x00000000ec180000)
  to   space 1024K, 0% used [0x00000000ebf80000,0x00000000ebf80000,0x00000000ec080000)
 ParOldGen       total 68608K, used 46009K [0x00000000c0000000, 0x00000000c4300000, 0x00000000eab00000)
  object space 68608K, 67% used [0x00000000c0000000,0x00000000c2cee508,0x00000000c4300000)
 Metaspace       used 58851K, committed 59776K, reserved 1105920K
  class space    used 6137K, committed 6528K, reserved 1048576K
}
Event: 3,774 GC heap before
{Heap before GC invocations=37 (full 3):
 PSYoungGen      total 20992K, used 913K [0x00000000eab00000, 0x00000000ec180000, 0x0000000100000000)
  eden space 19968K, 0% used [0x00000000eab00000,0x00000000eab00000,0x00000000ebe80000)
  from space 1024K, 89% used [0x00000000ec080000,0x00000000ec164560,0x00000000ec180000)
  to   space 1024K, 0% used [0x00000000ebf80000,0x00000000ebf80000,0x00000000ec080000)
 ParOldGen       total 68608K, used 46009K [0x00000000c0000000, 0x00000000c4300000, 0x00000000eab00000)
  object space 68608K, 67% used [0x00000000c0000000,0x00000000c2cee508,0x00000000c4300000)
 Metaspace       used 58851K, committed 59776K, reserved 1105920K
  class space    used 6137K, committed 6528K, reserved 1048576K
}

Dll operation events (11 events):
Event: 0,002 Loaded shared library /usr/lib/jvm/java-17-openjdk-amd64/lib/libjava.so
Event: 0,002 Loaded shared library /usr/lib/jvm/java-17-openjdk-amd64/lib/libzip.so
Event: 0,005 Loaded shared library /usr/lib/jvm/java-17-openjdk-amd64/lib/libjsvml.so
Event: 0,035 Loaded shared library /usr/lib/jvm/java-17-openjdk-amd64/lib/libinstrument.so
Event: 0,036 Loaded shared library /usr/lib/jvm/java-17-openjdk-amd64/lib/libnio.so
Event: 0,038 Loaded shared library /usr/lib/jvm/java-17-openjdk-amd64/lib/libzip.so
Event: 0,042 Loaded shared library /usr/lib/jvm/java-17-openjdk-amd64/lib/libjimage.so
Event: 0,058 Loaded shared library /usr/lib/jvm/java-17-openjdk-amd64/lib/libverify.so
Event: 0,293 Loaded shared library /usr/lib/jvm/java-17-openjdk-amd64/lib/libnet.so
Event: 0,475 Loaded shared library /home/infoetu/quentin.moutte.etu/.config/VSCodium/User/globalStorage/redhat.java/1.18.0/config_linux/org.eclipse.equinox.launcher/org.eclipse.equinox.launcher.gtk.linux.x86_64_1.2.700.v20221108-1024/eclipse_11801.so
Event: 2,130 Loaded shared library /usr/lib/jvm/java-17-openjdk-amd64/lib/libextnet.so

Deoptimization events (20 events):
Event: 3,638 Thread 0x00007f9dd003d080 DEOPT PACKING pc=0x00007f9e91f2d102 sp=0x00007f9de35faff0
Event: 3,638 Thread 0x00007f9dd003d080 DEOPT UNPACKING pc=0x00007f9e986beb2f sp=0x00007f9de35fa530 mode 0
Event: 3,656 Thread 0x00007f9dd4860620 DEOPT PACKING pc=0x00007f9e91f2d102 sp=0x00007f9de315b570
Event: 3,656 Thread 0x00007f9dd4860620 DEOPT UNPACKING pc=0x00007f9e986beb2f sp=0x00007f9de315aab0 mode 0
Event: 3,689 Thread 0x00007f9dd4874850 Uncommon trap: trap_request=0xffffff45 fr.pc=0x00007f9e98ed96d8 relative=0x00000000000000b8
Event: 3,689 Thread 0x00007f9dd4874850 Uncommon trap: reason=unstable_if action=reinterpret pc=0x00007f9e98ed96d8 method=org.eclipse.core.internal.jobs.InternalJob.getState()I @ 10 c2
Event: 3,689 Thread 0x00007f9dd4874850 DEOPT PACKING pc=0x00007f9e98ed96d8 sp=0x00007f9de1efca20
Event: 3,689 Thread 0x00007f9dd4874850 DEOPT UNPACKING pc=0x00007f9e986be399 sp=0x00007f9de1efc9d0 mode 2
Event: 3,720 Thread 0x00007f9dd4860620 DEOPT PACKING pc=0x00007f9e91fad2cc sp=0x00007f9de315be80
Event: 3,720 Thread 0x00007f9dd4860620 DEOPT UNPACKING pc=0x00007f9e986beb2f sp=0x00007f9de315b308 mode 0
Event: 3,737 Thread 0x00007f9e142d7050 Uncommon trap: trap_request=0xffffff45 fr.pc=0x00007f9e99231cbc relative=0x0000000000001fdc
Event: 3,737 Thread 0x00007f9e142d7050 Uncommon trap: reason=unstable_if action=reinterpret pc=0x00007f9e99231cbc method=org.eclipse.jdt.internal.compiler.parser.Scanner.getNextToken0()I @ 2106 c2
Event: 3,737 Thread 0x00007f9e142d7050 DEOPT PACKING pc=0x00007f9e99231cbc sp=0x00007f9e7cff20b0
Event: 3,737 Thread 0x00007f9e142d7050 DEOPT UNPACKING pc=0x00007f9e986be399 sp=0x00007f9e7cff2040 mode 2
Event: 3,742 Thread 0x00007f9dd4860620 DEOPT PACKING pc=0x00007f9e91785e18 sp=0x00007f9de3158510
Event: 3,742 Thread 0x00007f9dd4860620 DEOPT UNPACKING pc=0x00007f9e986beb2f sp=0x00007f9de3157ac8 mode 0
Event: 3,746 Thread 0x00007f9e142d7050 Uncommon trap: trap_request=0xffffff45 fr.pc=0x00007f9e9922c0f0 relative=0x0000000000000cb0
Event: 3,746 Thread 0x00007f9e142d7050 Uncommon trap: reason=unstable_if action=reinterpret pc=0x00007f9e9922c0f0 method=org.eclipse.jdt.internal.compiler.parser.Scanner.internalScanIdentifierOrKeyword(II[C)I @ 2599 c2
Event: 3,746 Thread 0x00007f9e142d7050 DEOPT PACKING pc=0x00007f9e9922c0f0 sp=0x00007f9e7cff1ee0
Event: 3,746 Thread 0x00007f9e142d7050 DEOPT UNPACKING pc=0x00007f9e986be399 sp=0x00007f9e7cff1e80 mode 2

Classes unloaded (7 events):
Event: 1,037 Thread 0x00007f9ea821cfe0 Unloading class 0x0000000800d6a400 'java/lang/invoke/LambdaForm$MH+0x0000000800d6a400'
Event: 1,037 Thread 0x00007f9ea821cfe0 Unloading class 0x0000000800d6a000 'java/lang/invoke/LambdaForm$MH+0x0000000800d6a000'
Event: 1,037 Thread 0x00007f9ea821cfe0 Unloading class 0x0000000800d69c00 'java/lang/invoke/LambdaForm$MH+0x0000000800d69c00'
Event: 1,037 Thread 0x00007f9ea821cfe0 Unloading class 0x0000000800d69800 'java/lang/invoke/LambdaForm$MH+0x0000000800d69800'
Event: 1,037 Thread 0x00007f9ea821cfe0 Unloading class 0x0000000800d69000 'java/lang/invoke/LambdaForm$BMH+0x0000000800d69000'
Event: 1,037 Thread 0x00007f9ea821cfe0 Unloading class 0x0000000800d68c00 'java/lang/invoke/LambdaForm$DMH+0x0000000800d68c00'
Event: 1,037 Thread 0x00007f9ea821cfe0 Unloading class 0x0000000800d66000 'java/lang/invoke/LambdaForm$DMH+0x0000000800d66000'

Classes redefined (0 events):
No events

Internal exceptions (20 events):
Event: 3,738 Thread 0x00007f9e142d7050 Exception <a 'java/lang/NullPointerException'{0x00000000eab97bd8}> (0x00000000eab97bd8) 
thrown [./src/hotspot/share/interpreter/linkResolver.cpp, line 1350]
Event: 3,738 Thread 0x00007f9e142d7050 Exception <a 'java/lang/NullPointerException'{0x00000000eab985f0}> (0x00000000eab985f0) 
thrown [./src/hotspot/share/interpreter/linkResolver.cpp, line 1350]
Event: 3,742 Thread 0x00007f9e142d7050 Exception <a 'java/lang/NullPointerException'{0x00000000eac691a8}> (0x00000000eac691a8) 
thrown [./src/hotspot/share/interpreter/linkResolver.cpp, line 1350]
Event: 3,743 Thread 0x00007f9e142d7050 Exception <a 'java/lang/NullPointerException'{0x00000000ead11110}> (0x00000000ead11110) 
thrown [./src/hotspot/share/interpreter/linkResolver.cpp, line 1350]
Event: 3,743 Thread 0x00007f9e142d7050 Exception <a 'java/lang/NullPointerException'{0x00000000ead14300}> (0x00000000ead14300) 
thrown [./src/hotspot/share/interpreter/linkResolver.cpp, line 1350]
Event: 3,743 Thread 0x00007f9e142d7050 Exception <a 'java/lang/NullPointerException'{0x00000000ead14e68}> (0x00000000ead14e68) 
thrown [./src/hotspot/share/interpreter/linkResolver.cpp, line 1350]
Event: 3,747 Thread 0x00007f9e142d7050 Exception <a 'java/lang/NullPointerException'{0x00000000eae4c4d0}> (0x00000000eae4c4d0) 
thrown [./src/hotspot/share/interpreter/linkResolver.cpp, line 1350]
Event: 3,748 Thread 0x00007f9e142d7050 Exception <a 'java/lang/NullPointerException'{0x00000000eae7fbf0}> (0x00000000eae7fbf0) 
thrown [./src/hotspot/share/interpreter/linkResolver.cpp, line 1350]
Event: 3,748 Thread 0x00007f9e142d7050 Exception <a 'java/lang/NullPointerException'{0x00000000eae804a0}> (0x00000000eae804a0) 
thrown [./src/hotspot/share/interpreter/linkResolver.cpp, line 1350]
Event: 3,748 Thread 0x00007f9e142d7050 Exception <a 'java/lang/NullPointerException'{0x00000000eae82cb0}> (0x00000000eae82cb0) 
thrown [./src/hotspot/share/interpreter/linkResolver.cpp, line 1350]
Event: 3,748 Thread 0x00007f9e142d7050 Exception <a 'java/lang/NullPointerException'{0x00000000eae83560}> (0x00000000eae83560) 
thrown [./src/hotspot/share/interpreter/linkResolver.cpp, line 1350]
Event: 3,748 Thread 0x00007f9e142d7050 Exception <a 'java/lang/NullPointerException'{0x00000000eaeb3350}> (0x00000000eaeb3350) 
thrown [./src/hotspot/share/interpreter/linkResolver.cpp, line 1350]
Event: 3,749 Thread 0x00007f9e142d7050 Exception <a 'java/lang/NullPointerException'{0x00000000eaf20648}> (0x00000000eaf20648) 
thrown [./src/hotspot/share/interpreter/linkResolver.cpp, line 1350]
Event: 3,749 Thread 0x00007f9e142d7050 Exception <a 'java/lang/NullPointerException'{0x00000000eaf21990}> (0x00000000eaf21990) 
thrown [./src/hotspot/share/interpreter/linkResolver.cpp, line 1350]
Event: 3,749 Thread 0x00007f9e142d7050 Exception <a 'java/lang/NullPointerException'{0x00000000eaf22cb8}> (0x00000000eaf22cb8) 
thrown [./src/hotspot/share/interpreter/linkResolver.cpp, line 1350]
Event: 3,749 Thread 0x00007f9e142d7050 Exception <a 'java/lang/NullPointerException'{0x00000000eaf23fe0}> (0x00000000eaf23fe0) 
thrown [./src/hotspot/share/interpreter/linkResolver.cpp, line 1350]
Event: 3,749 Thread 0x00007f9e142d7050 Exception <a 'java/lang/NullPointerException'{0x00000000eaf24760}> (0x00000000eaf24760) 
thrown [./src/hotspot/share/interpreter/linkResolver.cpp, line 1350]
Event: 3,749 Thread 0x00007f9e142d7050 Exception <a 'java/lang/NullPointerException'{0x00000000eaf25a08}> (0x00000000eaf25a08) 
thrown [./src/hotspot/share/interpreter/linkResolver.cpp, line 1350]
Event: 3,750 Thread 0x00007f9e142d7050 Exception <a 'java/lang/NullPointerException'{0x00000000eaf265c0}> (0x00000000eaf265c0) 
thrown [./src/hotspot/share/interpreter/linkResolver.cpp, line 1350]
Event: 3,750 Thread 0x00007f9e142d7050 Exception <a 'java/lang/NullPointerException'{0x00000000eaf27b30}> (0x00000000eaf27b30) 
thrown [./src/hotspot/share/interpreter/linkResolver.cpp, line 1350]

VM Operations (20 events):
Event: 3,468 Executing VM operation: HandshakeAllThreads done
Event: 3,476 Executing VM operation: HandshakeAllThreads
Event: 3,476 Executing VM operation: HandshakeAllThreads done
Event: 3,483 Executing VM operation: ICBufferFull
Event: 3,483 Executing VM operation: ICBufferFull done
Event: 3,483 Executing VM operation: ICBufferFull
Event: 3,483 Executing VM operation: ICBufferFull done
Event: 3,493 Executing VM operation: HandshakeAllThreads
Event: 3,493 Executing VM operation: HandshakeAllThreads done
Event: 3,534 Executing VM operation: ParallelGCFailedAllocation
Event: 3,537 Executing VM operation: ParallelGCFailedAllocation done
Event: 3,622 Executing VM operation: ICBufferFull
Event: 3,622 Executing VM operation: ICBufferFull done
Event: 3,630 Executing VM operation: ParallelGCFailedAllocation
Event: 3,633 Executing VM operation: ParallelGCFailedAllocation done
Event: 3,672 Executing VM operation: ParallelGCFailedAllocation
Event: 3,675 Executing VM operation: ParallelGCFailedAllocation done
Event: 3,733 Executing VM operation: ParallelGCFailedAllocation
Event: 3,734 Executing VM operation: ParallelGCFailedAllocation done
Event: 3,772 Executing VM operation: CollectForMetadataAllocation

Events (20 events):
Event: 3,732 loading class org/eclipse/core/runtime/IConfigurationElement
Event: 3,732 loading class org/eclipse/core/runtime/IConfigurationElement done
Event: 3,732 loading class org/eclipse/core/runtime/IAdapterFactory
Event: 3,732 loading class org/eclipse/core/runtime/IAdapterFactory done
Event: 3,732 loading class java/util/concurrent/ConcurrentHashMap$TreeBin
Event: 3,732 loading class java/util/concurrent/ConcurrentHashMap$TreeBin done
Event: 3,733 loading class org/eclipse/core/runtime/IAdapterFactory
Event: 3,733 loading class org/eclipse/core/runtime/IAdapterFactory done
Event: 3,733 loading class org/eclipse/core/runtime/IAdapterFactory
Event: 3,733 loading class org/eclipse/core/runtime/IAdapterFactory done
Event: 3,739 loading class org/eclipse/jface/text/IDocument
Event: 3,739 loading class org/eclipse/jface/text/IDocument done
Event: 3,739 loading class org/eclipse/jface/text/IDocument
Event: 3,739 loading class org/eclipse/jface/text/IDocument done
Event: 3,739 loading class org/eclipse/core/resources/IMarker
Event: 3,739 loading class org/eclipse/core/resources/IMarker done
Event: 3,739 loading class org/eclipse/core/resources/IMarker
Event: 3,739 loading class org/eclipse/core/resources/IMarker done
Event: 3,739 loading class org/eclipse/core/resources/IMarker
Event: 3,739 loading class org/eclipse/core/resources/IMarker done


Dynamic libraries:
c0000000-c4300000 rw-p 00000000 00:00 0 
c4300000-eab00000 ---p 00000000 00:00 0 
eab00000-ec180000 rw-p 00000000 00:00 0 
ec180000-100000000 ---p 00000000 00:00 0 
800000000-800be3000 rw-p 00001000 103:02 3543126                         /usr/lib/jvm/java-17-openjdk-amd64/lib/server/classes.jsa
800be3000-800c00000 ---p 00000000 00:00 0 
800c00000-800c20000 rw-p 00000000 00:00 0 
800c20000-800c40000 rw-p 00000000 00:00 0 
800c40000-800cc0000 rw-p 00000000 00:00 0 
800cc0000-800d00000 rw-p 00000000 00:00 0 
800d00000-800e60000 rw-p 00000000 00:00 0 
800e60000-800ec0000 rw-p 00000000 00:00 0 
800ec0000-800f00000 rw-p 00000000 00:00 0 
800f00000-8010c0000 rw-p 00000000 00:00 0 
8010c0000-801100000 rw-p 00000000 00:00 0 
801100000-801260000 rw-p 00000000 00:00 0 
801260000-840c00000 ---p 00000000 00:00 0 
55aa6cce2000-55aa6cce3000 r--p 00000000 103:02 3166030                   /usr/lib/jvm/java-17-openjdk-amd64/bin/java
55aa6cce3000-55aa6cce4000 r-xp 00001000 103:02 3166030                   /usr/lib/jvm/java-17-openjdk-amd64/bin/java
55aa6cce4000-55aa6cce5000 r--p 00002000 103:02 3166030                   /usr/lib/jvm/java-17-openjdk-amd64/bin/java
55aa6cce5000-55aa6cce6000 r--p 00002000 103:02 3166030                   /usr/lib/jvm/java-17-openjdk-amd64/bin/java
55aa6cce6000-55aa6cce7000 rw-p 00003000 103:02 3166030                   /usr/lib/jvm/java-17-openjdk-amd64/bin/java
55aa6d9ca000-55aa6da11000 rw-p 00000000 00:00 0                          [heap]
7f9d84000000-7f9d84021000 rw-p 00000000 00:00 0 
7f9d84021000-7f9d88000000 ---p 00000000 00:00 0 
7f9d88000000-7f9d88021000 rw-p 00000000 00:00 0 
7f9d88021000-7f9d8c000000 ---p 00000000 00:00 0 
7f9d8c000000-7f9d8c021000 rw-p 00000000 00:00 0 
7f9d8c021000-7f9d90000000 ---p 00000000 00:00 0 
7f9d90000000-7f9d90021000 rw-p 00000000 00:00 0 
7f9d90021000-7f9d94000000 ---p 00000000 00:00 0 
7f9d94000000-7f9d94021000 rw-p 00000000 00:00 0 
7f9d94021000-7f9d98000000 ---p 00000000 00:00 0 
7f9d98000000-7f9d98021000 rw-p 00000000 00:00 0 
7f9d98021000-7f9d9c000000 ---p 00000000 00:00 0 
7f9d9c000000-7f9d9c021000 rw-p 00000000 00:00 0 
7f9d9c021000-7f9da0000000 ---p 00000000 00:00 0 
7f9da0000000-7f9da0021000 rw-p 00000000 00:00 0 
7f9da0021000-7f9da4000000 ---p 00000000 00:00 0 
7f9da4000000-7f9da405c000 rw-p 00000000 00:00 0 
7f9da405c000-7f9da8000000 ---p 00000000 00:00 0 
7f9da8000000-7f9da8084000 rw-p 00000000 00:00 0 
7f9da8084000-7f9dac000000 ---p 00000000 00:00 0 
7f9dac000000-7f9dac048000 rw-p 00000000 00:00 0 
7f9dac048000-7f9db0000000 ---p 00000000 00:00 0 
7f9db0000000-7f9db010b000 rw-p 00000000 00:00 0 
7f9db010b000-7f9db4000000 ---p 00000000 00:00 0 
7f9db4000000-7f9db4021000 rw-p 00000000 00:00 0 
7f9db4021000-7f9db8000000 ---p 00000000 00:00 0 
7f9db8209000-7f9dc0000000 r--s 00000000 103:02 3192854                   /usr/lib/jvm/java-17-openjdk-amd64/lib/modules
7f9dc0000000-7f9dc0ceb000 rw-p 00000000 00:00 0 
7f9dc0ceb000-7f9dc4000000 ---p 00000000 00:00 0 
7f9dc4000000-7f9dc407a000 rw-p 00000000 00:00 0 
7f9dc407a000-7f9dc8000000 ---p 00000000 00:00 0 
7f9dc8000000-7f9dc86d5000 rw-p 00000000 00:00 0 
7f9dc86d5000-7f9dcc000000 ---p 00000000 00:00 0 
7f9dcc000000-7f9dcc81c000 rw-p 00000000 00:00 0 
7f9dcc81c000-7f9dd0000000 ---p 00000000 00:00 0 
7f9dd0000000-7f9dd0050000 rw-p 00000000 00:00 0 
7f9dd0050000-7f9dd4000000 ---p 00000000 00:00 0 
7f9dd4000000-7f9dd48c0000 rw-p 00000000 00:00 0 
7f9dd48c0000-7f9dd8000000 ---p 00000000 00:00 0 
7f9dd8000000-7f9dd8021000 rw-p 00000000 00:00 0 
7f9dd8021000-7f9ddc000000 ---p 00000000 00:00 0 
7f9ddc000000-7f9ddc021000 rw-p 00000000 00:00 0 
7f9ddc021000-7f9de0000000 ---p 00000000 00:00 0 
7f9de0c00000-7f9de1020000 rw-p 00000000 00:00 0 
7f9de1020000-7f9de1400000 ---p 00000000 00:00 0 
7f9de15f6000-7f9de15fa000 ---p 00000000 00:00 0 
7f9de15fa000-7f9de16f7000 rw-p 00000000 00:00 0 
7f9de16f7000-7f9de16fb000 ---p 00000000 00:00 0 
7f9de16fb000-7f9de17f8000 rw-p 00000000 00:00 0 
7f9de17f8000-7f9de17fc000 ---p 00000000 00:00 0 
7f9de17fc000-7f9de18f9000 rw-p 00000000 00:00 0 
7f9de18f9000-7f9de18fd000 ---p 00000000 00:00 0 
7f9de18fd000-7f9de19fa000 rw-p 00000000 00:00 0 
7f9de19fa000-7f9de19fe000 ---p 00000000 00:00 0 
7f9de19fe000-7f9de1afb000 rw-p 00000000 00:00 0 
7f9de1afb000-7f9de1aff000 ---p 00000000 00:00 0 
7f9de1aff000-7f9de1bfc000 rw-p 00000000 00:00 0 
7f9de1bfc000-7f9de1c00000 ---p 00000000 00:00 0 
7f9de1c00000-7f9de1cfd000 rw-p 00000000 00:00 0 
7f9de1cfd000-7f9de1d01000 ---p 00000000 00:00 0 
7f9de1d01000-7f9de1dfe000 rw-p 00000000 00:00 0 
7f9de1dfe000-7f9de1e02000 ---p 00000000 00:00 0 
7f9de1e02000-7f9de1eff000 rw-p 00000000 00:00 0 
7f9de1eff000-7f9de1f03000 ---p 00000000 00:00 0 
7f9de1f03000-7f9de2800000 rw-p 00000000 00:00 0 
7f9de2800000-7f9de2900000 rw-p 00000000 00:00 0 
7f9de2900000-7f9de2a00000 rw-p 00000000 00:00 0 
7f9de2a00000-7f9de2c00000 rw-p 00000000 00:00 0 
7f9de2c00000-7f9de2c80000 rw-p 00000000 00:00 0 
7f9de2c80000-7f9de2d00000 rw-p 00000000 00:00 0 
7f9de2d00000-7f9de2f00000 rw-p 00000000 00:00 0 
7f9de2f00000-7f9de2fe0000 rw-p 00000000 00:00 0 
7f9de2fe0000-7f9de3000000 ---p 00000000 00:00 0 
7f9de305f000-7f9de3063000 ---p 00000000 00:00 0 
7f9de3063000-7f9de3160000 rw-p 00000000 00:00 0 
7f9de3160000-7f9de3164000 ---p 00000000 00:00 0 
7f9de3164000-7f9de3261000 rw-p 00000000 00:00 0 
7f9de3261000-7f9de3265000 ---p 00000000 00:00 0 
7f9de3265000-7f9de3362000 rw-p 00000000 00:00 0 
7f9de3362000-7f9de3366000 ---p 00000000 00:00 0 
7f9de3366000-7f9de3463000 rw-p 00000000 00:00 0 
7f9de34fd000-7f9de3501000 ---p 00000000 00:00 0 
7f9de3501000-7f9de35fe000 rw-p 00000000 00:00 0 
7f9de35fe000-7f9de3602000 ---p 00000000 00:00 0 
7f9de3602000-7f9de36ff000 rw-p 00000000 00:00 0 
7f9de36ff000-7f9de3703000 ---p 00000000 00:00 0 
7f9de3703000-7f9de4000000 rw-p 00000000 00:00 0 
7f9de4000000-7f9de4245000 rw-p 00000000 00:00 0 
7f9de4245000-7f9de8000000 ---p 00000000 00:00 0 
7f9de8000000-7f9de8021000 rw-p 00000000 00:00 0 
7f9de8021000-7f9dec000000 ---p 00000000 00:00 0 
7f9dec000000-7f9dec021000 rw-p 00000000 00:00 0 
7f9dec021000-7f9df0000000 ---p 00000000 00:00 0 
7f9df0000000-7f9df00e0000 rw-p 00000000 00:00 0 
7f9df00e0000-7f9df4000000 ---p 00000000 00:00 0 
7f9df4000000-7f9df4021000 rw-p 00000000 00:00 0 
7f9df4021000-7f9df8000000 ---p 00000000 00:00 0 
7f9df8000000-7f9df8021000 rw-p 00000000 00:00 0 
7f9df8021000-7f9dfc000000 ---p 00000000 00:00 0 
7f9dfc000000-7f9dfc021000 rw-p 00000000 00:00 0 
7f9dfc021000-7f9e00000000 ---p 00000000 00:00 0 
7f9e00000000-7f9e00021000 rw-p 00000000 00:00 0 
7f9e00021000-7f9e04000000 ---p 00000000 00:00 0 
7f9e04000000-7f9e04021000 rw-p 00000000 00:00 0 
7f9e04021000-7f9e08000000 ---p 00000000 00:00 0 
7f9e08000000-7f9e081c3000 rw-p 00000000 00:00 0 
7f9e081c3000-7f9e0c000000 ---p 00000000 00:00 0 
7f9e0c000000-7f9e0c021000 rw-p 00000000 00:00 0 
7f9e0c021000-7f9e10000000 ---p 00000000 00:00 0 
7f9e10000000-7f9e10021000 rw-p 00000000 00:00 0 
7f9e10021000-7f9e14000000 ---p 00000000 00:00 0 
7f9e14000000-7f9e149f9000 rw-p 00000000 00:00 0 
7f9e149f9000-7f9e18000000 ---p 00000000 00:00 0 
7f9e18000000-7f9e18021000 rw-p 00000000 00:00 0 
7f9e18021000-7f9e1c000000 ---p 00000000 00:00 0 
7f9e1c000000-7f9e1c021000 rw-p 00000000 00:00 0 
7f9e1c021000-7f9e20000000 ---p 00000000 00:00 0 
7f9e20000000-7f9e20021000 rw-p 00000000 00:00 0 
7f9e20021000-7f9e24000000 ---p 00000000 00:00 0 
7f9e24000000-7f9e24021000 rw-p 00000000 00:00 0 
7f9e24021000-7f9e28000000 ---p 00000000 00:00 0 
7f9e28000000-7f9e28021000 rw-p 00000000 00:00 0 
7f9e28021000-7f9e2c000000 ---p 00000000 00:00 0 
7f9e2c000000-7f9e2c021000 rw-p 00000000 00:00 0 
7f9e2c021000-7f9e30000000 ---p 00000000 00:00 0 
7f9e30000000-7f9e30021000 rw-p 00000000 00:00 0 
7f9e30021000-7f9e34000000 ---p 00000000 00:00 0 
7f9e34000000-7f9e34021000 rw-p 00000000 00:00 0 
7f9e34021000-7f9e38000000 ---p 00000000 00:00 0 
7f9e38000000-7f9e38021000 rw-p 00000000 00:00 0 
7f9e38021000-7f9e3c000000 ---p 00000000 00:00 0 
7f9e3c000000-7f9e3d649000 rw-p 00000000 00:00 0 
7f9e3d649000-7f9e40000000 ---p 00000000 00:00 0 
7f9e40000000-7f9e413f9000 rw-p 00000000 00:00 0 
7f9e413f9000-7f9e44000000 ---p 00000000 00:00 0 
7f9e44000000-7f9e44021000 rw-p 00000000 00:00 0 
7f9e44021000-7f9e48000000 ---p 00000000 00:00 0 
7f9e48000000-7f9e49040000 rw-p 00000000 00:00 0 
7f9e49040000-7f9e4c000000 ---p 00000000 00:00 0 
7f9e4c000000-7f9e4d011000 rw-p 00000000 00:00 0 
7f9e4d011000-7f9e50000000 ---p 00000000 00:00 0 
7f9e50000000-7f9e50021000 rw-p 00000000 00:00 0 
7f9e50021000-7f9e54000000 ---p 00000000 00:00 0 
7f9e54000000-7f9e544ac000 rw-p 00000000 00:00 0 
7f9e544ac000-7f9e58000000 ---p 00000000 00:00 0 
7f9e58000000-7f9e58329000 rw-p 00000000 00:00 0 
7f9e58329000-7f9e5c000000 ---p 00000000 00:00 0 
7f9e5c000000-7f9e5c021000 rw-p 00000000 00:00 0 
7f9e5c021000-7f9e60000000 ---p 00000000 00:00 0 
7f9e60000000-7f9e60021000 rw-p 00000000 00:00 0 
7f9e60021000-7f9e64000000 ---p 00000000 00:00 0 
7f9e64000000-7f9e64fff000 rw-p 00000000 00:00 0 
7f9e64fff000-7f9e68000000 ---p 00000000 00:00 0 
7f9e68000000-7f9e682ac000 rw-p 00000000 00:00 0 
7f9e682ac000-7f9e6c000000 ---p 00000000 00:00 0 
7f9e6c000000-7f9e6c021000 rw-p 00000000 00:00 0 
7f9e6c021000-7f9e70000000 ---p 00000000 00:00 0 
7f9e70000000-7f9e70021000 rw-p 00000000 00:00 0 
7f9e70021000-7f9e74000000 ---p 00000000 00:00 0 
7f9e74000000-7f9e74021000 rw-p 00000000 00:00 0 
7f9e74021000-7f9e78000000 ---p 00000000 00:00 0 
7f9e78000000-7f9e78021000 rw-p 00000000 00:00 0 
7f9e78021000-7f9e7c000000 ---p 00000000 00:00 0 
7f9e7c0fd000-7f9e7c101000 ---p 00000000 00:00 0 
7f9e7c101000-7f9e7c1fe000 rw-p 00000000 00:00 0 
7f9e7c1fe000-7f9e7c202000 ---p 00000000 00:00 0 
7f9e7c202000-7f9e7c2ff000 rw-p 00000000 00:00 0 
7f9e7c2ff000-7f9e7c303000 ---p 00000000 00:00 0 
7f9e7c303000-7f9e7c500000 rw-p 00000000 00:00 0 
7f9e7c500000-7f9e7c600000 rw-p 00000000 00:00 0 
7f9e7c600000-7f9e7ca00000 rw-p 00000000 00:00 0 
7f9e7ca00000-7f9e7cb00000 rw-p 00000000 00:00 0 
7f9e7cb00000-7f9e7cc00000 rw-p 00000000 00:00 0 
7f9e7ccf0000-7f9e7ccf4000 ---p 00000000 00:00 0 
7f9e7ccf4000-7f9e7cdf1000 rw-p 00000000 00:00 0 
7f9e7cdf1000-7f9e7cdf2000 ---p 00000000 00:00 0 
7f9e7cdf2000-7f9e7cef3000 rw-p 00000000 00:00 0 
7f9e7cef3000-7f9e7cef7000 ---p 00000000 00:00 0 
7f9e7cef7000-7f9e7cff4000 rw-p 00000000 00:00 0 
7f9e7cff4000-7f9e7cff8000 ---p 00000000 00:00 0 
7f9e7cff8000-7f9e7d0f5000 rw-p 00000000 00:00 0 
7f9e7d0f5000-7f9e7d0f6000 ---p 00000000 00:00 0 
7f9e7d0f6000-7f9e7d1f7000 rw-p 00000000 00:00 0 
7f9e7d1f7000-7f9e7d1f8000 ---p 00000000 00:00 0 
7f9e7d1f8000-7f9e7d2f9000 rw-p 00000000 00:00 0 
7f9e7d2f9000-7f9e7d2fa000 ---p 00000000 00:00 0 
7f9e7d2fa000-7f9e7d3fb000 rw-p 00000000 00:00 0 
7f9e7d3fb000-7f9e7d3fc000 ---p 00000000 00:00 0 
7f9e7d3fc000-7f9e7d4fd000 rw-p 00000000 00:00 0 
7f9e7d4fd000-7f9e7d501000 ---p 00000000 00:00 0 
7f9e7d501000-7f9e7d5fe000 rw-p 00000000 00:00 0 
7f9e7d5fe000-7f9e7d602000 ---p 00000000 00:00 0 
7f9e7d602000-7f9e7d6ff000 rw-p 00000000 00:00 0 
7f9e7d6ff000-7f9e7d703000 ---p 00000000 00:00 0 
7f9e7d703000-7f9e7d900000 rw-p 00000000 00:00 0 
7f9e7d900000-7f9e7da00000 rw-p 00000000 00:00 0 
7f9e7da00000-7f9e7e000000 rw-p 00000000 00:00 0 
7f9e7e0e5000-7f9e7e0e6000 ---p 00000000 00:00 0 
7f9e7e0e6000-7f9e7e1e7000 rw-p 00000000 00:00 0 
7f9e7e1e7000-7f9e7e1e8000 ---p 00000000 00:00 0 
7f9e7e1e8000-7f9e7e2e9000 rw-p 00000000 00:00 0 
7f9e7e2e9000-7f9e7e2ed000 ---p 00000000 00:00 0 
7f9e7e2ed000-7f9e7e3ea000 rw-p 00000000 00:00 0 
7f9e7e3ea000-7f9e7e3fa000 r-xp 00000000 00:28 144646696                  /home/infoetu/quentin.moutte.etu/.config/VSCodium/User/globalStorage/redhat.java/1.18.0/config_linux/org.eclipse.equinox.launcher/org.eclipse.equinox.launcher.gtk.linux.x86_64_1.2.700.v20221108-1024/eclipse_11801.so
7f9e7e3fa000-7f9e7e5f9000 ---p 00010000 00:28 144646696                  /home/infoetu/quentin.moutte.etu/.config/VSCodium/User/globalStorage/redhat.java/1.18.0/config_linux/org.eclipse.equinox.launcher/org.eclipse.equinox.launcher.gtk.linux.x86_64_1.2.700.v20221108-1024/eclipse_11801.so
7f9e7e5f9000-7f9e7e5fa000 r--p 0000f000 00:28 144646696                  /home/infoetu/quentin.moutte.etu/.config/VSCodium/User/globalStorage/redhat.java/1.18.0/config_linux/org.eclipse.equinox.launcher/org.eclipse.equinox.launcher.gtk.linux.x86_64_1.2.700.v20221108-1024/eclipse_11801.so
7f9e7e5fa000-7f9e7e5fb000 rw-p 00010000 00:28 144646696                  /home/infoetu/quentin.moutte.etu/.config/VSCodium/User/globalStorage/redhat.java/1.18.0/config_linux/org.eclipse.equinox.launcher/org.eclipse.equinox.launcher.gtk.linux.x86_64_1.2.700.v20221108-1024/eclipse_11801.so
7f9e7e5fb000-7f9e7e5fc000 rw-p 00000000 00:00 0 
7f9e7e5fc000-7f9e7e600000 ---p 00000000 00:00 0 
7f9e7e600000-7f9e7e6fd000 rw-p 00000000 00:00 0 
7f9e7e6fd000-7f9e7e701000 ---p 00000000 00:00 0 
7f9e7e701000-7f9e7e7fe000 rw-p 00000000 00:00 0 
7f9e7e7fe000-7f9e7e802000 ---p 00000000 00:00 0 
7f9e7e802000-7f9e7e8ff000 rw-p 00000000 00:00 0 
7f9e7e8ff000-7f9e7e900000 ---p 00000000 00:00 0 
7f9e7e900000-7f9e7ea01000 rw-p 00000000 00:00 0 
7f9e7ea01000-7f9e7ea02000 ---p 00000000 00:00 0 
7f9e7ea02000-7f9e7eb03000 rw-p 00000000 00:00 0 
7f9e7eb03000-7f9e7eb04000 ---p 00000000 00:00 0 
7f9e7eb04000-7f9e7ec05000 rw-p 00000000 00:00 0 
7f9e7ec05000-7f9e7ec06000 ---p 00000000 00:00 0 
7f9e7ec06000-7f9e7ed07000 rw-p 00000000 00:00 0 
7f9e7ed07000-7f9e7ed08000 ---p 00000000 00:00 0 
7f9e7ed08000-7f9e7ee09000 rw-p 00000000 00:00 0 
7f9e7ee09000-7f9e7ee0d000 ---p 00000000 00:00 0 
7f9e7ee0d000-7f9e7ef0a000 rw-p 00000000 00:00 0 
7f9e7ef0a000-7f9e7ef0e000 ---p 00000000 00:00 0 
7f9e7ef0e000-7f9e7f00b000 rw-p 00000000 00:00 0 
7f9e7f00b000-7f9e7f00f000 ---p 00000000 00:00 0 
7f9e7f00f000-7f9e7f10c000 rw-p 00000000 00:00 0 
7f9e7f10c000-7f9e7f10d000 ---p 00000000 00:00 0 
7f9e7f10d000-7f9e7f20e000 rw-p 00000000 00:00 0 
7f9e7f20e000-7f9e7f212000 ---p 00000000 00:00 0 
7f9e7f212000-7f9e7f30f000 rw-p 00000000 00:00 0 
7f9e7f30f000-7f9e7f313000 ---p 00000000 00:00 0 
7f9e7f313000-7f9e7f410000 rw-p 00000000 00:00 0 
7f9e7f410000-7f9e7f414000 ---p 00000000 00:00 0 
7f9e7f414000-7f9e7f511000 rw-p 00000000 00:00 0 
7f9e7f511000-7f9e7f515000 ---p 00000000 00:00 0 
7f9e7f515000-7f9e7f612000 rw-p 00000000 00:00 0 
7f9e7f612000-7f9e7f616000 ---p 00000000 00:00 0 
7f9e7f616000-7f9e7f713000 rw-p 00000000 00:00 0 
7f9e7f713000-7f9e7f717000 ---p 00000000 00:00 0 
7f9e7f717000-7f9e7f814000 rw-p 00000000 00:00 0 
7f9e7f814000-7f9e7f818000 ---p 00000000 00:00 0 
7f9e7f818000-7f9e7f915000 rw-p 00000000 00:00 0 
7f9e7f915000-7f9e7f919000 ---p 00000000 00:00 0 
7f9e7f919000-7f9e7fa16000 rw-p 00000000 00:00 0 
7f9e7fa16000-7f9e7fa1a000 ---p 00000000 00:00 0 
7f9e7fa1a000-7f9e7fb17000 rw-p 00000000 00:00 0 
7f9e7fb17000-7f9e7fb1b000 ---p 00000000 00:00 0 
7f9e7fb1b000-7f9e7fc18000 rw-p 00000000 00:00 0 
7f9e7fc18000-7f9e7fc1c000 ---p 00000000 00:00 0 
7f9e7fc1c000-7f9e7fd19000 rw-p 00000000 00:00 0 
7f9e7fd19000-7f9e80000000 r--p 00000000 103:02 3168159                   /usr/lib/locale/locale-archive
7f9e80000000-7f9e80021000 rw-p 00000000 00:00 0 
7f9e80021000-7f9e84000000 ---p 00000000 00:00 0 
7f9e84000000-7f9e84021000 rw-p 00000000 00:00 0 
7f9e84021000-7f9e88000000 ---p 00000000 00:00 0 
7f9e88000000-7f9e88400000 rw-p 00000000 00:00 0 
7f9e88400000-7f9e88700000 rw-p 00000000 00:00 0 
7f9e88700000-7f9e88800000 rw-p 00000000 00:00 0 
7f9e88844000-7f9e88848000 r--p 00000000 103:02 3177344                   /usr/lib/x86_64-linux-gnu/libresolv-2.31.so
7f9e88848000-7f9e88856000 r-xp 00004000 103:02 3177344                   /usr/lib/x86_64-linux-gnu/libresolv-2.31.so
7f9e88856000-7f9e8885a000 r--p 00012000 103:02 3177344                   /usr/lib/x86_64-linux-gnu/libresolv-2.31.so
7f9e8885a000-7f9e8885b000 r--p 00015000 103:02 3177344                   /usr/lib/x86_64-linux-gnu/libresolv-2.31.so
7f9e8885b000-7f9e8885c000 rw-p 00016000 103:02 3177344                   /usr/lib/x86_64-linux-gnu/libresolv-2.31.so
7f9e8885c000-7f9e8885e000 rw-p 00000000 00:00 0 
7f9e8885e000-7f9e88861000 r--p 00000000 103:02 3177340                   /usr/lib/x86_64-linux-gnu/libnss_files-2.31.so
7f9e88861000-7f9e88868000 r-xp 00003000 103:02 3177340                   /usr/lib/x86_64-linux-gnu/libnss_files-2.31.so
7f9e88868000-7f9e8886a000 r--p 0000a000 103:02 3177340                   /usr/lib/x86_64-linux-gnu/libnss_files-2.31.so
7f9e8886a000-7f9e8886b000 r--p 0000b000 103:02 3177340                   /usr/lib/x86_64-linux-gnu/libnss_files-2.31.so
7f9e8886b000-7f9e8886c000 rw-p 0000c000 103:02 3177340                   /usr/lib/x86_64-linux-gnu/libnss_files-2.31.so
7f9e8886c000-7f9e88872000 rw-p 00000000 00:00 0 
7f9e8888c000-7f9e8888d000 r--p 00000000 103:02 3191048                   /usr/lib/jvm/java-17-openjdk-amd64/lib/libextnet.so
7f9e8888d000-7f9e8888e000 r-xp 00001000 103:02 3191048                   /usr/lib/jvm/java-17-openjdk-amd64/lib/libextnet.so
7f9e8888e000-7f9e8888f000 r--p 00002000 103:02 3191048                   /usr/lib/jvm/java-17-openjdk-amd64/lib/libextnet.so
7f9e8888f000-7f9e88890000 r--p 00002000 103:02 3191048                   /usr/lib/jvm/java-17-openjdk-amd64/lib/libextnet.so
7f9e88890000-7f9e88891000 rw-p 00003000 103:02 3191048                   /usr/lib/jvm/java-17-openjdk-amd64/lib/libextnet.so
7f9e88891000-7f9e88895000 ---p 00000000 00:00 0 
7f9e88895000-7f9e888b3000 rw-p 00000000 00:00 0 
7f9e888b3000-7f9e888d8000 r--p 00000000 103:02 3152389                   /usr/share/locale/fr/LC_MESSAGES/libc.mo
7f9e888d8000-7f9e888dc000 r--p 00000000 103:02 3192852                   /usr/lib/jvm/java-17-openjdk-amd64/lib/libverify.so
7f9e888dc000-7f9e888e3000 r-xp 00004000 103:02 3192852                   /usr/lib/jvm/java-17-openjdk-amd64/lib/libverify.so
7f9e888e3000-7f9e888e5000 r--p 0000b000 103:02 3192852                   /usr/lib/jvm/java-17-openjdk-amd64/lib/libverify.so
7f9e888e5000-7f9e888e7000 r--p 0000c000 103:02 3192852                   /usr/lib/jvm/java-17-openjdk-amd64/lib/libverify.so
7f9e888e7000-7f9e888e8000 rw-p 0000e000 103:02 3192852                   /usr/lib/jvm/java-17-openjdk-amd64/lib/libverify.so
7f9e888e8000-7f9e888ec000 ---p 00000000 00:00 0 
7f9e888ec000-7f9e889e9000 rw-p 00000000 00:00 0 
7f9e889e9000-7f9e889ed000 ---p 00000000 00:00 0 
7f9e889ed000-7f9e88aea000 rw-p 00000000 00:00 0 
7f9e88aea000-7f9e88aeb000 ---p 00000000 00:00 0 
7f9e88aeb000-7f9e8c000000 rw-p 00000000 00:00 0 
7f9e8c000000-7f9e8c021000 rw-p 00000000 00:00 0 
7f9e8c021000-7f9e90000000 ---p 00000000 00:00 0 
7f9e90001000-7f9e90002000 r--p 00000000 103:02 3177339                   /usr/lib/x86_64-linux-gnu/libnss_dns-2.31.so
7f9e90002000-7f9e90006000 r-xp 00001000 103:02 3177339                   /usr/lib/x86_64-linux-gnu/libnss_dns-2.31.so
7f9e90006000-7f9e90007000 r--p 00005000 103:02 3177339                   /usr/lib/x86_64-linux-gnu/libnss_dns-2.31.so
7f9e90007000-7f9e90008000 r--p 00005000 103:02 3177339                   /usr/lib/x86_64-linux-gnu/libnss_dns-2.31.so
7f9e90008000-7f9e90009000 rw-p 00006000 103:02 3177339                   /usr/lib/x86_64-linux-gnu/libnss_dns-2.31.so
7f9e90009000-7f9e9000a000 r--p 00000000 103:02 3162769                   /usr/lib/x86_64-linux-gnu/libnss_mdns4_minimal.so.2
7f9e9000a000-7f9e9000c000 r-xp 00001000 103:02 3162769                   /usr/lib/x86_64-linux-gnu/libnss_mdns4_minimal.so.2
7f9e9000c000-7f9e9000d000 r--p 00003000 103:02 3162769                   /usr/lib/x86_64-linux-gnu/libnss_mdns4_minimal.so.2
7f9e9000d000-7f9e9000e000 r--p 00003000 103:02 3162769                   /usr/lib/x86_64-linux-gnu/libnss_mdns4_minimal.so.2
7f9e9000e000-7f9e9000f000 rw-p 00004000 103:02 3162769                   /usr/lib/x86_64-linux-gnu/libnss_mdns4_minimal.so.2
7f9e9000f000-7f9e90013000 r--p 00000000 103:02 3191076                   /usr/lib/jvm/java-17-openjdk-amd64/lib/libnet.so
7f9e90013000-7f9e90021000 r-xp 00004000 103:02 3191076                   /usr/lib/jvm/java-17-openjdk-amd64/lib/libnet.so
7f9e90021000-7f9e90025000 r--p 00012000 103:02 3191076                   /usr/lib/jvm/java-17-openjdk-amd64/lib/libnet.so
7f9e90025000-7f9e90026000 r--p 00015000 103:02 3191076                   /usr/lib/jvm/java-17-openjdk-amd64/lib/libnet.so
7f9e90026000-7f9e90027000 rw-p 00016000 103:02 3191076                   /usr/lib/jvm/java-17-openjdk-amd64/lib/libnet.so
7f9e90027000-7f9e9002c000 r--p 00000000 103:02 3191070                   /usr/lib/jvm/java-17-openjdk-amd64/lib/libjsvml.so
7f9e9002c000-7f9e9006d000 r-xp 00005000 103:02 3191070                   /usr/lib/jvm/java-17-openjdk-amd64/lib/libjsvml.so
7f9e9006d000-7f9e900f6000 r--p 00046000 103:02 3191070                   /usr/lib/jvm/java-17-openjdk-amd64/lib/libjsvml.so
7f9e900f6000-7f9e900f7000 r--p 000ce000 103:02 3191070                   /usr/lib/jvm/java-17-openjdk-amd64/lib/libjsvml.so
7f9e900f7000-7f9e900f8000 rw-p 000cf000 103:02 3191070                   /usr/lib/jvm/java-17-openjdk-amd64/lib/libjsvml.so
7f9e900f8000-7f9e91209000 rw-p 00000000 00:00 0 
7f9e91209000-7f9e921d9000 rwxp 00000000 00:00 0 
7f9e921d9000-7f9e98668000 ---p 00000000 00:00 0 
7f9e98668000-7f9e98998000 rwxp 00000000 00:00 0 
7f9e98998000-7f9e98da9000 ---p 00000000 00:00 0 
7f9e98da9000-7f9e99249000 rwxp 00000000 00:00 0 
7f9e99249000-7f9ea0209000 ---p 00000000 00:00 0 
7f9ea0209000-7f9ea8000000 r--s 00000000 103:02 3192854                   /usr/lib/jvm/java-17-openjdk-amd64/lib/modules
7f9ea8000000-7f9ea8673000 rw-p 00000000 00:00 0 
7f9ea8673000-7f9eac000000 ---p 00000000 00:00 0 
7f9eac001000-7f9eac008000 r--s 00000000 103:02 3194164                   /usr/lib/x86_64-linux-gnu/gconv/gconv-modules.cache
7f9eac008000-7f9eac00e000 r--p 00000000 103:02 3191077                   /usr/lib/jvm/java-17-openjdk-amd64/lib/libnio.so
7f9eac00e000-7f9eac016000 r-xp 00006000 103:02 3191077                   /usr/lib/jvm/java-17-openjdk-amd64/lib/libnio.so
7f9eac016000-7f9eac01a000 r--p 0000e000 103:02 3191077                   /usr/lib/jvm/java-17-openjdk-amd64/lib/libnio.so
7f9eac01a000-7f9eac01b000 ---p 00012000 103:02 3191077                   /usr/lib/jvm/java-17-openjdk-amd64/lib/libnio.so
7f9eac01b000-7f9eac01c000 r--p 00012000 103:02 3191077                   /usr/lib/jvm/java-17-openjdk-amd64/lib/libnio.so
7f9eac01c000-7f9eac01d000 rw-p 00013000 103:02 3191077                   /usr/lib/jvm/java-17-openjdk-amd64/lib/libnio.so
7f9eac01d000-7f9eac875000 rw-p 00000000 00:00 0 
7f9eac875000-7f9eac9a9000 ---p 00000000 00:00 0 
7f9eac9a9000-7f9eac9aa000 ---p 00000000 00:00 0 
7f9eac9aa000-7f9eacacd000 rw-p 00000000 00:00 0 
7f9eacacd000-7f9eacc00000 ---p 00000000 00:00 0 
7f9eacc00000-7f9eacc0c000 rw-p 00000000 00:00 0 
7f9eacc0c000-7f9eaccab000 ---p 00000000 00:00 0 
7f9eaccab000-7f9eaccb6000 rw-p 00000000 00:00 0 
7f9eaccb6000-7f9eacd95000 ---p 00000000 00:00 0 
7f9eacd95000-7f9eacdb5000 rw-p 00000000 00:00 0 
7f9eacdb5000-7f9eace7e000 ---p 00000000 00:00 0 
7f9eace7e000-7f9ead752000 r--s 00000000 103:02 788685                    /var/lib/sss/mc/passwd
7f9ead752000-7f9ead754000 r--p 00000000 103:02 3175991                   /usr/lib/x86_64-linux-gnu/libnss_sss.so.2
7f9ead754000-7f9ead75b000 r-xp 00002000 103:02 3175991                   /usr/lib/x86_64-linux-gnu/libnss_sss.so.2
7f9ead75b000-7f9ead75d000 r--p 00009000 103:02 3175991                   /usr/lib/x86_64-linux-gnu/libnss_sss.so.2
7f9ead75d000-7f9ead75e000 r--p 0000a000 103:02 3175991                   /usr/lib/x86_64-linux-gnu/libnss_sss.so.2
7f9ead75e000-7f9ead75f000 rw-p 0000b000 103:02 3175991                   /usr/lib/x86_64-linux-gnu/libnss_sss.so.2
7f9ead75f000-7f9ead761000 r--p 00000000 103:02 3177338                   /usr/lib/x86_64-linux-gnu/libnss_compat-2.31.so
7f9ead761000-7f9ead767000 r-xp 00002000 103:02 3177338                   /usr/lib/x86_64-linux-gnu/libnss_compat-2.31.so
7f9ead767000-7f9ead768000 r--p 00008000 103:02 3177338                   /usr/lib/x86_64-linux-gnu/libnss_compat-2.31.so
7f9ead768000-7f9ead769000 ---p 00009000 103:02 3177338                   /usr/lib/x86_64-linux-gnu/libnss_compat-2.31.so
7f9ead769000-7f9ead76a000 r--p 00009000 103:02 3177338                   /usr/lib/x86_64-linux-gnu/libnss_compat-2.31.so
7f9ead76a000-7f9ead76b000 rw-p 0000a000 103:02 3177338                   /usr/lib/x86_64-linux-gnu/libnss_compat-2.31.so
7f9ead76f000-7f9ead776000 rw-p 00000000 00:00 0 
7f9ead776000-7f9ead77e000 ---p 00000000 00:00 0 
7f9ead77e000-7f9ead780000 r--s 0000c000 103:02 3682863                   /usr/share/java/java-atk-wrapper.jar
7f9ead780000-7f9ead782000 r--p 00000000 103:02 3192853                   /usr/lib/jvm/java-17-openjdk-amd64/lib/libzip.so
7f9ead782000-7f9ead786000 r-xp 00002000 103:02 3192853                   /usr/lib/jvm/java-17-openjdk-amd64/lib/libzip.so
7f9ead786000-7f9ead788000 r--p 00006000 103:02 3192853                   /usr/lib/jvm/java-17-openjdk-amd64/lib/libzip.so
7f9ead788000-7f9ead789000 r--p 00007000 103:02 3192853                   /usr/lib/jvm/java-17-openjdk-amd64/lib/libzip.so
7f9ead789000-7f9ead78a000 rw-p 00008000 103:02 3192853                   /usr/lib/jvm/java-17-openjdk-amd64/lib/libzip.so
7f9ead78a000-7f9ead796000 r--p 00000000 103:02 3191062                   /usr/lib/jvm/java-17-openjdk-amd64/lib/libjava.so
7f9ead796000-7f9ead7a8000 r-xp 0000c000 103:02 3191062                   /usr/lib/jvm/java-17-openjdk-amd64/lib/libjava.so
7f9ead7a8000-7f9ead7ae000 r--p 0001e000 103:02 3191062                   /usr/lib/jvm/java-17-openjdk-amd64/lib/libjava.so
7f9ead7ae000-7f9ead7af000 ---p 00024000 103:02 3191062                   /usr/lib/jvm/java-17-openjdk-amd64/lib/libjava.so
7f9ead7af000-7f9ead7b0000 r--p 00024000 103:02 3191062                   /usr/lib/jvm/java-17-openjdk-amd64/lib/libjava.so
7f9ead7b0000-7f9ead7b1000 rw-p 00025000 103:02 3191062                   /usr/lib/jvm/java-17-openjdk-amd64/lib/libjava.so
7f9ead7b1000-7f9ead7b2000 rw-p 00000000 00:00 0 
7f9ead7b2000-7f9ead7b6000 ---p 00000000 00:00 0 
7f9ead7b6000-7f9ead8b3000 rw-p 00000000 00:00 0 
7f9ead8b3000-7f9ead8b6000 r--p 00000000 103:02 3147348                   /usr/lib/x86_64-linux-gnu/libgcc_s.so.1
7f9ead8b6000-7f9ead8c7000 r-xp 00003000 103:02 3147348                   /usr/lib/x86_64-linux-gnu/libgcc_s.so.1
7f9ead8c7000-7f9ead8cb000 r--p 00014000 103:02 3147348                   /usr/lib/x86_64-linux-gnu/libgcc_s.so.1
7f9ead8cb000-7f9ead8cc000 r--p 00017000 103:02 3147348                   /usr/lib/x86_64-linux-gnu/libgcc_s.so.1
7f9ead8cc000-7f9ead8cd000 rw-p 00018000 103:02 3147348                   /usr/lib/x86_64-linux-gnu/libgcc_s.so.1
7f9ead8cd000-7f9ead8da000 r--p 00000000 103:02 3168944                   /usr/lib/x86_64-linux-gnu/libm-2.31.so
7f9ead8da000-7f9ead974000 r-xp 0000d000 103:02 3168944                   /usr/lib/x86_64-linux-gnu/libm-2.31.so
7f9ead974000-7f9eada0f000 r--p 000a7000 103:02 3168944                   /usr/lib/x86_64-linux-gnu/libm-2.31.so
7f9eada0f000-7f9eada10000 r--p 00141000 103:02 3168944                   /usr/lib/x86_64-linux-gnu/libm-2.31.so
7f9eada10000-7f9eada11000 rw-p 00142000 103:02 3168944                   /usr/lib/x86_64-linux-gnu/libm-2.31.so
7f9eada11000-7f9eadaa7000 r--p 00000000 103:02 3148088                   /usr/lib/x86_64-linux-gnu/libstdc++.so.6.0.28
7f9eadaa7000-7f9eadb83000 r-xp 00096000 103:02 3148088                   /usr/lib/x86_64-linux-gnu/libstdc++.so.6.0.28
7f9eadb83000-7f9eadbcd000 r--p 00172000 103:02 3148088                   /usr/lib/x86_64-linux-gnu/libstdc++.so.6.0.28
7f9eadbcd000-7f9eadbd8000 r--p 001bb000 103:02 3148088                   /usr/lib/x86_64-linux-gnu/libstdc++.so.6.0.28
7f9eadbd8000-7f9eadbdb000 rw-p 001c6000 103:02 3148088                   /usr/lib/x86_64-linux-gnu/libstdc++.so.6.0.28
7f9eadbdb000-7f9eadbde000 rw-p 00000000 00:00 0 
7f9eadbde000-7f9eade2e000 r--p 00000000 103:02 3561119                   /usr/lib/jvm/java-17-openjdk-amd64/lib/server/libjvm.so
7f9eade2e000-7f9eaeb7b000 r-xp 00250000 103:02 3561119                   /usr/lib/jvm/java-17-openjdk-amd64/lib/server/libjvm.so
7f9eaeb7b000-7f9eaee04000 r--p 00f9d000 103:02 3561119                   /usr/lib/jvm/java-17-openjdk-amd64/lib/server/libjvm.so
7f9eaee04000-7f9eaee05000 ---p 01226000 103:02 3561119                   /usr/lib/jvm/java-17-openjdk-amd64/lib/server/libjvm.so
7f9eaee05000-7f9eaeebd000 r--p 01226000 103:02 3561119                   /usr/lib/jvm/java-17-openjdk-amd64/lib/server/libjvm.so
7f9eaeebd000-7f9eaeef2000 rw-p 012de000 103:02 3561119                   /usr/lib/jvm/java-17-openjdk-amd64/lib/server/libjvm.so
7f9eaeef2000-7f9eaef4d000 rw-p 00000000 00:00 0 
7f9eaef4d000-7f9eaef53000 r--p 00000000 103:02 3177343                   /usr/lib/x86_64-linux-gnu/libpthread-2.31.so
7f9eaef53000-7f9eaef63000 r-xp 00006000 103:02 3177343                   /usr/lib/x86_64-linux-gnu/libpthread-2.31.so
7f9eaef63000-7f9eaef69000 r--p 00016000 103:02 3177343                   /usr/lib/x86_64-linux-gnu/libpthread-2.31.so
7f9eaef69000-7f9eaef6a000 r--p 0001b000 103:02 3177343                   /usr/lib/x86_64-linux-gnu/libpthread-2.31.so
7f9eaef6a000-7f9eaef6b000 rw-p 0001c000 103:02 3177343                   /usr/lib/x86_64-linux-gnu/libpthread-2.31.so
7f9eaef6b000-7f9eaef6f000 rw-p 00000000 00:00 0 
7f9eaef6f000-7f9eaef70000 r--p 00000000 103:02 3168943                   /usr/lib/x86_64-linux-gnu/libdl-2.31.so
7f9eaef70000-7f9eaef72000 r-xp 00001000 103:02 3168943                   /usr/lib/x86_64-linux-gnu/libdl-2.31.so
7f9eaef72000-7f9eaef73000 r--p 00003000 103:02 3168943                   /usr/lib/x86_64-linux-gnu/libdl-2.31.so
7f9eaef73000-7f9eaef74000 r--p 00003000 103:02 3168943                   /usr/lib/x86_64-linux-gnu/libdl-2.31.so
7f9eaef74000-7f9eaef75000 rw-p 00004000 103:02 3168943                   /usr/lib/x86_64-linux-gnu/libdl-2.31.so
7f9eaef75000-7f9eaef78000 r--p 00000000 103:02 3147157                   /usr/lib/x86_64-linux-gnu/libz.so.1.2.11
7f9eaef78000-7f9eaef89000 r-xp 00003000 103:02 3147157                   /usr/lib/x86_64-linux-gnu/libz.so.1.2.11
7f9eaef89000-7f9eaef8f000 r--p 00014000 103:02 3147157                   /usr/lib/x86_64-linux-gnu/libz.so.1.2.11
7f9eaef8f000-7f9eaef90000 ---p 0001a000 103:02 3147157                   /usr/lib/x86_64-linux-gnu/libz.so.1.2.11
7f9eaef90000-7f9eaef91000 r--p 0001a000 103:02 3147157                   /usr/lib/x86_64-linux-gnu/libz.so.1.2.11
7f9eaef91000-7f9eaef92000 rw-p 0001b000 103:02 3147157                   /usr/lib/x86_64-linux-gnu/libz.so.1.2.11
7f9eaef92000-7f9eaefb4000 r--p 00000000 103:02 3168942                   /usr/lib/x86_64-linux-gnu/libc-2.31.so
7f9eaefb4000-7f9eaf10d000 r-xp 00022000 103:02 3168942                   /usr/lib/x86_64-linux-gnu/libc-2.31.so
7f9eaf10d000-7f9eaf15c000 r--p 0017b000 103:02 3168942                   /usr/lib/x86_64-linux-gnu/libc-2.31.so
7f9eaf15c000-7f9eaf160000 r--p 001c9000 103:02 3168942                   /usr/lib/x86_64-linux-gnu/libc-2.31.so
7f9eaf160000-7f9eaf162000 rw-p 001cd000 103:02 3168942                   /usr/lib/x86_64-linux-gnu/libc-2.31.so
7f9eaf162000-7f9eaf166000 rw-p 00000000 00:00 0 
7f9eaf166000-7f9eaf16e000 rw-s 00000000 103:02 1837504                   /tmp/hsperfdata_quentin.moutte.etu/85075
7f9eaf16e000-7f9eaf16f000 r--p 00000000 103:02 3191052                   /usr/lib/jvm/java-17-openjdk-amd64/lib/libinstrument.so
7f9eaf16f000-7f9eaf175000 r-xp 00001000 103:02 3191052                   /usr/lib/jvm/java-17-openjdk-amd64/lib/libinstrument.so
7f9eaf175000-7f9eaf178000 r--p 00007000 103:02 3191052                   /usr/lib/jvm/java-17-openjdk-amd64/lib/libinstrument.so
7f9eaf178000-7f9eaf179000 r--p 00009000 103:02 3191052                   /usr/lib/jvm/java-17-openjdk-amd64/lib/libinstrument.so
7f9eaf179000-7f9eaf17a000 rw-p 0000a000 103:02 3191052                   /usr/lib/jvm/java-17-openjdk-amd64/lib/libinstrument.so
7f9eaf17a000-7f9eaf17b000 ---p 00000000 00:00 0 
7f9eaf17b000-7f9eaf17c000 r--p 00000000 00:00 0 
7f9eaf17c000-7f9eaf17e000 r--p 00000000 103:02 3191066                   /usr/lib/jvm/java-17-openjdk-amd64/lib/libjimage.so
7f9eaf17e000-7f9eaf181000 r-xp 00002000 103:02 3191066                   /usr/lib/jvm/java-17-openjdk-amd64/lib/libjimage.so
7f9eaf181000-7f9eaf182000 r--p 00005000 103:02 3191066                   /usr/lib/jvm/java-17-openjdk-amd64/lib/libjimage.so
7f9eaf182000-7f9eaf183000 ---p 00006000 103:02 3191066                   /usr/lib/jvm/java-17-openjdk-amd64/lib/libjimage.so
7f9eaf183000-7f9eaf184000 r--p 00006000 103:02 3191066                   /usr/lib/jvm/java-17-openjdk-amd64/lib/libjimage.so
7f9eaf184000-7f9eaf185000 rw-p 00007000 103:02 3191066                   /usr/lib/jvm/java-17-openjdk-amd64/lib/libjimage.so
7f9eaf185000-7f9eaf187000 r--p 00000000 103:02 3191067                   /usr/lib/jvm/java-17-openjdk-amd64/lib/libjli.so
7f9eaf187000-7f9eaf191000 r-xp 00002000 103:02 3191067                   /usr/lib/jvm/java-17-openjdk-amd64/lib/libjli.so
7f9eaf191000-7f9eaf194000 r--p 0000c000 103:02 3191067                   /usr/lib/jvm/java-17-openjdk-amd64/lib/libjli.so
7f9eaf194000-7f9eaf195000 ---p 0000f000 103:02 3191067                   /usr/lib/jvm/java-17-openjdk-amd64/lib/libjli.so
7f9eaf195000-7f9eaf196000 r--p 0000f000 103:02 3191067                   /usr/lib/jvm/java-17-openjdk-amd64/lib/libjli.so
7f9eaf196000-7f9eaf197000 rw-p 00010000 103:02 3191067                   /usr/lib/jvm/java-17-openjdk-amd64/lib/libjli.so
7f9eaf197000-7f9eaf199000 rw-p 00000000 00:00 0 
7f9eaf199000-7f9eaf19a000 r--p 00000000 103:02 3168849                   /usr/lib/x86_64-linux-gnu/ld-2.31.so
7f9eaf19a000-7f9eaf1ba000 r-xp 00001000 103:02 3168849                   /usr/lib/x86_64-linux-gnu/ld-2.31.so
7f9eaf1ba000-7f9eaf1c2000 r--p 00021000 103:02 3168849                   /usr/lib/x86_64-linux-gnu/ld-2.31.so
7f9eaf1c2000-7f9eaf1c3000 ---p 00000000 00:00 0 
7f9eaf1c3000-7f9eaf1c4000 r--p 00029000 103:02 3168849                   /usr/lib/x86_64-linux-gnu/ld-2.31.so
7f9eaf1c4000-7f9eaf1c5000 rw-p 0002a000 103:02 3168849                   /usr/lib/x86_64-linux-gnu/ld-2.31.so
7f9eaf1c5000-7f9eaf1c6000 rw-p 00000000 00:00 0 
7fff07df9000-7fff07e1a000 rw-p 00000000 00:00 0                          [stack]
7fff07e5e000-7fff07e62000 r--p 00000000 00:00 0                          [vvar]
7fff07e62000-7fff07e64000 r-xp 00000000 00:00 0                          [vdso]


VM Arguments:
jvm_args: --add-modules=ALL-SYSTEM --add-opens=java.base/java.util=ALL-UNNAMED --add-opens=java.base/java.lang=ALL-UNNAMED --add-opens=java.base/sun.nio.fs=ALL-UNNAMED -Declipse.application=org.eclipse.jdt.ls.core.id1 -Dosgi.bundles.defaultStartLevel=4 -Declipse.product=org.eclipse.jdt.ls.core.product -Djava.import.generatesMetadataFilesAtProjectRoot=false -Dfile.encoding=utf8 -XX:+UseParallelGC -XX:GCTimeRatio=4 -XX:AdaptiveSizePolicyWeight=90 -Dsun.zip.disableMemoryMapping=true -Xmx1G -Xms100m -Xlog:disable -javaagent:/home/infoetu/quentin.moutte.etu/.vscode-oss/extensions/redhat.java-1.18.0-universal/lombok/lombok-1.18.27.jar -XX:+HeapDumpOnOutOfMemoryError -XX:HeapDumpPath=/home/infoetu/quentin.moutte.etu/.config/VSCodium/User/workspaceStorage/bba4e4735a77dc069042abacbee27294/redhat.java -Daether.dependencyCollector.impl=bf 
java_command: /home/infoetu/quentin.moutte.etu/.vscode-oss/extensions/redhat.java-1.18.0-universal/server/plugins/org.eclipse.equinox.launcher_1.6.400.v20210924-0641.jar -configuration /home/infoetu/quentin.moutte.etu/.config/VSCodium/User/globalStorage/redhat.java/1.18.0/config_linux -data /home/infoetu/quentin.moutte.etu/.config/VSCodium/User/workspaceStorage/bba4e4735a77dc069042abacbee27294/redhat.java/jdt_ws
java_class_path (initial): /home/infoetu/quentin.moutte.etu/.vscode-oss/extensions/redhat.java-1.18.0-universal/server/plugins/org.eclipse.equinox.launcher_1.6.400.v20210924-0641.jar
Launcher Type: SUN_STANDARD

[Global flags]
    uintx AdaptiveSizePolicyWeight                 = 90                                        {product} {command line}
     intx CICompilerCount                          = 12                                        {product} {ergonomic}
    uintx GCTimeRatio                              = 4                                         {product} {command line}
     bool HeapDumpOnOutOfMemoryError               = true                                   {manageable} {command line}
    ccstr HeapDumpPath                             = /home/infoetu/quentin.moutte.etu/.config/VSCodium/User/workspaceStorage/bba4e4735a77dc069042abacbee27294/redhat.java         {manageable} {command line}
   size_t InitialHeapSize                          = 104857600                                 {product} {command line}
   size_t MaxHeapSize                              = 1073741824                                {product} {command line}
   size_t MaxNewSize                               = 357564416                                 {product} {ergonomic}
   size_t MinHeapDeltaBytes                        = 524288                                    {product} {ergonomic}
   size_t MinHeapSize                              = 104857600                                 {product} {command line}
   size_t NewSize                                  = 34603008                                  {product} {ergonomic}
    uintx NonNMethodCodeHeapSize                   = 7602480                                {pd product} {ergonomic}
    uintx NonProfiledCodeHeapSize                  = 122027880                              {pd product} {ergonomic}
   size_t OldSize                                  = 70254592                                  {product} {ergonomic}
    uintx ProfiledCodeHeapSize                     = 122027880                              {pd product} {ergonomic}
    uintx ReservedCodeCacheSize                    = 251658240                              {pd product} {ergonomic}
     bool SegmentedCodeCache                       = true                                      {product} {ergonomic}
   size_t SoftMaxHeapSize                          = 1073741824                             {manageable} {ergonomic}
     bool UseCompressedClassPointers               = true                           {product lp64_product} {ergonomic}
     bool UseCompressedOops                        = true                           {product lp64_product} {ergonomic}
     bool UseParallelGC                            = true                                      {product} {command line}

Logging:
Log output configuration:
 #0: stdout all=off uptime,level,tags
 #1: stderr all=off uptime,level,tags

Environment Variables:
PATH=/usr/local/bin:/usr/bin:/bin:/usr/local/games:/usr/games
SHELL=/bin/bash
DISPLAY=:0
LANG=fr_FR.UTF-8

Signal Handlers:
   SIGSEGV: 0x00007f9eaeafb290 in libjvm.so+15848080, mask=11100100010111111101111111111110, flags=SA_RESTART|SA_SIGINFO
    SIGBUS: 0x00007f9eaeafb290 in libjvm.so+15848080, mask=11100100010111111101111111111110, flags=SA_RESTART|SA_SIGINFO
    SIGFPE: 0x00007f9eaeafb290 in libjvm.so+15848080, mask=11100100010111111101111111111110, flags=SA_RESTART|SA_SIGINFO
   SIGPIPE: 0x00007f9eae9a2ca0 in libjvm.so+14437536, mask=11100100010111111101111111111110, flags=SA_RESTART|SA_SIGINFO
   SIGXFSZ: 0x00007f9eae9a2ca0 in libjvm.so+14437536, mask=11100100010111111101111111111110, flags=SA_RESTART|SA_SIGINFO
    SIGILL: 0x00007f9eaeafb290 in libjvm.so+15848080, mask=11100100010111111101111111111110, flags=SA_RESTART|SA_SIGINFO
   SIGUSR2: 0x00007f9eae9a2340 in libjvm.so+14435136, mask=00000000000000000000000000000000, flags=SA_RESTART|SA_SIGINFO
    SIGHUP: 0x00007f9eae9a2270 in libjvm.so+14434928, mask=11100100010111111101111111111110, flags=SA_RESTART|SA_SIGINFO
    SIGINT: 0x00007f9eae9a2270 in libjvm.so+14434928, mask=11100100010111111101111111111110, flags=SA_RESTART|SA_SIGINFO
   SIGTERM: 0x00007f9eae9a2270 in libjvm.so+14434928, mask=11100100010111111101111111111110, flags=SA_RESTART|SA_SIGINFO
   SIGQUIT: 0x00007f9eae9a2270 in libjvm.so+14434928, mask=11100100010111111101111111111110, flags=SA_RESTART|SA_SIGINFO
   SIGTRAP: 0x00007f9eaeafb290 in libjvm.so+15848080, mask=11100100010111111101111111111110, flags=SA_RESTART|SA_SIGINFO


---------------  S Y S T E M  ---------------

OS:
PRETTY_NAME="Debian GNU/Linux 11 (bullseye)"
NAME="Debian GNU/Linux"
VERSION_ID="11"
VERSION="11 (bullseye)"
VERSION_CODENAME=bullseye
ID=debian
HOME_URL="https://www.debian.org/"
SUPPORT_URL="https://www.debian.org/support"
BUG_REPORT_URL="https://bugs.debian.org/"
uname: Linux 5.10.0-17-amd64 #1 SMP Debian 5.10.136-1 (2022-08-13) x86_64
OS uptime: 6 days 5:07 hours
libc: glibc 2.31 NPTL 2.31 
rlimit (soft/hard): STACK 8192k/infinity , CORE 0k/infinity , NPROC 4096/4096 , NOFILE 1048576/1048576 , AS infinity/infinity , CPU infinity/infinity , DATA infinity/infinity , FSIZE infinity/infinity , MEMLOCK 4081737k/4081737k
load average: 3,67 1,41 0,78

/proc/meminfo:
MemTotal:       32653900 kB
MemFree:        26118428 kB
MemAvailable:   29679652 kB
Buffers:          565744 kB
Cached:          3656384 kB
SwapCached:            0 kB
Active:          1980260 kB
Inactive:        3561696 kB
Active(anon):       1580 kB
Inactive(anon):  1807784 kB
Active(file):    1978680 kB
Inactive(file):  1753912 kB
Unevictable:      420000 kB
Mlocked:              64 kB
SwapTotal:      15999996 kB
SwapFree:       15999996 kB
Dirty:               408 kB
Writeback:           276 kB
AnonPages:       1721440 kB
Mapped:           655804 kB
Shmem:            489532 kB
KReclaimable:     292352 kB
Slab:             421660 kB
SReclaimable:     292352 kB
SUnreclaim:       129308 kB
KernelStack:       16160 kB
PageTables:        25996 kB
NFS_Unstable:          0 kB
Bounce:                0 kB
WritebackTmp:          0 kB
CommitLimit:    32326944 kB
Committed_AS:    6438472 kB
VmallocTotal:   34359738367 kB
VmallocUsed:       43452 kB
VmallocChunk:          0 kB
Percpu:            23104 kB
HardwareCorrupted:     0 kB
AnonHugePages:    266240 kB
ShmemHugePages:        0 kB
ShmemPmdMapped:        0 kB
FileHugePages:         0 kB
FilePmdMapped:         0 kB
HugePages_Total:       0
HugePages_Free:        0
HugePages_Rsvd:        0
HugePages_Surp:        0
Hugepagesize:       2048 kB
Hugetlb:               0 kB
DirectMap4k:      356968 kB
DirectMap2M:    14094336 kB
DirectMap1G:    18874368 kB

/sys/kernel/mm/transparent_hugepage/enabled: [always] madvise never
/sys/kernel/mm/transparent_hugepage/defrag (defrag/compaction efforts parameter): always defer defer+madvise [madvise] never

Process Memory:
Virtual Size: 6989868K (peak: 6989868K)
Resident Set Size: 357632K (peak: 357632K) (anon: 322860K, file: 34772K, shmem: 0K)
Swapped out: 0K
C-Heap outstanding allocations: 163043K, retained: 49240K
glibc malloc tunables: (default)

/proc/sys/kernel/threads-max (system-wide limit on the number of threads): 254542
/proc/sys/vm/max_map_count (maximum number of memory map areas a process may have): 65530
/proc/sys/kernel/pid_max (system-wide limit on number of process identifiers): 4194304

container (cgroup) information:
container_type: cgroupv2
cpu_cpuset_cpus: not supported
cpu_memory_nodes: not supported
active_processor_count: 16
cpu_quota: not supported
cpu_period: not supported
cpu_shares: not supported
memory_limit_in_bytes: unlimited
memory_and_swap_limit_in_bytes: unlimited
memory_soft_limit_in_bytes: unlimited
memory_usage_in_bytes: 2434412 k
memory_max_usage_in_bytes: not supported
memory_swap_current_in_bytes: unlimited
memory_swap_max_limit_in_bytes: unlimited
maximum number of tasks: unlimited
current number of tasks: 538

Steal ticks since vm start: 0
Steal ticks percentage since vm start:  0,000

CPU: total 16 (initial active 16) (8 cores per cpu, 2 threads per core) family 6 model 165 stepping 5 microcode 0xf0, cx8, cmov, fxsr, ht, mmx, 3dnowpref, sse, sse2, sse3, ssse3, sse4.1, sse4.2, popcnt, lzcnt, tsc, tscinvbit, avx, avx2, aes, erms, clmul, bmi1, bmi2, adx, fma, vzeroupper, clflush, clflushopt
CPU Model and flags from /proc/cpuinfo:
model name	: Intel(R) Core(TM) i7-10700 CPU @ 2.90GHz
flags		: fpu vme de pse tsc msr pae mce cx8 apic sep mtrr pge mca cmov pat pse36 clflush dts acpi mmx fxsr sse sse2 ss ht tm pbe syscall nx pdpe1gb rdtscp lm constant_tsc art arch_perfmon pebs bts rep_good nopl xtopology nonstop_tsc cpuid aperfmperf pni pclmulqdq dtes64 monitor ds_cpl vmx smx est tm2 ssse3 sdbg fma cx16 xtpr pdcm pcid sse4_1 sse4_2 x2apic movbe popcnt tsc_deadline_timer aes xsave avx f16c rdrand lahf_lm abm 3dnowprefetch cpuid_fault epb invpcid_single ssbd ibrs ibpb stibp ibrs_enhanced tpr_shadow vnmi flexpriority ept vpid ept_ad fsgsbase tsc_adjust bmi1 avx2 smep bmi2 erms invpcid mpx rdseed adx smap clflushopt intel_pt xsaveopt xsavec xgetbv1 xsaves dtherm ida arat pln pts hwp hwp_notify hwp_act_window hwp_epp pku ospke md_clear flush_l1d arch_capabilities

Online cpus: 0-15
Offline cpus: 
BIOS frequency limitation: <Not Available>
Frequency switch latency (ns): 0
Available cpu frequencies: <Not Available>
Current governor: powersave
Core performance/turbo boost: <Not Available>

Memory: 4k page, physical 32653900k(26118168k free), swap 15999996k(15999996k free)
Page Sizes: 4k

vm_info: OpenJDK 64-Bit Server VM (17.0.6+10-Debian-1deb11u1) for linux-amd64 JRE (17.0.6+10-Debian-1deb11u1), built on Jan 28 2023 20:09:51 by "buildd" with gcc 10.2.1 20210110

END.
