#
# A fatal error has been detected by the Java Runtime Environment:
#
#  SIGSEGV (0xb) at pc=0x00007f62dc684ce3, pid=88978, tid=89027
#
# JRE version: OpenJDK Runtime Environment (17.0.6+10) (build 17.0.6+10-Debian-1deb11u1)
# Java VM: OpenJDK 64-Bit Server VM (17.0.6+10-Debian-1deb11u1, mixed mode, sharing, tiered, compressed oops, compressed class ptrs, parallel gc, linux-amd64)
# Problematic frame:
# j  org.eclipse.core.internal.preferences.EclipsePreferences.internalNode(Ljava/lang/String;ZLjava/lang/Object;)Lorg/eclipse/core/runtime/preferences/IEclipsePreferences;+76
#
# No core dump will be written. Core dumps have been disabled. To enable core dumping, try "ulimit -c unlimited" before starting Java again
#
# If you would like to submit a bug report, please visit:
#   https://bugs.debian.org/openjdk-17
#

---------------  S U M M A R Y ------------

Command Line: --add-modules=ALL-SYSTEM --add-opens=java.base/java.util=ALL-UNNAMED --add-opens=java.base/java.lang=ALL-UNNAMED --add-opens=java.base/sun.nio.fs=ALL-UNNAMED -Declipse.application=org.eclipse.jdt.ls.core.id1 -Dosgi.bundles.defaultStartLevel=4 -Declipse.product=org.eclipse.jdt.ls.core.product -Djava.import.generatesMetadataFilesAtProjectRoot=false -Dfile.encoding=utf8 -XX:+UseParallelGC -XX:GCTimeRatio=4 -XX:AdaptiveSizePolicyWeight=90 -Dsun.zip.disableMemoryMapping=true -Xmx1G -Xms100m -Xlog:disable -javaagent:/home/infoetu/quentin.moutte.etu/.vscode-oss/extensions/redhat.java-1.18.0-universal/lombok/lombok-1.18.27.jar /home/infoetu/quentin.moutte.etu/.vscode-oss/extensions/redhat.java-1.18.0-universal/server/plugins/org.eclipse.equinox.launcher_1.6.400.v20210924-0641.jar -configuration /home/infoetu/quentin.moutte.etu/.config/VSCodium/User/globalStorage/redhat.java/1.18.0/config_ss_linux -data /home/infoetu/quentin.moutte.etu/.config/VSCodium/User/workspaceStorage/bba4e4735a77dc069042abacbee27294/redhat.java/ss_ws

Host: Intel(R) Core(TM) i7-10700 CPU @ 2.90GHz, 16 cores, 31G, Debian GNU/Linux 11 (bullseye)
Time: Wed May 31 16:03:44 2023 CEST elapsed time: 0.769130 seconds (0d 0h 0m 0s)

---------------  T H R E A D  ---------------

Current thread (0x00007f62ec537510):  JavaThread "Start Level: Equinox Container: ddd8dbce-61ab-40c1-9f46-7275598ef093" daemon [_thread_in_Java, id=89027, stack(0x00007f626fdfe000,0x00007f626feff000)]

Stack: [0x00007f626fdfe000,0x00007f626feff000],  sp=0x00007f626fef7b00,  free space=998k
Native frames: (J=compiled Java code, j=interpreted, Vv=VM code, C=native code)
j  org.eclipse.core.internal.preferences.EclipsePreferences.internalNode(Ljava/lang/String;ZLjava/lang/Object;)Lorg/eclipse/core/runtime/preferences/IEclipsePreferences;+76
j  org.eclipse.core.internal.preferences.EclipsePreferences.node(Ljava/lang/String;)Lorg/osgi/service/prefs/Preferences;+4
j  org.eclipse.core.internal.preferences.AbstractScope.getNode(Ljava/lang/String;)Lorg/eclipse/core/runtime/preferences/IEclipsePreferences;+28
j  org.eclipse.core.runtime.preferences.DefaultScope.getNode(Ljava/lang/String;)Lorg/eclipse/core/runtime/preferences/IEclipsePreferences;+2
j  org.eclipse.core.internal.resources.PreferenceInitializer.initializeDefaultPreferences()V+5
j  org.eclipse.core.internal.preferences.PreferenceServiceRegistryHelper$1.run()V+4
j  org.eclipse.core.runtime.SafeRunner.run(Lorg/eclipse/core/runtime/ISafeRunnable;)V+5
j  org.eclipse.core.internal.preferences.PreferenceServiceRegistryHelper.runInitializer(Lorg/eclipse/core/runtime/IConfigurationElement;)V+23
j  org.eclipse.core.internal.preferences.PreferenceServiceRegistryHelper.applyRuntimeDefaults(Ljava/lang/String;Ljava/lang/ref/WeakReference;)Ljava/lang/ref/WeakReference;+193
j  org.eclipse.core.internal.preferences.PreferencesService.applyRuntimeDefaults(Ljava/lang/String;Ljava/lang/ref/WeakReference;)Ljava/lang/ref/WeakReference;+18
j  org.eclipse.core.internal.preferences.DefaultPreferences.applyRuntimeDefaults()V+11
j  org.eclipse.core.internal.preferences.DefaultPreferences.load()V+5
j  org.eclipse.core.internal.preferences.EclipsePreferences.create(Lorg/eclipse/core/internal/preferences/EclipsePreferences;Ljava/lang/String;Ljava/lang/Object;)Lorg/eclipse/core/runtime/preferences/IEclipsePreferences;+70
j  org.eclipse.core.internal.preferences.EclipsePreferences.internalNode(Ljava/lang/String;ZLjava/lang/Object;)Lorg/eclipse/core/runtime/preferences/IEclipsePreferences;+91
j  org.eclipse.core.internal.preferences.EclipsePreferences.node(Ljava/lang/String;)Lorg/osgi/service/prefs/Preferences;+4
j  org.eclipse.core.internal.preferences.AbstractScope.getNode(Ljava/lang/String;)Lorg/eclipse/core/runtime/preferences/IEclipsePreferences;+28
j  org.eclipse.core.runtime.preferences.DefaultScope.getNode(Ljava/lang/String;)Lorg/eclipse/core/runtime/preferences/IEclipsePreferences;+2
j  org.eclipse.core.internal.resources.WorkspaceDescription.<init>(Ljava/lang/String;)V+10
j  org.eclipse.core.internal.resources.WorkspacePreferences.<init>()V+3
j  org.eclipse.core.internal.resources.Workspace.open(Lorg/eclipse/core/runtime/IProgressMonitor;)Lorg/eclipse/core/runtime/IStatus;+85
j  org.eclipse.core.resources.ResourcesPlugin$WorkspaceInitCustomizer.addingService(Lorg/osgi/framework/ServiceReference;)Lorg/eclipse/core/internal/resources/Workspace;+45
j  org.eclipse.core.resources.ResourcesPlugin$WorkspaceInitCustomizer.addingService(Lorg/osgi/framework/ServiceReference;)Ljava/lang/Object;+5
j  org.osgi.util.tracker.ServiceTracker$Tracked.customizerAdding(Lorg/osgi/framework/ServiceReference;Lorg/osgi/framework/ServiceEvent;)Ljava/lang/Object;+8
j  org.osgi.util.tracker.ServiceTracker$Tracked.customizerAdding(Ljava/lang/Object;Ljava/lang/Object;)Ljava/lang/Object;+9
j  org.osgi.util.tracker.AbstractTracked.trackAdding(Ljava/lang/Object;Ljava/lang/Object;)V+8
j  org.osgi.util.tracker.AbstractTracked.trackInitial()V+90
j  org.osgi.util.tracker.ServiceTracker.open(Z)V+198
j  org.osgi.util.tracker.ServiceTracker.open()V+2
j  org.eclipse.core.resources.ResourcesPlugin.start(Lorg/osgi/framework/BundleContext;)V+106
j  org.eclipse.osgi.internal.framework.BundleContextImpl$2.run()Ljava/lang/Void;+23
j  org.eclipse.osgi.internal.framework.BundleContextImpl$2.run()Ljava/lang/Object;+1
j  java.security.AccessController.executePrivileged(Ljava/security/PrivilegedExceptionAction;Ljava/security/AccessControlContext;Ljava/lang/Class;)Ljava/lang/Object;+29 java.base@17.0.6
j  java.security.AccessController.doPrivileged(Ljava/security/PrivilegedExceptionAction;)Ljava/lang/Object;+9 java.base@17.0.6
j  org.eclipse.osgi.internal.framework.BundleContextImpl.startActivator(Lorg/osgi/framework/BundleActivator;)V+9
j  org.eclipse.osgi.internal.framework.BundleContextImpl.start()V+134
j  org.eclipse.osgi.internal.framework.EquinoxBundle.startWorker0()V+35
j  org.eclipse.osgi.internal.framework.EquinoxBundle$EquinoxModule.startWorker()V+4
j  org.eclipse.osgi.container.Module.doStart([Lorg/eclipse/osgi/container/Module$StartOptions;)Lorg/eclipse/osgi/container/ModuleContainerAdaptor$ModuleEvent;+190
j  org.eclipse.osgi.container.Module.start([Lorg/eclipse/osgi/container/Module$StartOptions;)V+460
j  org.eclipse.osgi.framework.util.SecureAction.start(Lorg/eclipse/osgi/container/Module;[Lorg/eclipse/osgi/container/Module$StartOptions;)V+8
J 1746 c1 org.eclipse.osgi.internal.hooks.EclipseLazyStarter.postFindLocalClass(Ljava/lang/String;Ljava/lang/Class;Lorg/eclipse/osgi/internal/loader/classpath/ClasspathManager;)V (394 bytes) @ 0x00007f62d5532104 [0x00007f62d5531100+0x0000000000001004]
J 1744 c1 org.eclipse.osgi.internal.loader.classpath.ClasspathManager.findLocalClass(Ljava/lang/String;)Ljava/lang/Class; (210 bytes) @ 0x00007f62d552b394 [0x00007f62d552a340+0x0000000000001054]
J 1742 c1 org.eclipse.osgi.internal.loader.BundleLoader.findLocalClass(Ljava/lang/String;)Ljava/lang/Class; (152 bytes) @ 0x00007f62d552d3e4 [0x00007f62d552cba0+0x0000000000000844]
J 1673 c1 org.eclipse.osgi.internal.loader.BundleLoader.findClass0(Ljava/lang/String;ZZ)Ljava/lang/Class; (466 bytes) @ 0x00007f62d5504e44 [0x00007f62d5502720+0x0000000000002724]
J 1672 c1 org.eclipse.osgi.internal.loader.BundleLoader.findClass(Ljava/lang/String;)Ljava/lang/Class; (8 bytes) @ 0x00007f62d5500244 [0x00007f62d55001c0+0x0000000000000084]
J 1674 c1 org.eclipse.osgi.internal.loader.ModuleClassLoader.loadClass(Ljava/lang/String;Z)Ljava/lang/Class; (36 bytes) @ 0x00007f62d5500c44 [0x00007f62d5500a20+0x0000000000000224]
J 803 c1 java.lang.ClassLoader.loadClass(Ljava/lang/String;)Ljava/lang/Class; java.base@17.0.6 (7 bytes) @ 0x00007f62d534b6c4 [0x00007f62d534b5c0+0x0000000000000104]
v  ~StubRoutines::call_stub
V  [libjvm.so+0x81ce95]
V  [libjvm.so+0x81e663]
V  [libjvm.so+0xe55ed2]
V  [libjvm.so+0xe545e8]
V  [libjvm.so+0xe5518b]
V  [libjvm.so+0xe567d6]
V  [libjvm.so+0xef3364]
V  [libjvm.so+0xef3ac8]
V  [libjvm.so+0xefe9db]
V  [libjvm.so+0xf02ab6]
V  [libjvm.so+0xf06bc0]
V  [libjvm.so+0xf06f8f]
V  [libjvm.so+0x7fb869]
V  [libjvm.so+0x8f520c]
V  [libjvm.so+0x8f56ed]  JVM_GetClassDeclaredConstructors+0x9d
j  java.lang.Class.getDeclaredConstructors0(Z)[Ljava/lang/reflect/Constructor;+0 java.base@17.0.6
j  java.lang.Class.privateGetDeclaredConstructors(Z)[Ljava/lang/reflect/Constructor;+52 java.base@17.0.6
j  java.lang.Class.getConstructor0([Ljava/lang/Class;I)Ljava/lang/reflect/Constructor;+14 java.base@17.0.6
j  java.lang.Class.getConstructor([Ljava/lang/Class;)Ljava/lang/reflect/Constructor;+24 java.base@17.0.6
j  org.eclipse.osgi.internal.framework.BundleContextImpl.loadBundleActivator()Lorg/osgi/framework/BundleActivator;+105
j  org.eclipse.osgi.internal.framework.BundleContextImpl.start()V+18
j  org.eclipse.osgi.internal.framework.EquinoxBundle.startWorker0()V+35
j  org.eclipse.osgi.internal.framework.EquinoxBundle$EquinoxModule.startWorker()V+4
j  org.eclipse.osgi.container.Module.doStart([Lorg/eclipse/osgi/container/Module$StartOptions;)Lorg/eclipse/osgi/container/ModuleContainerAdaptor$ModuleEvent;+190
j  org.eclipse.osgi.container.Module.start([Lorg/eclipse/osgi/container/Module$StartOptions;)V+460
j  org.eclipse.osgi.container.ModuleContainer$ContainerStartLevel$2.run()V+71
j  org.eclipse.osgi.internal.framework.EquinoxContainerAdaptor$1$1.execute(Ljava/lang/Runnable;)V+1
j  org.eclipse.osgi.container.ModuleContainer$ContainerStartLevel.incStartLevel(ILjava/util/List;Z)V+192
j  org.eclipse.osgi.container.ModuleContainer$ContainerStartLevel.incStartLevel(ILjava/util/List;Ljava/util/List;Ljava/util/List;Ljava/util/List;)V+19
j  org.eclipse.osgi.container.ModuleContainer$ContainerStartLevel.doContainerStartLevel(Lorg/eclipse/osgi/container/Module;I[Lorg/osgi/framework/FrameworkListener;)V+349
j  org.eclipse.osgi.container.ModuleContainer$ContainerStartLevel.dispatchEvent(Lorg/eclipse/osgi/container/Module;[Lorg/osgi/framework/FrameworkListener;ILjava/lang/Integer;)V+32
j  org.eclipse.osgi.container.ModuleContainer$ContainerStartLevel.dispatchEvent(Ljava/lang/Object;Ljava/lang/Object;ILjava/lang/Object;)V+15
j  org.eclipse.osgi.framework.eventmgr.EventManager.dispatchEvent(Ljava/util/Set;Lorg/eclipse/osgi/framework/eventmgr/EventDispatcher;ILjava/lang/Object;)V+48
j  org.eclipse.osgi.framework.eventmgr.EventManager$EventThread.run()V+26
v  ~StubRoutines::call_stub
V  [libjvm.so+0x81ce95]
V  [libjvm.so+0x81e47b]
V  [libjvm.so+0x8e0410]
V  [libjvm.so+0xe9dc80]
V  [libjvm.so+0xea1140]
V  [libjvm.so+0xc04db1]


siginfo: si_signo: 11 (SIGSEGV), si_code: 1 (SEGV_MAPERR), si_addr: 0x00007f0060113b90

Register to memory mapping:

RAX=0x00007f0060113b90 is an unknown value
RBX=0x00000000000000e6 is an unknown value
RCX={method} {0x00007f626f1fe308} 'internalNode' '(Ljava/lang/String;ZLjava/lang/Object;)Lorg/eclipse/core/runtime/preferences/IEclipsePreferences;' in 'org/eclipse/core/internal/preferences/EclipsePreferences'
RDX=0x0000000000000007 is an unknown value
RSP=0x00007f626fef7b00 is pointing into the stack for thread: 0x00007f62ec537510
RBP=0x00007f626fef7b50 is pointing into the stack for thread: 0x00007f62ec537510
RSI=0x00007f626fef7a80 is pointing into the stack for thread: 0x00007f62ec537510
RDI=0x00000000eb72c200 points into unknown readable memory: 0x696c63652e67726f | 6f 72 67 2e 65 63 6c 69
R8 =0x00000000eb72c1d8 is an oop: java.lang.String 
{0x00000000eb72c1d8} - klass: 'java/lang/String'
 - string: "org.eclipse.core.resources"
R9 =0x00000000275ee439 is an unknown value
R10=0x00007f62f46308a0: <offset 0x000000000135e8a0> in /usr/lib/jvm/java-17-openjdk-amd64/lib/server/libjvm.so at 0x00007f62f32d2000
R11=0x00000000ebf0e520 is an oop: org.eclipse.core.internal.preferences.DefaultPreferences 
{0x00000000ebf0e520} - klass: 'org/eclipse/core/internal/preferences/DefaultPreferences'
 - ---- fields (total size 10 words):
 - protected 'dirty' 'Z' @12  false
 - protected 'loading' 'Z' @13  true
 - protected 'removed' 'Z' @14  false
 - private 'cachedPath' 'Ljava/lang/String;' @16  "/default/org.eclipse.core.resources"{0x00000000ebf0e648} (ebf0e648)
 - protected 'properties' 'Lorg/eclipse/core/internal/preferences/ImmutableMap;' @20  a 'org/eclipse/core/internal/preferences/ImmutableMap$EmptyMap'{0x00000000eb3d1008} (eb3d1008)
 - protected 'children' 'Ljava/util/Map;' @24  NULL (0)
 - private final 'childAndPropertyLock' 'Ljava/lang/Object;' @28  a 'java/lang/Object'{0x00000000ebf0e570} (ebf0e570)
 - protected final 'name' 'Ljava/lang/String;' @32  "org.eclipse.core.resources"{0x00000000eb72c1d8} (eb72c1d8)
 - protected final 'parent' 'Lorg/eclipse/core/internal/preferences/EclipsePreferences;' @36  a 'org/eclipse/core/internal/preferences/DefaultPreferences'{0x00000000ebf0e2b8} (ebf0e2b8)
 - private final 'nodeChangeListeners' 'Lorg/eclipse/core/runtime/ListenerList;' @40  a 'org/eclipse/core/runtime/ListenerList'{0x00000000ebf0e580} (ebf0e580)
 - private final 'preferenceChangeListeners' 'Lorg/eclipse/core/runtime/ListenerList;' @44  a 'org/eclipse/core/runtime/ListenerList'{0x00000000ebf0e598} (ebf0e598)
 - private 'descriptor' 'Lorg/eclipse/core/internal/preferences/ScopeDescriptor;' @48  NULL (0)
 - private final 'writeLock' 'Ljava/lang/Object;' @52  a 'java/lang/Object'{0x00000000ebf0e5b0} (ebf0e5b0)
 - private 'segmentCount' 'I' @56  2
 - private 'loadLevel' 'Lorg/eclipse/core/internal/preferences/EclipsePreferences;' @60  a 'org/eclipse/core/internal/preferences/DefaultPreferences'{0x00000000ebf0e520} (ebf0e520)
 - private 'initializingThread' 'Ljava/lang/Thread;' @64  a 'org/eclipse/osgi/framework/eventmgr/EventManager$EventThread'{0x00000000ec906550} (ec906550)
 - private 'qualifier' 'Ljava/lang/String;' @68  "org.eclipse.core.resources"{0x00000000ebf0e6f8} (ebf0e6f8)
 - private 'pluginReference' 'Ljava/lang/ref/WeakReference;' @72  a 'java/lang/ref/WeakReference'{0x00000000ebf0e740} (ebf0e740)
R12=0x0 is NULL
R13=0x00007f626f1fe27b is pointing into metadata
R14=0x00007f626fef7b98 is pointing into the stack for thread: 0x00007f62ec537510
R15=0x00007f62ec537510 is a thread


Registers:
RAX=0x00007f0060113b90, RBX=0x00000000000000e6, RCX=0x00007f626f1fe308, RDX=0x0000000000000007
RSP=0x00007f626fef7b00, RBP=0x00007f626fef7b50, RSI=0x00007f626fef7a80, RDI=0x00000000eb72c200
R8 =0x00000000eb72c1d8, R9 =0x00000000275ee439, R10=0x00007f62f46308a0, R11=0x00000000ebf0e520
R12=0x0000000000000000, R13=0x00007f626f1fe27b, R14=0x00007f626fef7b98, R15=0x00007f62ec537510
RIP=0x00007f62dc684ce3, EFLAGS=0x0000000000010206, CSGSFS=0x002b000000000033, ERR=0x0000000000000004
  TRAPNO=0x000000000000000e

Top of Stack: (sp=0x00007f626fef7b00)
0x00007f626fef7b00:   00000000ebf0e520 00007f626fef7b08
0x00007f626fef7b10:   00007f626f1fe244 00007f626fef7b98
0x00007f626fef7b20:   00007f626f204388 0000000000000000
0x00007f626fef7b30:   00000000eb3aee60 00007f626f1fe308 

Instructions: (pc=0x00007f62dc684ce3)
0x00007f62dc684be3:   04 08 01 48 83 1c 08 00 48 03 44 08 08 48 89 45
0x00007f62dc684bf3:   d8 0f ca 48 63 d2 41 0f b6 5c 15 00 4c 03 ea 41
0x00007f62dc684c03:   f6 87 40 03 00 00 01 74 0c 49 ba a0 68 62 f4 62
0x00007f62dc684c13:   7f 00 00 eb 0a 49 ba a0 08 63 f4 62 7f 00 00 41
0x00007f62dc684c23:   ff 24 da 48 8b 4d d8 48 85 c9 0f 84 12 00 00 00
0x00007f62dc684c33:   48 83 41 10 01 48 83 59 10 00 48 03 49 18 48 89
0x00007f62dc684c43:   4d d8 8b 53 f8 0f ca 48 63 d2 41 0f b6 5c 15 00
0x00007f62dc684c53:   4c 03 ea 41 f6 87 40 03 00 00 01 74 0c 49 ba a0
0x00007f62dc684c63:   68 62 f4 62 7f 00 00 eb 0a 49 ba a0 08 63 f4 62
0x00007f62dc684c73:   7f 00 00 41 ff 24 da 66 0f 1f 44 00 00 3e 6c 28
0x00007f62dc684c83:   f4 62 7f 00 00 40 01 00 00 e6 00 00 00 00 00 00
0x00007f62dc684c93:   00 00 00 00 00 00 00 00 00 00 00 00 00 48 83 ec
0x00007f62dc684ca3:   08 c5 fa 11 04 24 eb 1f 48 83 ec 10 c5 fb 11 04
0x00007f62dc684cb3:   24 eb 14 48 83 ec 10 48 89 04 24 48 c7 44 24 08
0x00007f62dc684cc3:   00 00 00 00 eb 01 50 41 0f b6 55 01 48 8b 45 e8
0x00007f62dc684cd3:   48 8b 40 08 48 8b 40 08 48 8b 40 10 48 8b 40 10
0x00007f62dc684ce3:   48 8b 00 8b 44 90 10 48 85 c0 0f 85 a1 00 00 00
0x00007f62dc684cf3:   be e6 00 00 00 e8 05 00 00 00 e9 92 00 00 00 48
0x00007f62dc684d03:   8d 44 24 08 4c 89 6d c0 49 8b ff c5 f8 77 49 89
0x00007f62dc684d13:   af 98 02 00 00 49 89 87 88 02 00 00 f7 c4 0f 00
0x00007f62dc684d23:   00 00 0f 84 12 00 00 00 48 83 ec 08 e8 0c 40 46
0x00007f62dc684d33:   17 48 83 c4 08 e9 05 00 00 00 e8 fe 3f 46 17 49
0x00007f62dc684d43:   c7 87 88 02 00 00 00 00 00 00 49 c7 87 98 02 00
0x00007f62dc684d53:   00 00 00 00 00 49 c7 87 90 02 00 00 00 00 00 00
0x00007f62dc684d63:   c5 f8 77 49 81 7f 08 00 00 00 00 0f 84 05 00 00
0x00007f62dc684d73:   00 e9 87 3e fe ff 49 8b 87 e0 02 00 00 49 c7 87
0x00007f62dc684d83:   e0 02 00 00 00 00 00 00 4c 8b 6d c0 4c 8b 75 c8
0x00007f62dc684d93:   c3 48 8b 15 dd 10 fb 17 48 8b 12 48 3b d0 75 03
0x00007f62dc684da3:   48 33 c0 41 0f b6 5d 02 49 83 c5 02 49 ba a0 00
0x00007f62dc684db3:   63 f4 62 7f 00 00 41 ff 24 da 66 66 90 48 6c 28
0x00007f62dc684dc3:   f4 62 7f 00 00 40 01 00 00 e7 00 00 00 00 00 00
0x00007f62dc684dd3:   00 00 00 00 00 00 00 00 00 00 00 00 00 48 83 ec 


Stack slot to memory mapping:
stack at sp + 0 slots: 0x00000000ebf0e520 is an oop: org.eclipse.core.internal.preferences.DefaultPreferences 
{0x00000000ebf0e520} - klass: 'org/eclipse/core/internal/preferences/DefaultPreferences'
 - ---- fields (total size 10 words):
 - protected 'dirty' 'Z' @12  false
 - protected 'loading' 'Z' @13  true
 - protected 'removed' 'Z' @14  false
 - private 'cachedPath' 'Ljava/lang/String;' @16  "/default/org.eclipse.core.resources"{0x00000000ebf0e648} (ebf0e648)
 - protected 'properties' 'Lorg/eclipse/core/internal/preferences/ImmutableMap;' @20  a 'org/eclipse/core/internal/preferences/ImmutableMap$EmptyMap'{0x00000000eb3d1008} (eb3d1008)
 - protected 'children' 'Ljava/util/Map;' @24  NULL (0)
 - private final 'childAndPropertyLock' 'Ljava/lang/Object;' @28  a 'java/lang/Object'{0x00000000ebf0e570} (ebf0e570)
 - protected final 'name' 'Ljava/lang/String;' @32  "org.eclipse.core.resources"{0x00000000eb72c1d8} (eb72c1d8)
 - protected final 'parent' 'Lorg/eclipse/core/internal/preferences/EclipsePreferences;' @36  a 'org/eclipse/core/internal/preferences/DefaultPreferences'{0x00000000ebf0e2b8} (ebf0e2b8)
 - private final 'nodeChangeListeners' 'Lorg/eclipse/core/runtime/ListenerList;' @40  a 'org/eclipse/core/runtime/ListenerList'{0x00000000ebf0e580} (ebf0e580)
 - private final 'preferenceChangeListeners' 'Lorg/eclipse/core/runtime/ListenerList;' @44  a 'org/eclipse/core/runtime/ListenerList'{0x00000000ebf0e598} (ebf0e598)
 - private 'descriptor' 'Lorg/eclipse/core/internal/preferences/ScopeDescriptor;' @48  NULL (0)
 - private final 'writeLock' 'Ljava/lang/Object;' @52  a 'java/lang/Object'{0x00000000ebf0e5b0} (ebf0e5b0)
 - private 'segmentCount' 'I' @56  2
 - private 'loadLevel' 'Lorg/eclipse/core/internal/preferences/EclipsePreferences;' @60  a 'org/eclipse/core/internal/preferences/DefaultPreferences'{0x00000000ebf0e520} (ebf0e520)
 - private 'initializingThread' 'Ljava/lang/Thread;' @64  a 'org/eclipse/osgi/framework/eventmgr/EventManager$EventThread'{0x00000000ec906550} (ec906550)
 - private 'qualifier' 'Ljava/lang/String;' @68  "org.eclipse.core.resources"{0x00000000ebf0e6f8} (ebf0e6f8)
 - private 'pluginReference' 'Ljava/lang/ref/WeakReference;' @72  a 'java/lang/ref/WeakReference'{0x00000000ebf0e740} (ebf0e740)
stack at sp + 1 slots: 0x00007f626fef7b08 is pointing into the stack for thread: 0x00007f62ec537510
stack at sp + 2 slots: 0x00007f626f1fe244 is pointing into metadata
stack at sp + 3 slots: 0x00007f626fef7b98 is pointing into the stack for thread: 0x00007f62ec537510
stack at sp + 4 slots: 0x00007f626f204388 is pointing into metadata
stack at sp + 5 slots: 0x0 is NULL
stack at sp + 6 slots: 0x00000000eb3aee60 is an oop: java.lang.Class 
{0x00000000eb3aee60} - klass: 'java/lang/Class'
 - ---- fields (total size 21 words):
 - private volatile transient 'classRedefinedCount' 'I' @12  0
 - private volatile transient 'cachedConstructor' 'Ljava/lang/reflect/Constructor;' @40  NULL (0)
 - private transient 'name' 'Ljava/lang/String;' @44  "org.eclipse.core.internal.preferences.EclipsePreferences"{0x00000000eb3aeff8} (eb3aeff8)
 - private transient 'module' 'Ljava/lang/Module;' @48  a 'java/lang/Module'{0x00000000eb30e358} (eb30e358)
 - private final 'classLoader' 'Ljava/lang/ClassLoader;' @52  a 'org/eclipse/osgi/internal/loader/EquinoxClassLoader'{0x00000000eb30e1c0} (eb30e1c0)
 - private transient 'classData' 'Ljava/lang/Object;' @56  NULL (0)
 - private transient 'packageName' 'Ljava/lang/String;' @60  "org.eclipse.core.internal.preferences"{0x00000000eb317680} (eb317680)
 - private final 'componentType' 'Ljava/lang/Class;' @64  NULL (0)
 - private volatile transient 'reflectionData' 'Ljava/lang/ref/SoftReference;' @68  NULL (0)
 - private volatile transient 'genericInfo' 'Lsun/reflect/generics/repository/ClassRepository;' @72  NULL (0)
 - private volatile transient 'enumConstants' '[Ljava/lang/Object;' @76  NULL (0)
 - private volatile transient 'enumConstantDirectory' 'Ljava/util/Map;' @80  NULL (0)
 - private volatile transient 'annotationData' 'Ljava/lang/Class$AnnotationData;' @84  NULL (0)
 - private volatile transient 'annotationType' 'Lsun/reflect/annotation/AnnotationType;' @88  NULL (0)
 - transient 'classValueMap' 'Ljava/lang/ClassValue$ClassValueMap;' @92  NULL (0)
 - signature: Lorg/eclipse/core/internal/preferences/EclipsePreferences;
 - fake entry for mirror: 'org/eclipse/core/internal/preferences/EclipsePreferences'
 - fake entry for array: NULL
 - fake entry for oop_size: 21
 - fake entry for static_oop_field_count: 12
 - public static final 'DEFAULT_PREFERENCES_DIRNAME' 'Ljava/lang/String;' @112  ".settings"{0x00000000eb3aef18} (eb3aef18)
 - public static final 'PREFS_FILE_EXTENSION' 'Ljava/lang/String;' @116  "prefs"{0x00000000eb3aef50} (eb3aef50)
 - protected static final 'EMPTY_STRING_ARRAY' '[Ljava/lang/String;' @120  a 'java/lang/String'[0] {0x00000000eb3bdbd8} (eb3bdbd8)
 - private static final 'FALSE' 'Ljava/lang/String;' @124  "false"{0x00000000ec94bcb8} (ec94bcb8)
 - private static final 'TRUE' 'Ljava/lang/String;' @128  "true"{0x00000000c0000eb0} (c0000eb0)
 - protected static final 'VERSION_KEY' 'Ljava/lang/String;' @132  "eclipse.preferences.version"{0x00000000eb3aef80} (eb3aef80)
 - protected static final 'VERSION_VALUE' 'Ljava/lang/String;' @136  "1"{0x00000000eb3aefc8} (eb3aefc8)
 - protected static final 'PATH_SEPARATOR' 'Ljava/lang/String;' @140  "/"{0x00000000eb3bdbe8} (eb3bdbe8)
 - protected static final 'DOUBLE_SLASH' 'Ljava/lang/String;' @144  "//"{0x00000000c00005d0} (c00005d0)
 - protected static final 'EMPTY_STRING' 'Ljava/lang/String;' @148  ""{0x00000000c0001688} (c0001688)
 - private static final 'BACKUP_FILE_EXTENSION' 'Ljava/lang/String;' @152  ".bak"{0x00000000c0073608} (c0073608)
 - public static 'DEBUG_PREFERENCE_GENERAL' 'Z' @160  false
 - public static 'DEBUG_PREFERENCE_SET' 'Z' @161  false
 - public static 'DEBUG_PREFERENCE_GET' 'Z' @162  false
 - protected static final 'debugPluginName' 'Ljava/lang/String;' @156  "org.eclipse.equinox.preferences"{0x00000000eb320f80} (eb320f80)
stack at sp + 7 slots: {method} {0x00007f626f1fe308} 'internalNode' '(Ljava/lang/String;ZLjava/lang/Object;)Lorg/eclipse/core/runtime/preferences/IEclipsePreferences;' in 'org/eclipse/core/internal/preferences/EclipsePreferences'

fast_aldc  230 fast_aldc  [0x00007f62dc684ca0, 0x00007f62dc684dc0]  288 bytes
[MachCode]
  0x00007f62dc684ca0: 4883 ec08 | c5fa 1104 | 24eb 1f48 | 83ec 10c5 | fb11 0424 | eb14 4883 | ec10 4889 | 0424 48c7 
  0x00007f62dc684cc0: 4424 0800 | 0000 00eb | 0150 410f | b655 0148 | 8b45 e848 | 8b40 0848 | 8b40 0848 | 8b40 1048 
  0x00007f62dc684ce0: 8b40 1048 | 8b00 8b44 | 9010 4885 | c00f 85a1 | 0000 00be | e600 0000 | e805 0000 | 00e9 9200 
  0x00007f62dc684d00: 0000 488d | 4424 084c | 896d c049 | 8bff c5f8 | 7749 89af | 9802 0000 | 4989 8788 | 0200 00f7 
  0x00007f62dc684d20: c40f 0000 | 000f 8412 | 0000 0048 | 83ec 08e8 | 0c40 4617 | 4883 c408 | e905 0000 | 00e8 fe3f 
  0x00007f62dc684d40: 4617 49c7 | 8788 0200 | 0000 0000 | 0049 c787 | 9802 0000 | 0000 0000 | 49c7 8790 | 0200 0000 
  0x00007f62dc684d60: 0000 00c5 | f877 4981 | 7f08 0000 | 0000 0f84 | 0500 0000 | e987 3efe | ff49 8b87 | e002 0000 
  0x00007f62dc684d80: 49c7 87e0 | 0200 0000 | 0000 004c | 8b6d c04c | 8b75 c8c3 | 488b 15dd | 10fb 1748 | 8b12 483b 
  0x00007f62dc684da0: d075 0348 | 33c0 410f | b65d 0249 | 83c5 0249 | baa0 0063 | f462 7f00 | 0041 ff24 | da66 6690 
[/MachCode]

---------------  P R O C E S S  ---------------

Threads class SMR info:
_java_thread_list=0x00007f62601f1840, length=22, elements={
0x00007f62ec016e60, 0x00007f62ec221600, 0x00007f62ec222a10, 0x00007f62ec22d690,
0x00007f62ec22ea10, 0x00007f62ec22fdf0, 0x00007f62ec2317f0, 0x00007f62ec23ace0,
0x00007f62ec23c120, 0x00007f62ec258030, 0x00007f62a805db60, 0x00007f62a805efa0,
0x00007f62a8068c90, 0x00007f62ec31ddc0, 0x00007f62a80b75d0, 0x00007f62ec413ae0,
0x00007f62ec56bca0, 0x00007f62ec534cd0, 0x00007f62ec537510, 0x00007f6260031540,
0x00007f62600b9610, 0x00007f62601f0b90
}

Java Threads: ( => current thread )
  0x00007f62ec016e60 JavaThread "main" [_thread_blocked, id=88983, stack(0x00007f62f2ea6000,0x00007f62f2fa7000)]
  0x00007f62ec221600 JavaThread "Reference Handler" daemon [_thread_blocked, id=88987, stack(0x00007f62d40f7000,0x00007f62d41f8000)]
  0x00007f62ec222a10 JavaThread "Finalizer" daemon [_thread_blocked, id=88988, stack(0x00007f62cd6ff000,0x00007f62cd800000)]
  0x00007f62ec22d690 JavaThread "Signal Dispatcher" daemon [_thread_blocked, id=88989, stack(0x00007f62cd317000,0x00007f62cd418000)]
  0x00007f62ec22ea10 JavaThread "Service Thread" daemon [_thread_blocked, id=88990, stack(0x00007f62cd216000,0x00007f62cd317000)]
  0x00007f62ec22fdf0 JavaThread "Monitor Deflation Thread" daemon [_thread_blocked, id=88991, stack(0x00007f62cd115000,0x00007f62cd216000)]
  0x00007f62ec2317f0 JavaThread "C2 CompilerThread0" daemon [_thread_blocked, id=88992, stack(0x00007f62cd014000,0x00007f62cd115000)]
  0x00007f62ec23ace0 JavaThread "C1 CompilerThread0" daemon [_thread_blocked, id=88993, stack(0x00007f62ccf13000,0x00007f62cd014000)]
  0x00007f62ec23c120 JavaThread "Sweeper thread" daemon [_thread_blocked, id=88994, stack(0x00007f62cce12000,0x00007f62ccf13000)]
  0x00007f62ec258030 JavaThread "Common-Cleaner" daemon [_thread_blocked, id=88998, stack(0x00007f62ccd11000,0x00007f62cce12000)]
  0x00007f62a805db60 JavaThread "C1 CompilerThread1" daemon [_thread_blocked, id=88999, stack(0x00007f62ccc10000,0x00007f62ccd11000)]
  0x00007f62a805efa0 JavaThread "C1 CompilerThread2" daemon [_thread_blocked, id=89000, stack(0x00007f62ccb0f000,0x00007f62ccc10000)]
  0x00007f62a8068c90 JavaThread "C2 CompilerThread1" daemon [_thread_blocked, id=89001, stack(0x00007f62cca0e000,0x00007f62ccb0f000)]
  0x00007f62ec31ddc0 JavaThread "Notification Thread" daemon [_thread_blocked, id=89004, stack(0x00007f62cc90d000,0x00007f62cca0e000)]
  0x00007f62a80b75d0 JavaThread "C2 CompilerThread2" daemon [_thread_blocked, id=89007, stack(0x00007f62cc70a000,0x00007f62cc80b000)]
  0x00007f62ec413ae0 JavaThread "process reaper" daemon [_thread_blocked, id=89013, stack(0x00007f62d4091000,0x00007f62d40b3000)]
  0x00007f62ec56bca0 JavaThread "Active Thread: Equinox Container: ddd8dbce-61ab-40c1-9f46-7275598ef093" [_thread_blocked, id=89024, stack(0x00007f62cc0ff000,0x00007f62cc200000)]
  0x00007f62ec534cd0 JavaThread "Framework Event Dispatcher: Equinox Container: ddd8dbce-61ab-40c1-9f46-7275598ef093" daemon [_thread_blocked, id=89026, stack(0x00007f626feff000,0x00007f6270000000)]
=>0x00007f62ec537510 JavaThread "Start Level: Equinox Container: ddd8dbce-61ab-40c1-9f46-7275598ef093" daemon [_thread_in_Java, id=89027, stack(0x00007f626fdfe000,0x00007f626feff000)]
  0x00007f6260031540 JavaThread "SCR Component Actor" daemon [_thread_blocked, id=89030, stack(0x00007f626faeb000,0x00007f626fbec000)]
  0x00007f62600b9610 JavaThread "SCR Component Registry" daemon [_thread_blocked, id=89037, stack(0x00007f626eeff000,0x00007f626f000000)]
  0x00007f62601f0b90 JavaThread "Worker-JM" [_thread_blocked, id=89039, stack(0x00007f626edfe000,0x00007f626eeff000)]

Other Threads:
  0x00007f62ec21cdb0 VMThread "VM Thread" [stack: 0x00007f62d41fa000,0x00007f62d42fa000] [id=88985]
  0x00007f62ec31efa0 WatcherThread [stack: 0x00007f62cc80d000,0x00007f62cc90d000] [id=89005]
  0x00007f62ec02e0d0 GCTaskThread "GC Thread#0" [stack: 0x00007f62f209f000,0x00007f62f219f000] [id=88984]
  0x00007f62c8001140 GCTaskThread "GC Thread#1" [stack: 0x00007f62cc60a000,0x00007f62cc70a000] [id=89019]
  0x00007f62c8003110 GCTaskThread "GC Thread#2" [stack: 0x00007f62cc508000,0x00007f62cc608000] [id=89020]
  0x00007f62c8003aa0 GCTaskThread "GC Thread#3" [stack: 0x00007f62cc406000,0x00007f62cc506000] [id=89021]
  0x00007f62c8004430 GCTaskThread "GC Thread#4" [stack: 0x00007f62cc304000,0x00007f62cc404000] [id=89022]
  0x00007f62c8004dc0 GCTaskThread "GC Thread#5" [stack: 0x00007f62cc202000,0x00007f62cc302000] [id=89023]
  0x00007f62c8006470 GCTaskThread "GC Thread#6" [stack: 0x00007f626f9eb000,0x00007f626faeb000] [id=89034]
  0x00007f62c8006d40 GCTaskThread "GC Thread#7" [stack: 0x00007f626f8e9000,0x00007f626f9e9000] [id=89035]

Threads with active compile tasks:

VM state: not at safepoint (normal execution)

VM Mutex/Monitor currently owned by a thread: None

Heap address: 0x00000000c0000000, size: 1024 MB, Compressed Oops mode: 32-bit

CDS archive(s) mapped at: [0x0000000800000000-0x0000000800be3000-0x0000000800be3000), size 12464128, SharedBaseAddress: 0x0000000800000000, ArchiveRelocationMode: 0.
Compressed class space mapped at: 0x0000000800c00000-0x0000000840c00000, reserved size: 1073741824
Narrow klass base: 0x0000000800000000, Narrow klass shift: 0, Narrow klass range: 0x100000000

GC Precious Log:
 CPUs: 16 total, 16 available
 Memory: 31888M
 Large Page Support: Disabled
 NUMA Support: Disabled
 Compressed Oops: Enabled (32-bit)
 Alignments: Space 512K, Generation 512K, Heap 2M
 Heap Min Capacity: 100M
 Heap Initial Capacity: 100M
 Heap Max Capacity: 1G
 Pre-touch: Disabled
 Parallel Workers: 13

Heap:
 PSYoungGen      total 29696K, used 24880K [0x00000000eab00000, 0x00000000ecc00000, 0x0000000100000000)
  eden space 25600K, 81% used [0x00000000eab00000,0x00000000ebf4df98,0x00000000ec400000)
  from space 4096K, 99% used [0x00000000ec800000,0x00000000ecbfe068,0x00000000ecc00000)
  to   space 4096K, 0% used [0x00000000ec400000,0x00000000ec400000,0x00000000ec800000)
 ParOldGen       total 68608K, used 712K [0x00000000c0000000, 0x00000000c4300000, 0x00000000eab00000)
  object space 68608K, 1% used [0x00000000c0000000,0x00000000c00b2340,0x00000000c4300000)
 Metaspace       used 12562K, committed 12864K, reserved 1064960K
  class space    used 1240K, committed 1344K, reserved 1048576K

Card table byte_map: [0x00007f62f219f000,0x00007f62f23a0000] _byte_map_base: 0x00007f62f1b9f000

Marking Bits: (ParMarkBitMap*) 0x00007f62f46177a0
 Begin Bits: [0x00007f62ce000000, 0x00007f62cf000000)
 End Bits:   [0x00007f62cf000000, 0x00007f62d0000000)

Polling page: 0x00007f62f486e000

Metaspace:

Usage:
  Non-class:     11,06 MB used.
      Class:      1,21 MB used.
       Both:     12,27 MB used.

Virtual space:
  Non-class space:       16,00 MB reserved,      11,25 MB ( 70%) committed,  2 nodes.
      Class space:        1,00 GB reserved,       1,31 MB ( <1%) committed,  1 nodes.
             Both:        1,02 GB reserved,      12,56 MB (  1%) committed. 

Chunk freelists:
   Non-Class:  512,00 KB
       Class:  2,62 MB
        Both:  3,12 MB

MaxMetaspaceSize: unlimited
CompressedClassSpaceSize: 1,00 GB
Initial GC threshold: 21,00 MB
Current GC threshold: 21,00 MB
CDS: on
MetaspaceReclaimPolicy: balanced
 - commit_granule_bytes: 65536.
 - commit_granule_words: 8192.
 - virtual_space_node_default_size: 1048576.
 - enlarge_chunks_in_place: 1.
 - new_chunks_are_fully_committed: 0.
 - uncommit_free_chunks: 1.
 - use_allocation_guard: 0.
 - handle_deallocations: 1.


Internal statistics:

num_allocs_failed_limit: 0.
num_arena_births: 130.
num_arena_deaths: 0.
num_vsnodes_births: 3.
num_vsnodes_deaths: 0.
num_space_committed: 201.
num_space_uncommitted: 0.
num_chunks_returned_to_freelist: 0.
num_chunks_taken_from_freelist: 492.
num_chunk_merges: 0.
num_chunk_splits: 338.
num_chunks_enlarged: 245.
num_purges: 0.
num_inconsistent_stats: 0.

CodeHeap 'non-profiled nmethods': size=119168Kb used=728Kb max_used=728Kb free=118439Kb
 bounds [0x00007f62dcda9000, 0x00007f62dd019000, 0x00007f62e4209000]
CodeHeap 'profiled nmethods': size=119164Kb used=4004Kb max_used=4004Kb free=115159Kb
 bounds [0x00007f62d5209000, 0x00007f62d55f9000, 0x00007f62dc668000]
CodeHeap 'non-nmethods': size=7428Kb used=2305Kb max_used=2326Kb free=5122Kb
 bounds [0x00007f62dc668000, 0x00007f62dc8d8000, 0x00007f62dcda9000]
 total_blobs=2548 nmethods=2063 adapters=398
 compilation: enabled
              stopped_count=0, restarted_count=0
 full_count=0

Compilation events (20 events):
Event: 0,746 Thread 0x00007f62a805efa0 2056       3       java.lang.reflect.Field::getFieldAccessor (35 bytes)
Event: 0,746 Thread 0x00007f62a805db60 nmethod 2054 0x00007f62d55e7210 code [0x00007f62d55e73c0, 0x00007f62d55e75f0]
Event: 0,746 Thread 0x00007f62a805db60 2057       3       java.lang.reflect.Field::acquireFieldAccessor (59 bytes)
Event: 0,746 Thread 0x00007f62a805efa0 nmethod 2056 0x00007f62d55e7710 code [0x00007f62d55e78c0, 0x00007f62d55e7aa0]
Event: 0,746 Thread 0x00007f62a805efa0 2058       3       java.lang.reflect.Field::getFieldAccessor (16 bytes)
Event: 0,746 Thread 0x00007f62a805efa0 nmethod 2058 0x00007f62d55e7b90 code [0x00007f62d55e7d40, 0x00007f62d55e7eb0]
Event: 0,746 Thread 0x00007f62a805db60 nmethod 2057 0x00007f62d55e7f10 code [0x00007f62d55e8100, 0x00007f62d55e85f0]
Event: 0,746 Thread 0x00007f62a805efa0 2059       3       jdk.internal.reflect.ReflectionFactory::newFieldAccessor (83 bytes)
Event: 0,746 Thread 0x00007f62a805db60 2060       3       java.lang.reflect.Field::getRoot (5 bytes)
Event: 0,746 Thread 0x00007f62a805db60 nmethod 2060 0x00007f62d55e8790 code [0x00007f62d55e8920, 0x00007f62d55e8a30]
Event: 0,746 Thread 0x00007f62a805db60 2061       3       jdk.internal.reflect.UnsafeFieldAccessorFactory::newFieldAccessor (638 bytes)
Event: 0,746 Thread 0x00007f62ec2317f0 2063       4       java.util.Properties::loadConvert (540 bytes)
Event: 0,746 Thread 0x00007f62a805efa0 nmethod 2059 0x00007f62d55e8b10 code [0x00007f62d55e8d20, 0x00007f62d55e9310]
Event: 0,746 Thread 0x00007f62a805efa0 2062       3       jdk.internal.reflect.UnsafeStaticFieldAccessorImpl::<init> (17 bytes)
Event: 0,747 Thread 0x00007f62a805efa0 nmethod 2062 0x00007f62d55e9610 code [0x00007f62d55e97e0, 0x00007f62d55e9ae0]
Event: 0,747 Thread 0x00007f62a805efa0 2064       3       java.io.File::exists (34 bytes)
Event: 0,747 Thread 0x00007f62a805efa0 nmethod 2064 0x00007f62d55e9c10 code [0x00007f62d55e9e00, 0x00007f62d55ea2c0]
Event: 0,747 Thread 0x00007f62ec23ace0 nmethod 2053 0x00007f62d55ea490 code [0x00007f62d55eaa00, 0x00007f62d55ed310]
Event: 0,747 Thread 0x00007f62a805db60 nmethod 2061 0x00007f62d55edf10 code [0x00007f62d55ee6a0, 0x00007f62d55f1470]
Event: 0,748 Thread 0x00007f62a8068c90 2065       4       java.lang.ClassLoader::checkName (37 bytes)

GC Heap History (4 events):
Event: 0,297 GC heap before
{Heap before GC invocations=1 (full 0):
 PSYoungGen      total 29696K, used 25600K [0x00000000eab00000, 0x00000000ecc00000, 0x0000000100000000)
  eden space 25600K, 100% used [0x00000000eab00000,0x00000000ec400000,0x00000000ec400000)
  from space 4096K, 0% used [0x00000000ec800000,0x00000000ec800000,0x00000000ecc00000)
  to   space 4096K, 0% used [0x00000000ec400000,0x00000000ec400000,0x00000000ec800000)
 ParOldGen       total 68608K, used 0K [0x00000000c0000000, 0x00000000c4300000, 0x00000000eab00000)
  object space 68608K, 0% used [0x00000000c0000000,0x00000000c0000000,0x00000000c4300000)
 Metaspace       used 4754K, committed 4864K, reserved 1056768K
  class space    used 460K, committed 512K, reserved 1048576K
}
Event: 0,301 GC heap after
{Heap after GC invocations=1 (full 0):
 PSYoungGen      total 29696K, used 3153K [0x00000000eab00000, 0x00000000ecc00000, 0x0000000100000000)
  eden space 25600K, 0% used [0x00000000eab00000,0x00000000eab00000,0x00000000ec400000)
  from space 4096K, 76% used [0x00000000ec400000,0x00000000ec714430,0x00000000ec800000)
  to   space 4096K, 0% used [0x00000000ec800000,0x00000000ec800000,0x00000000ecc00000)
 ParOldGen       total 68608K, used 16K [0x00000000c0000000, 0x00000000c4300000, 0x00000000eab00000)
  object space 68608K, 0% used [0x00000000c0000000,0x00000000c0004000,0x00000000c4300000)
 Metaspace       used 4754K, committed 4864K, reserved 1056768K
  class space    used 460K, committed 512K, reserved 1048576K
}
Event: 0,555 GC heap before
{Heap before GC invocations=2 (full 0):
 PSYoungGen      total 29696K, used 28753K [0x00000000eab00000, 0x00000000ecc00000, 0x0000000100000000)
  eden space 25600K, 100% used [0x00000000eab00000,0x00000000ec400000,0x00000000ec400000)
  from space 4096K, 76% used [0x00000000ec400000,0x00000000ec714430,0x00000000ec800000)
  to   space 4096K, 0% used [0x00000000ec800000,0x00000000ec800000,0x00000000ecc00000)
 ParOldGen       total 68608K, used 16K [0x00000000c0000000, 0x00000000c4300000, 0x00000000eab00000)
  object space 68608K, 0% used [0x00000000c0000000,0x00000000c0004000,0x00000000c4300000)
 Metaspace       used 8975K, committed 9216K, reserved 1056768K
  class space    used 880K, committed 1024K, reserved 1048576K
}
Event: 0,558 GC heap after
{Heap after GC invocations=2 (full 0):
 PSYoungGen      total 29696K, used 4088K [0x00000000eab00000, 0x00000000ecc00000, 0x0000000100000000)
  eden space 25600K, 0% used [0x00000000eab00000,0x00000000eab00000,0x00000000ec400000)
  from space 4096K, 99% used [0x00000000ec800000,0x00000000ecbfe068,0x00000000ecc00000)
  to   space 4096K, 0% used [0x00000000ec400000,0x00000000ec400000,0x00000000ec800000)
 ParOldGen       total 68608K, used 712K [0x00000000c0000000, 0x00000000c4300000, 0x00000000eab00000)
  object space 68608K, 1% used [0x00000000c0000000,0x00000000c00b2340,0x00000000c4300000)
 Metaspace       used 8975K, committed 9216K, reserved 1056768K
  class space    used 880K, committed 1024K, reserved 1048576K
}

Dll operation events (10 events):
Event: 0,002 Loaded shared library /usr/lib/jvm/java-17-openjdk-amd64/lib/libjava.so
Event: 0,002 Loaded shared library /usr/lib/jvm/java-17-openjdk-amd64/lib/libzip.so
Event: 0,005 Loaded shared library /usr/lib/jvm/java-17-openjdk-amd64/lib/libjsvml.so
Event: 0,040 Loaded shared library /usr/lib/jvm/java-17-openjdk-amd64/lib/libinstrument.so
Event: 0,042 Loaded shared library /usr/lib/jvm/java-17-openjdk-amd64/lib/libnio.so
Event: 0,043 Loaded shared library /usr/lib/jvm/java-17-openjdk-amd64/lib/libzip.so
Event: 0,048 Loaded shared library /usr/lib/jvm/java-17-openjdk-amd64/lib/libjimage.so
Event: 0,063 Loaded shared library /usr/lib/jvm/java-17-openjdk-amd64/lib/libverify.so
Event: 0,327 Loaded shared library /usr/lib/jvm/java-17-openjdk-amd64/lib/libnet.so
Event: 0,497 Loaded shared library /home/infoetu/quentin.moutte.etu/.config/VSCodium/User/globalStorage/redhat.java/1.18.0/config_ss_linux/org.eclipse.equinox.launcher/org.eclipse.equinox.launcher.gtk.linux.x86_64_1.2.700.v20221108-1024/eclipse_11801.so

Deoptimization events (20 events):
Event: 0,705 Thread 0x00007f62ec537510 Uncommon trap: trap_request=0xffffff45 fr.pc=0x00007f62dcdd7c28 relative=0x0000000000000368
Event: 0,705 Thread 0x00007f62ec537510 Uncommon trap: reason=unstable_if action=reinterpret pc=0x00007f62dcdd7c28 method=java.lang.StringLatin1.canEncode(I)Z @ 4 c2
Event: 0,705 Thread 0x00007f62ec537510 DEOPT PACKING pc=0x00007f62dcdd7c28 sp=0x00007f626fef74d0
Event: 0,705 Thread 0x00007f62ec537510 DEOPT UNPACKING pc=0x00007f62dc6be399 sp=0x00007f626fef73f8 mode 2
Event: 0,705 Thread 0x00007f62ec537510 Uncommon trap: trap_request=0xffffff45 fr.pc=0x00007f62dcdd8fb4 relative=0x0000000000000374
Event: 0,705 Thread 0x00007f62ec537510 Uncommon trap: reason=unstable_if action=reinterpret pc=0x00007f62dcdd8fb4 method=java.lang.AbstractStringBuilder.isLatin1()Z @ 10 c2
Event: 0,705 Thread 0x00007f62ec537510 DEOPT PACKING pc=0x00007f62dcdd8fb4 sp=0x00007f626fef74e0
Event: 0,705 Thread 0x00007f62ec537510 DEOPT UNPACKING pc=0x00007f62dc6be399 sp=0x00007f626fef7460 mode 2
Event: 0,706 Thread 0x00007f62ec537510 Uncommon trap: trap_request=0xffffff45 fr.pc=0x00007f62dcdb8b98 relative=0x0000000000000078
Event: 0,706 Thread 0x00007f62ec537510 Uncommon trap: reason=unstable_if action=reinterpret pc=0x00007f62dcdb8b98 method=java.lang.String.isLatin1()Z @ 10 c2
Event: 0,706 Thread 0x00007f62ec537510 DEOPT PACKING pc=0x00007f62dcdb8b98 sp=0x00007f626fef71f0
Event: 0,706 Thread 0x00007f62ec537510 DEOPT UNPACKING pc=0x00007f62dc6be399 sp=0x00007f626fef7150 mode 2
Event: 0,707 Thread 0x00007f62ec537510 Uncommon trap: trap_request=0xffffff45 fr.pc=0x00007f62dcdbcafc relative=0x000000000000005c
Event: 0,707 Thread 0x00007f62ec537510 Uncommon trap: reason=unstable_if action=reinterpret pc=0x00007f62dcdbcafc method=java.lang.String.isLatin1()Z @ 10 c2
Event: 0,707 Thread 0x00007f62ec537510 DEOPT PACKING pc=0x00007f62dcdbcafc sp=0x00007f626fef7130
Event: 0,707 Thread 0x00007f62ec537510 DEOPT UNPACKING pc=0x00007f62dc6be399 sp=0x00007f626fef70e0 mode 2
Event: 0,707 Thread 0x00007f62ec537510 Uncommon trap: trap_request=0xffffff45 fr.pc=0x00007f62dcdce568 relative=0x0000000000000048
Event: 0,707 Thread 0x00007f62ec537510 Uncommon trap: reason=unstable_if action=reinterpret pc=0x00007f62dcdce568 method=java.lang.CharacterData.of(I)Ljava/lang/CharacterData; @ 4 c2
Event: 0,707 Thread 0x00007f62ec537510 DEOPT PACKING pc=0x00007f62dcdce568 sp=0x00007f626fef6c80
Event: 0,707 Thread 0x00007f62ec537510 DEOPT UNPACKING pc=0x00007f62dc6be399 sp=0x00007f626fef6c38 mode 2

Classes unloaded (0 events):
No events

Classes redefined (0 events):
No events

Internal exceptions (20 events):
Event: 0,181 Thread 0x00007f62ec016e60 Exception <a 'java/lang/NoSuchMethodError'{0x00000000eb973a80}: 'java.lang.Object java.lang.invoke.Invokers$Holder.linkToTargetMethod(java.lang.Object, java.lang.Object, int, java.lang.Object)'> (0x00000000eb973a80) 
thrown [./src/hotspot/share/interpreter/linkResolver.cpp, line 758]
Event: 0,273 Thread 0x00007f62ec016e60 Exception <a 'java/io/FileNotFoundException'{0x00000000ec23d8b8}> (0x00000000ec23d8b8) 
thrown [./src/hotspot/share/prims/jni.cpp, line 516]
Event: 0,289 Thread 0x00007f62ec016e60 Implicit null exception at 0x00007f62dcde13e0 to 0x00007f62dcde1d0c
Event: 0,289 Thread 0x00007f62ec016e60 Implicit null exception at 0x00007f62dcdf11ec to 0x00007f62dcdf13dc
Event: 0,290 Thread 0x00007f62ec016e60 Implicit null exception at 0x00007f62dcdf0aec to 0x00007f62dcdf0ce8
Event: 0,290 Thread 0x00007f62ec016e60 Implicit null exception at 0x00007f62dcde702f to 0x00007f62dcde70a9
Event: 0,316 Thread 0x00007f62ec016e60 Exception <a 'java/lang/NoSuchMethodError'{0x00000000eac5a500}: 'int java.lang.invoke.DirectMethodHandle$Holder.invokeStaticInit(java.lang.Object, java.lang.Object, java.lang.Object, java.lang.Object)'> (0x00000000eac5a500) 
thrown [./src/hotspot/share/interpreter/linkResolver.cpp, line 758]
Event: 0,317 Thread 0x00007f62ec016e60 Exception <a 'java/lang/NoSuchMethodError'{0x00000000eac64928}: 'java.lang.Object java.lang.invoke.DirectMethodHandle$Holder.invokeInterface(java.lang.Object, java.lang.Object)'> (0x00000000eac64928) 
thrown [./src/hotspot/share/interpreter/linkResolver.cpp, line 758]
Event: 0,317 Thread 0x00007f62ec016e60 Exception <a 'java/lang/IncompatibleClassChangeError'{0x00000000eac68120}: Found class java.lang.Object, but interface was expected> (0x00000000eac68120) 
thrown [./src/hotspot/share/interpreter/linkResolver.cpp, line 826]
Event: 0,318 Thread 0x00007f62ec016e60 Exception <a 'java/lang/NoSuchMethodError'{0x00000000eac6c848}: 'void java.lang.invoke.DirectMethodHandle$Holder.invokeStatic(java.lang.Object, java.lang.Object)'> (0x00000000eac6c848) 
thrown [./src/hotspot/share/interpreter/linkResolver.cpp, line 758]
Event: 0,318 Thread 0x00007f62ec016e60 Exception <a 'java/lang/NoSuchMethodError'{0x00000000eac70160}: 'void java.lang.invoke.DirectMethodHandle$Holder.invokeStaticInit(java.lang.Object, java.lang.Object)'> (0x00000000eac70160) 
thrown [./src/hotspot/share/interpreter/linkResolver.cpp, line 758]
Event: 0,319 Thread 0x00007f62ec016e60 Exception <a 'java/lang/NoSuchMethodError'{0x00000000eac77938}: 'int java.lang.invoke.DirectMethodHandle$Holder.invokeStaticInit(java.lang.Object, java.lang.Object)'> (0x00000000eac77938) 
thrown [./src/hotspot/share/interpreter/linkResolver.cpp, line 758]
Event: 0,340 Thread 0x00007f62ec016e60 Exception <a 'java/lang/NoSuchMethodError'{0x00000000eade0030}: 'void java.lang.invoke.DirectMethodHandle$Holder.invokeSpecial(java.lang.Object, java.lang.Object, java.lang.Object)'> (0x00000000eade0030) 
thrown [./src/hotspot/share/interpreter/linkResolver.cpp, line 758]
Event: 0,445 Thread 0x00007f62ec016e60 Exception <a 'java/lang/NoSuchMethodError'{0x00000000eb952da0}: 'java.lang.Object java.lang.invoke.DirectMethodHandle$Holder.newInvokeSpecial(java.lang.Object, int, java.lang.Object)'> (0x00000000eb952da0) 
thrown [./src/hotspot/share/interpreter/linkResolver.cpp, line 758]
Event: 0,496 Thread 0x00007f62ec016e60 Exception <a 'java/lang/UnsatisfiedLinkError'{0x00000000ebe478f0}: 'void org.eclipse.equinox.launcher.JNIBridge._update_splash()'> (0x00000000ebe478f0) 
thrown [./src/hotspot/share/prims/nativeLookup.cpp, line 543]
Event: 0,628 Thread 0x00007f62ec537510 Exception <a 'java/io/FileNotFoundException'{0x00000000eb42d6e0}> (0x00000000eb42d6e0) 
thrown [./src/hotspot/share/prims/jni.cpp, line 516]
Event: 0,635 Thread 0x00007f62ec537510 Exception <a 'java/lang/NullPointerException'{0x00000000eb47fbc8}> (0x00000000eb47fbc8) 
thrown [./src/hotspot/share/interpreter/linkResolver.cpp, line 1350]
Event: 0,635 Thread 0x00007f62ec537510 Exception <a 'java/lang/NullPointerException'{0x00000000eb4803f0}> (0x00000000eb4803f0) 
thrown [./src/hotspot/share/interpreter/linkResolver.cpp, line 1350]
Event: 0,651 Thread 0x00007f62ec537510 Exception <a 'java/lang/NoSuchMethodError'{0x00000000eb5adec0}: 'java.lang.Object java.lang.invoke.Invokers$Holder.invokeExact_MT(java.lang.Object, java.lang.Object, java.lang.Object, java.lang.Object, java.lang.Object, java.lang.Object)'> (0x00000000eb5adec0) 
thrown [./src/hotspot/share/interpreter/linkResolver.cpp, line 758]
Event: 0,719 Thread 0x00007f62ec537510 Exception <a 'java/lang/NoSuchMethodError'{0x00000000ebc288f0}: 'void java.lang.invoke.DirectMethodHandle$Holder.invokeInterface(java.lang.Object, java.lang.Object, java.lang.Object)'> (0x00000000ebc288f0) 
thrown [./src/hotspot/share/interpreter/linkResolver.cpp, line 758]

VM Operations (20 events):
Event: 0,297 Executing VM operation: ParallelGCFailedAllocation
Event: 0,301 Executing VM operation: ParallelGCFailedAllocation done
Event: 0,434 Executing VM operation: HandshakeAllThreads
Event: 0,434 Executing VM operation: HandshakeAllThreads done
Event: 0,437 Executing VM operation: HandshakeAllThreads
Event: 0,437 Executing VM operation: HandshakeAllThreads done
Event: 0,443 Executing VM operation: HandshakeAllThreads
Event: 0,443 Executing VM operation: HandshakeAllThreads done
Event: 0,492 Executing VM operation: ICBufferFull
Event: 0,492 Executing VM operation: ICBufferFull done
Event: 0,529 Executing VM operation: HandshakeAllThreads
Event: 0,529 Executing VM operation: HandshakeAllThreads done
Event: 0,555 Executing VM operation: ParallelGCFailedAllocation
Event: 0,558 Executing VM operation: ParallelGCFailedAllocation done
Event: 0,681 Executing VM operation: HandshakeAllThreads
Event: 0,681 Executing VM operation: HandshakeAllThreads done
Event: 0,707 Executing VM operation: HandshakeAllThreads
Event: 0,707 Executing VM operation: HandshakeAllThreads done
Event: 0,709 Executing VM operation: HandshakeAllThreads
Event: 0,709 Executing VM operation: HandshakeAllThreads done

Events (20 events):
Event: 0,720 loading class org/eclipse/core/runtime/jobs/IJobChangeListener
Event: 0,720 loading class org/eclipse/core/runtime/jobs/IJobChangeListener done
Event: 0,720 loading class org/eclipse/core/runtime/jobs/IJobChangeEvent
Event: 0,720 loading class org/eclipse/core/runtime/jobs/IJobChangeEvent done
Event: 0,720 loading class org/eclipse/core/runtime/jobs/IJobChangeListener
Event: 0,720 loading class org/eclipse/core/runtime/jobs/IJobChangeListener done
Event: 0,723 Thread 0x00007f62601f0b90 Thread added: 0x00007f62601f0b90
Event: 0,723 Protecting memory [0x00007f626edfe000,0x00007f626ee02000] with protection modes 0
Event: 0,724 loading class java/net/URISyntaxException
Event: 0,724 loading class java/net/URISyntaxException done
Event: 0,731 loading class org/eclipse/osgi/util/NLS
Event: 0,731 loading class org/eclipse/osgi/util/NLS done
Event: 0,732 loading class org/eclipse/osgi/util/NLS$1
Event: 0,732 loading class org/eclipse/osgi/util/NLS$1 done
Event: 0,733 loading class org/eclipse/osgi/util/NLS$MessagesProperties
Event: 0,733 loading class org/eclipse/osgi/util/NLS$MessagesProperties done
Event: 0,733 loading class jdk/internal/reflect/UnsafeStaticObjectFieldAccessorImpl
Event: 0,733 loading class jdk/internal/reflect/UnsafeStaticObjectFieldAccessorImpl done
Event: 0,742 loading class java/lang/AbstractMethodError
Event: 0,742 loading class java/lang/AbstractMethodError done


Dynamic libraries:
c0000000-c4300000 rw-p 00000000 00:00 0 
c4300000-eab00000 ---p 00000000 00:00 0 
eab00000-ecc00000 rw-p 00000000 00:00 0 
ecc00000-100000000 ---p 00000000 00:00 0 
800000000-800be3000 rw-p 00001000 103:02 3543126                         /usr/lib/jvm/java-17-openjdk-amd64/lib/server/classes.jsa
800be3000-800c00000 ---p 00000000 00:00 0 
800c00000-800c20000 rw-p 00000000 00:00 0 
800c20000-800c40000 rw-p 00000000 00:00 0 
800c40000-800cc0000 rw-p 00000000 00:00 0 
800cc0000-800cf0000 rw-p 00000000 00:00 0 
800cf0000-800d00000 ---p 00000000 00:00 0 
800d00000-800d60000 rw-p 00000000 00:00 0 
800d60000-840c00000 ---p 00000000 00:00 0 
55742f8dc000-55742f8dd000 r--p 00000000 103:02 3166030                   /usr/lib/jvm/java-17-openjdk-amd64/bin/java
55742f8dd000-55742f8de000 r-xp 00001000 103:02 3166030                   /usr/lib/jvm/java-17-openjdk-amd64/bin/java
55742f8de000-55742f8df000 r--p 00002000 103:02 3166030                   /usr/lib/jvm/java-17-openjdk-amd64/bin/java
55742f8df000-55742f8e0000 r--p 00002000 103:02 3166030                   /usr/lib/jvm/java-17-openjdk-amd64/bin/java
55742f8e0000-55742f8e1000 rw-p 00003000 103:02 3166030                   /usr/lib/jvm/java-17-openjdk-amd64/bin/java
557430f52000-557430f98000 rw-p 00000000 00:00 0                          [heap]
7f6250000000-7f6250021000 rw-p 00000000 00:00 0 
7f6250021000-7f6254000000 ---p 00000000 00:00 0 
7f6254000000-7f6254021000 rw-p 00000000 00:00 0 
7f6254021000-7f6258000000 ---p 00000000 00:00 0 
7f6258000000-7f6258021000 rw-p 00000000 00:00 0 
7f6258021000-7f625c000000 ---p 00000000 00:00 0 
7f625c000000-7f625c021000 rw-p 00000000 00:00 0 
7f625c021000-7f6260000000 ---p 00000000 00:00 0 
7f6260000000-7f6260234000 rw-p 00000000 00:00 0 
7f6260234000-7f6264000000 ---p 00000000 00:00 0 
7f6264000000-7f6264021000 rw-p 00000000 00:00 0 
7f6264021000-7f6268000000 ---p 00000000 00:00 0 
7f6268000000-7f6268021000 rw-p 00000000 00:00 0 
7f6268021000-7f626c000000 ---p 00000000 00:00 0 
7f626edfe000-7f626ee02000 ---p 00000000 00:00 0 
7f626ee02000-7f626eeff000 rw-p 00000000 00:00 0 
7f626eeff000-7f626ef03000 ---p 00000000 00:00 0 
7f626ef03000-7f626f0c0000 rw-p 00000000 00:00 0 
7f626f0c0000-7f626f100000 ---p 00000000 00:00 0 
7f626f100000-7f626f380000 rw-p 00000000 00:00 0 
7f626f380000-7f626f800000 ---p 00000000 00:00 0 
7f626f8e7000-7f626f8e8000 ---p 00000000 00:00 0 
7f626f8e8000-7f626f9e9000 rw-p 00000000 00:00 0 
7f626f9e9000-7f626f9ea000 ---p 00000000 00:00 0 
7f626f9ea000-7f626faeb000 rw-p 00000000 00:00 0 
7f626faeb000-7f626faef000 ---p 00000000 00:00 0 
7f626faef000-7f626fbec000 rw-p 00000000 00:00 0 
7f626fbec000-7f626fbfc000 r-xp 00000000 00:28 144646697                  /home/infoetu/quentin.moutte.etu/.config/VSCodium/User/globalStorage/redhat.java/1.18.0/config_ss_linux/org.eclipse.equinox.launcher/org.eclipse.equinox.launcher.gtk.linux.x86_64_1.2.700.v20221108-1024/eclipse_11801.so
7f626fbfc000-7f626fdfb000 ---p 00010000 00:28 144646697                  /home/infoetu/quentin.moutte.etu/.config/VSCodium/User/globalStorage/redhat.java/1.18.0/config_ss_linux/org.eclipse.equinox.launcher/org.eclipse.equinox.launcher.gtk.linux.x86_64_1.2.700.v20221108-1024/eclipse_11801.so
7f626fdfb000-7f626fdfc000 r--p 0000f000 00:28 144646697                  /home/infoetu/quentin.moutte.etu/.config/VSCodium/User/globalStorage/redhat.java/1.18.0/config_ss_linux/org.eclipse.equinox.launcher/org.eclipse.equinox.launcher.gtk.linux.x86_64_1.2.700.v20221108-1024/eclipse_11801.so
7f626fdfc000-7f626fdfd000 rw-p 00010000 00:28 144646697                  /home/infoetu/quentin.moutte.etu/.config/VSCodium/User/globalStorage/redhat.java/1.18.0/config_ss_linux/org.eclipse.equinox.launcher/org.eclipse.equinox.launcher.gtk.linux.x86_64_1.2.700.v20221108-1024/eclipse_11801.so
7f626fdfd000-7f626fdfe000 rw-p 00000000 00:00 0 
7f626fdfe000-7f626fe02000 ---p 00000000 00:00 0 
7f626fe02000-7f626feff000 rw-p 00000000 00:00 0 
7f626feff000-7f626ff03000 ---p 00000000 00:00 0 
7f626ff03000-7f6270000000 rw-p 00000000 00:00 0 
7f6270000000-7f6270021000 rw-p 00000000 00:00 0 
7f6270021000-7f6274000000 ---p 00000000 00:00 0 
7f6274000000-7f6274021000 rw-p 00000000 00:00 0 
7f6274021000-7f6278000000 ---p 00000000 00:00 0 
7f6278000000-7f6278021000 rw-p 00000000 00:00 0 
7f6278021000-7f627c000000 ---p 00000000 00:00 0 
7f627c000000-7f627c021000 rw-p 00000000 00:00 0 
7f627c021000-7f6280000000 ---p 00000000 00:00 0 
7f6280000000-7f6280021000 rw-p 00000000 00:00 0 
7f6280021000-7f6284000000 ---p 00000000 00:00 0 
7f6284000000-7f6284021000 rw-p 00000000 00:00 0 
7f6284021000-7f6288000000 ---p 00000000 00:00 0 
7f6288000000-7f628844d000 rw-p 00000000 00:00 0 
7f628844d000-7f628c000000 ---p 00000000 00:00 0 
7f628c000000-7f628c021000 rw-p 00000000 00:00 0 
7f628c021000-7f6290000000 ---p 00000000 00:00 0 
7f6290000000-7f6290021000 rw-p 00000000 00:00 0 
7f6290021000-7f6294000000 ---p 00000000 00:00 0 
7f6294000000-7f6294021000 rw-p 00000000 00:00 0 
7f6294021000-7f6298000000 ---p 00000000 00:00 0 
7f6298000000-7f62980c9000 rw-p 00000000 00:00 0 
7f62980c9000-7f629c000000 ---p 00000000 00:00 0 
7f629c000000-7f629c25f000 rw-p 00000000 00:00 0 
7f629c25f000-7f62a0000000 ---p 00000000 00:00 0 
7f62a0000000-7f62a0021000 rw-p 00000000 00:00 0 
7f62a0021000-7f62a4000000 ---p 00000000 00:00 0 
7f62a4000000-7f62a4135000 rw-p 00000000 00:00 0 
7f62a4135000-7f62a8000000 ---p 00000000 00:00 0 
7f62a8000000-7f62a814e000 rw-p 00000000 00:00 0 
7f62a814e000-7f62ac000000 ---p 00000000 00:00 0 
7f62ac000000-7f62ac021000 rw-p 00000000 00:00 0 
7f62ac021000-7f62b0000000 ---p 00000000 00:00 0 
7f62b0000000-7f62b0021000 rw-p 00000000 00:00 0 
7f62b0021000-7f62b4000000 ---p 00000000 00:00 0 
7f62b4000000-7f62b43c9000 rw-p 00000000 00:00 0 
7f62b43c9000-7f62b8000000 ---p 00000000 00:00 0 
7f62b8000000-7f62b8021000 rw-p 00000000 00:00 0 
7f62b8021000-7f62bc000000 ---p 00000000 00:00 0 
7f62bc000000-7f62bc021000 rw-p 00000000 00:00 0 
7f62bc021000-7f62c0000000 ---p 00000000 00:00 0 
7f62c0000000-7f62c0021000 rw-p 00000000 00:00 0 
7f62c0021000-7f62c4000000 ---p 00000000 00:00 0 
7f62c4000000-7f62c4021000 rw-p 00000000 00:00 0 
7f62c4021000-7f62c8000000 ---p 00000000 00:00 0 
7f62c8000000-7f62c8021000 rw-p 00000000 00:00 0 
7f62c8021000-7f62cc000000 ---p 00000000 00:00 0 
7f62cc0ff000-7f62cc103000 ---p 00000000 00:00 0 
7f62cc103000-7f62cc200000 rw-p 00000000 00:00 0 
7f62cc200000-7f62cc201000 ---p 00000000 00:00 0 
7f62cc201000-7f62cc302000 rw-p 00000000 00:00 0 
7f62cc302000-7f62cc303000 ---p 00000000 00:00 0 
7f62cc303000-7f62cc404000 rw-p 00000000 00:00 0 
7f62cc404000-7f62cc405000 ---p 00000000 00:00 0 
7f62cc405000-7f62cc506000 rw-p 00000000 00:00 0 
7f62cc506000-7f62cc507000 ---p 00000000 00:00 0 
7f62cc507000-7f62cc608000 rw-p 00000000 00:00 0 
7f62cc608000-7f62cc609000 ---p 00000000 00:00 0 
7f62cc609000-7f62cc70a000 rw-p 00000000 00:00 0 
7f62cc70a000-7f62cc70e000 ---p 00000000 00:00 0 
7f62cc70e000-7f62cc80b000 rw-p 00000000 00:00 0 
7f62cc80b000-7f62cc80c000 ---p 00000000 00:00 0 
7f62cc80c000-7f62cc90d000 rw-p 00000000 00:00 0 
7f62cc90d000-7f62cc911000 ---p 00000000 00:00 0 
7f62cc911000-7f62cca0e000 rw-p 00000000 00:00 0 
7f62cca0e000-7f62cca12000 ---p 00000000 00:00 0 
7f62cca12000-7f62ccb0f000 rw-p 00000000 00:00 0 
7f62ccb0f000-7f62ccb13000 ---p 00000000 00:00 0 
7f62ccb13000-7f62ccc10000 rw-p 00000000 00:00 0 
7f62ccc10000-7f62ccc14000 ---p 00000000 00:00 0 
7f62ccc14000-7f62ccd11000 rw-p 00000000 00:00 0 
7f62ccd11000-7f62ccd15000 ---p 00000000 00:00 0 
7f62ccd15000-7f62cce12000 rw-p 00000000 00:00 0 
7f62cce12000-7f62cce16000 ---p 00000000 00:00 0 
7f62cce16000-7f62ccf13000 rw-p 00000000 00:00 0 
7f62ccf13000-7f62ccf17000 ---p 00000000 00:00 0 
7f62ccf17000-7f62cd014000 rw-p 00000000 00:00 0 
7f62cd014000-7f62cd018000 ---p 00000000 00:00 0 
7f62cd018000-7f62cd115000 rw-p 00000000 00:00 0 
7f62cd115000-7f62cd119000 ---p 00000000 00:00 0 
7f62cd119000-7f62cd216000 rw-p 00000000 00:00 0 
7f62cd216000-7f62cd21a000 ---p 00000000 00:00 0 
7f62cd21a000-7f62cd317000 rw-p 00000000 00:00 0 
7f62cd317000-7f62cd31b000 ---p 00000000 00:00 0 
7f62cd31b000-7f62cd418000 rw-p 00000000 00:00 0 
7f62cd418000-7f62cd6ff000 r--p 00000000 103:02 3168159                   /usr/lib/locale/locale-archive
7f62cd6ff000-7f62cd703000 ---p 00000000 00:00 0 
7f62cd703000-7f62cdc00000 rw-p 00000000 00:00 0 
7f62cdc00000-7f62cdf80000 rw-p 00000000 00:00 0 
7f62cdf80000-7f62d0000000 rw-p 00000000 00:00 0 
7f62d0000000-7f62d0021000 rw-p 00000000 00:00 0 
7f62d0021000-7f62d4000000 ---p 00000000 00:00 0 
7f62d4091000-7f62d4095000 ---p 00000000 00:00 0 
7f62d4095000-7f62d40b3000 rw-p 00000000 00:00 0 
7f62d40b3000-7f62d40ba000 r--s 00000000 103:02 3194164                   /usr/lib/x86_64-linux-gnu/gconv/gconv-modules.cache
7f62d40ba000-7f62d40df000 r--p 00000000 103:02 3152389                   /usr/share/locale/fr/LC_MESSAGES/libc.mo
7f62d40df000-7f62d40e3000 r--p 00000000 103:02 3191076                   /usr/lib/jvm/java-17-openjdk-amd64/lib/libnet.so
7f62d40e3000-7f62d40f1000 r-xp 00004000 103:02 3191076                   /usr/lib/jvm/java-17-openjdk-amd64/lib/libnet.so
7f62d40f1000-7f62d40f5000 r--p 00012000 103:02 3191076                   /usr/lib/jvm/java-17-openjdk-amd64/lib/libnet.so
7f62d40f5000-7f62d40f6000 r--p 00015000 103:02 3191076                   /usr/lib/jvm/java-17-openjdk-amd64/lib/libnet.so
7f62d40f6000-7f62d40f7000 rw-p 00016000 103:02 3191076                   /usr/lib/jvm/java-17-openjdk-amd64/lib/libnet.so
7f62d40f7000-7f62d40fb000 ---p 00000000 00:00 0 
7f62d40fb000-7f62d41f8000 rw-p 00000000 00:00 0 
7f62d41f8000-7f62d41f9000 ---p 00000000 00:00 0 
7f62d41f9000-7f62d5209000 rw-p 00000000 00:00 0 
7f62d5209000-7f62d55f9000 rwxp 00000000 00:00 0 
7f62d55f9000-7f62dc668000 ---p 00000000 00:00 0 
7f62dc668000-7f62dc8d8000 rwxp 00000000 00:00 0 
7f62dc8d8000-7f62dcda9000 ---p 00000000 00:00 0 
7f62dcda9000-7f62dd019000 rwxp 00000000 00:00 0 
7f62dd019000-7f62e4209000 ---p 00000000 00:00 0 
7f62e4209000-7f62ec000000 r--s 00000000 103:02 3192854                   /usr/lib/jvm/java-17-openjdk-amd64/lib/modules
7f62ec000000-7f62ec59b000 rw-p 00000000 00:00 0 
7f62ec59b000-7f62f0000000 ---p 00000000 00:00 0 
7f62f0005000-7f62f0009000 r--p 00000000 103:02 3192852                   /usr/lib/jvm/java-17-openjdk-amd64/lib/libverify.so
7f62f0009000-7f62f0010000 r-xp 00004000 103:02 3192852                   /usr/lib/jvm/java-17-openjdk-amd64/lib/libverify.so
7f62f0010000-7f62f0012000 r--p 0000b000 103:02 3192852                   /usr/lib/jvm/java-17-openjdk-amd64/lib/libverify.so
7f62f0012000-7f62f0014000 r--p 0000c000 103:02 3192852                   /usr/lib/jvm/java-17-openjdk-amd64/lib/libverify.so
7f62f0014000-7f62f0015000 rw-p 0000e000 103:02 3192852                   /usr/lib/jvm/java-17-openjdk-amd64/lib/libverify.so
7f62f0015000-7f62f001b000 r--p 00000000 103:02 3191077                   /usr/lib/jvm/java-17-openjdk-amd64/lib/libnio.so
7f62f001b000-7f62f0023000 r-xp 00006000 103:02 3191077                   /usr/lib/jvm/java-17-openjdk-amd64/lib/libnio.so
7f62f0023000-7f62f0027000 r--p 0000e000 103:02 3191077                   /usr/lib/jvm/java-17-openjdk-amd64/lib/libnio.so
7f62f0027000-7f62f0028000 ---p 00012000 103:02 3191077                   /usr/lib/jvm/java-17-openjdk-amd64/lib/libnio.so
7f62f0028000-7f62f0029000 r--p 00012000 103:02 3191077                   /usr/lib/jvm/java-17-openjdk-amd64/lib/libnio.so
7f62f0029000-7f62f002a000 rw-p 00013000 103:02 3191077                   /usr/lib/jvm/java-17-openjdk-amd64/lib/libnio.so
7f62f002a000-7f62f002f000 r--p 00000000 103:02 3191070                   /usr/lib/jvm/java-17-openjdk-amd64/lib/libjsvml.so
7f62f002f000-7f62f0070000 r-xp 00005000 103:02 3191070                   /usr/lib/jvm/java-17-openjdk-amd64/lib/libjsvml.so
7f62f0070000-7f62f00f9000 r--p 00046000 103:02 3191070                   /usr/lib/jvm/java-17-openjdk-amd64/lib/libjsvml.so
7f62f00f9000-7f62f00fa000 r--p 000ce000 103:02 3191070                   /usr/lib/jvm/java-17-openjdk-amd64/lib/libjsvml.so
7f62f00fa000-7f62f00fb000 rw-p 000cf000 103:02 3191070                   /usr/lib/jvm/java-17-openjdk-amd64/lib/libjsvml.so
7f62f00fb000-7f62f1f69000 rw-p 00000000 00:00 0 
7f62f1f69000-7f62f209d000 ---p 00000000 00:00 0 
7f62f209d000-7f62f209e000 ---p 00000000 00:00 0 
7f62f209e000-7f62f21c1000 rw-p 00000000 00:00 0 
7f62f21c1000-7f62f22f4000 ---p 00000000 00:00 0 
7f62f22f4000-7f62f2305000 rw-p 00000000 00:00 0 
7f62f2305000-7f62f239f000 ---p 00000000 00:00 0 
7f62f239f000-7f62f23a5000 rw-p 00000000 00:00 0 
7f62f23a5000-7f62f2489000 ---p 00000000 00:00 0 
7f62f2489000-7f62f2491000 rw-p 00000000 00:00 0 
7f62f2491000-7f62f2572000 ---p 00000000 00:00 0 
7f62f2572000-7f62f2e46000 r--s 00000000 103:02 789470                    /var/lib/sss/mc/passwd
7f62f2e46000-7f62f2e48000 r--p 00000000 103:02 3175991                   /usr/lib/x86_64-linux-gnu/libnss_sss.so.2
7f62f2e48000-7f62f2e4f000 r-xp 00002000 103:02 3175991                   /usr/lib/x86_64-linux-gnu/libnss_sss.so.2
7f62f2e4f000-7f62f2e51000 r--p 00009000 103:02 3175991                   /usr/lib/x86_64-linux-gnu/libnss_sss.so.2
7f62f2e51000-7f62f2e52000 r--p 0000a000 103:02 3175991                   /usr/lib/x86_64-linux-gnu/libnss_sss.so.2
7f62f2e52000-7f62f2e53000 rw-p 0000b000 103:02 3175991                   /usr/lib/x86_64-linux-gnu/libnss_sss.so.2
7f62f2e53000-7f62f2e55000 r--p 00000000 103:02 3177338                   /usr/lib/x86_64-linux-gnu/libnss_compat-2.31.so
7f62f2e55000-7f62f2e5b000 r-xp 00002000 103:02 3177338                   /usr/lib/x86_64-linux-gnu/libnss_compat-2.31.so
7f62f2e5b000-7f62f2e5c000 r--p 00008000 103:02 3177338                   /usr/lib/x86_64-linux-gnu/libnss_compat-2.31.so
7f62f2e5c000-7f62f2e5d000 ---p 00009000 103:02 3177338                   /usr/lib/x86_64-linux-gnu/libnss_compat-2.31.so
7f62f2e5d000-7f62f2e5e000 r--p 00009000 103:02 3177338                   /usr/lib/x86_64-linux-gnu/libnss_compat-2.31.so
7f62f2e5e000-7f62f2e5f000 rw-p 0000a000 103:02 3177338                   /usr/lib/x86_64-linux-gnu/libnss_compat-2.31.so
7f62f2e63000-7f62f2e68000 rw-p 00000000 00:00 0 
7f62f2e68000-7f62f2e72000 ---p 00000000 00:00 0 
7f62f2e72000-7f62f2e74000 r--s 0000c000 103:02 3682863                   /usr/share/java/java-atk-wrapper.jar
7f62f2e74000-7f62f2e76000 r--p 00000000 103:02 3192853                   /usr/lib/jvm/java-17-openjdk-amd64/lib/libzip.so
7f62f2e76000-7f62f2e7a000 r-xp 00002000 103:02 3192853                   /usr/lib/jvm/java-17-openjdk-amd64/lib/libzip.so
7f62f2e7a000-7f62f2e7c000 r--p 00006000 103:02 3192853                   /usr/lib/jvm/java-17-openjdk-amd64/lib/libzip.so
7f62f2e7c000-7f62f2e7d000 r--p 00007000 103:02 3192853                   /usr/lib/jvm/java-17-openjdk-amd64/lib/libzip.so
7f62f2e7d000-7f62f2e7e000 rw-p 00008000 103:02 3192853                   /usr/lib/jvm/java-17-openjdk-amd64/lib/libzip.so
7f62f2e7e000-7f62f2e8a000 r--p 00000000 103:02 3191062                   /usr/lib/jvm/java-17-openjdk-amd64/lib/libjava.so
7f62f2e8a000-7f62f2e9c000 r-xp 0000c000 103:02 3191062                   /usr/lib/jvm/java-17-openjdk-amd64/lib/libjava.so
7f62f2e9c000-7f62f2ea2000 r--p 0001e000 103:02 3191062                   /usr/lib/jvm/java-17-openjdk-amd64/lib/libjava.so
7f62f2ea2000-7f62f2ea3000 ---p 00024000 103:02 3191062                   /usr/lib/jvm/java-17-openjdk-amd64/lib/libjava.so
7f62f2ea3000-7f62f2ea4000 r--p 00024000 103:02 3191062                   /usr/lib/jvm/java-17-openjdk-amd64/lib/libjava.so
7f62f2ea4000-7f62f2ea5000 rw-p 00025000 103:02 3191062                   /usr/lib/jvm/java-17-openjdk-amd64/lib/libjava.so
7f62f2ea5000-7f62f2ea6000 rw-p 00000000 00:00 0 
7f62f2ea6000-7f62f2eaa000 ---p 00000000 00:00 0 
7f62f2eaa000-7f62f2fa7000 rw-p 00000000 00:00 0 
7f62f2fa7000-7f62f2faa000 r--p 00000000 103:02 3147348                   /usr/lib/x86_64-linux-gnu/libgcc_s.so.1
7f62f2faa000-7f62f2fbb000 r-xp 00003000 103:02 3147348                   /usr/lib/x86_64-linux-gnu/libgcc_s.so.1
7f62f2fbb000-7f62f2fbf000 r--p 00014000 103:02 3147348                   /usr/lib/x86_64-linux-gnu/libgcc_s.so.1
7f62f2fbf000-7f62f2fc0000 r--p 00017000 103:02 3147348                   /usr/lib/x86_64-linux-gnu/libgcc_s.so.1
7f62f2fc0000-7f62f2fc1000 rw-p 00018000 103:02 3147348                   /usr/lib/x86_64-linux-gnu/libgcc_s.so.1
7f62f2fc1000-7f62f2fce000 r--p 00000000 103:02 3168944                   /usr/lib/x86_64-linux-gnu/libm-2.31.so
7f62f2fce000-7f62f3068000 r-xp 0000d000 103:02 3168944                   /usr/lib/x86_64-linux-gnu/libm-2.31.so
7f62f3068000-7f62f3103000 r--p 000a7000 103:02 3168944                   /usr/lib/x86_64-linux-gnu/libm-2.31.so
7f62f3103000-7f62f3104000 r--p 00141000 103:02 3168944                   /usr/lib/x86_64-linux-gnu/libm-2.31.so
7f62f3104000-7f62f3105000 rw-p 00142000 103:02 3168944                   /usr/lib/x86_64-linux-gnu/libm-2.31.so
7f62f3105000-7f62f319b000 r--p 00000000 103:02 3148088                   /usr/lib/x86_64-linux-gnu/libstdc++.so.6.0.28
7f62f319b000-7f62f3277000 r-xp 00096000 103:02 3148088                   /usr/lib/x86_64-linux-gnu/libstdc++.so.6.0.28
7f62f3277000-7f62f32c1000 r--p 00172000 103:02 3148088                   /usr/lib/x86_64-linux-gnu/libstdc++.so.6.0.28
7f62f32c1000-7f62f32cc000 r--p 001bb000 103:02 3148088                   /usr/lib/x86_64-linux-gnu/libstdc++.so.6.0.28
7f62f32cc000-7f62f32cf000 rw-p 001c6000 103:02 3148088                   /usr/lib/x86_64-linux-gnu/libstdc++.so.6.0.28
7f62f32cf000-7f62f32d2000 rw-p 00000000 00:00 0 
7f62f32d2000-7f62f3522000 r--p 00000000 103:02 3561119                   /usr/lib/jvm/java-17-openjdk-amd64/lib/server/libjvm.so
7f62f3522000-7f62f426f000 r-xp 00250000 103:02 3561119                   /usr/lib/jvm/java-17-openjdk-amd64/lib/server/libjvm.so
7f62f426f000-7f62f44f8000 r--p 00f9d000 103:02 3561119                   /usr/lib/jvm/java-17-openjdk-amd64/lib/server/libjvm.so
7f62f44f8000-7f62f44f9000 ---p 01226000 103:02 3561119                   /usr/lib/jvm/java-17-openjdk-amd64/lib/server/libjvm.so
7f62f44f9000-7f62f45b1000 r--p 01226000 103:02 3561119                   /usr/lib/jvm/java-17-openjdk-amd64/lib/server/libjvm.so
7f62f45b1000-7f62f45e6000 rw-p 012de000 103:02 3561119                   /usr/lib/jvm/java-17-openjdk-amd64/lib/server/libjvm.so
7f62f45e6000-7f62f4641000 rw-p 00000000 00:00 0 
7f62f4641000-7f62f4647000 r--p 00000000 103:02 3177343                   /usr/lib/x86_64-linux-gnu/libpthread-2.31.so
7f62f4647000-7f62f4657000 r-xp 00006000 103:02 3177343                   /usr/lib/x86_64-linux-gnu/libpthread-2.31.so
7f62f4657000-7f62f465d000 r--p 00016000 103:02 3177343                   /usr/lib/x86_64-linux-gnu/libpthread-2.31.so
7f62f465d000-7f62f465e000 r--p 0001b000 103:02 3177343                   /usr/lib/x86_64-linux-gnu/libpthread-2.31.so
7f62f465e000-7f62f465f000 rw-p 0001c000 103:02 3177343                   /usr/lib/x86_64-linux-gnu/libpthread-2.31.so
7f62f465f000-7f62f4663000 rw-p 00000000 00:00 0 
7f62f4663000-7f62f4664000 r--p 00000000 103:02 3168943                   /usr/lib/x86_64-linux-gnu/libdl-2.31.so
7f62f4664000-7f62f4666000 r-xp 00001000 103:02 3168943                   /usr/lib/x86_64-linux-gnu/libdl-2.31.so
7f62f4666000-7f62f4667000 r--p 00003000 103:02 3168943                   /usr/lib/x86_64-linux-gnu/libdl-2.31.so
7f62f4667000-7f62f4668000 r--p 00003000 103:02 3168943                   /usr/lib/x86_64-linux-gnu/libdl-2.31.so
7f62f4668000-7f62f4669000 rw-p 00004000 103:02 3168943                   /usr/lib/x86_64-linux-gnu/libdl-2.31.so
7f62f4669000-7f62f466c000 r--p 00000000 103:02 3147157                   /usr/lib/x86_64-linux-gnu/libz.so.1.2.11
7f62f466c000-7f62f467d000 r-xp 00003000 103:02 3147157                   /usr/lib/x86_64-linux-gnu/libz.so.1.2.11
7f62f467d000-7f62f4683000 r--p 00014000 103:02 3147157                   /usr/lib/x86_64-linux-gnu/libz.so.1.2.11
7f62f4683000-7f62f4684000 ---p 0001a000 103:02 3147157                   /usr/lib/x86_64-linux-gnu/libz.so.1.2.11
7f62f4684000-7f62f4685000 r--p 0001a000 103:02 3147157                   /usr/lib/x86_64-linux-gnu/libz.so.1.2.11
7f62f4685000-7f62f4686000 rw-p 0001b000 103:02 3147157                   /usr/lib/x86_64-linux-gnu/libz.so.1.2.11
7f62f4686000-7f62f46a8000 r--p 00000000 103:02 3168942                   /usr/lib/x86_64-linux-gnu/libc-2.31.so
7f62f46a8000-7f62f4801000 r-xp 00022000 103:02 3168942                   /usr/lib/x86_64-linux-gnu/libc-2.31.so
7f62f4801000-7f62f4850000 r--p 0017b000 103:02 3168942                   /usr/lib/x86_64-linux-gnu/libc-2.31.so
7f62f4850000-7f62f4854000 r--p 001c9000 103:02 3168942                   /usr/lib/x86_64-linux-gnu/libc-2.31.so
7f62f4854000-7f62f4856000 rw-p 001cd000 103:02 3168942                   /usr/lib/x86_64-linux-gnu/libc-2.31.so
7f62f4856000-7f62f485a000 rw-p 00000000 00:00 0 
7f62f485a000-7f62f4862000 rw-s 00000000 103:02 1837533                   /tmp/hsperfdata_quentin.moutte.etu/88978
7f62f4862000-7f62f4863000 r--p 00000000 103:02 3191052                   /usr/lib/jvm/java-17-openjdk-amd64/lib/libinstrument.so
7f62f4863000-7f62f4869000 r-xp 00001000 103:02 3191052                   /usr/lib/jvm/java-17-openjdk-amd64/lib/libinstrument.so
7f62f4869000-7f62f486c000 r--p 00007000 103:02 3191052                   /usr/lib/jvm/java-17-openjdk-amd64/lib/libinstrument.so
7f62f486c000-7f62f486d000 r--p 00009000 103:02 3191052                   /usr/lib/jvm/java-17-openjdk-amd64/lib/libinstrument.so
7f62f486d000-7f62f486e000 rw-p 0000a000 103:02 3191052                   /usr/lib/jvm/java-17-openjdk-amd64/lib/libinstrument.so
7f62f486e000-7f62f486f000 ---p 00000000 00:00 0 
7f62f486f000-7f62f4870000 r--p 00000000 00:00 0 
7f62f4870000-7f62f4872000 r--p 00000000 103:02 3191066                   /usr/lib/jvm/java-17-openjdk-amd64/lib/libjimage.so
7f62f4872000-7f62f4875000 r-xp 00002000 103:02 3191066                   /usr/lib/jvm/java-17-openjdk-amd64/lib/libjimage.so
7f62f4875000-7f62f4876000 r--p 00005000 103:02 3191066                   /usr/lib/jvm/java-17-openjdk-amd64/lib/libjimage.so
7f62f4876000-7f62f4877000 ---p 00006000 103:02 3191066                   /usr/lib/jvm/java-17-openjdk-amd64/lib/libjimage.so
7f62f4877000-7f62f4878000 r--p 00006000 103:02 3191066                   /usr/lib/jvm/java-17-openjdk-amd64/lib/libjimage.so
7f62f4878000-7f62f4879000 rw-p 00007000 103:02 3191066                   /usr/lib/jvm/java-17-openjdk-amd64/lib/libjimage.so
7f62f4879000-7f62f487b000 r--p 00000000 103:02 3191067                   /usr/lib/jvm/java-17-openjdk-amd64/lib/libjli.so
7f62f487b000-7f62f4885000 r-xp 00002000 103:02 3191067                   /usr/lib/jvm/java-17-openjdk-amd64/lib/libjli.so
7f62f4885000-7f62f4888000 r--p 0000c000 103:02 3191067                   /usr/lib/jvm/java-17-openjdk-amd64/lib/libjli.so
7f62f4888000-7f62f4889000 ---p 0000f000 103:02 3191067                   /usr/lib/jvm/java-17-openjdk-amd64/lib/libjli.so
7f62f4889000-7f62f488a000 r--p 0000f000 103:02 3191067                   /usr/lib/jvm/java-17-openjdk-amd64/lib/libjli.so
7f62f488a000-7f62f488b000 rw-p 00010000 103:02 3191067                   /usr/lib/jvm/java-17-openjdk-amd64/lib/libjli.so
7f62f488b000-7f62f488d000 rw-p 00000000 00:00 0 
7f62f488d000-7f62f488e000 r--p 00000000 103:02 3168849                   /usr/lib/x86_64-linux-gnu/ld-2.31.so
7f62f488e000-7f62f48ae000 r-xp 00001000 103:02 3168849                   /usr/lib/x86_64-linux-gnu/ld-2.31.so
7f62f48ae000-7f62f48b6000 r--p 00021000 103:02 3168849                   /usr/lib/x86_64-linux-gnu/ld-2.31.so
7f62f48b6000-7f62f48b7000 ---p 00000000 00:00 0 
7f62f48b7000-7f62f48b8000 r--p 00029000 103:02 3168849                   /usr/lib/x86_64-linux-gnu/ld-2.31.so
7f62f48b8000-7f62f48b9000 rw-p 0002a000 103:02 3168849                   /usr/lib/x86_64-linux-gnu/ld-2.31.so
7f62f48b9000-7f62f48ba000 rw-p 00000000 00:00 0 
7fff4d28a000-7fff4d2ab000 rw-p 00000000 00:00 0                          [stack]
7fff4d2c5000-7fff4d2c9000 r--p 00000000 00:00 0                          [vvar]
7fff4d2c9000-7fff4d2cb000 r-xp 00000000 00:00 0                          [vdso]


VM Arguments:
jvm_args: --add-modules=ALL-SYSTEM --add-opens=java.base/java.util=ALL-UNNAMED --add-opens=java.base/java.lang=ALL-UNNAMED --add-opens=java.base/sun.nio.fs=ALL-UNNAMED -Declipse.application=org.eclipse.jdt.ls.core.id1 -Dosgi.bundles.defaultStartLevel=4 -Declipse.product=org.eclipse.jdt.ls.core.product -Djava.import.generatesMetadataFilesAtProjectRoot=false -Dfile.encoding=utf8 -XX:+UseParallelGC -XX:GCTimeRatio=4 -XX:AdaptiveSizePolicyWeight=90 -Dsun.zip.disableMemoryMapping=true -Xmx1G -Xms100m -Xlog:disable -javaagent:/home/infoetu/quentin.moutte.etu/.vscode-oss/extensions/redhat.java-1.18.0-universal/lombok/lombok-1.18.27.jar 
java_command: /home/infoetu/quentin.moutte.etu/.vscode-oss/extensions/redhat.java-1.18.0-universal/server/plugins/org.eclipse.equinox.launcher_1.6.400.v20210924-0641.jar -configuration /home/infoetu/quentin.moutte.etu/.config/VSCodium/User/globalStorage/redhat.java/1.18.0/config_ss_linux -data /home/infoetu/quentin.moutte.etu/.config/VSCodium/User/workspaceStorage/bba4e4735a77dc069042abacbee27294/redhat.java/ss_ws
java_class_path (initial): /home/infoetu/quentin.moutte.etu/.vscode-oss/extensions/redhat.java-1.18.0-universal/server/plugins/org.eclipse.equinox.launcher_1.6.400.v20210924-0641.jar
Launcher Type: SUN_STANDARD

[Global flags]
    uintx AdaptiveSizePolicyWeight                 = 90                                        {product} {command line}
     intx CICompilerCount                          = 12                                        {product} {ergonomic}
    uintx GCTimeRatio                              = 4                                         {product} {command line}
   size_t InitialHeapSize                          = 104857600                                 {product} {command line}
   size_t MaxHeapSize                              = 1073741824                                {product} {command line}
   size_t MaxNewSize                               = 357564416                                 {product} {ergonomic}
   size_t MinHeapDeltaBytes                        = 524288                                    {product} {ergonomic}
   size_t MinHeapSize                              = 104857600                                 {product} {command line}
   size_t NewSize                                  = 34603008                                  {product} {ergonomic}
    uintx NonNMethodCodeHeapSize                   = 7602480                                {pd product} {ergonomic}
    uintx NonProfiledCodeHeapSize                  = 122027880                              {pd product} {ergonomic}
   size_t OldSize                                  = 70254592                                  {product} {ergonomic}
    uintx ProfiledCodeHeapSize                     = 122027880                              {pd product} {ergonomic}
    uintx ReservedCodeCacheSize                    = 251658240                              {pd product} {ergonomic}
     bool SegmentedCodeCache                       = true                                      {product} {ergonomic}
   size_t SoftMaxHeapSize                          = 1073741824                             {manageable} {ergonomic}
     bool UseCompressedClassPointers               = true                           {product lp64_product} {ergonomic}
     bool UseCompressedOops                        = true                           {product lp64_product} {ergonomic}
     bool UseParallelGC                            = true                                      {product} {command line}

Logging:
Log output configuration:
 #0: stdout all=off uptime,level,tags
 #1: stderr all=off uptime,level,tags

Environment Variables:
PATH=/usr/local/bin:/usr/bin:/bin:/usr/local/games:/usr/games
SHELL=/bin/bash
DISPLAY=:0
LANG=fr_FR.UTF-8

Signal Handlers:
   SIGSEGV: 0x00007f62f41ef290 in libjvm.so+15848080, mask=11100100010111111101111111111110, flags=SA_RESTART|SA_SIGINFO
    SIGBUS: 0x00007f62f41ef290 in libjvm.so+15848080, mask=11100100010111111101111111111110, flags=SA_RESTART|SA_SIGINFO
    SIGFPE: 0x00007f62f41ef290 in libjvm.so+15848080, mask=11100100010111111101111111111110, flags=SA_RESTART|SA_SIGINFO
   SIGPIPE: 0x00007f62f4096ca0 in libjvm.so+14437536, mask=11100100010111111101111111111110, flags=SA_RESTART|SA_SIGINFO
   SIGXFSZ: 0x00007f62f4096ca0 in libjvm.so+14437536, mask=11100100010111111101111111111110, flags=SA_RESTART|SA_SIGINFO
    SIGILL: 0x00007f62f41ef290 in libjvm.so+15848080, mask=11100100010111111101111111111110, flags=SA_RESTART|SA_SIGINFO
   SIGUSR2: 0x00007f62f4096340 in libjvm.so+14435136, mask=00000000000000000000000000000000, flags=SA_RESTART|SA_SIGINFO
    SIGHUP: 0x00007f62f4096270 in libjvm.so+14434928, mask=11100100010111111101111111111110, flags=SA_RESTART|SA_SIGINFO
    SIGINT: 0x00007f62f4096270 in libjvm.so+14434928, mask=11100100010111111101111111111110, flags=SA_RESTART|SA_SIGINFO
   SIGTERM: 0x00007f62f4096270 in libjvm.so+14434928, mask=11100100010111111101111111111110, flags=SA_RESTART|SA_SIGINFO
   SIGQUIT: 0x00007f62f4096270 in libjvm.so+14434928, mask=11100100010111111101111111111110, flags=SA_RESTART|SA_SIGINFO
   SIGTRAP: 0x00007f62f41ef290 in libjvm.so+15848080, mask=11100100010111111101111111111110, flags=SA_RESTART|SA_SIGINFO


---------------  S Y S T E M  ---------------

OS:
PRETTY_NAME="Debian GNU/Linux 11 (bullseye)"
NAME="Debian GNU/Linux"
VERSION_ID="11"
VERSION="11 (bullseye)"
VERSION_CODENAME=bullseye
ID=debian
HOME_URL="https://www.debian.org/"
SUPPORT_URL="https://www.debian.org/support"
BUG_REPORT_URL="https://bugs.debian.org/"
uname: Linux 5.10.0-17-amd64 #1 SMP Debian 5.10.136-1 (2022-08-13) x86_64
OS uptime: 6 days 5:22 hours
libc: glibc 2.31 NPTL 2.31 
rlimit (soft/hard): STACK 8192k/infinity , CORE 0k/infinity , NPROC 4096/4096 , NOFILE 1048576/1048576 , AS infinity/infinity , CPU infinity/infinity , DATA infinity/infinity , FSIZE infinity/infinity , MEMLOCK 4081737k/4081737k
load average: 2,14 1,27 0,93

/proc/meminfo:
MemTotal:       32653900 kB
MemFree:        26123148 kB
MemAvailable:   29786624 kB
Buffers:          566164 kB
Cached:          3731276 kB
SwapCached:            0 kB
Active:          2001300 kB
Inactive:        3568980 kB
Active(anon):       3252 kB
Inactive(anon):  1731884 kB
Active(file):    1998048 kB
Inactive(file):  1837096 kB
Unevictable:      392120 kB
Mlocked:              64 kB
SwapTotal:      15999996 kB
SwapFree:       15999996 kB
Dirty:              1028 kB
Writeback:            40 kB
AnonPages:       1638472 kB
Mapped:           663136 kB
Shmem:            462292 kB
KReclaimable:     292052 kB
Slab:             422408 kB
SReclaimable:     292052 kB
SUnreclaim:       130356 kB
KernelStack:       15728 kB
PageTables:        26020 kB
NFS_Unstable:          0 kB
Bounce:                0 kB
WritebackTmp:          0 kB
CommitLimit:    32326944 kB
Committed_AS:    6581036 kB
VmallocTotal:   34359738367 kB
VmallocUsed:       42740 kB
VmallocChunk:          0 kB
Percpu:            23104 kB
HardwareCorrupted:     0 kB
AnonHugePages:    325632 kB
ShmemHugePages:        0 kB
ShmemPmdMapped:        0 kB
FileHugePages:         0 kB
FilePmdMapped:         0 kB
HugePages_Total:       0
HugePages_Free:        0
HugePages_Rsvd:        0
HugePages_Surp:        0
Hugepagesize:       2048 kB
Hugetlb:               0 kB
DirectMap4k:      363112 kB
DirectMap2M:    15136768 kB
DirectMap1G:    17825792 kB

/sys/kernel/mm/transparent_hugepage/enabled: [always] madvise never
/sys/kernel/mm/transparent_hugepage/defrag (defrag/compaction efforts parameter): always defer defer+madvise [madvise] never

Process Memory:
Virtual Size: 4756152K (peak: 4756276K)
Resident Set Size: 110224K (peak: 110224K) (anon: 82044K, file: 28180K, shmem: 0K)
Swapped out: 0K
C-Heap outstanding allocations: 60972K, retained: 7731K
glibc malloc tunables: (default)

/proc/sys/kernel/threads-max (system-wide limit on the number of threads): 254542
/proc/sys/vm/max_map_count (maximum number of memory map areas a process may have): 65530
/proc/sys/kernel/pid_max (system-wide limit on number of process identifiers): 4194304

container (cgroup) information:
container_type: cgroupv2
cpu_cpuset_cpus: not supported
cpu_memory_nodes: not supported
active_processor_count: 16
cpu_quota: not supported
cpu_period: not supported
cpu_shares: not supported
memory_limit_in_bytes: unlimited
memory_and_swap_limit_in_bytes: unlimited
memory_soft_limit_in_bytes: unlimited
memory_usage_in_bytes: 2419940 k
memory_max_usage_in_bytes: not supported
memory_swap_current_in_bytes: unlimited
memory_swap_max_limit_in_bytes: unlimited
maximum number of tasks: unlimited
current number of tasks: 517

Steal ticks since vm start: 0
Steal ticks percentage since vm start:  0,000

CPU: total 16 (initial active 16) (8 cores per cpu, 2 threads per core) family 6 model 165 stepping 5 microcode 0xf0, cx8, cmov, fxsr, ht, mmx, 3dnowpref, sse, sse2, sse3, ssse3, sse4.1, sse4.2, popcnt, lzcnt, tsc, tscinvbit, avx, avx2, aes, erms, clmul, bmi1, bmi2, adx, fma, vzeroupper, clflush, clflushopt
CPU Model and flags from /proc/cpuinfo:
model name	: Intel(R) Core(TM) i7-10700 CPU @ 2.90GHz
flags		: fpu vme de pse tsc msr pae mce cx8 apic sep mtrr pge mca cmov pat pse36 clflush dts acpi mmx fxsr sse sse2 ss ht tm pbe syscall nx pdpe1gb rdtscp lm constant_tsc art arch_perfmon pebs bts rep_good nopl xtopology nonstop_tsc cpuid aperfmperf pni pclmulqdq dtes64 monitor ds_cpl vmx smx est tm2 ssse3 sdbg fma cx16 xtpr pdcm pcid sse4_1 sse4_2 x2apic movbe popcnt tsc_deadline_timer aes xsave avx f16c rdrand lahf_lm abm 3dnowprefetch cpuid_fault epb invpcid_single ssbd ibrs ibpb stibp ibrs_enhanced tpr_shadow vnmi flexpriority ept vpid ept_ad fsgsbase tsc_adjust bmi1 avx2 smep bmi2 erms invpcid mpx rdseed adx smap clflushopt intel_pt xsaveopt xsavec xgetbv1 xsaves dtherm ida arat pln pts hwp hwp_notify hwp_act_window hwp_epp pku ospke md_clear flush_l1d arch_capabilities

Online cpus: 0-15
Offline cpus: 
BIOS frequency limitation: <Not Available>
Frequency switch latency (ns): 0
Available cpu frequencies: <Not Available>
Current governor: powersave
Core performance/turbo boost: <Not Available>

Memory: 4k page, physical 32653900k(26123148k free), swap 15999996k(15999996k free)
Page Sizes: 4k

vm_info: OpenJDK 64-Bit Server VM (17.0.6+10-Debian-1deb11u1) for linux-amd64 JRE (17.0.6+10-Debian-1deb11u1), built on Jan 28 2023 20:09:51 by "buildd" with gcc 10.2.1 20210110

END.
