#
# A fatal error has been detected by the Java Runtime Environment:
#
#  SIGSEGV (0xb) at pc=0x00007ff84cdf1e58, pid=88093, tid=88094
#
# JRE version: OpenJDK Runtime Environment (17.0.6+10) (build 17.0.6+10-Debian-1deb11u1)
# Java VM: OpenJDK 64-Bit Server VM (17.0.6+10-Debian-1deb11u1, mixed mode, sharing, tiered, compressed oops, compressed class ptrs, parallel gc, linux-amd64)
# Problematic frame:
# J 757 c2 java.util.HashMap.getNode(Ljava/lang/Object;)Ljava/util/HashMap$Node; java.base@17.0.6 (150 bytes) @ 0x00007ff84cdf1e58 [0x00007ff84cdf1da0+0x00000000000000b8]
#
# No core dump will be written. Core dumps have been disabled. To enable core dumping, try "ulimit -c unlimited" before starting Java again
#
# If you would like to submit a bug report, please visit:
#   https://bugs.debian.org/openjdk-17
#

---------------  S U M M A R Y ------------

Command Line: --add-modules=ALL-SYSTEM --add-opens=java.base/java.util=ALL-UNNAMED --add-opens=java.base/java.lang=ALL-UNNAMED --add-opens=java.base/sun.nio.fs=ALL-UNNAMED -Declipse.application=org.eclipse.jdt.ls.core.id1 -Dosgi.bundles.defaultStartLevel=4 -Declipse.product=org.eclipse.jdt.ls.core.product -Djava.import.generatesMetadataFilesAtProjectRoot=false -Dfile.encoding=utf8 -XX:+UseParallelGC -XX:GCTimeRatio=4 -XX:AdaptiveSizePolicyWeight=90 -Dsun.zip.disableMemoryMapping=true -Xmx1G -Xms100m -Xlog:disable -javaagent:/home/infoetu/quentin.moutte.etu/.vscode-oss/extensions/redhat.java-1.18.0-universal/lombok/lombok-1.18.27.jar -XX:+HeapDumpOnOutOfMemoryError -XX:HeapDumpPath=/home/infoetu/quentin.moutte.etu/.config/VSCodium/User/workspaceStorage/bba4e4735a77dc069042abacbee27294/redhat.java -Daether.dependencyCollector.impl=bf /home/infoetu/quentin.moutte.etu/.vscode-oss/extensions/redhat.java-1.18.0-universal/server/plugins/org.eclipse.equinox.launcher_1.6.400.v20210924-0641.jar -configuration /home/infoetu/quentin.moutte.etu/.config/VSCodium/User/globalStorage/redhat.java/1.18.0/config_linux -data /home/infoetu/quentin.moutte.etu/.config/VSCodium/User/workspaceStorage/bba4e4735a77dc069042abacbee27294/redhat.java/jdt_ws

Host: Intel(R) Core(TM) i7-10700 CPU @ 2.90GHz, 16 cores, 31G, Debian GNU/Linux 11 (bullseye)
Time: Wed May 31 16:03:03 2023 CEST elapsed time: 0.319334 seconds (0d 0h 0m 0s)

---------------  T H R E A D  ---------------

Current thread (0x00007ff85c017090):  JavaThread "main" [_thread_in_Java, id=88094, stack(0x00007ff86213a000,0x00007ff86223b000)]

Stack: [0x00007ff86213a000,0x00007ff86223b000],  sp=0x00007ff8622384a0,  free space=1017k
Native frames: (J=compiled Java code, j=interpreted, Vv=VM code, C=native code)
J 757 c2 java.util.HashMap.getNode(Ljava/lang/Object;)Ljava/util/HashMap$Node; java.base@17.0.6 (150 bytes) @ 0x00007ff84cdf1e58 [0x00007ff84cdf1da0+0x00000000000000b8]
j  java.util.HashMap.get(Ljava/lang/Object;)Ljava/lang/Object;+2 java.base@17.0.6
j  sun.net.www.protocol.jar.JarFileFactory.getCachedJarFile(Ljava/net/URL;)Ljava/util/jar/JarFile;+31 java.base@17.0.6
j  sun.net.www.protocol.jar.JarFileFactory.get(Ljava/net/URL;Z)Ljava/util/jar/JarFile;+51 java.base@17.0.6
j  sun.net.www.protocol.jar.JarFileFactory.getOrCreate(Ljava/net/URL;Z)Ljava/util/jar/JarFile;+21 java.base@17.0.6
j  sun.net.www.protocol.jar.JarURLConnection.connect()V+43 java.base@17.0.6
j  sun.net.www.protocol.jar.JarURLConnection.getInputStream()Ljava/io/InputStream;+1 java.base@17.0.6
j  java.net.URLClassLoader.getResourceAsStream(Ljava/lang/String;)Ljava/io/InputStream;+23 java.base@17.0.6
j  java.lang.Class.getResourceAsStream(Ljava/lang/String;)Ljava/io/InputStream;+123 java.base@17.0.6
j  org.eclipse.osgi.internal.framework.AliasMapper.getTables(Ljava/lang/String;Ljava/util/Map;Ljava/util/Map;)V+3
j  org.eclipse.osgi.internal.framework.AliasMapper.<clinit>()V+48
v  ~StubRoutines::call_stub
V  [libjvm.so+0x81ce95]
V  [libjvm.so+0x7fc33c]
V  [libjvm.so+0x7fc753]
V  [libjvm.so+0x815d41]
j  org.eclipse.osgi.internal.framework.EquinoxConfiguration.<init>(Ljava/util/Map;Lorg/eclipse/osgi/internal/hookregistry/HookRegistry;)V+5
j  org.eclipse.osgi.internal.framework.EquinoxContainer.<init>(Ljava/util/Map;Lorg/osgi/framework/connect/ModuleConnector;)V+81
j  org.eclipse.osgi.launch.Equinox.<init>(Ljava/util/Map;Lorg/osgi/framework/connect/ModuleConnector;)V+10
j  org.eclipse.osgi.launch.Equinox.<init>(Ljava/util/Map;)V+3
j  org.eclipse.core.runtime.adaptor.EclipseStarter.startup([Ljava/lang/String;Ljava/lang/Runnable;)Lorg/osgi/framework/BundleContext;+28
j  org.eclipse.core.runtime.adaptor.EclipseStarter.run([Ljava/lang/String;Ljava/lang/Runnable;)Ljava/lang/Object;+21
v  ~StubRoutines::call_stub
V  [libjvm.so+0x81ce95]
V  [libjvm.so+0xc8d0a9]
V  [libjvm.so+0xc8dec6]
V  [libjvm.so+0x8ebad7]  JVM_InvokeMethod+0x147
j  jdk.internal.reflect.NativeMethodAccessorImpl.invoke0(Ljava/lang/reflect/Method;Ljava/lang/Object;[Ljava/lang/Object;)Ljava/lang/Object;+0 java.base@17.0.6
j  jdk.internal.reflect.NativeMethodAccessorImpl.invoke(Ljava/lang/Object;[Ljava/lang/Object;)Ljava/lang/Object;+133 java.base@17.0.6
j  jdk.internal.reflect.DelegatingMethodAccessorImpl.invoke(Ljava/lang/Object;[Ljava/lang/Object;)Ljava/lang/Object;+6 java.base@17.0.6
j  java.lang.reflect.Method.invoke(Ljava/lang/Object;[Ljava/lang/Object;)Ljava/lang/Object;+59 java.base@17.0.6
j  org.eclipse.equinox.launcher.Main.invokeFramework([Ljava/lang/String;[Ljava/net/URL;)V+201
j  org.eclipse.equinox.launcher.Main.basicRun([Ljava/lang/String;)V+159
j  org.eclipse.equinox.launcher.Main.run([Ljava/lang/String;)I+4
j  org.eclipse.equinox.launcher.Main.main([Ljava/lang/String;)V+10
v  ~StubRoutines::call_stub
V  [libjvm.so+0x81ce95]
V  [libjvm.so+0x8b174b]
V  [libjvm.so+0x8b44de]
C  [libjli.so+0x4594]
C  [libjli.so+0x7ca9]


siginfo: si_signo: 11 (SIGSEGV), si_code: 2 (SEGV_ACCERR), si_addr: 0x00000000eeddcffe

Register to memory mapping:

RAX=0x00000000031aaef9 is an unknown value
RBX=0x00000000151447e2 is an unknown value
RCX=0x00000000eadd4b6e points into unknown readable memory: 2f 72
RDX=0x0000000000000037 is an unknown value
RSP=0x00007ff8622384a0 is pointing into the stack for thread: 0x00007ff85c017090
RBP=0x00000000eadd4b6e points into unknown readable memory: 2f 72
RSI=0x000000000000006a is an unknown value
RDI=0x0000000000000097 is an unknown value
R8 =0x0000000000000072 is an unknown value
R9 =0x0000000001002120 is an unknown value
R10=0x00000000031aade3 is an unknown value
R11=0x0000000000000094 is an unknown value
R12=0x0 is NULL
R13=0x00007ff8622384f0 is pointing into the stack for thread: 0x00007ff85c017090
R14=0x00007ff862238568 is pointing into the stack for thread: 0x00007ff85c017090
R15=0x00007ff85c017090 is a thread


Registers:
RAX=0x00000000031aaef9, RBX=0x00000000151447e2, RCX=0x00000000eadd4b6e, RDX=0x0000000000000037
RSP=0x00007ff8622384a0, RBP=0x00000000eadd4b6e, RSI=0x000000000000006a, RDI=0x0000000000000097
R8 =0x0000000000000072, R9 =0x0000000001002120, R10=0x00000000031aade3, R11=0x0000000000000094
R12=0x0000000000000000, R13=0x00007ff8622384f0, R14=0x00007ff862238568, R15=0x00007ff85c017090
RIP=0x00007ff84cdf1e58, EFLAGS=0x0000000000010202, CSGSFS=0x002b000000000033, ERR=0x0000000000000004
  TRAPNO=0x000000000000000e

Top of Stack: (sp=0x00007ff8622384a0)
0x00007ff8622384a0:   00000000ec010328 00000000ec010328
0x00007ff8622384b0:   3165312c031aade3 00007ff8622384f0
0x00007ff8622384c0:   00007ff862238540 00007ff84c671397
0x00007ff8622384d0:   00007ff862238548 00007ff84c671397 

Instructions: (pc=0x00007ff84cdf1e58)
0x00007ff84cdf1d58:   00 00 00 00 00 00 00 00 e0 01 00 00 02 00 00 00
0x00007ff84cdf1d68:   ff ff ff ff ff ff ff ff 14 60 3c c0 01 f0 9a cc
0x00007ff84cdf1d78:   28 a0 0a f0 31 24 1c 64 11 b0 0a f0 37 24 18 64
0x00007ff84cdf1d88:   0a f0 28 24 30 64 18 64 18 64 17 64 f3 f0 05 80
0x00007ff84cdf1d98:   11 64 0c 00 00 64 0f 64 44 8b 56 08 49 bb 00 00
0x00007ff84cdf1da8:   00 00 08 00 00 00 4d 03 d3 49 3b c2 0f 85 c6 6c
0x00007ff84cdf1db8:   8c ff 66 90 0f 1f 40 00 89 84 24 00 c0 fe ff 55
0x00007ff84cdf1dc8:   48 83 ec 30 48 89 54 24 08 8b 4e 24 85 c9 0f 84
0x00007ff84cdf1dd8:   2d 01 00 00 44 8b 49 0c 45 85 c9 0f 86 bc 01 00
0x00007ff84cdf1de8:   00 41 ff c9 44 8b 52 08 49 bb 80 14 00 00 08 00
0x00007ff84cdf1df8:   00 00 49 b8 00 00 00 00 08 00 00 00 4d 03 c2 4d
0x00007ff84cdf1e08:   8b 90 e8 01 00 00 4d 3b d3 0f 85 52 01 00 00 4c
0x00007ff84cdf1e18:   8b 12 4d 8b da 49 83 e3 07 49 83 fb 01 0f 85 3e
0x00007ff84cdf1e28:   01 00 00 49 c1 ea 08 41 8b c2 81 e0 ff ff ff 7f
0x00007ff84cdf1e38:   85 c0 66 0f 1f 44 00 00 0f 84 23 01 00 00 44 8b
0x00007ff84cdf1e48:   d0 41 c1 ea 10 44 33 d0 44 89 54 24 10 45 23 ca
0x00007ff84cdf1e58:   42 8b 4c 89 10 66 66 90 85 c9 0f 84 a1 00 00 00
0x00007ff84cdf1e68:   44 8b 59 0c 45 3b da 0f 84 a9 00 00 00 44 8b 59
0x00007ff84cdf1e78:   18 45 85 db 0f 1f 40 00 0f 84 83 00 00 00 44 8b
0x00007ff84cdf1e88:   41 08 41 81 f8 50 ee 15 00 0f 84 25 01 00 00 49
0x00007ff84cdf1e98:   8b eb 44 8b 55 0c 66 90 44 3b 54 24 10 74 1c 44
0x00007ff84cdf1ea8:   8b 55 18 4d 8b 9f 48 03 00 00 41 85 03 45 85 d2
0x00007ff84cdf1eb8:   0f 84 4b 00 00 00 49 8b ea eb d7 44 8b 55 10 49
0x00007ff84cdf1ec8:   8b d2 4c 8b 54 24 08 49 3b d2 74 30 48 8b 74 24
0x00007ff84cdf1ed8:   08 48 b8 ff ff ff ff ff ff ff ff e8 98 71 8c ff
0x00007ff84cdf1ee8:   85 c0 75 18 be 45 ff ff ff 48 ff 74 24 08 48 8f
0x00007ff84cdf1ef8:   04 24 89 44 24 0c 90 e8 fc c3 8c ff 48 8b c5 eb
0x00007ff84cdf1f08:   02 33 c0 48 83 c4 30 5d 49 3b a7 40 03 00 00 0f
0x00007ff84cdf1f18:   87 e6 00 00 00 c3 44 8b 59 10 48 8b e9 49 8b d3
0x00007ff84cdf1f28:   4c 8b 54 24 08 49 3b d2 74 32 89 4c 24 14 48 8b
0x00007ff84cdf1f38:   74 24 08 66 90 48 b8 a0 eb 00 00 08 00 00 00 e8
0x00007ff84cdf1f48:   54 2d fc ff 85 c0 75 14 be 45 ff ff ff 48 8b 6c 


Stack slot to memory mapping:
stack at sp + 0 slots: 0x00000000ec010328 is an oop: java.lang.String 
{0x00000000ec010328} - klass: 'java/lang/String'
 - string: "file:///home/infoetu/quentin.moutte.etu/.vscode-oss/extensions/redhat.java-1.18.0-universal/server/plugins/org.eclipse.osgi_3.18.400.v20230323-1847.jar"
stack at sp + 1 slots: 0x00000000ec010328 is an oop: java.lang.String 
{0x00000000ec010328} - klass: 'java/lang/String'
 - string: "file:///home/infoetu/quentin.moutte.etu/.vscode-oss/extensions/redhat.java-1.18.0-universal/server/plugins/org.eclipse.osgi_3.18.400.v20230323-1847.jar"
stack at sp + 2 slots: 0x3165312c031aade3 is an unknown value
stack at sp + 3 slots: 0x00007ff8622384f0 is pointing into the stack for thread: 0x00007ff85c017090
stack at sp + 4 slots: 0x00007ff862238540 is pointing into the stack for thread: 0x00007ff85c017090
stack at sp + 5 slots: 0x00007ff84c671397 is at code_begin+1463 in an Interpreter codelet
return entry points  [0x00007ff84c670de0, 0x00007ff84c6718e0]  2816 bytes
stack at sp + 6 slots: 0x00007ff862238548 is pointing into the stack for thread: 0x00007ff85c017090
stack at sp + 7 slots: 0x00007ff84c671397 is at code_begin+1463 in an Interpreter codelet
return entry points  [0x00007ff84c670de0, 0x00007ff84c6718e0]  2816 bytes

--------------------------------------------------------------------------------
[Constant Pool (empty)]

--------------------------------------------------------------------------------

[MachCode]
  0x00007ff84cdf1da0: 448b 5608 | 49bb 0000 | 0000 0800 | 0000 4d03 | d349 3bc2 | 0f85 c66c | 8cff 6690 | 0f1f 4000 
  0x00007ff84cdf1dc0: 8984 2400 | c0fe ff55 | 4883 ec30 | 4889 5424 | 088b 4e24 | 85c9 0f84 | 2d01 0000 | 448b 490c 
  0x00007ff84cdf1de0: 4585 c90f | 86bc 0100 | 0041 ffc9 | 448b 5208 | 49bb 8014 | 0000 0800 | 0000 49b8 | 0000 0000 
  0x00007ff84cdf1e00: 0800 0000 | 4d03 c24d | 8b90 e801 | 0000 4d3b | d30f 8552 | 0100 004c | 8b12 4d8b | da49 83e3 
  0x00007ff84cdf1e20: 0749 83fb | 010f 853e | 0100 0049 | c1ea 0841 | 8bc2 81e0 | ffff ff7f | 85c0 660f | 1f44 0000 
  0x00007ff84cdf1e40: 0f84 2301 | 0000 448b | d041 c1ea | 1044 33d0 | 4489 5424 | 1045 23ca | 428b 4c89 | 1066 6690 
  0x00007ff84cdf1e60: 85c9 0f84 | a100 0000 | 448b 590c | 453b da0f | 84a9 0000 | 0044 8b59 | 1845 85db | 0f1f 4000 
  0x00007ff84cdf1e80: 0f84 8300 | 0000 448b | 4108 4181 | f850 ee15 | 000f 8425 | 0100 0049 | 8beb 448b | 550c 6690 
  0x00007ff84cdf1ea0: 443b 5424 | 1074 1c44 | 8b55 184d | 8b9f 4803 | 0000 4185 | 0345 85d2 | 0f84 4b00 | 0000 498b 
  0x00007ff84cdf1ec0: eaeb d744 | 8b55 1049 | 8bd2 4c8b | 5424 0849 | 3bd2 7430 | 488b 7424 | 0848 b8ff | ffff ffff 
  0x00007ff84cdf1ee0: ffff ffe8 | 9871 8cff | 85c0 7518 | be45 ffff | ff48 ff74 | 2408 488f | 0424 8944 | 240c 90e8 
  0x00007ff84cdf1f00: fcc3 8cff | 488b c5eb | 0233 c048 | 83c4 305d | 493b a740 | 0300 000f | 87e6 0000 | 00c3 448b 
  0x00007ff84cdf1f20: 5910 488b | e949 8bd3 | 4c8b 5424 | 0849 3bd2 | 7432 894c | 2414 488b | 7424 0866 | 9048 b8a0 
  0x00007ff84cdf1f40: eb00 0008 | 0000 00e8 | 542d fcff | 85c0 7514 | be45 ffff | ff48 8b6c | 2408 8944 | 2408 90e8 
  0x00007ff84cdf1f60: 9cc3 8cff | 488b c5eb | a244 894c | 2414 4889 | 1424 488b | e989 4c24 | 1048 8bf2 | 9048 b8a0 
  0x00007ff84cdf1f80: eb00 0008 | 0000 00e8 | 5456 8cff | 48ff 3424 | 488f 4424 | 088b 4c24 | 1044 8b4c | 2414 6690 
  0x00007ff84cdf1fa0: e9a1 feff | ffbe 45ff | ffff 488b | ea89 0c24 | 4489 4c24 | 0866 90e8 | 44c3 8cff | be45 ffff 
  0x00007ff84cdf1fc0: ff48 8b6c | 2408 890c | 2444 895c | 2404 90e8 | 2cc3 8cff | be45 ffff | ff89 0c24 | 4489 4c24 
  0x00007ff84cdf1fe0: 0448 8954 | 2410 90e8 | 14c3 8cff | 488b f0eb | 0848 8bf0 | eb03 488b | f048 83c4 | 305d e9fd 
  0x00007ff84cdf2000: 5097 ff49 | ba10 1fdf | 4cf8 7f00 | 004d 8997 | 5803 0000 | e9e7 d38c | fff4 f4f4 | f4f4 f4f4 
  0x00007ff84cdf2020: e95b 7096 | ffe8 0000 | 0000 4883 | 2c24 05e9 | 6cc6 8cff | f4f4 f4f4 
[/MachCode]
--------------------------------------------------------------------------------


---------------  P R O C E S S  ---------------

Threads class SMR info:
_java_thread_list=0x00007ff85c40cd80, length=19, elements={
0x00007ff85c017090, 0x00007ff85c221830, 0x00007ff85c222c40, 0x00007ff85c22d8c0,
0x00007ff85c22ec40, 0x00007ff85c230020, 0x00007ff85c231a20, 0x00007ff85c23af10,
0x00007ff85c23c350, 0x00007ff85c258130, 0x00007ff818055c70, 0x00007ff808021b00,
0x00007ff808022c70, 0x00007ff818089d40, 0x00007ff81808aea0, 0x00007ff85c31e5e0,
0x00007ff7f80ed1e0, 0x00007ff80408c5b0, 0x00007ff85c40c350
}

Java Threads: ( => current thread )
=>0x00007ff85c017090 JavaThread "main" [_thread_in_Java, id=88094, stack(0x00007ff86213a000,0x00007ff86223b000)]
  0x00007ff85c221830 JavaThread "Reference Handler" daemon [_thread_blocked, id=88098, stack(0x00007ff83c9fd000,0x00007ff83cafe000)]
  0x00007ff85c222c40 JavaThread "Finalizer" daemon [_thread_blocked, id=88099, stack(0x00007ff83c8fc000,0x00007ff83c9fd000)]
  0x00007ff85c22d8c0 JavaThread "Signal Dispatcher" daemon [_thread_blocked, id=88100, stack(0x00007ff83c514000,0x00007ff83c615000)]
  0x00007ff85c22ec40 JavaThread "Service Thread" daemon [_thread_blocked, id=88101, stack(0x00007ff83c413000,0x00007ff83c514000)]
  0x00007ff85c230020 JavaThread "Monitor Deflation Thread" daemon [_thread_blocked, id=88102, stack(0x00007ff83c312000,0x00007ff83c413000)]
  0x00007ff85c231a20 JavaThread "C2 CompilerThread0" daemon [_thread_blocked, id=88103, stack(0x00007ff83c211000,0x00007ff83c312000)]
  0x00007ff85c23af10 JavaThread "C1 CompilerThread0" daemon [_thread_blocked, id=88104, stack(0x00007ff83c110000,0x00007ff83c211000)]
  0x00007ff85c23c350 JavaThread "Sweeper thread" daemon [_thread_blocked, id=88105, stack(0x00007ff83c00f000,0x00007ff83c110000)]
  0x00007ff85c258130 JavaThread "Common-Cleaner" daemon [_thread_blocked, id=88106, stack(0x00007ff817eff000,0x00007ff818000000)]
  0x00007ff818055c70 JavaThread "C1 CompilerThread1" daemon [_thread_blocked, id=88107, stack(0x00007ff817dfe000,0x00007ff817eff000)]
  0x00007ff808021b00 JavaThread "C2 CompilerThread1" daemon [_thread_blocked, id=88108, stack(0x00007ff817cfd000,0x00007ff817dfe000)]
  0x00007ff808022c70 JavaThread "C2 CompilerThread2" daemon [_thread_blocked, id=88109, stack(0x00007ff817bfc000,0x00007ff817cfd000)]
  0x00007ff818089d40 JavaThread "C1 CompilerThread2" daemon [_thread_blocked, id=88110, stack(0x00007ff817afb000,0x00007ff817bfc000)]
  0x00007ff81808aea0 JavaThread "C1 CompilerThread3" daemon [_thread_blocked, id=88111, stack(0x00007ff8179fa000,0x00007ff817afb000)]
  0x00007ff85c31e5e0 JavaThread "Notification Thread" daemon [_thread_blocked, id=88112, stack(0x00007ff8178f9000,0x00007ff8179fa000)]
  0x00007ff7f80ed1e0 JavaThread "C2 CompilerThread3" daemon [_thread_blocked, id=88114, stack(0x00007ff8176f6000,0x00007ff8177f7000)]
  0x00007ff80408c5b0 JavaThread "C2 CompilerThread4" daemon [_thread_blocked, id=88115, stack(0x00007ff8175f5000,0x00007ff8176f6000)]
  0x00007ff85c40c350 JavaThread "process reaper" daemon [_thread_blocked, id=88117, stack(0x00007ff860011000,0x00007ff860033000)]

Other Threads:
  0x00007ff85c21cfe0 VMThread "VM Thread" [stack: 0x00007ff83cb00000,0x00007ff83cc00000] [id=88097]
  0x00007ff85c31f7c0 WatcherThread [stack: 0x00007ff8177f9000,0x00007ff8178f9000] [id=88113]
  0x00007ff85c02e300 GCTaskThread "GC Thread#0" [stack: 0x00007ff861333000,0x00007ff861433000] [id=88095]

Threads with active compile tasks:

VM state: not at safepoint (normal execution)

VM Mutex/Monitor currently owned by a thread: None

Heap address: 0x00000000c0000000, size: 1024 MB, Compressed Oops mode: 32-bit

CDS archive(s) mapped at: [0x0000000800000000-0x0000000800be3000-0x0000000800be3000), size 12464128, SharedBaseAddress: 0x0000000800000000, ArchiveRelocationMode: 0.
Compressed class space mapped at: 0x0000000800c00000-0x0000000840c00000, reserved size: 1073741824
Narrow klass base: 0x0000000800000000, Narrow klass shift: 0, Narrow klass range: 0x100000000

GC Precious Log:
 CPUs: 16 total, 16 available
 Memory: 31888M
 Large Page Support: Disabled
 NUMA Support: Disabled
 Compressed Oops: Enabled (32-bit)
 Alignments: Space 512K, Generation 512K, Heap 2M
 Heap Min Capacity: 100M
 Heap Initial Capacity: 100M
 Heap Max Capacity: 1G
 Pre-touch: Disabled
 Parallel Workers: 13

Heap:
 PSYoungGen      total 29696K, used 22057K [0x00000000eab00000, 0x00000000ecc00000, 0x0000000100000000)
  eden space 25600K, 86% used [0x00000000eab00000,0x00000000ec08a418,0x00000000ec400000)
  from space 4096K, 0% used [0x00000000ec800000,0x00000000ec800000,0x00000000ecc00000)
  to   space 4096K, 0% used [0x00000000ec400000,0x00000000ec400000,0x00000000ec800000)
 ParOldGen       total 68608K, used 0K [0x00000000c0000000, 0x00000000c4300000, 0x00000000eab00000)
  object space 68608K, 0% used [0x00000000c0000000,0x00000000c0000000,0x00000000c4300000)
 Metaspace       used 4400K, committed 4544K, reserved 1056768K
  class space    used 434K, committed 512K, reserved 1048576K

Card table byte_map: [0x00007ff861433000,0x00007ff861634000] _byte_map_base: 0x00007ff860e33000

Marking Bits: (ParMarkBitMap*) 0x00007ff8638ab7a0
 Begin Bits: [0x00007ff83e000000, 0x00007ff83f000000)
 End Bits:   [0x00007ff83f000000, 0x00007ff840000000)

Polling page: 0x00007ff863b02000

Metaspace:

Usage:
  Non-class:      3,87 MB used.
      Class:    434,76 KB used.
       Both:      4,30 MB used.

Virtual space:
  Non-class space:        8,00 MB reserved,       3,94 MB ( 49%) committed,  1 nodes.
      Class space:        1,00 GB reserved,     512,00 KB ( <1%) committed,  1 nodes.
             Both:        1,01 GB reserved,       4,44 MB ( <1%) committed. 

Chunk freelists:
   Non-Class:  3,44 MB
       Class:  3,55 MB
        Both:  6,98 MB

MaxMetaspaceSize: unlimited
CompressedClassSpaceSize: 1,00 GB
Initial GC threshold: 21,00 MB
Current GC threshold: 21,00 MB
CDS: on
MetaspaceReclaimPolicy: balanced
 - commit_granule_bytes: 65536.
 - commit_granule_words: 8192.
 - virtual_space_node_default_size: 1048576.
 - enlarge_chunks_in_place: 1.
 - new_chunks_are_fully_committed: 0.
 - uncommit_free_chunks: 1.
 - use_allocation_guard: 0.
 - handle_deallocations: 1.


Internal statistics:

num_allocs_failed_limit: 0.
num_arena_births: 32.
num_arena_deaths: 0.
num_vsnodes_births: 2.
num_vsnodes_deaths: 0.
num_space_committed: 71.
num_space_uncommitted: 0.
num_chunks_returned_to_freelist: 0.
num_chunks_taken_from_freelist: 66.
num_chunk_merges: 0.
num_chunk_splits: 47.
num_chunks_enlarged: 40.
num_purges: 0.
num_inconsistent_stats: 0.

CodeHeap 'non-profiled nmethods': size=119168Kb used=334Kb max_used=334Kb free=118833Kb
 bounds [0x00007ff84cda9000, 0x00007ff84d019000, 0x00007ff854209000]
CodeHeap 'profiled nmethods': size=119164Kb used=1360Kb max_used=1360Kb free=117803Kb
 bounds [0x00007ff845209000, 0x00007ff845479000, 0x00007ff84c668000]
CodeHeap 'non-nmethods': size=7428Kb used=2829Kb max_used=2863Kb free=4598Kb
 bounds [0x00007ff84c668000, 0x00007ff84c938000, 0x00007ff84cda9000]
 total_blobs=1282 nmethods=846 adapters=349
 compilation: enabled
              stopped_count=0, restarted_count=0
 full_count=0

Compilation events (20 events):
Event: 0,299 Thread 0x00007ff818055c70 nmethod 836 0x00007ff84535a390 code [0x00007ff84535a560, 0x00007ff84535a900]
Event: 0,299 Thread 0x00007ff85c23af10 nmethod 838 0x00007ff84535aa90 code [0x00007ff84535ac40, 0x00007ff84535ae40]
Event: 0,299 Thread 0x00007ff81808aea0 nmethod 839 0x00007ff84535af10 code [0x00007ff84535b0c0, 0x00007ff84535b260]
Event: 0,299 Thread 0x00007ff818089d40 nmethod 835 0x00007ff84535b310 code [0x00007ff84535b520, 0x00007ff84535bb40]
Event: 0,299 Thread 0x00007ff85c23af10  840       3       java.nio.MappedByteBuffer::position (6 bytes)
Event: 0,299 Thread 0x00007ff81808aea0  841       3       java.nio.Buffer::remaining (20 bytes)
Event: 0,299 Thread 0x00007ff85c23af10 nmethod 840 0x00007ff84535be10 code [0x00007ff84535bfc0, 0x00007ff84535c1c0]
Event: 0,299 Thread 0x00007ff85c23af10  842       3       java.nio.channels.spi.AbstractInterruptibleChannel::isOpen (13 bytes)
Event: 0,299 Thread 0x00007ff818055c70  843       1       java.nio.DirectByteBuffer::isReadOnly (2 bytes)
Event: 0,299 Thread 0x00007ff81808aea0 nmethod 841 0x00007ff84535c310 code [0x00007ff84535c4c0, 0x00007ff84535c650]
Event: 0,299 Thread 0x00007ff81808aea0  844       1       java.nio.ByteBuffer::base (5 bytes)
Event: 0,299 Thread 0x00007ff818055c70 nmethod 843 0x00007ff84cdfbd90 code [0x00007ff84cdfbf20, 0x00007ff84cdfbff0]
Event: 0,299 Thread 0x00007ff818055c70  845       1       java.nio.DirectByteBuffer::base (2 bytes)
Event: 0,299 Thread 0x00007ff85c23af10 nmethod 842 0x00007ff84535c710 code [0x00007ff84535c8a0, 0x00007ff84535ca10]
Event: 0,299 Thread 0x00007ff818089d40  846       3       sun.nio.ch.Util::isBufferTooLarge (15 bytes)
Event: 0,299 Thread 0x00007ff81808aea0 nmethod 844 0x00007ff84cdfc090 code [0x00007ff84cdfc220, 0x00007ff84cdfc2f0]
Event: 0,299 Thread 0x00007ff818055c70 nmethod 845 0x00007ff84cdfc390 code [0x00007ff84cdfc520, 0x00007ff84cdfc5f0]
Event: 0,299 Thread 0x00007ff818089d40 nmethod 846 0x00007ff84535ca90 code [0x00007ff84535cc20, 0x00007ff84535cd70]
Event: 0,301 Thread 0x00007ff81808aea0  847       3       java.io.RandomAccessFile::seek (22 bytes)
Event: 0,301 Thread 0x00007ff81808aea0 nmethod 847 0x00007ff84535ce10 code [0x00007ff84535cfe0, 0x00007ff84535d210]

GC Heap History (0 events):
No events

Dll operation events (9 events):
Event: 0,002 Loaded shared library /usr/lib/jvm/java-17-openjdk-amd64/lib/libjava.so
Event: 0,002 Loaded shared library /usr/lib/jvm/java-17-openjdk-amd64/lib/libzip.so
Event: 0,005 Loaded shared library /usr/lib/jvm/java-17-openjdk-amd64/lib/libjsvml.so
Event: 0,047 Loaded shared library /usr/lib/jvm/java-17-openjdk-amd64/lib/libinstrument.so
Event: 0,048 Loaded shared library /usr/lib/jvm/java-17-openjdk-amd64/lib/libnio.so
Event: 0,049 Loaded shared library /usr/lib/jvm/java-17-openjdk-amd64/lib/libzip.so
Event: 0,054 Loaded shared library /usr/lib/jvm/java-17-openjdk-amd64/lib/libjimage.so
Event: 0,071 Loaded shared library /usr/lib/jvm/java-17-openjdk-amd64/lib/libverify.so
Event: 0,295 Loaded shared library /usr/lib/jvm/java-17-openjdk-amd64/lib/libnet.so

Deoptimization events (20 events):
Event: 0,165 Thread 0x00007ff85c017090 Uncommon trap: trap_request=0xffffff45 fr.pc=0x00007ff84cdd2664 relative=0x00000000000005a4
Event: 0,165 Thread 0x00007ff85c017090 Uncommon trap: reason=unstable_if action=reinterpret pc=0x00007ff84cdd2664 method=java.lang.AbstractStringBuilder.append(Ljava/lang/String;)Ljava/lang/AbstractStringBuilder; @ 1 c2
Event: 0,165 Thread 0x00007ff85c017090 DEOPT PACKING pc=0x00007ff84cdd2664 sp=0x00007ff8622387b0
Event: 0,165 Thread 0x00007ff85c017090 DEOPT UNPACKING pc=0x00007ff84c6be399 sp=0x00007ff862238798 mode 2
Event: 0,211 Thread 0x00007ff85c017090 DEOPT PACKING pc=0x00007ff8452ca93a sp=0x00007ff862238880
Event: 0,211 Thread 0x00007ff85c017090 DEOPT UNPACKING pc=0x00007ff84c6beb2f sp=0x00007ff862237cf8 mode 0
Event: 0,231 Thread 0x00007ff85c017090 DEOPT PACKING pc=0x00007ff8452ca93a sp=0x00007ff862238900
Event: 0,231 Thread 0x00007ff85c017090 DEOPT UNPACKING pc=0x00007ff84c6beb2f sp=0x00007ff862237d78 mode 0
Event: 0,240 Thread 0x00007ff85c017090 Uncommon trap: trap_request=0xffffff45 fr.pc=0x00007ff84cde8aa8 relative=0x0000000000000108
Event: 0,240 Thread 0x00007ff85c017090 Uncommon trap: reason=unstable_if action=reinterpret pc=0x00007ff84cde8aa8 method=java.math.BigInteger.addOne([IIII)I @ 55 c2
Event: 0,240 Thread 0x00007ff85c017090 DEOPT PACKING pc=0x00007ff84cde8aa8 sp=0x00007ff862238770
Event: 0,240 Thread 0x00007ff85c017090 DEOPT UNPACKING pc=0x00007ff84c6be399 sp=0x00007ff862238730 mode 2
Event: 0,251 Thread 0x00007ff85c017090 Uncommon trap: trap_request=0xffffff45 fr.pc=0x00007ff84cde1480 relative=0x00000000000008e0
Event: 0,251 Thread 0x00007ff85c017090 Uncommon trap: reason=unstable_if action=reinterpret pc=0x00007ff84cde1480 method=java.util.HashMap.putVal(ILjava/lang/Object;Ljava/lang/Object;ZZ)Ljava/lang/Object; @ 81 c2
Event: 0,251 Thread 0x00007ff85c017090 DEOPT PACKING pc=0x00007ff84cde1480 sp=0x00007ff862238ca0
Event: 0,251 Thread 0x00007ff85c017090 DEOPT UNPACKING pc=0x00007ff84c6be399 sp=0x00007ff862238bc0 mode 2
Event: 0,280 Thread 0x00007ff85c017090 Uncommon trap: trap_request=0xffffff45 fr.pc=0x00007ff84cdf2644 relative=0x0000000000000224
Event: 0,280 Thread 0x00007ff85c017090 Uncommon trap: reason=unstable_if action=reinterpret pc=0x00007ff84cdf2644 method=java.util.HashMap.getNode(Ljava/lang/Object;)Ljava/util/HashMap$Node; @ 14 c2
Event: 0,280 Thread 0x00007ff85c017090 DEOPT PACKING pc=0x00007ff84cdf2644 sp=0x00007ff862238510
Event: 0,280 Thread 0x00007ff85c017090 DEOPT UNPACKING pc=0x00007ff84c6be399 sp=0x00007ff862238440 mode 2

Classes unloaded (0 events):
No events

Classes redefined (0 events):
No events

Internal exceptions (16 events):
Event: 0,034 Thread 0x00007ff85c017090 Exception <a 'java/lang/NoSuchMethodError'{0x00000000eaca3850}: 'void java.lang.invoke.DirectMethodHandle$Holder.invokeStatic(java.lang.Object, java.lang.Object, java.lang.Object)'> (0x00000000eaca3850) 
thrown [./src/hotspot/share/interpreter/linkResolver.cpp, line 758]
Event: 0,075 Thread 0x00007ff85c017090 Exception <a 'java/lang/reflect/InvocationTargetException'{0x00000000eb064008}> (0x00000000eb064008) 
thrown [./src/hotspot/share/runtime/reflection.cpp, line 1119]
Event: 0,162 Thread 0x00007ff85c017090 Exception <a 'java/io/FileNotFoundException'{0x00000000eb909da0}> (0x00000000eb909da0) 
thrown [./src/hotspot/share/prims/jni.cpp, line 516]
Event: 0,162 Thread 0x00007ff85c017090 Exception <a 'java/io/FileNotFoundException'{0x00000000eb90a840}> (0x00000000eb90a840) 
thrown [./src/hotspot/share/prims/jni.cpp, line 516]
Event: 0,162 Thread 0x00007ff85c017090 Exception <a 'java/io/FileNotFoundException'{0x00000000eb90b2b8}> (0x00000000eb90b2b8) 
thrown [./src/hotspot/share/prims/jni.cpp, line 516]
Event: 0,162 Thread 0x00007ff85c017090 Exception <a 'java/io/FileNotFoundException'{0x00000000eb90be68}> (0x00000000eb90be68) 
thrown [./src/hotspot/share/prims/jni.cpp, line 516]
Event: 0,165 Thread 0x00007ff85c017090 Implicit null exception at 0x00007ff84cdd11f4 to 0x00007ff84cdd1758
Event: 0,165 Thread 0x00007ff85c017090 Implicit null exception at 0x00007ff84cdd20f4 to 0x00007ff84cdd2654
Event: 0,167 Thread 0x00007ff85c017090 Exception <a 'java/io/FileNotFoundException'{0x00000000eb94c310}> (0x00000000eb94c310) 
thrown [./src/hotspot/share/prims/jni.cpp, line 516]
Event: 0,202 Thread 0x00007ff85c017090 Exception <a 'java/lang/NoSuchMethodError'{0x00000000eb99f660}: 'java.lang.Object java.lang.invoke.DirectMethodHandle$Holder.invokeStaticInit(java.lang.Object)'> (0x00000000eb99f660) 
thrown [./src/hotspot/share/interpreter/linkResolver.cpp, line 758]
Event: 0,204 Thread 0x00007ff85c017090 Exception <a 'java/lang/NoSuchMethodError'{0x00000000eb9b7bc0}: 'java.lang.Object java.lang.invoke.DirectMethodHandle$Holder.invokeStaticInit(java.lang.Object, java.lang.Object, long, java.lang.Object)'> (0x00000000eb9b7bc0) 
thrown [./src/hotspot/share/interpreter/linkResolver.cpp, line 758]
Event: 0,204 Thread 0x00007ff85c017090 Exception <a 'java/lang/NoSuchMethodError'{0x00000000eb9be220}: 'java.lang.Object java.lang.invoke.DirectMethodHandle$Holder.newInvokeSpecial(java.lang.Object, java.lang.Object, long)'> (0x00000000eb9be220) 
thrown [./src/hotspot/share/interpreter/linkResolver.cpp, line 758]
Event: 0,205 Thread 0x00007ff85c017090 Exception <a 'java/lang/NoSuchMethodError'{0x00000000eb9c2510}: 'java.lang.Object java.lang.invoke.Invokers$Holder.linkToTargetMethod(java.lang.Object, long, java.lang.Object)'> (0x00000000eb9c2510) 
thrown [./src/hotspot/share/interpreter/linkResolver.cpp, line 758]
Event: 0,207 Thread 0x00007ff85c017090 Exception <a 'java/lang/NoSuchMethodError'{0x00000000eb9f4a58}: 'java.lang.Object java.lang.invoke.DirectMethodHandle$Holder.newInvokeSpecial(java.lang.Object, java.lang.Object, java.lang.Object, int)'> (0x00000000eb9f4a58) 
thrown [./src/hotspot/share/interpreter/linkResolver.cpp, line 758]
Event: 0,207 Thread 0x00007ff85c017090 Exception <a 'java/lang/NoSuchMethodError'{0x00000000eb9f8e38}: 'java.lang.Object java.lang.invoke.DirectMethodHandle$Holder.invokeSpecial(java.lang.Object, java.lang.Object, java.lang.Object, java.lang.Object, int)'> (0x00000000eb9f8e38) 
thrown [./src/hotspot/share/interpreter/linkResolver.cpp, line 758]
Event: 0,207 Thread 0x00007ff85c017090 Exception <a 'java/lang/NoSuchMethodError'{0x00000000eb9fca00}: 'java.lang.Object java.lang.invoke.Invokers$Holder.linkToTargetMethod(java.lang.Object, java.lang.Object, int, java.lang.Object)'> (0x00000000eb9fca00) 
thrown [./src/hotspot/share/interpreter/linkResolver.cpp, line 758]

VM Operations (8 events):
Event: 0,036 Executing VM operation: HandshakeAllThreads
Event: 0,036 Executing VM operation: HandshakeAllThreads done
Event: 0,062 Executing VM operation: HandshakeAllThreads
Event: 0,062 Executing VM operation: HandshakeAllThreads done
Event: 0,152 Executing VM operation: HandshakeAllThreads
Event: 0,152 Executing VM operation: HandshakeAllThreads done
Event: 0,160 Executing VM operation: HandshakeAllThreads
Event: 0,160 Executing VM operation: HandshakeAllThreads done

Events (20 events):
Event: 0,295 loading class java/nio/channels/Channels$1
Event: 0,295 loading class java/nio/channels/Channels$1 done
Event: 0,296 loading class java/nio/channels/SelectableChannel
Event: 0,296 loading class java/nio/channels/SelectableChannel done
Event: 0,296 loading class sun/nio/ch/NativeThread
Event: 0,296 loading class sun/nio/ch/NativeThread done
Event: 0,296 loading class sun/nio/ch/Util
Event: 0,296 loading class sun/nio/ch/Util done
Event: 0,296 loading class sun/nio/ch/Util$1
Event: 0,296 loading class sun/nio/ch/Util$1 done
Event: 0,296 loading class sun/nio/ch/Util$BufferCache
Event: 0,296 loading class sun/nio/ch/Util$BufferCache done
Event: 0,296 loading class java/nio/DirectByteBuffer$Deallocator
Event: 0,296 loading class java/nio/DirectByteBuffer$Deallocator done
Event: 0,296 loading class sun/nio/ch/IOStatus
Event: 0,296 loading class sun/nio/ch/IOStatus done
Event: 0,301 loading class java/io/DeleteOnExitHook
Event: 0,301 loading class java/io/DeleteOnExitHook done
Event: 0,301 loading class java/io/DeleteOnExitHook$1
Event: 0,301 loading class java/io/DeleteOnExitHook$1 done


Dynamic libraries:
c0000000-c4300000 rw-p 00000000 00:00 0 
c4300000-eab00000 ---p 00000000 00:00 0 
eab00000-ecc00000 rw-p 00000000 00:00 0 
ecc00000-100000000 ---p 00000000 00:00 0 
800000000-800be3000 rw-p 00001000 103:02 3543126                         /usr/lib/jvm/java-17-openjdk-amd64/lib/server/classes.jsa
800be3000-800c00000 ---p 00000000 00:00 0 
800c00000-800c20000 rw-p 00000000 00:00 0 
800c20000-800c40000 rw-p 00000000 00:00 0 
800c40000-800c80000 rw-p 00000000 00:00 0 
800c80000-840c00000 ---p 00000000 00:00 0 
55bfa17f0000-55bfa17f1000 r--p 00000000 103:02 3166030                   /usr/lib/jvm/java-17-openjdk-amd64/bin/java
55bfa17f1000-55bfa17f2000 r-xp 00001000 103:02 3166030                   /usr/lib/jvm/java-17-openjdk-amd64/bin/java
55bfa17f2000-55bfa17f3000 r--p 00002000 103:02 3166030                   /usr/lib/jvm/java-17-openjdk-amd64/bin/java
55bfa17f3000-55bfa17f4000 r--p 00002000 103:02 3166030                   /usr/lib/jvm/java-17-openjdk-amd64/bin/java
55bfa17f4000-55bfa17f5000 rw-p 00003000 103:02 3166030                   /usr/lib/jvm/java-17-openjdk-amd64/bin/java
55bfa2cd7000-55bfa2d1e000 rw-p 00000000 00:00 0                          [heap]
7ff7e8000000-7ff7e828f000 rw-p 00000000 00:00 0 
7ff7e828f000-7ff7ec000000 ---p 00000000 00:00 0 
7ff7ec000000-7ff7ec021000 rw-p 00000000 00:00 0 
7ff7ec021000-7ff7f0000000 ---p 00000000 00:00 0 
7ff7f0000000-7ff7f0021000 rw-p 00000000 00:00 0 
7ff7f0021000-7ff7f4000000 ---p 00000000 00:00 0 
7ff7f4000000-7ff7f40be000 rw-p 00000000 00:00 0 
7ff7f40be000-7ff7f8000000 ---p 00000000 00:00 0 
7ff7f8000000-7ff7f8153000 rw-p 00000000 00:00 0 
7ff7f8153000-7ff7fc000000 ---p 00000000 00:00 0 
7ff7fc000000-7ff7fc021000 rw-p 00000000 00:00 0 
7ff7fc021000-7ff800000000 ---p 00000000 00:00 0 
7ff800000000-7ff80031d000 rw-p 00000000 00:00 0 
7ff80031d000-7ff804000000 ---p 00000000 00:00 0 
7ff804000000-7ff8040b2000 rw-p 00000000 00:00 0 
7ff8040b2000-7ff808000000 ---p 00000000 00:00 0 
7ff808000000-7ff8080d6000 rw-p 00000000 00:00 0 
7ff8080d6000-7ff80c000000 ---p 00000000 00:00 0 
7ff80c000000-7ff80c2c7000 rw-p 00000000 00:00 0 
7ff80c2c7000-7ff810000000 ---p 00000000 00:00 0 
7ff810000000-7ff810021000 rw-p 00000000 00:00 0 
7ff810021000-7ff814000000 ---p 00000000 00:00 0 
7ff8175f5000-7ff8175f9000 ---p 00000000 00:00 0 
7ff8175f9000-7ff8176f6000 rw-p 00000000 00:00 0 
7ff8176f6000-7ff8176fa000 ---p 00000000 00:00 0 
7ff8176fa000-7ff8177f7000 rw-p 00000000 00:00 0 
7ff8177f7000-7ff8177f8000 ---p 00000000 00:00 0 
7ff8177f8000-7ff8178f9000 rw-p 00000000 00:00 0 
7ff8178f9000-7ff8178fd000 ---p 00000000 00:00 0 
7ff8178fd000-7ff8179fa000 rw-p 00000000 00:00 0 
7ff8179fa000-7ff8179fe000 ---p 00000000 00:00 0 
7ff8179fe000-7ff817afb000 rw-p 00000000 00:00 0 
7ff817afb000-7ff817aff000 ---p 00000000 00:00 0 
7ff817aff000-7ff817bfc000 rw-p 00000000 00:00 0 
7ff817bfc000-7ff817c00000 ---p 00000000 00:00 0 
7ff817c00000-7ff817cfd000 rw-p 00000000 00:00 0 
7ff817cfd000-7ff817d01000 ---p 00000000 00:00 0 
7ff817d01000-7ff817dfe000 rw-p 00000000 00:00 0 
7ff817dfe000-7ff817e02000 ---p 00000000 00:00 0 
7ff817e02000-7ff817eff000 rw-p 00000000 00:00 0 
7ff817eff000-7ff817f03000 ---p 00000000 00:00 0 
7ff817f03000-7ff818000000 rw-p 00000000 00:00 0 
7ff818000000-7ff818136000 rw-p 00000000 00:00 0 
7ff818136000-7ff81c000000 ---p 00000000 00:00 0 
7ff81c000000-7ff81c021000 rw-p 00000000 00:00 0 
7ff81c021000-7ff820000000 ---p 00000000 00:00 0 
7ff820000000-7ff820021000 rw-p 00000000 00:00 0 
7ff820021000-7ff824000000 ---p 00000000 00:00 0 
7ff824000000-7ff824380000 rw-p 00000000 00:00 0 
7ff824380000-7ff828000000 ---p 00000000 00:00 0 
7ff828000000-7ff828021000 rw-p 00000000 00:00 0 
7ff828021000-7ff82c000000 ---p 00000000 00:00 0 
7ff82c000000-7ff82c021000 rw-p 00000000 00:00 0 
7ff82c021000-7ff830000000 ---p 00000000 00:00 0 
7ff830000000-7ff830021000 rw-p 00000000 00:00 0 
7ff830021000-7ff834000000 ---p 00000000 00:00 0 
7ff834000000-7ff834021000 rw-p 00000000 00:00 0 
7ff834021000-7ff838000000 ---p 00000000 00:00 0 
7ff838000000-7ff838021000 rw-p 00000000 00:00 0 
7ff838021000-7ff83c000000 ---p 00000000 00:00 0 
7ff83c00f000-7ff83c013000 ---p 00000000 00:00 0 
7ff83c013000-7ff83c110000 rw-p 00000000 00:00 0 
7ff83c110000-7ff83c114000 ---p 00000000 00:00 0 
7ff83c114000-7ff83c211000 rw-p 00000000 00:00 0 
7ff83c211000-7ff83c215000 ---p 00000000 00:00 0 
7ff83c215000-7ff83c312000 rw-p 00000000 00:00 0 
7ff83c312000-7ff83c316000 ---p 00000000 00:00 0 
7ff83c316000-7ff83c413000 rw-p 00000000 00:00 0 
7ff83c413000-7ff83c417000 ---p 00000000 00:00 0 
7ff83c417000-7ff83c514000 rw-p 00000000 00:00 0 
7ff83c514000-7ff83c518000 ---p 00000000 00:00 0 
7ff83c518000-7ff83c615000 rw-p 00000000 00:00 0 
7ff83c615000-7ff83c8fc000 r--p 00000000 103:02 3168159                   /usr/lib/locale/locale-archive
7ff83c8fc000-7ff83c900000 ---p 00000000 00:00 0 
7ff83c900000-7ff83c9fd000 rw-p 00000000 00:00 0 
7ff83c9fd000-7ff83ca01000 ---p 00000000 00:00 0 
7ff83ca01000-7ff83cafe000 rw-p 00000000 00:00 0 
7ff83cafe000-7ff83caff000 ---p 00000000 00:00 0 
7ff83caff000-7ff83cf60000 rw-p 00000000 00:00 0 
7ff83cf60000-7ff83d000000 ---p 00000000 00:00 0 
7ff83d000000-7ff83d090000 rw-p 00000000 00:00 0 
7ff83d090000-7ff83d400000 ---p 00000000 00:00 0 
7ff83d4f5000-7ff840000000 rw-p 00000000 00:00 0 
7ff840000000-7ff840021000 rw-p 00000000 00:00 0 
7ff840021000-7ff844000000 ---p 00000000 00:00 0 
7ff844027000-7ff84402c000 r--p 00000000 103:02 3191070                   /usr/lib/jvm/java-17-openjdk-amd64/lib/libjsvml.so
7ff84402c000-7ff84406d000 r-xp 00005000 103:02 3191070                   /usr/lib/jvm/java-17-openjdk-amd64/lib/libjsvml.so
7ff84406d000-7ff8440f6000 r--p 00046000 103:02 3191070                   /usr/lib/jvm/java-17-openjdk-amd64/lib/libjsvml.so
7ff8440f6000-7ff8440f7000 r--p 000ce000 103:02 3191070                   /usr/lib/jvm/java-17-openjdk-amd64/lib/libjsvml.so
7ff8440f7000-7ff8440f8000 rw-p 000cf000 103:02 3191070                   /usr/lib/jvm/java-17-openjdk-amd64/lib/libjsvml.so
7ff8440f8000-7ff845209000 rw-p 00000000 00:00 0 
7ff845209000-7ff845479000 rwxp 00000000 00:00 0 
7ff845479000-7ff84c668000 ---p 00000000 00:00 0 
7ff84c668000-7ff84c938000 rwxp 00000000 00:00 0 
7ff84c938000-7ff84cda9000 ---p 00000000 00:00 0 
7ff84cda9000-7ff84d019000 rwxp 00000000 00:00 0 
7ff84d019000-7ff854209000 ---p 00000000 00:00 0 
7ff854209000-7ff85c000000 r--s 00000000 103:02 3192854                   /usr/lib/jvm/java-17-openjdk-amd64/lib/modules
7ff85c000000-7ff85c454000 rw-p 00000000 00:00 0 
7ff85c454000-7ff860000000 ---p 00000000 00:00 0 
7ff860011000-7ff860015000 ---p 00000000 00:00 0 
7ff860015000-7ff860033000 rw-p 00000000 00:00 0 
7ff860033000-7ff86003a000 r--s 00000000 103:02 3194164                   /usr/lib/x86_64-linux-gnu/gconv/gconv-modules.cache
7ff86003a000-7ff86005f000 r--p 00000000 103:02 3152389                   /usr/share/locale/fr/LC_MESSAGES/libc.mo
7ff86005f000-7ff860063000 r--p 00000000 103:02 3192852                   /usr/lib/jvm/java-17-openjdk-amd64/lib/libverify.so
7ff860063000-7ff86006a000 r-xp 00004000 103:02 3192852                   /usr/lib/jvm/java-17-openjdk-amd64/lib/libverify.so
7ff86006a000-7ff86006c000 r--p 0000b000 103:02 3192852                   /usr/lib/jvm/java-17-openjdk-amd64/lib/libverify.so
7ff86006c000-7ff86006e000 r--p 0000c000 103:02 3192852                   /usr/lib/jvm/java-17-openjdk-amd64/lib/libverify.so
7ff86006e000-7ff86006f000 rw-p 0000e000 103:02 3192852                   /usr/lib/jvm/java-17-openjdk-amd64/lib/libverify.so
7ff86006f000-7ff860073000 r--p 00000000 103:02 3191076                   /usr/lib/jvm/java-17-openjdk-amd64/lib/libnet.so
7ff860073000-7ff860081000 r-xp 00004000 103:02 3191076                   /usr/lib/jvm/java-17-openjdk-amd64/lib/libnet.so
7ff860081000-7ff860085000 r--p 00012000 103:02 3191076                   /usr/lib/jvm/java-17-openjdk-amd64/lib/libnet.so
7ff860085000-7ff860086000 r--p 00015000 103:02 3191076                   /usr/lib/jvm/java-17-openjdk-amd64/lib/libnet.so
7ff860086000-7ff860087000 rw-p 00016000 103:02 3191076                   /usr/lib/jvm/java-17-openjdk-amd64/lib/libnet.so
7ff860087000-7ff86008d000 r--p 00000000 103:02 3191077                   /usr/lib/jvm/java-17-openjdk-amd64/lib/libnio.so
7ff86008d000-7ff860095000 r-xp 00006000 103:02 3191077                   /usr/lib/jvm/java-17-openjdk-amd64/lib/libnio.so
7ff860095000-7ff860099000 r--p 0000e000 103:02 3191077                   /usr/lib/jvm/java-17-openjdk-amd64/lib/libnio.so
7ff860099000-7ff86009a000 ---p 00012000 103:02 3191077                   /usr/lib/jvm/java-17-openjdk-amd64/lib/libnio.so
7ff86009a000-7ff86009b000 r--p 00012000 103:02 3191077                   /usr/lib/jvm/java-17-openjdk-amd64/lib/libnio.so
7ff86009b000-7ff86009c000 rw-p 00013000 103:02 3191077                   /usr/lib/jvm/java-17-openjdk-amd64/lib/libnio.so
7ff86009c000-7ff8611fd000 rw-p 00000000 00:00 0 
7ff8611fd000-7ff861331000 ---p 00000000 00:00 0 
7ff861331000-7ff861332000 ---p 00000000 00:00 0 
7ff861332000-7ff861455000 rw-p 00000000 00:00 0 
7ff861455000-7ff861588000 ---p 00000000 00:00 0 
7ff861588000-7ff861599000 rw-p 00000000 00:00 0 
7ff861599000-7ff861633000 ---p 00000000 00:00 0 
7ff861633000-7ff861639000 rw-p 00000000 00:00 0 
7ff861639000-7ff86171d000 ---p 00000000 00:00 0 
7ff86171d000-7ff861722000 rw-p 00000000 00:00 0 
7ff861722000-7ff861806000 ---p 00000000 00:00 0 
7ff861806000-7ff8620da000 r--s 00000000 103:02 789470                    /var/lib/sss/mc/passwd
7ff8620da000-7ff8620dc000 r--p 00000000 103:02 3175991                   /usr/lib/x86_64-linux-gnu/libnss_sss.so.2
7ff8620dc000-7ff8620e3000 r-xp 00002000 103:02 3175991                   /usr/lib/x86_64-linux-gnu/libnss_sss.so.2
7ff8620e3000-7ff8620e5000 r--p 00009000 103:02 3175991                   /usr/lib/x86_64-linux-gnu/libnss_sss.so.2
7ff8620e5000-7ff8620e6000 r--p 0000a000 103:02 3175991                   /usr/lib/x86_64-linux-gnu/libnss_sss.so.2
7ff8620e6000-7ff8620e7000 rw-p 0000b000 103:02 3175991                   /usr/lib/x86_64-linux-gnu/libnss_sss.so.2
7ff8620e7000-7ff8620e9000 r--p 00000000 103:02 3177338                   /usr/lib/x86_64-linux-gnu/libnss_compat-2.31.so
7ff8620e9000-7ff8620ef000 r-xp 00002000 103:02 3177338                   /usr/lib/x86_64-linux-gnu/libnss_compat-2.31.so
7ff8620ef000-7ff8620f0000 r--p 00008000 103:02 3177338                   /usr/lib/x86_64-linux-gnu/libnss_compat-2.31.so
7ff8620f0000-7ff8620f1000 ---p 00009000 103:02 3177338                   /usr/lib/x86_64-linux-gnu/libnss_compat-2.31.so
7ff8620f1000-7ff8620f2000 r--p 00009000 103:02 3177338                   /usr/lib/x86_64-linux-gnu/libnss_compat-2.31.so
7ff8620f2000-7ff8620f3000 rw-p 0000a000 103:02 3177338                   /usr/lib/x86_64-linux-gnu/libnss_compat-2.31.so
7ff8620f7000-7ff8620fd000 rw-p 00000000 00:00 0 
7ff8620fd000-7ff862106000 ---p 00000000 00:00 0 
7ff862106000-7ff862108000 r--s 0000c000 103:02 3682863                   /usr/share/java/java-atk-wrapper.jar
7ff862108000-7ff86210a000 r--p 00000000 103:02 3192853                   /usr/lib/jvm/java-17-openjdk-amd64/lib/libzip.so
7ff86210a000-7ff86210e000 r-xp 00002000 103:02 3192853                   /usr/lib/jvm/java-17-openjdk-amd64/lib/libzip.so
7ff86210e000-7ff862110000 r--p 00006000 103:02 3192853                   /usr/lib/jvm/java-17-openjdk-amd64/lib/libzip.so
7ff862110000-7ff862111000 r--p 00007000 103:02 3192853                   /usr/lib/jvm/java-17-openjdk-amd64/lib/libzip.so
7ff862111000-7ff862112000 rw-p 00008000 103:02 3192853                   /usr/lib/jvm/java-17-openjdk-amd64/lib/libzip.so
7ff862112000-7ff86211e000 r--p 00000000 103:02 3191062                   /usr/lib/jvm/java-17-openjdk-amd64/lib/libjava.so
7ff86211e000-7ff862130000 r-xp 0000c000 103:02 3191062                   /usr/lib/jvm/java-17-openjdk-amd64/lib/libjava.so
7ff862130000-7ff862136000 r--p 0001e000 103:02 3191062                   /usr/lib/jvm/java-17-openjdk-amd64/lib/libjava.so
7ff862136000-7ff862137000 ---p 00024000 103:02 3191062                   /usr/lib/jvm/java-17-openjdk-amd64/lib/libjava.so
7ff862137000-7ff862138000 r--p 00024000 103:02 3191062                   /usr/lib/jvm/java-17-openjdk-amd64/lib/libjava.so
7ff862138000-7ff862139000 rw-p 00025000 103:02 3191062                   /usr/lib/jvm/java-17-openjdk-amd64/lib/libjava.so
7ff862139000-7ff86213a000 rw-p 00000000 00:00 0 
7ff86213a000-7ff86213e000 ---p 00000000 00:00 0 
7ff86213e000-7ff86223b000 rw-p 00000000 00:00 0 
7ff86223b000-7ff86223e000 r--p 00000000 103:02 3147348                   /usr/lib/x86_64-linux-gnu/libgcc_s.so.1
7ff86223e000-7ff86224f000 r-xp 00003000 103:02 3147348                   /usr/lib/x86_64-linux-gnu/libgcc_s.so.1
7ff86224f000-7ff862253000 r--p 00014000 103:02 3147348                   /usr/lib/x86_64-linux-gnu/libgcc_s.so.1
7ff862253000-7ff862254000 r--p 00017000 103:02 3147348                   /usr/lib/x86_64-linux-gnu/libgcc_s.so.1
7ff862254000-7ff862255000 rw-p 00018000 103:02 3147348                   /usr/lib/x86_64-linux-gnu/libgcc_s.so.1
7ff862255000-7ff862262000 r--p 00000000 103:02 3168944                   /usr/lib/x86_64-linux-gnu/libm-2.31.so
7ff862262000-7ff8622fc000 r-xp 0000d000 103:02 3168944                   /usr/lib/x86_64-linux-gnu/libm-2.31.so
7ff8622fc000-7ff862397000 r--p 000a7000 103:02 3168944                   /usr/lib/x86_64-linux-gnu/libm-2.31.so
7ff862397000-7ff862398000 r--p 00141000 103:02 3168944                   /usr/lib/x86_64-linux-gnu/libm-2.31.so
7ff862398000-7ff862399000 rw-p 00142000 103:02 3168944                   /usr/lib/x86_64-linux-gnu/libm-2.31.so
7ff862399000-7ff86242f000 r--p 00000000 103:02 3148088                   /usr/lib/x86_64-linux-gnu/libstdc++.so.6.0.28
7ff86242f000-7ff86250b000 r-xp 00096000 103:02 3148088                   /usr/lib/x86_64-linux-gnu/libstdc++.so.6.0.28
7ff86250b000-7ff862555000 r--p 00172000 103:02 3148088                   /usr/lib/x86_64-linux-gnu/libstdc++.so.6.0.28
7ff862555000-7ff862560000 r--p 001bb000 103:02 3148088                   /usr/lib/x86_64-linux-gnu/libstdc++.so.6.0.28
7ff862560000-7ff862563000 rw-p 001c6000 103:02 3148088                   /usr/lib/x86_64-linux-gnu/libstdc++.so.6.0.28
7ff862563000-7ff862566000 rw-p 00000000 00:00 0 
7ff862566000-7ff8627b6000 r--p 00000000 103:02 3561119                   /usr/lib/jvm/java-17-openjdk-amd64/lib/server/libjvm.so
7ff8627b6000-7ff863503000 r-xp 00250000 103:02 3561119                   /usr/lib/jvm/java-17-openjdk-amd64/lib/server/libjvm.so
7ff863503000-7ff86378c000 r--p 00f9d000 103:02 3561119                   /usr/lib/jvm/java-17-openjdk-amd64/lib/server/libjvm.so
7ff86378c000-7ff86378d000 ---p 01226000 103:02 3561119                   /usr/lib/jvm/java-17-openjdk-amd64/lib/server/libjvm.so
7ff86378d000-7ff863845000 r--p 01226000 103:02 3561119                   /usr/lib/jvm/java-17-openjdk-amd64/lib/server/libjvm.so
7ff863845000-7ff86387a000 rw-p 012de000 103:02 3561119                   /usr/lib/jvm/java-17-openjdk-amd64/lib/server/libjvm.so
7ff86387a000-7ff8638d5000 rw-p 00000000 00:00 0 
7ff8638d5000-7ff8638db000 r--p 00000000 103:02 3177343                   /usr/lib/x86_64-linux-gnu/libpthread-2.31.so
7ff8638db000-7ff8638eb000 r-xp 00006000 103:02 3177343                   /usr/lib/x86_64-linux-gnu/libpthread-2.31.so
7ff8638eb000-7ff8638f1000 r--p 00016000 103:02 3177343                   /usr/lib/x86_64-linux-gnu/libpthread-2.31.so
7ff8638f1000-7ff8638f2000 r--p 0001b000 103:02 3177343                   /usr/lib/x86_64-linux-gnu/libpthread-2.31.so
7ff8638f2000-7ff8638f3000 rw-p 0001c000 103:02 3177343                   /usr/lib/x86_64-linux-gnu/libpthread-2.31.so
7ff8638f3000-7ff8638f7000 rw-p 00000000 00:00 0 
7ff8638f7000-7ff8638f8000 r--p 00000000 103:02 3168943                   /usr/lib/x86_64-linux-gnu/libdl-2.31.so
7ff8638f8000-7ff8638fa000 r-xp 00001000 103:02 3168943                   /usr/lib/x86_64-linux-gnu/libdl-2.31.so
7ff8638fa000-7ff8638fb000 r--p 00003000 103:02 3168943                   /usr/lib/x86_64-linux-gnu/libdl-2.31.so
7ff8638fb000-7ff8638fc000 r--p 00003000 103:02 3168943                   /usr/lib/x86_64-linux-gnu/libdl-2.31.so
7ff8638fc000-7ff8638fd000 rw-p 00004000 103:02 3168943                   /usr/lib/x86_64-linux-gnu/libdl-2.31.so
7ff8638fd000-7ff863900000 r--p 00000000 103:02 3147157                   /usr/lib/x86_64-linux-gnu/libz.so.1.2.11
7ff863900000-7ff863911000 r-xp 00003000 103:02 3147157                   /usr/lib/x86_64-linux-gnu/libz.so.1.2.11
7ff863911000-7ff863917000 r--p 00014000 103:02 3147157                   /usr/lib/x86_64-linux-gnu/libz.so.1.2.11
7ff863917000-7ff863918000 ---p 0001a000 103:02 3147157                   /usr/lib/x86_64-linux-gnu/libz.so.1.2.11
7ff863918000-7ff863919000 r--p 0001a000 103:02 3147157                   /usr/lib/x86_64-linux-gnu/libz.so.1.2.11
7ff863919000-7ff86391a000 rw-p 0001b000 103:02 3147157                   /usr/lib/x86_64-linux-gnu/libz.so.1.2.11
7ff86391a000-7ff86393c000 r--p 00000000 103:02 3168942                   /usr/lib/x86_64-linux-gnu/libc-2.31.so
7ff86393c000-7ff863a95000 r-xp 00022000 103:02 3168942                   /usr/lib/x86_64-linux-gnu/libc-2.31.so
7ff863a95000-7ff863ae4000 r--p 0017b000 103:02 3168942                   /usr/lib/x86_64-linux-gnu/libc-2.31.so
7ff863ae4000-7ff863ae8000 r--p 001c9000 103:02 3168942                   /usr/lib/x86_64-linux-gnu/libc-2.31.so
7ff863ae8000-7ff863aea000 rw-p 001cd000 103:02 3168942                   /usr/lib/x86_64-linux-gnu/libc-2.31.so
7ff863aea000-7ff863aee000 rw-p 00000000 00:00 0 
7ff863aee000-7ff863af6000 rw-s 00000000 103:02 1837533                   /tmp/hsperfdata_quentin.moutte.etu/88093
7ff863af6000-7ff863af7000 r--p 00000000 103:02 3191052                   /usr/lib/jvm/java-17-openjdk-amd64/lib/libinstrument.so
7ff863af7000-7ff863afd000 r-xp 00001000 103:02 3191052                   /usr/lib/jvm/java-17-openjdk-amd64/lib/libinstrument.so
7ff863afd000-7ff863b00000 r--p 00007000 103:02 3191052                   /usr/lib/jvm/java-17-openjdk-amd64/lib/libinstrument.so
7ff863b00000-7ff863b01000 r--p 00009000 103:02 3191052                   /usr/lib/jvm/java-17-openjdk-amd64/lib/libinstrument.so
7ff863b01000-7ff863b02000 rw-p 0000a000 103:02 3191052                   /usr/lib/jvm/java-17-openjdk-amd64/lib/libinstrument.so
7ff863b02000-7ff863b03000 ---p 00000000 00:00 0 
7ff863b03000-7ff863b04000 r--p 00000000 00:00 0 
7ff863b04000-7ff863b06000 r--p 00000000 103:02 3191066                   /usr/lib/jvm/java-17-openjdk-amd64/lib/libjimage.so
7ff863b06000-7ff863b09000 r-xp 00002000 103:02 3191066                   /usr/lib/jvm/java-17-openjdk-amd64/lib/libjimage.so
7ff863b09000-7ff863b0a000 r--p 00005000 103:02 3191066                   /usr/lib/jvm/java-17-openjdk-amd64/lib/libjimage.so
7ff863b0a000-7ff863b0b000 ---p 00006000 103:02 3191066                   /usr/lib/jvm/java-17-openjdk-amd64/lib/libjimage.so
7ff863b0b000-7ff863b0c000 r--p 00006000 103:02 3191066                   /usr/lib/jvm/java-17-openjdk-amd64/lib/libjimage.so
7ff863b0c000-7ff863b0d000 rw-p 00007000 103:02 3191066                   /usr/lib/jvm/java-17-openjdk-amd64/lib/libjimage.so
7ff863b0d000-7ff863b0f000 r--p 00000000 103:02 3191067                   /usr/lib/jvm/java-17-openjdk-amd64/lib/libjli.so
7ff863b0f000-7ff863b19000 r-xp 00002000 103:02 3191067                   /usr/lib/jvm/java-17-openjdk-amd64/lib/libjli.so
7ff863b19000-7ff863b1c000 r--p 0000c000 103:02 3191067                   /usr/lib/jvm/java-17-openjdk-amd64/lib/libjli.so
7ff863b1c000-7ff863b1d000 ---p 0000f000 103:02 3191067                   /usr/lib/jvm/java-17-openjdk-amd64/lib/libjli.so
7ff863b1d000-7ff863b1e000 r--p 0000f000 103:02 3191067                   /usr/lib/jvm/java-17-openjdk-amd64/lib/libjli.so
7ff863b1e000-7ff863b1f000 rw-p 00010000 103:02 3191067                   /usr/lib/jvm/java-17-openjdk-amd64/lib/libjli.so
7ff863b1f000-7ff863b21000 rw-p 00000000 00:00 0 
7ff863b21000-7ff863b22000 r--p 00000000 103:02 3168849                   /usr/lib/x86_64-linux-gnu/ld-2.31.so
7ff863b22000-7ff863b42000 r-xp 00001000 103:02 3168849                   /usr/lib/x86_64-linux-gnu/ld-2.31.so
7ff863b42000-7ff863b4a000 r--p 00021000 103:02 3168849                   /usr/lib/x86_64-linux-gnu/ld-2.31.so
7ff863b4a000-7ff863b4b000 ---p 00000000 00:00 0 
7ff863b4b000-7ff863b4c000 r--p 00029000 103:02 3168849                   /usr/lib/x86_64-linux-gnu/ld-2.31.so
7ff863b4c000-7ff863b4d000 rw-p 0002a000 103:02 3168849                   /usr/lib/x86_64-linux-gnu/ld-2.31.so
7ff863b4d000-7ff863b4e000 rw-p 00000000 00:00 0 
7ffef8e4e000-7ffef8e6f000 rw-p 00000000 00:00 0                          [stack]
7ffef8f49000-7ffef8f4d000 r--p 00000000 00:00 0                          [vvar]
7ffef8f4d000-7ffef8f4f000 r-xp 00000000 00:00 0                          [vdso]


VM Arguments:
jvm_args: --add-modules=ALL-SYSTEM --add-opens=java.base/java.util=ALL-UNNAMED --add-opens=java.base/java.lang=ALL-UNNAMED --add-opens=java.base/sun.nio.fs=ALL-UNNAMED -Declipse.application=org.eclipse.jdt.ls.core.id1 -Dosgi.bundles.defaultStartLevel=4 -Declipse.product=org.eclipse.jdt.ls.core.product -Djava.import.generatesMetadataFilesAtProjectRoot=false -Dfile.encoding=utf8 -XX:+UseParallelGC -XX:GCTimeRatio=4 -XX:AdaptiveSizePolicyWeight=90 -Dsun.zip.disableMemoryMapping=true -Xmx1G -Xms100m -Xlog:disable -javaagent:/home/infoetu/quentin.moutte.etu/.vscode-oss/extensions/redhat.java-1.18.0-universal/lombok/lombok-1.18.27.jar -XX:+HeapDumpOnOutOfMemoryError -XX:HeapDumpPath=/home/infoetu/quentin.moutte.etu/.config/VSCodium/User/workspaceStorage/bba4e4735a77dc069042abacbee27294/redhat.java -Daether.dependencyCollector.impl=bf 
java_command: /home/infoetu/quentin.moutte.etu/.vscode-oss/extensions/redhat.java-1.18.0-universal/server/plugins/org.eclipse.equinox.launcher_1.6.400.v20210924-0641.jar -configuration /home/infoetu/quentin.moutte.etu/.config/VSCodium/User/globalStorage/redhat.java/1.18.0/config_linux -data /home/infoetu/quentin.moutte.etu/.config/VSCodium/User/workspaceStorage/bba4e4735a77dc069042abacbee27294/redhat.java/jdt_ws
java_class_path (initial): /home/infoetu/quentin.moutte.etu/.vscode-oss/extensions/redhat.java-1.18.0-universal/server/plugins/org.eclipse.equinox.launcher_1.6.400.v20210924-0641.jar
Launcher Type: SUN_STANDARD

[Global flags]
    uintx AdaptiveSizePolicyWeight                 = 90                                        {product} {command line}
     intx CICompilerCount                          = 12                                        {product} {ergonomic}
    uintx GCTimeRatio                              = 4                                         {product} {command line}
     bool HeapDumpOnOutOfMemoryError               = true                                   {manageable} {command line}
    ccstr HeapDumpPath                             = /home/infoetu/quentin.moutte.etu/.config/VSCodium/User/workspaceStorage/bba4e4735a77dc069042abacbee27294/redhat.java         {manageable} {command line}
   size_t InitialHeapSize                          = 104857600                                 {product} {command line}
   size_t MaxHeapSize                              = 1073741824                                {product} {command line}
   size_t MaxNewSize                               = 357564416                                 {product} {ergonomic}
   size_t MinHeapDeltaBytes                        = 524288                                    {product} {ergonomic}
   size_t MinHeapSize                              = 104857600                                 {product} {command line}
   size_t NewSize                                  = 34603008                                  {product} {ergonomic}
    uintx NonNMethodCodeHeapSize                   = 7602480                                {pd product} {ergonomic}
    uintx NonProfiledCodeHeapSize                  = 122027880                              {pd product} {ergonomic}
   size_t OldSize                                  = 70254592                                  {product} {ergonomic}
    uintx ProfiledCodeHeapSize                     = 122027880                              {pd product} {ergonomic}
    uintx ReservedCodeCacheSize                    = 251658240                              {pd product} {ergonomic}
     bool SegmentedCodeCache                       = true                                      {product} {ergonomic}
   size_t SoftMaxHeapSize                          = 1073741824                             {manageable} {ergonomic}
     bool UseCompressedClassPointers               = true                           {product lp64_product} {ergonomic}
     bool UseCompressedOops                        = true                           {product lp64_product} {ergonomic}
     bool UseParallelGC                            = true                                      {product} {command line}

Logging:
Log output configuration:
 #0: stdout all=off uptime,level,tags
 #1: stderr all=off uptime,level,tags

Environment Variables:
PATH=/usr/local/bin:/usr/bin:/bin:/usr/local/games:/usr/games
SHELL=/bin/bash
DISPLAY=:0
LANG=fr_FR.UTF-8

Signal Handlers:
   SIGSEGV: 0x00007ff863483290 in libjvm.so+15848080, mask=11100100010111111101111111111110, flags=SA_RESTART|SA_SIGINFO
    SIGBUS: 0x00007ff863483290 in libjvm.so+15848080, mask=11100100010111111101111111111110, flags=SA_RESTART|SA_SIGINFO
    SIGFPE: 0x00007ff863483290 in libjvm.so+15848080, mask=11100100010111111101111111111110, flags=SA_RESTART|SA_SIGINFO
   SIGPIPE: 0x00007ff86332aca0 in libjvm.so+14437536, mask=11100100010111111101111111111110, flags=SA_RESTART|SA_SIGINFO
   SIGXFSZ: 0x00007ff86332aca0 in libjvm.so+14437536, mask=11100100010111111101111111111110, flags=SA_RESTART|SA_SIGINFO
    SIGILL: 0x00007ff863483290 in libjvm.so+15848080, mask=11100100010111111101111111111110, flags=SA_RESTART|SA_SIGINFO
   SIGUSR2: 0x00007ff86332a340 in libjvm.so+14435136, mask=00000000000000000000000000000000, flags=SA_RESTART|SA_SIGINFO
    SIGHUP: 0x00007ff86332a270 in libjvm.so+14434928, mask=11100100010111111101111111111110, flags=SA_RESTART|SA_SIGINFO
    SIGINT: 0x00007ff86332a270 in libjvm.so+14434928, mask=11100100010111111101111111111110, flags=SA_RESTART|SA_SIGINFO
   SIGTERM: 0x00007ff86332a270 in libjvm.so+14434928, mask=11100100010111111101111111111110, flags=SA_RESTART|SA_SIGINFO
   SIGQUIT: 0x00007ff86332a270 in libjvm.so+14434928, mask=11100100010111111101111111111110, flags=SA_RESTART|SA_SIGINFO
   SIGTRAP: 0x00007ff863483290 in libjvm.so+15848080, mask=11100100010111111101111111111110, flags=SA_RESTART|SA_SIGINFO


---------------  S Y S T E M  ---------------

OS:
PRETTY_NAME="Debian GNU/Linux 11 (bullseye)"
NAME="Debian GNU/Linux"
VERSION_ID="11"
VERSION="11 (bullseye)"
VERSION_CODENAME=bullseye
ID=debian
HOME_URL="https://www.debian.org/"
SUPPORT_URL="https://www.debian.org/support"
BUG_REPORT_URL="https://bugs.debian.org/"
uname: Linux 5.10.0-17-amd64 #1 SMP Debian 5.10.136-1 (2022-08-13) x86_64
OS uptime: 6 days 5:21 hours
libc: glibc 2.31 NPTL 2.31 
rlimit (soft/hard): STACK 8192k/infinity , CORE 0k/infinity , NPROC 4096/4096 , NOFILE 1048576/1048576 , AS infinity/infinity , CPU infinity/infinity , DATA infinity/infinity , FSIZE infinity/infinity , MEMLOCK 4081737k/4081737k
load average: 2,71 1,24 0,90

/proc/meminfo:
MemTotal:       32653900 kB
MemFree:        25864660 kB
MemAvailable:   29500460 kB
Buffers:          566144 kB
Cached:          3697004 kB
SwapCached:            0 kB
Active:          1997776 kB
Inactive:        3828236 kB
Active(anon):       3508 kB
Inactive(anon):  2015236 kB
Active(file):    1994268 kB
Inactive(file):  1813000 kB
Unevictable:      388968 kB
Mlocked:              64 kB
SwapTotal:      15999996 kB
SwapFree:       15999996 kB
Dirty:              4636 kB
Writeback:           196 kB
AnonPages:       1927736 kB
Mapped:           666620 kB
Shmem:            455876 kB
KReclaimable:     292252 kB
Slab:             422500 kB
SReclaimable:     292252 kB
SUnreclaim:       130248 kB
KernelStack:       15632 kB
PageTables:        26624 kB
NFS_Unstable:          0 kB
Bounce:                0 kB
WritebackTmp:          0 kB
CommitLimit:    32326944 kB
Committed_AS:    6713164 kB
VmallocTotal:   34359738367 kB
VmallocUsed:       42804 kB
VmallocChunk:          0 kB
Percpu:            23104 kB
HardwareCorrupted:     0 kB
AnonHugePages:    360448 kB
ShmemHugePages:        0 kB
ShmemPmdMapped:        0 kB
FileHugePages:         0 kB
FilePmdMapped:         0 kB
HugePages_Total:       0
HugePages_Free:        0
HugePages_Rsvd:        0
HugePages_Surp:        0
Hugepagesize:       2048 kB
Hugetlb:               0 kB
DirectMap4k:      363112 kB
DirectMap2M:    15136768 kB
DirectMap1G:    17825792 kB

/sys/kernel/mm/transparent_hugepage/enabled: [always] madvise never
/sys/kernel/mm/transparent_hugepage/defrag (defrag/compaction efforts parameter): always defer defer+madvise [madvise] never

Process Memory:
Virtual Size: 4080176K (peak: 4081344K)
Resident Set Size: 81944K (peak: 81944K) (anon: 53812K, file: 28132K, shmem: 0K)
Swapped out: 0K
C-Heap outstanding allocations: 58936K, retained: 6291K
glibc malloc tunables: (default)

/proc/sys/kernel/threads-max (system-wide limit on the number of threads): 254542
/proc/sys/vm/max_map_count (maximum number of memory map areas a process may have): 65530
/proc/sys/kernel/pid_max (system-wide limit on number of process identifiers): 4194304

container (cgroup) information:
container_type: cgroupv2
cpu_cpuset_cpus: not supported
cpu_memory_nodes: not supported
active_processor_count: 16
cpu_quota: not supported
cpu_period: not supported
cpu_shares: not supported
memory_limit_in_bytes: unlimited
memory_and_swap_limit_in_bytes: unlimited
memory_soft_limit_in_bytes: unlimited
memory_usage_in_bytes: 2678400 k
memory_max_usage_in_bytes: not supported
memory_swap_current_in_bytes: unlimited
memory_swap_max_limit_in_bytes: unlimited
maximum number of tasks: unlimited
current number of tasks: 512

Steal ticks since vm start: 0
Steal ticks percentage since vm start:  0,000

CPU: total 16 (initial active 16) (8 cores per cpu, 2 threads per core) family 6 model 165 stepping 5 microcode 0xf0, cx8, cmov, fxsr, ht, mmx, 3dnowpref, sse, sse2, sse3, ssse3, sse4.1, sse4.2, popcnt, lzcnt, tsc, tscinvbit, avx, avx2, aes, erms, clmul, bmi1, bmi2, adx, fma, vzeroupper, clflush, clflushopt
CPU Model and flags from /proc/cpuinfo:
model name	: Intel(R) Core(TM) i7-10700 CPU @ 2.90GHz
flags		: fpu vme de pse tsc msr pae mce cx8 apic sep mtrr pge mca cmov pat pse36 clflush dts acpi mmx fxsr sse sse2 ss ht tm pbe syscall nx pdpe1gb rdtscp lm constant_tsc art arch_perfmon pebs bts rep_good nopl xtopology nonstop_tsc cpuid aperfmperf pni pclmulqdq dtes64 monitor ds_cpl vmx smx est tm2 ssse3 sdbg fma cx16 xtpr pdcm pcid sse4_1 sse4_2 x2apic movbe popcnt tsc_deadline_timer aes xsave avx f16c rdrand lahf_lm abm 3dnowprefetch cpuid_fault epb invpcid_single ssbd ibrs ibpb stibp ibrs_enhanced tpr_shadow vnmi flexpriority ept vpid ept_ad fsgsbase tsc_adjust bmi1 avx2 smep bmi2 erms invpcid mpx rdseed adx smap clflushopt intel_pt xsaveopt xsavec xgetbv1 xsaves dtherm ida arat pln pts hwp hwp_notify hwp_act_window hwp_epp pku ospke md_clear flush_l1d arch_capabilities

Online cpus: 0-15
Offline cpus: 
BIOS frequency limitation: <Not Available>
Frequency switch latency (ns): 0
Available cpu frequencies: <Not Available>
Current governor: powersave
Core performance/turbo boost: <Not Available>

Memory: 4k page, physical 32653900k(25863760k free), swap 15999996k(15999996k free)
Page Sizes: 4k

vm_info: OpenJDK 64-Bit Server VM (17.0.6+10-Debian-1deb11u1) for linux-amd64 JRE (17.0.6+10-Debian-1deb11u1), built on Jan 28 2023 20:09:51 by "buildd" with gcc 10.2.1 20210110

END.
