#
# A fatal error has been detected by the Java Runtime Environment:
#
#  Internal Error (nativeInst_x86.hpp:172), pid=88356, tid=88357
#  guarantee(disp == (intptr_t)(jint)disp) failed: must be 32-bit offset
#
# JRE version: OpenJDK Runtime Environment (17.0.6+10) (build 17.0.6+10-Debian-1deb11u1)
# Java VM: OpenJDK 64-Bit Server VM (17.0.6+10-Debian-1deb11u1, mixed mode, sharing, tiered, compressed oops, compressed class ptrs, parallel gc, linux-amd64)
# Problematic frame:
# V  [libjvm.so+0xbc1811]
#
# No core dump will be written. Core dumps have been disabled. To enable core dumping, try "ulimit -c unlimited" before starting Java again
#
# If you would like to submit a bug report, please visit:
#   https://bugs.debian.org/openjdk-17
#

---------------  S U M M A R Y ------------

Command Line: --add-modules=ALL-SYSTEM --add-opens=java.base/java.util=ALL-UNNAMED --add-opens=java.base/java.lang=ALL-UNNAMED --add-opens=java.base/sun.nio.fs=ALL-UNNAMED -Declipse.application=org.eclipse.jdt.ls.core.id1 -Dosgi.bundles.defaultStartLevel=4 -Declipse.product=org.eclipse.jdt.ls.core.product -Djava.import.generatesMetadataFilesAtProjectRoot=false -Dfile.encoding=utf8 -XX:+UseParallelGC -XX:GCTimeRatio=4 -XX:AdaptiveSizePolicyWeight=90 -Dsun.zip.disableMemoryMapping=true -Xmx1G -Xms100m -Xlog:disable -javaagent:/home/infoetu/quentin.moutte.etu/.vscode-oss/extensions/redhat.java-1.18.0-universal/lombok/lombok-1.18.27.jar /home/infoetu/quentin.moutte.etu/.vscode-oss/extensions/redhat.java-1.18.0-universal/server/plugins/org.eclipse.equinox.launcher_1.6.400.v20210924-0641.jar -configuration /home/infoetu/quentin.moutte.etu/.config/VSCodium/User/globalStorage/redhat.java/1.18.0/config_ss_linux -data /home/infoetu/quentin.moutte.etu/.config/VSCodium/User/workspaceStorage/bba4e4735a77dc069042abacbee27294/redhat.java/ss_ws

Host: Intel(R) Core(TM) i7-10700 CPU @ 2.90GHz, 16 cores, 31G, Debian GNU/Linux 11 (bullseye)
Time: Wed May 31 16:03:34 2023 CEST elapsed time: 0.452974 seconds (0d 0h 0m 0s)

---------------  T H R E A D  ---------------

Current thread (0x00007f210c016e60):  JavaThread "main" [_thread_in_vm, id=88357, stack(0x00007f21124f2000,0x00007f21125f3000)]

Stack: [0x00007f21124f2000,0x00007f21125f3000],  sp=0x00007f21125ebf40,  free space=999k
Native frames: (J=compiled Java code, j=interpreted, Vv=VM code, C=native code)
V  [libjvm.so+0xbc1811]
V  [libjvm.so+0x5dd29d]
V  [libjvm.so+0x5ddbb5]
V  [libjvm.so+0xcb8065]
V  [libjvm.so+0xcbca83]
V  [libjvm.so+0xcbcb67]
V  [libjvm.so+0xcbd04f]
v  ~RuntimeStub::resolve_opt_virtual_call
J 1390 c1 jdk.internal.org.objectweb.asm.MethodWriter.visitInsn(I)V java.base@17.0.6 (115 bytes) @ 0x00007f20f546edac [0x00007f20f546ec00+0x00000000000001ac]
j  java.lang.invoke.InvokerBytecodeGenerator.emitReturn(Ljava/lang/invoke/LambdaForm$Name;)V+52 java.base@17.0.6
j  java.lang.invoke.InvokerBytecodeGenerator.addMethod()V+717 java.base@17.0.6
j  java.lang.invoke.InvokerBytecodeGenerator.generateCustomizedCodeBytes()[B+6 java.base@17.0.6
j  java.lang.invoke.InvokerBytecodeGenerator.generateCustomizedCode(Ljava/lang/invoke/LambdaForm;Ljava/lang/invoke/MethodType;)Ljava/lang/invoke/MemberName;+27 java.base@17.0.6
j  java.lang.invoke.LambdaForm.compileToBytecode()V+69 java.base@17.0.6
j  java.lang.invoke.DirectMethodHandle.makePreparedLambdaForm(Ljava/lang/invoke/MethodType;I)Ljava/lang/invoke/LambdaForm;+792 java.base@17.0.6
j  java.lang.invoke.DirectMethodHandle.preparedLambdaForm(Ljava/lang/invoke/MethodType;I)Ljava/lang/invoke/LambdaForm;+17 java.base@17.0.6
j  java.lang.invoke.DirectMethodHandle.preparedLambdaForm(Ljava/lang/invoke/MemberName;Z)Ljava/lang/invoke/LambdaForm;+159 java.base@17.0.6
j  java.lang.invoke.DirectMethodHandle.preparedLambdaForm(Ljava/lang/invoke/MemberName;)Ljava/lang/invoke/LambdaForm;+2 java.base@17.0.6
j  java.lang.invoke.DirectMethodHandle.make(BLjava/lang/Class;Ljava/lang/invoke/MemberName;Ljava/lang/Class;)Ljava/lang/invoke/DirectMethodHandle;+163 java.base@17.0.6
j  java.lang.invoke.MethodHandles$Lookup.getDirectMethodCommon(BLjava/lang/Class;Ljava/lang/invoke/MemberName;ZZLjava/lang/invoke/MethodHandles$Lookup;)Ljava/lang/invoke/MethodHandle;+210 java.base@17.0.6
j  java.lang.invoke.MethodHandles$Lookup.getDirectMethodNoSecurityManager(BLjava/lang/Class;Ljava/lang/invoke/MemberName;Ljava/lang/invoke/MethodHandles$Lookup;)Ljava/lang/invoke/MethodHandle;+14 java.base@17.0.6
j  java.lang.invoke.MethodHandles$Lookup.getDirectMethodForConstant(BLjava/lang/Class;Ljava/lang/invoke/MemberName;)Ljava/lang/invoke/MethodHandle;+31 java.base@17.0.6
j  java.lang.invoke.MethodHandles$Lookup.linkMethodHandleConstant(BLjava/lang/Class;Ljava/lang/String;Ljava/lang/Object;)Ljava/lang/invoke/MethodHandle;+153 java.base@17.0.6
j  java.lang.invoke.MethodHandleNatives.linkMethodHandleConstant(Ljava/lang/Class;ILjava/lang/Class;Ljava/lang/String;Ljava/lang/Object;)Ljava/lang/invoke/MethodHandle;+38 java.base@17.0.6
v  ~StubRoutines::call_stub
V  [libjvm.so+0x81ce95]
V  [libjvm.so+0x81d23c]
V  [libjvm.so+0xe5256d]
V  [libjvm.so+0x5f96f4]
V  [libjvm.so+0x5f9bed]
V  [libjvm.so+0x44663a]
V  [libjvm.so+0x4469e7]
V  [libjvm.so+0xe52bff]
V  [libjvm.so+0xa755a2]
V  [libjvm.so+0xa7571e]
V  [libjvm.so+0x81610e]
V  [libjvm.so+0x8183a5]
j  org.eclipse.osgi.internal.serviceregistry.ServiceRegistry.notifyFindHooksPrivileged(Lorg/eclipse/osgi/internal/framework/BundleContextImpl;Ljava/lang/String;Ljava/lang/String;ZLjava/util/Collection;)V+95
j  org.eclipse.osgi.internal.serviceregistry.ServiceRegistry.notifyFindHooks(Lorg/eclipse/osgi/internal/framework/BundleContextImpl;Ljava/lang/String;Ljava/lang/String;ZLjava/util/Collection;)V+14
j  org.eclipse.osgi.internal.serviceregistry.ServiceRegistry.getServiceReferences(Lorg/eclipse/osgi/internal/framework/BundleContextImpl;Ljava/lang/String;Ljava/lang/String;Z)[Lorg/eclipse/osgi/internal/serviceregistry/ServiceReferenceImpl;+231
j  org.eclipse.osgi.internal.framework.BundleContextImpl.getServiceReferences(Ljava/lang/String;Ljava/lang/String;)[Lorg/osgi/framework/ServiceReference;+15
j  org.osgi.util.tracker.ServiceTracker.getInitialReferences(ZLjava/lang/String;Ljava/lang/String;)[Lorg/osgi/framework/ServiceReference;+24
j  org.osgi.util.tracker.ServiceTracker.open(Z)V+74
j  org.osgi.util.tracker.ServiceTracker.open()V+2
j  org.eclipse.osgi.internal.framework.EquinoxContainer.systemStart(Lorg/osgi/framework/BundleContext;)V+35
j  org.eclipse.osgi.internal.framework.SystemBundleActivator.start(Lorg/osgi/framework/BundleContext;)V+26
j  org.eclipse.osgi.internal.framework.BundleContextImpl$2.run()Ljava/lang/Void;+23
j  org.eclipse.osgi.internal.framework.BundleContextImpl$2.run()Ljava/lang/Object;+1
j  java.security.AccessController.executePrivileged(Ljava/security/PrivilegedExceptionAction;Ljava/security/AccessControlContext;Ljava/lang/Class;)Ljava/lang/Object;+29 java.base@17.0.6
j  java.security.AccessController.doPrivileged(Ljava/security/PrivilegedExceptionAction;)Ljava/lang/Object;+9 java.base@17.0.6
j  org.eclipse.osgi.internal.framework.BundleContextImpl.startActivator(Lorg/osgi/framework/BundleActivator;)V+9
j  org.eclipse.osgi.internal.framework.BundleContextImpl.start()V+134
j  org.eclipse.osgi.internal.framework.EquinoxBundle.startWorker0()V+35
j  org.eclipse.osgi.internal.framework.EquinoxBundle$SystemBundle$EquinoxSystemModule.initWorker()V+60
j  org.eclipse.osgi.container.SystemModule.init()V+333
j  org.eclipse.osgi.internal.framework.EquinoxBundle$SystemBundle.init([Lorg/osgi/framework/FrameworkListener;)V+84
j  org.eclipse.osgi.internal.framework.EquinoxBundle$SystemBundle.init()V+2
j  org.eclipse.osgi.launch.Equinox.init()V+4
j  org.eclipse.core.runtime.adaptor.EclipseStarter.startup([Ljava/lang/String;Ljava/lang/Runnable;)Lorg/osgi/framework/BundleContext;+37
j  org.eclipse.core.runtime.adaptor.EclipseStarter.run([Ljava/lang/String;Ljava/lang/Runnable;)Ljava/lang/Object;+21
v  ~StubRoutines::call_stub
V  [libjvm.so+0x81ce95]
V  [libjvm.so+0xc8d0a9]
V  [libjvm.so+0xc8dec6]
V  [libjvm.so+0x8ebad7]  JVM_InvokeMethod+0x147
j  jdk.internal.reflect.NativeMethodAccessorImpl.invoke0(Ljava/lang/reflect/Method;Ljava/lang/Object;[Ljava/lang/Object;)Ljava/lang/Object;+0 java.base@17.0.6
j  jdk.internal.reflect.NativeMethodAccessorImpl.invoke(Ljava/lang/Object;[Ljava/lang/Object;)Ljava/lang/Object;+133 java.base@17.0.6
j  jdk.internal.reflect.DelegatingMethodAccessorImpl.invoke(Ljava/lang/Object;[Ljava/lang/Object;)Ljava/lang/Object;+6 java.base@17.0.6
j  java.lang.reflect.Method.invoke(Ljava/lang/Object;[Ljava/lang/Object;)Ljava/lang/Object;+59 java.base@17.0.6
j  org.eclipse.equinox.launcher.Main.invokeFramework([Ljava/lang/String;[Ljava/net/URL;)V+201
j  org.eclipse.equinox.launcher.Main.basicRun([Ljava/lang/String;)V+159
j  org.eclipse.equinox.launcher.Main.run([Ljava/lang/String;)I+4
j  org.eclipse.equinox.launcher.Main.main([Ljava/lang/String;)V+10
v  ~StubRoutines::call_stub
V  [libjvm.so+0x81ce95]
V  [libjvm.so+0x8b174b]
V  [libjvm.so+0x8b44de]
C  [libjli.so+0x4594]
C  [libjli.so+0x7ca9]

Java frames: (J=compiled Java code, j=interpreted, Vv=VM code)
v  ~RuntimeStub::resolve_opt_virtual_call
J 1390 c1 jdk.internal.org.objectweb.asm.MethodWriter.visitInsn(I)V java.base@17.0.6 (115 bytes) @ 0x00007f20f546edac [0x00007f20f546ec00+0x00000000000001ac]
j  java.lang.invoke.InvokerBytecodeGenerator.emitReturn(Ljava/lang/invoke/LambdaForm$Name;)V+52 java.base@17.0.6
j  java.lang.invoke.InvokerBytecodeGenerator.addMethod()V+717 java.base@17.0.6
j  java.lang.invoke.InvokerBytecodeGenerator.generateCustomizedCodeBytes()[B+6 java.base@17.0.6
j  java.lang.invoke.InvokerBytecodeGenerator.generateCustomizedCode(Ljava/lang/invoke/LambdaForm;Ljava/lang/invoke/MethodType;)Ljava/lang/invoke/MemberName;+27 java.base@17.0.6
j  java.lang.invoke.LambdaForm.compileToBytecode()V+69 java.base@17.0.6
j  java.lang.invoke.DirectMethodHandle.makePreparedLambdaForm(Ljava/lang/invoke/MethodType;I)Ljava/lang/invoke/LambdaForm;+792 java.base@17.0.6
j  java.lang.invoke.DirectMethodHandle.preparedLambdaForm(Ljava/lang/invoke/MethodType;I)Ljava/lang/invoke/LambdaForm;+17 java.base@17.0.6
j  java.lang.invoke.DirectMethodHandle.preparedLambdaForm(Ljava/lang/invoke/MemberName;Z)Ljava/lang/invoke/LambdaForm;+159 java.base@17.0.6
j  java.lang.invoke.DirectMethodHandle.preparedLambdaForm(Ljava/lang/invoke/MemberName;)Ljava/lang/invoke/LambdaForm;+2 java.base@17.0.6
j  java.lang.invoke.DirectMethodHandle.make(BLjava/lang/Class;Ljava/lang/invoke/MemberName;Ljava/lang/Class;)Ljava/lang/invoke/DirectMethodHandle;+163 java.base@17.0.6
j  java.lang.invoke.MethodHandles$Lookup.getDirectMethodCommon(BLjava/lang/Class;Ljava/lang/invoke/MemberName;ZZLjava/lang/invoke/MethodHandles$Lookup;)Ljava/lang/invoke/MethodHandle;+210 java.base@17.0.6
j  java.lang.invoke.MethodHandles$Lookup.getDirectMethodNoSecurityManager(BLjava/lang/Class;Ljava/lang/invoke/MemberName;Ljava/lang/invoke/MethodHandles$Lookup;)Ljava/lang/invoke/MethodHandle;+14 java.base@17.0.6
j  java.lang.invoke.MethodHandles$Lookup.getDirectMethodForConstant(BLjava/lang/Class;Ljava/lang/invoke/MemberName;)Ljava/lang/invoke/MethodHandle;+31 java.base@17.0.6
j  java.lang.invoke.MethodHandles$Lookup.linkMethodHandleConstant(BLjava/lang/Class;Ljava/lang/String;Ljava/lang/Object;)Ljava/lang/invoke/MethodHandle;+153 java.base@17.0.6
j  java.lang.invoke.MethodHandleNatives.linkMethodHandleConstant(Ljava/lang/Class;ILjava/lang/Class;Ljava/lang/String;Ljava/lang/Object;)Ljava/lang/invoke/MethodHandle;+38 java.base@17.0.6
v  ~StubRoutines::call_stub
j  org.eclipse.osgi.internal.serviceregistry.ServiceRegistry.notifyFindHooksPrivileged(Lorg/eclipse/osgi/internal/framework/BundleContextImpl;Ljava/lang/String;Ljava/lang/String;ZLjava/util/Collection;)V+95
j  org.eclipse.osgi.internal.serviceregistry.ServiceRegistry.notifyFindHooks(Lorg/eclipse/osgi/internal/framework/BundleContextImpl;Ljava/lang/String;Ljava/lang/String;ZLjava/util/Collection;)V+14
j  org.eclipse.osgi.internal.serviceregistry.ServiceRegistry.getServiceReferences(Lorg/eclipse/osgi/internal/framework/BundleContextImpl;Ljava/lang/String;Ljava/lang/String;Z)[Lorg/eclipse/osgi/internal/serviceregistry/ServiceReferenceImpl;+231
j  org.eclipse.osgi.internal.framework.BundleContextImpl.getServiceReferences(Ljava/lang/String;Ljava/lang/String;)[Lorg/osgi/framework/ServiceReference;+15
j  org.osgi.util.tracker.ServiceTracker.getInitialReferences(ZLjava/lang/String;Ljava/lang/String;)[Lorg/osgi/framework/ServiceReference;+24
j  org.osgi.util.tracker.ServiceTracker.open(Z)V+74
j  org.osgi.util.tracker.ServiceTracker.open()V+2
j  org.eclipse.osgi.internal.framework.EquinoxContainer.systemStart(Lorg/osgi/framework/BundleContext;)V+35
j  org.eclipse.osgi.internal.framework.SystemBundleActivator.start(Lorg/osgi/framework/BundleContext;)V+26
j  org.eclipse.osgi.internal.framework.BundleContextImpl$2.run()Ljava/lang/Void;+23
j  org.eclipse.osgi.internal.framework.BundleContextImpl$2.run()Ljava/lang/Object;+1
j  java.security.AccessController.executePrivileged(Ljava/security/PrivilegedExceptionAction;Ljava/security/AccessControlContext;Ljava/lang/Class;)Ljava/lang/Object;+29 java.base@17.0.6
j  java.security.AccessController.doPrivileged(Ljava/security/PrivilegedExceptionAction;)Ljava/lang/Object;+9 java.base@17.0.6
j  org.eclipse.osgi.internal.framework.BundleContextImpl.startActivator(Lorg/osgi/framework/BundleActivator;)V+9
j  org.eclipse.osgi.internal.framework.BundleContextImpl.start()V+134
j  org.eclipse.osgi.internal.framework.EquinoxBundle.startWorker0()V+35
j  org.eclipse.osgi.internal.framework.EquinoxBundle$SystemBundle$EquinoxSystemModule.initWorker()V+60
j  org.eclipse.osgi.container.SystemModule.init()V+333
j  org.eclipse.osgi.internal.framework.EquinoxBundle$SystemBundle.init([Lorg/osgi/framework/FrameworkListener;)V+84
j  org.eclipse.osgi.internal.framework.EquinoxBundle$SystemBundle.init()V+2
j  org.eclipse.osgi.launch.Equinox.init()V+4
j  org.eclipse.core.runtime.adaptor.EclipseStarter.startup([Ljava/lang/String;Ljava/lang/Runnable;)Lorg/osgi/framework/BundleContext;+37
j  org.eclipse.core.runtime.adaptor.EclipseStarter.run([Ljava/lang/String;Ljava/lang/Runnable;)Ljava/lang/Object;+21
v  ~StubRoutines::call_stub
j  jdk.internal.reflect.NativeMethodAccessorImpl.invoke0(Ljava/lang/reflect/Method;Ljava/lang/Object;[Ljava/lang/Object;)Ljava/lang/Object;+0 java.base@17.0.6
j  jdk.internal.reflect.NativeMethodAccessorImpl.invoke(Ljava/lang/Object;[Ljava/lang/Object;)Ljava/lang/Object;+133 java.base@17.0.6
j  jdk.internal.reflect.DelegatingMethodAccessorImpl.invoke(Ljava/lang/Object;[Ljava/lang/Object;)Ljava/lang/Object;+6 java.base@17.0.6
j  java.lang.reflect.Method.invoke(Ljava/lang/Object;[Ljava/lang/Object;)Ljava/lang/Object;+59 java.base@17.0.6
j  org.eclipse.equinox.launcher.Main.invokeFramework([Ljava/lang/String;[Ljava/net/URL;)V+201
j  org.eclipse.equinox.launcher.Main.basicRun([Ljava/lang/String;)V+159
j  org.eclipse.equinox.launcher.Main.run([Ljava/lang/String;)I+4
j  org.eclipse.equinox.launcher.Main.main([Ljava/lang/String;)V+10
v  ~StubRoutines::call_stub
Register to memory mapping:

RAX=0x00007f2113f02000 points into unknown readable memory: 0x0000000000000058 | 58 00 00 00 00 00 00 00
RBX=0x0000000cffeca3b4 is an unknown value
RCX=0x00007f21138f6c78: <offset 0x0000000000fd8c78> in /usr/lib/jvm/java-17-openjdk-amd64/lib/server/libjvm.so at 0x00007f211291e000
RDX=0x00007f2113920530: <offset 0x0000000001002530> in /usr/lib/jvm/java-17-openjdk-amd64/lib/server/libjvm.so at 0x00007f211291e000
RSP=0x00007f21125ebf40 is pointing into the stack for thread: 0x00007f210c016e60
RBP=0x00007f21125ebf60 is pointing into the stack for thread: 0x00007f210c016e60
RSI=0x00000000000000ac is an unknown value
RDI=0x00007f2113920560: <offset 0x0000000001002560> in /usr/lib/jvm/java-17-openjdk-amd64/lib/server/libjvm.so at 0x00007f211291e000
R8 =0x00007f20f546ea10 is at entry_point+-496 in (nmethod*)0x00007f20f546ea10
R9 =0x00007f20f5209000 points into unknown readable memory: 0x0000000000000007 | 07 00 00 00 00 00 00 00
R10=0x00007f2111ad5000 points into unknown readable memory: 0x0006050403020100 | 00 01 02 03 04 05 06 00
R11=0x0000000800526df0 is pointing into metadata
R12=0x00007f20f546eda7 is at entry_point+423 in (nmethod*)0x00007f20f546ea10
R13=0x00007f20f546eda8 is at entry_point+424 in (nmethod*)0x00007f20f546ea10
R14=0x0 is NULL
R15=0x00007f21125ec050 is pointing into the stack for thread: 0x00007f210c016e60


Registers:
RAX=0x00007f2113f02000, RBX=0x0000000cffeca3b4, RCX=0x00007f21138f6c78, RDX=0x00007f2113920530
RSP=0x00007f21125ebf40, RBP=0x00007f21125ebf60, RSI=0x00000000000000ac, RDI=0x00007f2113920560
R8 =0x00007f20f546ea10, R9 =0x00007f20f5209000, R10=0x00007f2111ad5000, R11=0x0000000800526df0
R12=0x00007f20f546eda7, R13=0x00007f20f546eda8, R14=0x0000000000000000, R15=0x00007f21125ec050
RIP=0x00007f21134df811, EFLAGS=0x0000000000010207, CSGSFS=0x002b000000000033, ERR=0x0000000000000006
  TRAPNO=0x000000000000000e

Top of Stack: (sp=0x00007f21125ebf40)
0x00007f21125ebf40:   00007f20f546eda7 00007f210c017470
0x00007f21125ebf50:   0000000000000000 00007f2df5339160
0x00007f21125ebf60:   00007f21125ebf90 00007f2112efb29d
0x00007f21125ebf70:   00007f20f546edac 00007f21125ec010 

Instructions: (pc=0x00007f21134df811)
0x00007f21134df711:   e8 41 5c 5d e9 06 2d c2 ff 66 0f 1f 44 00 00 55
0x00007f21134df721:   48 89 e5 41 54 49 89 fc 83 e7 07 53 48 89 f3 75
0x00007f21134df731:   3e 41 c7 04 24 eb fe eb fe 4c 89 e7 e8 ae 2c c2
0x00007f21134df741:   ff 0f b6 43 04 49 8d 7c 24 04 41 88 44 24 04 e8
0x00007f21134df751:   9b 2c c2 ff 8b 03 4c 89 e7 5b 41 89 04 24 41 5c
0x00007f21134df761:   5d e9 89 2c c2 ff 66 0f 1f 84 00 00 00 00 00 48
0x00007f21134df771:   8d 05 d1 1b 72 00 48 8d 0d b6 4a 47 00 48 8d 15
0x00007f21134df781:   9b c1 45 00 be e2 00 00 00 48 8d 3d 5f c1 45 00
0x00007f21134df791:   48 8b 00 c6 00 58 31 c0 e8 12 10 a4 ff e8 dd e2
0x00007f21134df7a1:   03 00 eb 8d 90 66 2e 0f 1f 84 00 00 00 00 00 48
0x00007f21134df7b1:   83 c7 01 83 e7 03 0f 94 c0 c3 90 0f 1f 40 00 55
0x00007f21134df7c1:   48 89 e5 41 55 4c 8d 6f 01 41 54 49 89 fc 53 48
0x00007f21134df7d1:   89 f3 48 83 ec 08 41 f6 c5 03 75 63 49 8d 44 24
0x00007f21134df7e1:   05 48 29 c3 48 63 c3 48 39 c3 74 33 48 8d 05 54
0x00007f21134df7f1:   1b 72 00 48 8d 0d 7d 74 41 00 48 8d 15 2e 0d 44
0x00007f21134df801:   00 be ac 00 00 00 48 8d 3d 52 0d 44 00 48 8b 00
0x00007f21134df811:   c6 00 58 31 c0 e8 95 0f a4 ff e8 60 e2 03 00 41
0x00007f21134df821:   89 5c 24 01 48 83 c4 08 4c 89 ef 5b 41 5c 41 5d
0x00007f21134df831:   5d e9 b9 2b c2 ff 66 0f 1f 84 00 00 00 00 00 48
0x00007f21134df841:   8d 05 01 1b 72 00 48 8d 0d f7 bf 45 00 48 8d 15
0x00007f21134df851:   0c c0 45 00 be 22 01 00 00 48 8d 3d 8f c0 45 00
0x00007f21134df861:   48 8b 00 c6 00 58 31 c0 e8 42 0f a4 ff e8 0d e2
0x00007f21134df871:   03 00 e9 65 ff ff ff 0f 1f 84 00 00 00 00 00 0f
0x00007f21134df881:   b6 07 48 89 fa 83 e8 48 3c 01 77 0b 0f b6 47 01
0x00007f21134df891:   83 e0 f8 3c b8 74 58 55 48 8d 05 f8 24 78 00 48
0x00007f21134df8a1:   8d 35 d7 bf 45 00 48 8b 4a 02 48 8b 38 31 c0 48
0x00007f21134df8b1:   89 e5 e8 08 fd 04 00 ba 2f 01 00 00 48 8d 05 84
0x00007f21134df8c1:   1a 72 00 48 8d 0d 95 c0 45 00 48 8d 35 1e c0 45
0x00007f21134df8d1:   00 bf 00 00 00 e0 48 8b 00 c6 00 58 31 c0 e8 6c
0x00007f21134df8e1:   10 a4 ff 5d e9 96 e1 03 00 66 0f 1f 44 00 00 c3
0x00007f21134df8f1:   90 66 66 2e 0f 1f 84 00 00 00 00 00 0f 1f 00 48
0x00007f21134df901:   8d 05 91 24 78 00 48 8b 4f 02 48 89 fa 48 8d 35 


Stack slot to memory mapping:
stack at sp + 0 slots: 0x00007f20f546eda7 is at entry_point+423 in (nmethod*)0x00007f20f546ea10
stack at sp + 1 slots: 0x00007f210c017470 points into unknown readable memory: 0x00007f210c017490 | 90 74 01 0c 21 7f 00 00
stack at sp + 2 slots: 0x0 is NULL
stack at sp + 3 slots: 0x00007f2df5339160 is an unknown value
stack at sp + 4 slots: 0x00007f21125ebf90 is pointing into the stack for thread: 0x00007f210c016e60
stack at sp + 5 slots: 0x00007f2112efb29d: <offset 0x00000000005dd29d> in /usr/lib/jvm/java-17-openjdk-amd64/lib/server/libjvm.so at 0x00007f211291e000
stack at sp + 6 slots: 0x00007f20f546edac is at entry_point+428 in (nmethod*)0x00007f20f546ea10
stack at sp + 7 slots: 0x00007f21125ec010 is pointing into the stack for thread: 0x00007f210c016e60


---------------  P R O C E S S  ---------------

Threads class SMR info:
_java_thread_list=0x00007f210c5943a0, length=20, elements={
0x00007f210c016e60, 0x00007f210c221600, 0x00007f210c222a10, 0x00007f210c22d690,
0x00007f210c22ea10, 0x00007f210c22fdf0, 0x00007f210c2317f0, 0x00007f210c232cf0,
0x00007f210c234130, 0x00007f210c24ff40, 0x00007f20c806e010, 0x00007f20c4001120,
0x00007f20c808fe00, 0x00007f210c315c70, 0x00007f20d40aa860, 0x00007f20c40c0be0,
0x00007f20c40c1d10, 0x00007f210c43b870, 0x00007f20a402cae0, 0x00007f210c593890
}

Java Threads: ( => current thread )
=>0x00007f210c016e60 JavaThread "main" [_thread_in_vm, id=88357, stack(0x00007f21124f2000,0x00007f21125f3000)]
  0x00007f210c221600 JavaThread "Reference Handler" daemon [_thread_blocked, id=88360, stack(0x00007f20ecdfd000,0x00007f20ecefe000)]
  0x00007f210c222a10 JavaThread "Finalizer" daemon [_thread_blocked, id=88361, stack(0x00007f20eccfc000,0x00007f20ecdfd000)]
  0x00007f210c22d690 JavaThread "Signal Dispatcher" daemon [_thread_blocked, id=88363, stack(0x00007f20ec914000,0x00007f20eca15000)]
  0x00007f210c22ea10 JavaThread "Service Thread" daemon [_thread_blocked, id=88364, stack(0x00007f20ec813000,0x00007f20ec914000)]
  0x00007f210c22fdf0 JavaThread "Monitor Deflation Thread" daemon [_thread_blocked, id=88365, stack(0x00007f20ec712000,0x00007f20ec813000)]
  0x00007f210c2317f0 JavaThread "C2 CompilerThread0" daemon [_thread_blocked, id=88366, stack(0x00007f20ec611000,0x00007f20ec712000)]
  0x00007f210c232cf0 JavaThread "C1 CompilerThread0" daemon [_thread_blocked, id=88367, stack(0x00007f20ec510000,0x00007f20ec611000)]
  0x00007f210c234130 JavaThread "Sweeper thread" daemon [_thread_blocked, id=88368, stack(0x00007f20ec40f000,0x00007f20ec510000)]
  0x00007f210c24ff40 JavaThread "Common-Cleaner" daemon [_thread_blocked, id=88382, stack(0x00007f20ec30e000,0x00007f20ec40f000)]
  0x00007f20c806e010 JavaThread "C1 CompilerThread1" daemon [_thread_blocked, id=88383, stack(0x00007f20ec20d000,0x00007f20ec30e000)]
  0x00007f20c4001120 JavaThread "C1 CompilerThread2" daemon [_thread_blocked, id=88384, stack(0x00007f20ec10c000,0x00007f20ec20d000)]
  0x00007f20c808fe00 JavaThread "C2 CompilerThread1" daemon [_thread_blocked, id=88385, stack(0x00007f20ec00b000,0x00007f20ec10c000)]
  0x00007f210c315c70 JavaThread "Notification Thread" daemon [_thread_blocked, id=88400, stack(0x00007f20b7eff000,0x00007f20b8000000)]
  0x00007f20d40aa860 JavaThread "C2 CompilerThread2" daemon [_thread_blocked, id=88416, stack(0x00007f20b7cfc000,0x00007f20b7dfd000)]
  0x00007f20c40c0be0 JavaThread "C2 CompilerThread3" daemon [_thread_blocked, id=88419, stack(0x00007f20b7bfb000,0x00007f20b7cfc000)]
  0x00007f20c40c1d10 JavaThread "C2 CompilerThread4" daemon [_thread_blocked, id=88420, stack(0x00007f20b7afa000,0x00007f20b7bfb000)]
  0x00007f210c43b870 JavaThread "process reaper" daemon [_thread_blocked, id=88424, stack(0x00007f20ed8d7000,0x00007f20ed8f9000)]
  0x00007f20a402cae0 JavaThread "C2 CompilerThread5" daemon [_thread_blocked, id=88427, stack(0x00007f20b79f9000,0x00007f20b7afa000)]
  0x00007f210c593890 JavaThread "Active Thread: Equinox Container: 883a0d3c-129a-431c-8c22-8bd5e2b78fcd" [_thread_blocked, id=88436, stack(0x00007f20b73ee000,0x00007f20b74ef000)]

Other Threads:
  0x00007f210c21cdb0 VMThread "VM Thread" [stack: 0x00007f20ecf00000,0x00007f20ed000000] [id=88359]
  0x00007f210c316e50 WatcherThread [stack: 0x00007f20b7dff000,0x00007f20b7eff000] [id=88401]
  0x00007f210c02e0d0 GCTaskThread "GC Thread#0" [stack: 0x00007f21116eb000,0x00007f21117eb000] [id=88358]
  0x00007f20e8001100 GCTaskThread "GC Thread#1" [stack: 0x00007f20b78f9000,0x00007f20b79f9000] [id=88430]
  0x00007f20e80030d0 GCTaskThread "GC Thread#2" [stack: 0x00007f20b77f7000,0x00007f20b78f7000] [id=88432]
  0x00007f20e8003a60 GCTaskThread "GC Thread#3" [stack: 0x00007f20b76f5000,0x00007f20b77f5000] [id=88433]
  0x00007f20e80043f0 GCTaskThread "GC Thread#4" [stack: 0x00007f20b75f3000,0x00007f20b76f3000] [id=88434]
  0x00007f20e8004d80 GCTaskThread "GC Thread#5" [stack: 0x00007f20b74f1000,0x00007f20b75f1000] [id=88435]

Threads with active compile tasks:

VM state: not at safepoint (normal execution)

VM Mutex/Monitor currently owned by a thread:  ([mutex/lock_event])
[0x00007f210c012e40] CompiledIC_lock - owner thread: 0x00007f210c016e60

Heap address: 0x00000000c0000000, size: 1024 MB, Compressed Oops mode: 32-bit

CDS archive(s) mapped at: [0x0000000800000000-0x0000000800be3000-0x0000000800be3000), size 12464128, SharedBaseAddress: 0x0000000800000000, ArchiveRelocationMode: 0.
Compressed class space mapped at: 0x0000000800c00000-0x0000000840c00000, reserved size: 1073741824
Narrow klass base: 0x0000000800000000, Narrow klass shift: 0, Narrow klass range: 0x100000000

GC Precious Log:
 CPUs: 16 total, 16 available
 Memory: 31888M
 Large Page Support: Disabled
 NUMA Support: Disabled
 Compressed Oops: Enabled (32-bit)
 Alignments: Space 512K, Generation 512K, Heap 2M
 Heap Min Capacity: 100M
 Heap Initial Capacity: 100M
 Heap Max Capacity: 1G
 Pre-touch: Disabled
 Parallel Workers: 13

Heap:
 PSYoungGen      total 29696K, used 18047K [0x00000000eab00000, 0x00000000ecc00000, 0x0000000100000000)
  eden space 25600K, 58% used [0x00000000eab00000,0x00000000eb997870,0x00000000ec400000)
  from space 4096K, 75% used [0x00000000ec400000,0x00000000ec708440,0x00000000ec800000)
  to   space 4096K, 0% used [0x00000000ec800000,0x00000000ec800000,0x00000000ecc00000)
 ParOldGen       total 68608K, used 16K [0x00000000c0000000, 0x00000000c4300000, 0x00000000eab00000)
  object space 68608K, 0% used [0x00000000c0000000,0x00000000c0004000,0x00000000c4300000)
 Metaspace       used 7143K, committed 7360K, reserved 1056768K
  class space    used 669K, committed 768K, reserved 1048576K

Card table byte_map: [0x00007f21117eb000,0x00007f21119ec000] _byte_map_base: 0x00007f21111eb000

Marking Bits: (ParMarkBitMap*) 0x00007f2113c637a0
 Begin Bits: [0x00007f20ee000000, 0x00007f20ef000000)
 End Bits:   [0x00007f20ef000000, 0x00007f20f0000000)

Polling page: 0x00007f2113eba000

Metaspace:

Usage:
  Non-class:      6,32 MB used.
      Class:    669,88 KB used.
       Both:      6,98 MB used.

Virtual space:
  Non-class space:        8,00 MB reserved,       6,44 MB ( 80%) committed,  1 nodes.
      Class space:        1,00 GB reserved,     768,00 KB ( <1%) committed,  1 nodes.
             Both:        1,01 GB reserved,       7,19 MB ( <1%) committed. 

Chunk freelists:
   Non-Class:  1,54 MB
       Class:  3,09 MB
        Both:  4,63 MB

MaxMetaspaceSize: unlimited
CompressedClassSpaceSize: 1,00 GB
Initial GC threshold: 21,00 MB
Current GC threshold: 21,00 MB
CDS: on
MetaspaceReclaimPolicy: balanced
 - commit_granule_bytes: 65536.
 - commit_granule_words: 8192.
 - virtual_space_node_default_size: 1048576.
 - enlarge_chunks_in_place: 1.
 - new_chunks_are_fully_committed: 0.
 - uncommit_free_chunks: 1.
 - use_allocation_guard: 0.
 - handle_deallocations: 1.


Internal statistics:

num_allocs_failed_limit: 0.
num_arena_births: 62.
num_arena_deaths: 0.
num_vsnodes_births: 2.
num_vsnodes_deaths: 0.
num_space_committed: 115.
num_space_uncommitted: 0.
num_chunks_returned_to_freelist: 0.
num_chunks_taken_from_freelist: 186.
num_chunk_merges: 0.
num_chunk_splits: 136.
num_chunks_enlarged: 111.
num_purges: 0.
num_inconsistent_stats: 0.

CodeHeap 'non-profiled nmethods': size=119168Kb used=513Kb max_used=513Kb free=118654Kb
 bounds [0x00007f20fcda9000, 0x00007f20fd019000, 0x00007f2104209000]
CodeHeap 'profiled nmethods': size=119164Kb used=2472Kb max_used=2472Kb free=116691Kb
 bounds [0x00007f20f5209000, 0x00007f20f5479000, 0x00007f20fc668000]
CodeHeap 'non-nmethods': size=7428Kb used=2273Kb max_used=2317Kb free=5154Kb
 bounds [0x00007f20fc668000, 0x00007f20fc8d8000, 0x00007f20fcda9000]
 total_blobs=1836 nmethods=1392 adapters=358
 compilation: enabled
              stopped_count=0, restarted_count=0
 full_count=0

Compilation events (20 events):
Event: 0,440 Thread 0x00007f20c4001120 nmethod 1377 0x00007f20f546cb90 code [0x00007f20f546cda0, 0x00007f20f546d450]
Event: 0,442 Thread 0x00007f20c40c1d10 1378   !   4       lombok.patcher.ScriptManager$OurClassFileTransformer::transform (364 bytes)
Event: 0,446 Thread 0x00007f20c806e010 1380       1       lombok.patcher.ScriptManager::access$0 (5 bytes)
Event: 0,446 Thread 0x00007f20c4001120 1381       1       lombok.patcher.ScriptManager::access$2 (5 bytes)
Event: 0,446 Thread 0x00007f210c232cf0 1382       1       lombok.patcher.ScriptManager::access$1 (5 bytes)
Event: 0,446 Thread 0x00007f20c4001120 nmethod 1381 0x00007f20fce24c10 code [0x00007f20fce24da0, 0x00007f20fce24e50]
Event: 0,446 Thread 0x00007f210c232cf0 nmethod 1382 0x00007f20fce24f10 code [0x00007f20fce250a0, 0x00007f20fce25150]
Event: 0,446 Thread 0x00007f20c806e010 nmethod 1380 0x00007f20fce25210 code [0x00007f20fce253a0, 0x00007f20fce25450]
Event: 0,446 Thread 0x00007f20c808fe00 1383       4       java.util.concurrent.ConcurrentHashMap::get (162 bytes)
Event: 0,446 Thread 0x00007f20c4001120 1384   !   3       java.util.zip.Inflater::reset (64 bytes)
Event: 0,446 Thread 0x00007f20c4001120 nmethod 1384 0x00007f20f546d590 code [0x00007f20f546d760, 0x00007f20f546da50]
Event: 0,448 Thread 0x00007f20c808fe00 nmethod 1383 0x00007f20fce25510 code [0x00007f20fce256a0, 0x00007f20fce25978]
Event: 0,450 Thread 0x00007f20c4001120 1385       3       java.lang.ClassLoader::compareCerts (197 bytes)
Event: 0,450 Thread 0x00007f20c4001120 nmethod 1385 0x00007f20f546dc10 code [0x00007f20f546de40, 0x00007f20f546e6d0]
Event: 0,451 Thread 0x00007f20c4001120 1388       3       jdk.internal.org.objectweb.asm.Frame::getAbstractTypeFromDescriptor (415 bytes)
Event: 0,451 Thread 0x00007f210c232cf0 1389       3       java.lang.invoke.MemberName::getInvocationType (56 bytes)
Event: 0,451 Thread 0x00007f20c806e010 1390       3       jdk.internal.org.objectweb.asm.MethodWriter::visitInsn (115 bytes)
Event: 0,451 Thread 0x00007f20c806e010 nmethod 1390 0x00007f20f546ea10 code [0x00007f20f546ec00, 0x00007f20f546f000]
Event: 0,451 Thread 0x00007f210c232cf0 nmethod 1389 0x00007f20f546f190 code [0x00007f20f546f3c0, 0x00007f20f546fc60]
Event: 0,452 Thread 0x00007f20c806e010 1394       3       sun.invoke.util.BytecodeDescriptor::unparseSig (49 bytes)

GC Heap History (2 events):
Event: 0,303 GC heap before
{Heap before GC invocations=1 (full 0):
 PSYoungGen      total 29696K, used 25600K [0x00000000eab00000, 0x00000000ecc00000, 0x0000000100000000)
  eden space 25600K, 100% used [0x00000000eab00000,0x00000000ec400000,0x00000000ec400000)
  from space 4096K, 0% used [0x00000000ec800000,0x00000000ec800000,0x00000000ecc00000)
  to   space 4096K, 0% used [0x00000000ec400000,0x00000000ec400000,0x00000000ec800000)
 ParOldGen       total 68608K, used 0K [0x00000000c0000000, 0x00000000c4300000, 0x00000000eab00000)
  object space 68608K, 0% used [0x00000000c0000000,0x00000000c0000000,0x00000000c4300000)
 Metaspace       used 4755K, committed 4864K, reserved 1056768K
  class space    used 460K, committed 512K, reserved 1048576K
}
Event: 0,308 GC heap after
{Heap after GC invocations=1 (full 0):
 PSYoungGen      total 29696K, used 3105K [0x00000000eab00000, 0x00000000ecc00000, 0x0000000100000000)
  eden space 25600K, 0% used [0x00000000eab00000,0x00000000eab00000,0x00000000ec400000)
  from space 4096K, 75% used [0x00000000ec400000,0x00000000ec708440,0x00000000ec800000)
  to   space 4096K, 0% used [0x00000000ec800000,0x00000000ec800000,0x00000000ecc00000)
 ParOldGen       total 68608K, used 16K [0x00000000c0000000, 0x00000000c4300000, 0x00000000eab00000)
  object space 68608K, 0% used [0x00000000c0000000,0x00000000c0004000,0x00000000c4300000)
 Metaspace       used 4755K, committed 4864K, reserved 1056768K
  class space    used 460K, committed 512K, reserved 1048576K
}

Dll operation events (9 events):
Event: 0,002 Loaded shared library /usr/lib/jvm/java-17-openjdk-amd64/lib/libjava.so
Event: 0,002 Loaded shared library /usr/lib/jvm/java-17-openjdk-amd64/lib/libzip.so
Event: 0,006 Loaded shared library /usr/lib/jvm/java-17-openjdk-amd64/lib/libjsvml.so
Event: 0,043 Loaded shared library /usr/lib/jvm/java-17-openjdk-amd64/lib/libinstrument.so
Event: 0,045 Loaded shared library /usr/lib/jvm/java-17-openjdk-amd64/lib/libnio.so
Event: 0,047 Loaded shared library /usr/lib/jvm/java-17-openjdk-amd64/lib/libzip.so
Event: 0,054 Loaded shared library /usr/lib/jvm/java-17-openjdk-amd64/lib/libjimage.so
Event: 0,072 Loaded shared library /usr/lib/jvm/java-17-openjdk-amd64/lib/libverify.so
Event: 0,332 Loaded shared library /usr/lib/jvm/java-17-openjdk-amd64/lib/libnet.so

Deoptimization events (20 events):
Event: 0,355 Thread 0x00007f210c016e60 Uncommon trap: trap_request=0xffffffde fr.pc=0x00007f20fcdd9bdc relative=0x00000000000004fc
Event: 0,355 Thread 0x00007f210c016e60 Uncommon trap: reason=class_check action=maybe_recompile pc=0x00007f20fcdd9bdc method=java.util.Collections$UnmodifiableCollection$1.<init>(Ljava/util/Collections$UnmodifiableCollection;)V @ 17 c2
Event: 0,355 Thread 0x00007f210c016e60 DEOPT PACKING pc=0x00007f20fcdd9bdc sp=0x00007f21125f0b80
Event: 0,355 Thread 0x00007f210c016e60 DEOPT UNPACKING pc=0x00007f20fc6be399 sp=0x00007f21125f0b58 mode 2
Event: 0,367 Thread 0x00007f210c016e60 Uncommon trap: trap_request=0xffffff45 fr.pc=0x00007f20fce09600 relative=0x00000000000001e0
Event: 0,367 Thread 0x00007f210c016e60 Uncommon trap: reason=unstable_if action=reinterpret pc=0x00007f20fce09600 method=java.io.BufferedInputStream.read()I @ 8 c2
Event: 0,368 Thread 0x00007f210c016e60 DEOPT PACKING pc=0x00007f20fce09600 sp=0x00007f21125f0910
Event: 0,368 Thread 0x00007f210c016e60 DEOPT UNPACKING pc=0x00007f20fc6be399 sp=0x00007f21125f08c0 mode 2
Event: 0,376 Thread 0x00007f210c016e60 Uncommon trap: trap_request=0xffffff45 fr.pc=0x00007f20fcdeea14 relative=0x0000000000000dd4
Event: 0,376 Thread 0x00007f210c016e60 Uncommon trap: reason=unstable_if action=reinterpret pc=0x00007f20fcdeea14 method=lombok.patcher.PatchScript.classMatches(Ljava/lang/String;Ljava/util/Collection;)Z @ 25 c2
Event: 0,376 Thread 0x00007f210c016e60 DEOPT PACKING pc=0x00007f20fcdeea14 sp=0x00007f21125eaff0
Event: 0,376 Thread 0x00007f210c016e60 DEOPT UNPACKING pc=0x00007f20fc6be399 sp=0x00007f21125eaf78 mode 2
Event: 0,391 Thread 0x00007f210c016e60 Uncommon trap: trap_request=0xffffffc6 fr.pc=0x00007f20fcdcf078 relative=0x00000000000002b8
Event: 0,391 Thread 0x00007f210c016e60 Uncommon trap: reason=bimorphic_or_optimized_type_check action=maybe_recompile pc=0x00007f20fcdcf078 method=java.util.Collections$UnmodifiableCollection$1.next()Ljava/lang/Object; @ 4 c2
Event: 0,391 Thread 0x00007f210c016e60 DEOPT PACKING pc=0x00007f20fcdcf078 sp=0x00007f21125eaa90
Event: 0,391 Thread 0x00007f210c016e60 DEOPT UNPACKING pc=0x00007f20fc6be399 sp=0x00007f21125eaa60 mode 2
Event: 0,391 Thread 0x00007f210c016e60 Uncommon trap: trap_request=0xffffffc6 fr.pc=0x00007f20fcdcf078 relative=0x00000000000002b8
Event: 0,391 Thread 0x00007f210c016e60 Uncommon trap: reason=bimorphic_or_optimized_type_check action=maybe_recompile pc=0x00007f20fcdcf078 method=java.util.Collections$UnmodifiableCollection$1.next()Ljava/lang/Object; @ 4 c2
Event: 0,391 Thread 0x00007f210c016e60 DEOPT PACKING pc=0x00007f20fcdcf078 sp=0x00007f21125eaa90
Event: 0,391 Thread 0x00007f210c016e60 DEOPT UNPACKING pc=0x00007f20fc6be399 sp=0x00007f21125eaa60 mode 2

Classes unloaded (0 events):
No events

Classes redefined (0 events):
No events

Internal exceptions (20 events):
Event: 0,182 Thread 0x00007f210c016e60 Exception <a 'java/lang/NoSuchMethodError'{0x00000000eb916338}: 'java.lang.Object java.lang.invoke.DirectMethodHandle$Holder.invokeStaticInit(java.lang.Object)'> (0x00000000eb916338) 
thrown [./src/hotspot/share/interpreter/linkResolver.cpp, line 758]
Event: 0,183 Thread 0x00007f210c016e60 Exception <a 'java/lang/NoSuchMethodError'{0x00000000eb92eaf0}: 'java.lang.Object java.lang.invoke.DirectMethodHandle$Holder.invokeStaticInit(java.lang.Object, java.lang.Object, long, java.lang.Object)'> (0x00000000eb92eaf0) 
thrown [./src/hotspot/share/interpreter/linkResolver.cpp, line 758]
Event: 0,184 Thread 0x00007f210c016e60 Exception <a 'java/lang/NoSuchMethodError'{0x00000000eb935250}: 'java.lang.Object java.lang.invoke.DirectMethodHandle$Holder.newInvokeSpecial(java.lang.Object, java.lang.Object, long)'> (0x00000000eb935250) 
thrown [./src/hotspot/share/interpreter/linkResolver.cpp, line 758]
Event: 0,184 Thread 0x00007f210c016e60 Exception <a 'java/lang/NoSuchMethodError'{0x00000000eb939540}: 'java.lang.Object java.lang.invoke.Invokers$Holder.linkToTargetMethod(java.lang.Object, long, java.lang.Object)'> (0x00000000eb939540) 
thrown [./src/hotspot/share/interpreter/linkResolver.cpp, line 758]
Event: 0,186 Thread 0x00007f210c016e60 Exception <a 'java/lang/NoSuchMethodError'{0x00000000eb96ba88}: 'java.lang.Object java.lang.invoke.DirectMethodHandle$Holder.newInvokeSpecial(java.lang.Object, java.lang.Object, java.lang.Object, int)'> (0x00000000eb96ba88) 
thrown [./src/hotspot/share/interpreter/linkResolver.cpp, line 758]
Event: 0,186 Thread 0x00007f210c016e60 Exception <a 'java/lang/NoSuchMethodError'{0x00000000eb96fe68}: 'java.lang.Object java.lang.invoke.DirectMethodHandle$Holder.invokeSpecial(java.lang.Object, java.lang.Object, java.lang.Object, java.lang.Object, int)'> (0x00000000eb96fe68) 
thrown [./src/hotspot/share/interpreter/linkResolver.cpp, line 758]
Event: 0,186 Thread 0x00007f210c016e60 Exception <a 'java/lang/NoSuchMethodError'{0x00000000eb973a30}: 'java.lang.Object java.lang.invoke.Invokers$Holder.linkToTargetMethod(java.lang.Object, java.lang.Object, int, java.lang.Object)'> (0x00000000eb973a30) 
thrown [./src/hotspot/share/interpreter/linkResolver.cpp, line 758]
Event: 0,275 Thread 0x00007f210c016e60 Exception <a 'java/io/FileNotFoundException'{0x00000000ec23dc28}> (0x00000000ec23dc28) 
thrown [./src/hotspot/share/prims/jni.cpp, line 516]
Event: 0,294 Thread 0x00007f210c016e60 Implicit null exception at 0x00007f20fcde0280 to 0x00007f20fcde0c10
Event: 0,294 Thread 0x00007f210c016e60 Implicit null exception at 0x00007f20fcdf206c to 0x00007f20fcdf2254
Event: 0,294 Thread 0x00007f210c016e60 Implicit null exception at 0x00007f20fcdf196c to 0x00007f20fcdf1b68
Event: 0,294 Thread 0x00007f210c016e60 Implicit null exception at 0x00007f20fcde452f to 0x00007f20fcde45a9
Event: 0,322 Thread 0x00007f210c016e60 Exception <a 'java/lang/NoSuchMethodError'{0x00000000eac5a550}: 'int java.lang.invoke.DirectMethodHandle$Holder.invokeStaticInit(java.lang.Object, java.lang.Object, java.lang.Object, java.lang.Object)'> (0x00000000eac5a550) 
thrown [./src/hotspot/share/interpreter/linkResolver.cpp, line 758]
Event: 0,323 Thread 0x00007f210c016e60 Exception <a 'java/lang/NoSuchMethodError'{0x00000000eac64978}: 'java.lang.Object java.lang.invoke.DirectMethodHandle$Holder.invokeInterface(java.lang.Object, java.lang.Object)'> (0x00000000eac64978) 
thrown [./src/hotspot/share/interpreter/linkResolver.cpp, line 758]
Event: 0,324 Thread 0x00007f210c016e60 Exception <a 'java/lang/IncompatibleClassChangeError'{0x00000000eac68170}: Found class java.lang.Object, but interface was expected> (0x00000000eac68170) 
thrown [./src/hotspot/share/interpreter/linkResolver.cpp, line 826]
Event: 0,324 Thread 0x00007f210c016e60 Exception <a 'java/lang/NoSuchMethodError'{0x00000000eac6c898}: 'void java.lang.invoke.DirectMethodHandle$Holder.invokeStatic(java.lang.Object, java.lang.Object)'> (0x00000000eac6c898) 
thrown [./src/hotspot/share/interpreter/linkResolver.cpp, line 758]
Event: 0,324 Thread 0x00007f210c016e60 Exception <a 'java/lang/NoSuchMethodError'{0x00000000eac701b0}: 'void java.lang.invoke.DirectMethodHandle$Holder.invokeStaticInit(java.lang.Object, java.lang.Object)'> (0x00000000eac701b0) 
thrown [./src/hotspot/share/interpreter/linkResolver.cpp, line 758]
Event: 0,325 Thread 0x00007f210c016e60 Exception <a 'java/lang/NoSuchMethodError'{0x00000000eac779a8}: 'int java.lang.invoke.DirectMethodHandle$Holder.invokeStaticInit(java.lang.Object, java.lang.Object)'> (0x00000000eac779a8) 
thrown [./src/hotspot/share/interpreter/linkResolver.cpp, line 758]
Event: 0,346 Thread 0x00007f210c016e60 Exception <a 'java/lang/NoSuchMethodError'{0x00000000eaddfcf8}: 'void java.lang.invoke.DirectMethodHandle$Holder.invokeSpecial(java.lang.Object, java.lang.Object, java.lang.Object)'> (0x00000000eaddfcf8) 
thrown [./src/hotspot/share/interpreter/linkResolver.cpp, line 758]
Event: 0,451 Thread 0x00007f210c016e60 Exception <a 'java/lang/NoSuchMethodError'{0x00000000eb952d28}: 'java.lang.Object java.lang.invoke.DirectMethodHandle$Holder.newInvokeSpecial(java.lang.Object, int, java.lang.Object)'> (0x00000000eb952d28) 
thrown [./src/hotspot/share/interpreter/linkResolver.cpp, line 758]

VM Operations (18 events):
Event: 0,032 Executing VM operation: HandshakeAllThreads
Event: 0,032 Executing VM operation: HandshakeAllThreads done
Event: 0,063 Executing VM operation: HandshakeAllThreads
Event: 0,063 Executing VM operation: HandshakeAllThreads done
Event: 0,155 Executing VM operation: HandshakeAllThreads
Event: 0,155 Executing VM operation: HandshakeAllThreads done
Event: 0,164 Executing VM operation: HandshakeAllThreads
Event: 0,164 Executing VM operation: HandshakeAllThreads done
Event: 0,294 Executing VM operation: ICBufferFull
Event: 0,294 Executing VM operation: ICBufferFull done
Event: 0,303 Executing VM operation: ParallelGCFailedAllocation
Event: 0,308 Executing VM operation: ParallelGCFailedAllocation done
Event: 0,439 Executing VM operation: HandshakeAllThreads
Event: 0,439 Executing VM operation: HandshakeAllThreads done
Event: 0,442 Executing VM operation: HandshakeAllThreads
Event: 0,442 Executing VM operation: HandshakeAllThreads done
Event: 0,448 Executing VM operation: HandshakeAllThreads
Event: 0,448 Executing VM operation: HandshakeAllThreads done

Events (20 events):
Event: 0,449 loading class org/eclipse/osgi/framework/eventmgr/CopyOnWriteIdentityMap
Event: 0,449 loading class org/eclipse/osgi/framework/eventmgr/CopyOnWriteIdentityMap done
Event: 0,449 loading class org/eclipse/osgi/framework/eventmgr/CopyOnWriteIdentityMap$Entry
Event: 0,449 loading class org/eclipse/osgi/framework/eventmgr/CopyOnWriteIdentityMap$Entry done
Event: 0,450 loading class org/eclipse/osgi/internal/serviceregistry/HookContext
Event: 0,450 loading class org/eclipse/osgi/internal/serviceregistry/HookContext done
Event: 0,450 loading class org/osgi/framework/ServiceRegistration
Event: 0,450 loading class org/osgi/framework/ServiceRegistration done
Event: 0,450 loading class org/osgi/framework/hooks/service/ListenerHook
Event: 0,450 loading class org/osgi/framework/hooks/service/ListenerHook done
Event: 0,451 loading class org/eclipse/osgi/internal/serviceregistry/ShrinkableCollection
Event: 0,451 loading class org/eclipse/osgi/internal/serviceregistry/ShrinkableCollection done
Event: 0,451 loading class org/osgi/framework/hooks/service/FindHook
Event: 0,451 loading class org/osgi/framework/hooks/service/FindHook done
Event: 0,452 loading class org/eclipse/osgi/internal/framework/BundleContextImpl
Event: 0,452 loading class org/eclipse/osgi/internal/framework/BundleContextImpl done
Event: 0,452 loading class org/osgi/framework/ServiceRegistration
Event: 0,452 loading class org/osgi/framework/ServiceRegistration done
Event: 0,452 loading class org/eclipse/osgi/internal/framework/BundleContextImpl
Event: 0,452 loading class org/eclipse/osgi/internal/framework/BundleContextImpl done


Dynamic libraries:
c0000000-c4300000 rw-p 00000000 00:00 0 
c4300000-eab00000 ---p 00000000 00:00 0 
eab00000-ecc00000 rw-p 00000000 00:00 0 
ecc00000-100000000 ---p 00000000 00:00 0 
800000000-800be3000 rw-p 00001000 103:02 3543126                         /usr/lib/jvm/java-17-openjdk-amd64/lib/server/classes.jsa
800be3000-800c00000 ---p 00000000 00:00 0 
800c00000-800c20000 rw-p 00000000 00:00 0 
800c20000-800c40000 rw-p 00000000 00:00 0 
800c40000-800cb0000 rw-p 00000000 00:00 0 
800cb0000-800cc0000 ---p 00000000 00:00 0 
800cc0000-800cd0000 rw-p 00000000 00:00 0 
800cd0000-840c00000 ---p 00000000 00:00 0 
560a62aea000-560a62aeb000 r--p 00000000 103:02 3166030                   /usr/lib/jvm/java-17-openjdk-amd64/bin/java
560a62aeb000-560a62aec000 r-xp 00001000 103:02 3166030                   /usr/lib/jvm/java-17-openjdk-amd64/bin/java
560a62aec000-560a62aed000 r--p 00002000 103:02 3166030                   /usr/lib/jvm/java-17-openjdk-amd64/bin/java
560a62aed000-560a62aee000 r--p 00002000 103:02 3166030                   /usr/lib/jvm/java-17-openjdk-amd64/bin/java
560a62aee000-560a62aef000 rw-p 00003000 103:02 3166030                   /usr/lib/jvm/java-17-openjdk-amd64/bin/java
560a649aa000-560a649f0000 rw-p 00000000 00:00 0                          [heap]
7f2080000000-7f2080021000 rw-p 00000000 00:00 0 
7f2080021000-7f2084000000 ---p 00000000 00:00 0 
7f2084000000-7f2084021000 rw-p 00000000 00:00 0 
7f2084021000-7f2088000000 ---p 00000000 00:00 0 
7f2088000000-7f2088021000 rw-p 00000000 00:00 0 
7f2088021000-7f208c000000 ---p 00000000 00:00 0 
7f208c000000-7f208c021000 rw-p 00000000 00:00 0 
7f208c021000-7f2090000000 ---p 00000000 00:00 0 
7f2090000000-7f2090021000 rw-p 00000000 00:00 0 
7f2090021000-7f2094000000 ---p 00000000 00:00 0 
7f2094000000-7f2094021000 rw-p 00000000 00:00 0 
7f2094021000-7f2098000000 ---p 00000000 00:00 0 
7f2098000000-7f2098021000 rw-p 00000000 00:00 0 
7f2098021000-7f209c000000 ---p 00000000 00:00 0 
7f209c000000-7f209c081000 rw-p 00000000 00:00 0 
7f209c081000-7f20a0000000 ---p 00000000 00:00 0 
7f20a0000000-7f20a0214000 rw-p 00000000 00:00 0 
7f20a0214000-7f20a4000000 ---p 00000000 00:00 0 
7f20a4000000-7f20a41bf000 rw-p 00000000 00:00 0 
7f20a41bf000-7f20a8000000 ---p 00000000 00:00 0 
7f20a8000000-7f20a8021000 rw-p 00000000 00:00 0 
7f20a8021000-7f20ac000000 ---p 00000000 00:00 0 
7f20ac000000-7f20ac261000 rw-p 00000000 00:00 0 
7f20ac261000-7f20b0000000 ---p 00000000 00:00 0 
7f20b0000000-7f20b0021000 rw-p 00000000 00:00 0 
7f20b0021000-7f20b4000000 ---p 00000000 00:00 0 
7f20b73ee000-7f20b73f2000 ---p 00000000 00:00 0 
7f20b73f2000-7f20b74ef000 rw-p 00000000 00:00 0 
7f20b74ef000-7f20b74f0000 ---p 00000000 00:00 0 
7f20b74f0000-7f20b75f1000 rw-p 00000000 00:00 0 
7f20b75f1000-7f20b75f2000 ---p 00000000 00:00 0 
7f20b75f2000-7f20b76f3000 rw-p 00000000 00:00 0 
7f20b76f3000-7f20b76f4000 ---p 00000000 00:00 0 
7f20b76f4000-7f20b77f5000 rw-p 00000000 00:00 0 
7f20b77f5000-7f20b77f6000 ---p 00000000 00:00 0 
7f20b77f6000-7f20b78f7000 rw-p 00000000 00:00 0 
7f20b78f7000-7f20b78f8000 ---p 00000000 00:00 0 
7f20b78f8000-7f20b79f9000 rw-p 00000000 00:00 0 
7f20b79f9000-7f20b79fd000 ---p 00000000 00:00 0 
7f20b79fd000-7f20b7afa000 rw-p 00000000 00:00 0 
7f20b7afa000-7f20b7afe000 ---p 00000000 00:00 0 
7f20b7afe000-7f20b7bfb000 rw-p 00000000 00:00 0 
7f20b7bfb000-7f20b7bff000 ---p 00000000 00:00 0 
7f20b7bff000-7f20b7cfc000 rw-p 00000000 00:00 0 
7f20b7cfc000-7f20b7d00000 ---p 00000000 00:00 0 
7f20b7d00000-7f20b7dfd000 rw-p 00000000 00:00 0 
7f20b7dfd000-7f20b7dfe000 ---p 00000000 00:00 0 
7f20b7dfe000-7f20b7eff000 rw-p 00000000 00:00 0 
7f20b7eff000-7f20b7f03000 ---p 00000000 00:00 0 
7f20b7f03000-7f20b8000000 rw-p 00000000 00:00 0 
7f20b8000000-7f20b80ce000 rw-p 00000000 00:00 0 
7f20b80ce000-7f20bc000000 ---p 00000000 00:00 0 
7f20bc000000-7f20bc2c9000 rw-p 00000000 00:00 0 
7f20bc2c9000-7f20c0000000 ---p 00000000 00:00 0 
7f20c0000000-7f20c0021000 rw-p 00000000 00:00 0 
7f20c0021000-7f20c4000000 ---p 00000000 00:00 0 
7f20c4000000-7f20c40f3000 rw-p 00000000 00:00 0 
7f20c40f3000-7f20c8000000 ---p 00000000 00:00 0 
7f20c8000000-7f20c82eb000 rw-p 00000000 00:00 0 
7f20c82eb000-7f20cc000000 ---p 00000000 00:00 0 
7f20cc000000-7f20cc021000 rw-p 00000000 00:00 0 
7f20cc021000-7f20d0000000 ---p 00000000 00:00 0 
7f20d0000000-7f20d0021000 rw-p 00000000 00:00 0 
7f20d0021000-7f20d4000000 ---p 00000000 00:00 0 
7f20d4000000-7f20d441a000 rw-p 00000000 00:00 0 
7f20d441a000-7f20d8000000 ---p 00000000 00:00 0 
7f20d8000000-7f20d8021000 rw-p 00000000 00:00 0 
7f20d8021000-7f20dc000000 ---p 00000000 00:00 0 
7f20dc000000-7f20dc021000 rw-p 00000000 00:00 0 
7f20dc021000-7f20e0000000 ---p 00000000 00:00 0 
7f20e0000000-7f20e0021000 rw-p 00000000 00:00 0 
7f20e0021000-7f20e4000000 ---p 00000000 00:00 0 
7f20e4000000-7f20e4021000 rw-p 00000000 00:00 0 
7f20e4021000-7f20e8000000 ---p 00000000 00:00 0 
7f20e8000000-7f20e8021000 rw-p 00000000 00:00 0 
7f20e8021000-7f20ec000000 ---p 00000000 00:00 0 
7f20ec00b000-7f20ec00f000 ---p 00000000 00:00 0 
7f20ec00f000-7f20ec10c000 rw-p 00000000 00:00 0 
7f20ec10c000-7f20ec110000 ---p 00000000 00:00 0 
7f20ec110000-7f20ec20d000 rw-p 00000000 00:00 0 
7f20ec20d000-7f20ec211000 ---p 00000000 00:00 0 
7f20ec211000-7f20ec30e000 rw-p 00000000 00:00 0 
7f20ec30e000-7f20ec312000 ---p 00000000 00:00 0 
7f20ec312000-7f20ec40f000 rw-p 00000000 00:00 0 
7f20ec40f000-7f20ec413000 ---p 00000000 00:00 0 
7f20ec413000-7f20ec510000 rw-p 00000000 00:00 0 
7f20ec510000-7f20ec514000 ---p 00000000 00:00 0 
7f20ec514000-7f20ec611000 rw-p 00000000 00:00 0 
7f20ec611000-7f20ec615000 ---p 00000000 00:00 0 
7f20ec615000-7f20ec712000 rw-p 00000000 00:00 0 
7f20ec712000-7f20ec716000 ---p 00000000 00:00 0 
7f20ec716000-7f20ec813000 rw-p 00000000 00:00 0 
7f20ec813000-7f20ec817000 ---p 00000000 00:00 0 
7f20ec817000-7f20ec914000 rw-p 00000000 00:00 0 
7f20ec914000-7f20ec918000 ---p 00000000 00:00 0 
7f20ec918000-7f20eca15000 rw-p 00000000 00:00 0 
7f20eca15000-7f20eccfc000 r--p 00000000 103:02 3168159                   /usr/lib/locale/locale-archive
7f20eccfc000-7f20ecd00000 ---p 00000000 00:00 0 
7f20ecd00000-7f20ecdfd000 rw-p 00000000 00:00 0 
7f20ecdfd000-7f20ece01000 ---p 00000000 00:00 0 
7f20ece01000-7f20ecefe000 rw-p 00000000 00:00 0 
7f20ecefe000-7f20eceff000 ---p 00000000 00:00 0 
7f20eceff000-7f20ed3f0000 rw-p 00000000 00:00 0 
7f20ed3f0000-7f20ed400000 ---p 00000000 00:00 0 
7f20ed400000-7f20ed680000 rw-p 00000000 00:00 0 
7f20ed680000-7f20ed800000 ---p 00000000 00:00 0 
7f20ed8d7000-7f20ed8db000 ---p 00000000 00:00 0 
7f20ed8db000-7f20f0000000 rw-p 00000000 00:00 0 
7f20f0000000-7f20f0021000 rw-p 00000000 00:00 0 
7f20f0021000-7f20f4000000 ---p 00000000 00:00 0 
7f20f4002000-7f20f4027000 r--p 00000000 103:02 3152389                   /usr/share/locale/fr/LC_MESSAGES/libc.mo
7f20f4027000-7f20f402c000 r--p 00000000 103:02 3191070                   /usr/lib/jvm/java-17-openjdk-amd64/lib/libjsvml.so
7f20f402c000-7f20f406d000 r-xp 00005000 103:02 3191070                   /usr/lib/jvm/java-17-openjdk-amd64/lib/libjsvml.so
7f20f406d000-7f20f40f6000 r--p 00046000 103:02 3191070                   /usr/lib/jvm/java-17-openjdk-amd64/lib/libjsvml.so
7f20f40f6000-7f20f40f7000 r--p 000ce000 103:02 3191070                   /usr/lib/jvm/java-17-openjdk-amd64/lib/libjsvml.so
7f20f40f7000-7f20f40f8000 rw-p 000cf000 103:02 3191070                   /usr/lib/jvm/java-17-openjdk-amd64/lib/libjsvml.so
7f20f40f8000-7f20f5209000 rw-p 00000000 00:00 0 
7f20f5209000-7f20f5479000 rwxp 00000000 00:00 0 
7f20f5479000-7f20fc668000 ---p 00000000 00:00 0 
7f20fc668000-7f20fc8d8000 rwxp 00000000 00:00 0 
7f20fc8d8000-7f20fcda9000 ---p 00000000 00:00 0 
7f20fcda9000-7f20fd019000 rwxp 00000000 00:00 0 
7f20fd019000-7f2104209000 ---p 00000000 00:00 0 
7f2104209000-7f210c000000 r--s 00000000 103:02 3192854                   /usr/lib/jvm/java-17-openjdk-amd64/lib/modules
7f210c000000-7f210c5c3000 rw-p 00000000 00:00 0 
7f210c5c3000-7f2110000000 ---p 00000000 00:00 0 
7f211000c000-7f2110013000 r--s 00000000 103:02 3194164                   /usr/lib/x86_64-linux-gnu/gconv/gconv-modules.cache
7f2110013000-7f2110017000 r--p 00000000 103:02 3192852                   /usr/lib/jvm/java-17-openjdk-amd64/lib/libverify.so
7f2110017000-7f211001e000 r-xp 00004000 103:02 3192852                   /usr/lib/jvm/java-17-openjdk-amd64/lib/libverify.so
7f211001e000-7f2110020000 r--p 0000b000 103:02 3192852                   /usr/lib/jvm/java-17-openjdk-amd64/lib/libverify.so
7f2110020000-7f2110022000 r--p 0000c000 103:02 3192852                   /usr/lib/jvm/java-17-openjdk-amd64/lib/libverify.so
7f2110022000-7f2110023000 rw-p 0000e000 103:02 3192852                   /usr/lib/jvm/java-17-openjdk-amd64/lib/libverify.so
7f2110023000-7f2110027000 r--p 00000000 103:02 3191076                   /usr/lib/jvm/java-17-openjdk-amd64/lib/libnet.so
7f2110027000-7f2110035000 r-xp 00004000 103:02 3191076                   /usr/lib/jvm/java-17-openjdk-amd64/lib/libnet.so
7f2110035000-7f2110039000 r--p 00012000 103:02 3191076                   /usr/lib/jvm/java-17-openjdk-amd64/lib/libnet.so
7f2110039000-7f211003a000 r--p 00015000 103:02 3191076                   /usr/lib/jvm/java-17-openjdk-amd64/lib/libnet.so
7f211003a000-7f211003b000 rw-p 00016000 103:02 3191076                   /usr/lib/jvm/java-17-openjdk-amd64/lib/libnet.so
7f211003b000-7f2110041000 r--p 00000000 103:02 3191077                   /usr/lib/jvm/java-17-openjdk-amd64/lib/libnio.so
7f2110041000-7f2110049000 r-xp 00006000 103:02 3191077                   /usr/lib/jvm/java-17-openjdk-amd64/lib/libnio.so
7f2110049000-7f211004d000 r--p 0000e000 103:02 3191077                   /usr/lib/jvm/java-17-openjdk-amd64/lib/libnio.so
7f211004d000-7f211004e000 ---p 00012000 103:02 3191077                   /usr/lib/jvm/java-17-openjdk-amd64/lib/libnio.so
7f211004e000-7f211004f000 r--p 00012000 103:02 3191077                   /usr/lib/jvm/java-17-openjdk-amd64/lib/libnio.so
7f211004f000-7f2110050000 rw-p 00013000 103:02 3191077                   /usr/lib/jvm/java-17-openjdk-amd64/lib/libnio.so
7f2110050000-7f21115b5000 rw-p 00000000 00:00 0 
7f21115b5000-7f21116e9000 ---p 00000000 00:00 0 
7f21116e9000-7f21116ea000 ---p 00000000 00:00 0 
7f21116ea000-7f211180d000 rw-p 00000000 00:00 0 
7f211180d000-7f2111940000 ---p 00000000 00:00 0 
7f2111940000-7f2111951000 rw-p 00000000 00:00 0 
7f2111951000-7f21119eb000 ---p 00000000 00:00 0 
7f21119eb000-7f21119f1000 rw-p 00000000 00:00 0 
7f21119f1000-7f2111ad5000 ---p 00000000 00:00 0 
7f2111ad5000-7f2111ada000 rw-p 00000000 00:00 0 
7f2111ada000-7f2111bbe000 ---p 00000000 00:00 0 
7f2111bbe000-7f2112492000 r--s 00000000 103:02 789470                    /var/lib/sss/mc/passwd
7f2112492000-7f2112494000 r--p 00000000 103:02 3175991                   /usr/lib/x86_64-linux-gnu/libnss_sss.so.2
7f2112494000-7f211249b000 r-xp 00002000 103:02 3175991                   /usr/lib/x86_64-linux-gnu/libnss_sss.so.2
7f211249b000-7f211249d000 r--p 00009000 103:02 3175991                   /usr/lib/x86_64-linux-gnu/libnss_sss.so.2
7f211249d000-7f211249e000 r--p 0000a000 103:02 3175991                   /usr/lib/x86_64-linux-gnu/libnss_sss.so.2
7f211249e000-7f211249f000 rw-p 0000b000 103:02 3175991                   /usr/lib/x86_64-linux-gnu/libnss_sss.so.2
7f211249f000-7f21124a1000 r--p 00000000 103:02 3177338                   /usr/lib/x86_64-linux-gnu/libnss_compat-2.31.so
7f21124a1000-7f21124a7000 r-xp 00002000 103:02 3177338                   /usr/lib/x86_64-linux-gnu/libnss_compat-2.31.so
7f21124a7000-7f21124a8000 r--p 00008000 103:02 3177338                   /usr/lib/x86_64-linux-gnu/libnss_compat-2.31.so
7f21124a8000-7f21124a9000 ---p 00009000 103:02 3177338                   /usr/lib/x86_64-linux-gnu/libnss_compat-2.31.so
7f21124a9000-7f21124aa000 r--p 00009000 103:02 3177338                   /usr/lib/x86_64-linux-gnu/libnss_compat-2.31.so
7f21124aa000-7f21124ab000 rw-p 0000a000 103:02 3177338                   /usr/lib/x86_64-linux-gnu/libnss_compat-2.31.so
7f21124af000-7f21124b4000 rw-p 00000000 00:00 0 
7f21124b4000-7f21124be000 ---p 00000000 00:00 0 
7f21124be000-7f21124c0000 r--s 0000c000 103:02 3682863                   /usr/share/java/java-atk-wrapper.jar
7f21124c0000-7f21124c2000 r--p 00000000 103:02 3192853                   /usr/lib/jvm/java-17-openjdk-amd64/lib/libzip.so
7f21124c2000-7f21124c6000 r-xp 00002000 103:02 3192853                   /usr/lib/jvm/java-17-openjdk-amd64/lib/libzip.so
7f21124c6000-7f21124c8000 r--p 00006000 103:02 3192853                   /usr/lib/jvm/java-17-openjdk-amd64/lib/libzip.so
7f21124c8000-7f21124c9000 r--p 00007000 103:02 3192853                   /usr/lib/jvm/java-17-openjdk-amd64/lib/libzip.so
7f21124c9000-7f21124ca000 rw-p 00008000 103:02 3192853                   /usr/lib/jvm/java-17-openjdk-amd64/lib/libzip.so
7f21124ca000-7f21124d6000 r--p 00000000 103:02 3191062                   /usr/lib/jvm/java-17-openjdk-amd64/lib/libjava.so
7f21124d6000-7f21124e8000 r-xp 0000c000 103:02 3191062                   /usr/lib/jvm/java-17-openjdk-amd64/lib/libjava.so
7f21124e8000-7f21124ee000 r--p 0001e000 103:02 3191062                   /usr/lib/jvm/java-17-openjdk-amd64/lib/libjava.so
7f21124ee000-7f21124ef000 ---p 00024000 103:02 3191062                   /usr/lib/jvm/java-17-openjdk-amd64/lib/libjava.so
7f21124ef000-7f21124f0000 r--p 00024000 103:02 3191062                   /usr/lib/jvm/java-17-openjdk-amd64/lib/libjava.so
7f21124f0000-7f21124f1000 rw-p 00025000 103:02 3191062                   /usr/lib/jvm/java-17-openjdk-amd64/lib/libjava.so
7f21124f1000-7f21124f2000 rw-p 00000000 00:00 0 
7f21124f2000-7f21124f6000 ---p 00000000 00:00 0 
7f21124f6000-7f21125f3000 rw-p 00000000 00:00 0 
7f21125f3000-7f21125f6000 r--p 00000000 103:02 3147348                   /usr/lib/x86_64-linux-gnu/libgcc_s.so.1
7f21125f6000-7f2112607000 r-xp 00003000 103:02 3147348                   /usr/lib/x86_64-linux-gnu/libgcc_s.so.1
7f2112607000-7f211260b000 r--p 00014000 103:02 3147348                   /usr/lib/x86_64-linux-gnu/libgcc_s.so.1
7f211260b000-7f211260c000 r--p 00017000 103:02 3147348                   /usr/lib/x86_64-linux-gnu/libgcc_s.so.1
7f211260c000-7f211260d000 rw-p 00018000 103:02 3147348                   /usr/lib/x86_64-linux-gnu/libgcc_s.so.1
7f211260d000-7f211261a000 r--p 00000000 103:02 3168944                   /usr/lib/x86_64-linux-gnu/libm-2.31.so
7f211261a000-7f21126b4000 r-xp 0000d000 103:02 3168944                   /usr/lib/x86_64-linux-gnu/libm-2.31.so
7f21126b4000-7f211274f000 r--p 000a7000 103:02 3168944                   /usr/lib/x86_64-linux-gnu/libm-2.31.so
7f211274f000-7f2112750000 r--p 00141000 103:02 3168944                   /usr/lib/x86_64-linux-gnu/libm-2.31.so
7f2112750000-7f2112751000 rw-p 00142000 103:02 3168944                   /usr/lib/x86_64-linux-gnu/libm-2.31.so
7f2112751000-7f21127e7000 r--p 00000000 103:02 3148088                   /usr/lib/x86_64-linux-gnu/libstdc++.so.6.0.28
7f21127e7000-7f21128c3000 r-xp 00096000 103:02 3148088                   /usr/lib/x86_64-linux-gnu/libstdc++.so.6.0.28
7f21128c3000-7f211290d000 r--p 00172000 103:02 3148088                   /usr/lib/x86_64-linux-gnu/libstdc++.so.6.0.28
7f211290d000-7f2112918000 r--p 001bb000 103:02 3148088                   /usr/lib/x86_64-linux-gnu/libstdc++.so.6.0.28
7f2112918000-7f211291b000 rw-p 001c6000 103:02 3148088                   /usr/lib/x86_64-linux-gnu/libstdc++.so.6.0.28
7f211291b000-7f211291e000 rw-p 00000000 00:00 0 
7f211291e000-7f2112b6e000 r--p 00000000 103:02 3561119                   /usr/lib/jvm/java-17-openjdk-amd64/lib/server/libjvm.so
7f2112b6e000-7f21138bb000 r-xp 00250000 103:02 3561119                   /usr/lib/jvm/java-17-openjdk-amd64/lib/server/libjvm.so
7f21138bb000-7f2113b44000 r--p 00f9d000 103:02 3561119                   /usr/lib/jvm/java-17-openjdk-amd64/lib/server/libjvm.so
7f2113b44000-7f2113b45000 ---p 01226000 103:02 3561119                   /usr/lib/jvm/java-17-openjdk-amd64/lib/server/libjvm.so
7f2113b45000-7f2113bfd000 r--p 01226000 103:02 3561119                   /usr/lib/jvm/java-17-openjdk-amd64/lib/server/libjvm.so
7f2113bfd000-7f2113c32000 rw-p 012de000 103:02 3561119                   /usr/lib/jvm/java-17-openjdk-amd64/lib/server/libjvm.so
7f2113c32000-7f2113c8d000 rw-p 00000000 00:00 0 
7f2113c8d000-7f2113c93000 r--p 00000000 103:02 3177343                   /usr/lib/x86_64-linux-gnu/libpthread-2.31.so
7f2113c93000-7f2113ca3000 r-xp 00006000 103:02 3177343                   /usr/lib/x86_64-linux-gnu/libpthread-2.31.so
7f2113ca3000-7f2113ca9000 r--p 00016000 103:02 3177343                   /usr/lib/x86_64-linux-gnu/libpthread-2.31.so
7f2113ca9000-7f2113caa000 r--p 0001b000 103:02 3177343                   /usr/lib/x86_64-linux-gnu/libpthread-2.31.so
7f2113caa000-7f2113cab000 rw-p 0001c000 103:02 3177343                   /usr/lib/x86_64-linux-gnu/libpthread-2.31.so
7f2113cab000-7f2113caf000 rw-p 00000000 00:00 0 
7f2113caf000-7f2113cb0000 r--p 00000000 103:02 3168943                   /usr/lib/x86_64-linux-gnu/libdl-2.31.so
7f2113cb0000-7f2113cb2000 r-xp 00001000 103:02 3168943                   /usr/lib/x86_64-linux-gnu/libdl-2.31.so
7f2113cb2000-7f2113cb3000 r--p 00003000 103:02 3168943                   /usr/lib/x86_64-linux-gnu/libdl-2.31.so
7f2113cb3000-7f2113cb4000 r--p 00003000 103:02 3168943                   /usr/lib/x86_64-linux-gnu/libdl-2.31.so
7f2113cb4000-7f2113cb5000 rw-p 00004000 103:02 3168943                   /usr/lib/x86_64-linux-gnu/libdl-2.31.so
7f2113cb5000-7f2113cb8000 r--p 00000000 103:02 3147157                   /usr/lib/x86_64-linux-gnu/libz.so.1.2.11
7f2113cb8000-7f2113cc9000 r-xp 00003000 103:02 3147157                   /usr/lib/x86_64-linux-gnu/libz.so.1.2.11
7f2113cc9000-7f2113ccf000 r--p 00014000 103:02 3147157                   /usr/lib/x86_64-linux-gnu/libz.so.1.2.11
7f2113ccf000-7f2113cd0000 ---p 0001a000 103:02 3147157                   /usr/lib/x86_64-linux-gnu/libz.so.1.2.11
7f2113cd0000-7f2113cd1000 r--p 0001a000 103:02 3147157                   /usr/lib/x86_64-linux-gnu/libz.so.1.2.11
7f2113cd1000-7f2113cd2000 rw-p 0001b000 103:02 3147157                   /usr/lib/x86_64-linux-gnu/libz.so.1.2.11
7f2113cd2000-7f2113cf4000 r--p 00000000 103:02 3168942                   /usr/lib/x86_64-linux-gnu/libc-2.31.so
7f2113cf4000-7f2113e4d000 r-xp 00022000 103:02 3168942                   /usr/lib/x86_64-linux-gnu/libc-2.31.so
7f2113e4d000-7f2113e9c000 r--p 0017b000 103:02 3168942                   /usr/lib/x86_64-linux-gnu/libc-2.31.so
7f2113e9c000-7f2113ea0000 r--p 001c9000 103:02 3168942                   /usr/lib/x86_64-linux-gnu/libc-2.31.so
7f2113ea0000-7f2113ea2000 rw-p 001cd000 103:02 3168942                   /usr/lib/x86_64-linux-gnu/libc-2.31.so
7f2113ea2000-7f2113ea6000 rw-p 00000000 00:00 0 
7f2113ea6000-7f2113eae000 rw-s 00000000 103:02 1837501                   /tmp/hsperfdata_quentin.moutte.etu/88356
7f2113eae000-7f2113eaf000 r--p 00000000 103:02 3191052                   /usr/lib/jvm/java-17-openjdk-amd64/lib/libinstrument.so
7f2113eaf000-7f2113eb5000 r-xp 00001000 103:02 3191052                   /usr/lib/jvm/java-17-openjdk-amd64/lib/libinstrument.so
7f2113eb5000-7f2113eb8000 r--p 00007000 103:02 3191052                   /usr/lib/jvm/java-17-openjdk-amd64/lib/libinstrument.so
7f2113eb8000-7f2113eb9000 r--p 00009000 103:02 3191052                   /usr/lib/jvm/java-17-openjdk-amd64/lib/libinstrument.so
7f2113eb9000-7f2113eba000 rw-p 0000a000 103:02 3191052                   /usr/lib/jvm/java-17-openjdk-amd64/lib/libinstrument.so
7f2113eba000-7f2113ebb000 ---p 00000000 00:00 0 
7f2113ebb000-7f2113ebc000 r--p 00000000 00:00 0 
7f2113ebc000-7f2113ebe000 r--p 00000000 103:02 3191066                   /usr/lib/jvm/java-17-openjdk-amd64/lib/libjimage.so
7f2113ebe000-7f2113ec1000 r-xp 00002000 103:02 3191066                   /usr/lib/jvm/java-17-openjdk-amd64/lib/libjimage.so
7f2113ec1000-7f2113ec2000 r--p 00005000 103:02 3191066                   /usr/lib/jvm/java-17-openjdk-amd64/lib/libjimage.so
7f2113ec2000-7f2113ec3000 ---p 00006000 103:02 3191066                   /usr/lib/jvm/java-17-openjdk-amd64/lib/libjimage.so
7f2113ec3000-7f2113ec4000 r--p 00006000 103:02 3191066                   /usr/lib/jvm/java-17-openjdk-amd64/lib/libjimage.so
7f2113ec4000-7f2113ec5000 rw-p 00007000 103:02 3191066                   /usr/lib/jvm/java-17-openjdk-amd64/lib/libjimage.so
7f2113ec5000-7f2113ec7000 r--p 00000000 103:02 3191067                   /usr/lib/jvm/java-17-openjdk-amd64/lib/libjli.so
7f2113ec7000-7f2113ed1000 r-xp 00002000 103:02 3191067                   /usr/lib/jvm/java-17-openjdk-amd64/lib/libjli.so
7f2113ed1000-7f2113ed4000 r--p 0000c000 103:02 3191067                   /usr/lib/jvm/java-17-openjdk-amd64/lib/libjli.so
7f2113ed4000-7f2113ed5000 ---p 0000f000 103:02 3191067                   /usr/lib/jvm/java-17-openjdk-amd64/lib/libjli.so
7f2113ed5000-7f2113ed6000 r--p 0000f000 103:02 3191067                   /usr/lib/jvm/java-17-openjdk-amd64/lib/libjli.so
7f2113ed6000-7f2113ed7000 rw-p 00010000 103:02 3191067                   /usr/lib/jvm/java-17-openjdk-amd64/lib/libjli.so
7f2113ed7000-7f2113ed9000 rw-p 00000000 00:00 0 
7f2113ed9000-7f2113eda000 r--p 00000000 103:02 3168849                   /usr/lib/x86_64-linux-gnu/ld-2.31.so
7f2113eda000-7f2113efa000 r-xp 00001000 103:02 3168849                   /usr/lib/x86_64-linux-gnu/ld-2.31.so
7f2113efa000-7f2113f02000 r--p 00021000 103:02 3168849                   /usr/lib/x86_64-linux-gnu/ld-2.31.so
7f2113f02000-7f2113f03000 rwxp 00000000 00:00 0 
7f2113f03000-7f2113f04000 r--p 00029000 103:02 3168849                   /usr/lib/x86_64-linux-gnu/ld-2.31.so
7f2113f04000-7f2113f05000 rw-p 0002a000 103:02 3168849                   /usr/lib/x86_64-linux-gnu/ld-2.31.so
7f2113f05000-7f2113f06000 rw-p 00000000 00:00 0 
7ffd55133000-7ffd55154000 rw-p 00000000 00:00 0                          [stack]
7ffd5515b000-7ffd5515f000 r--p 00000000 00:00 0                          [vvar]
7ffd5515f000-7ffd55161000 r-xp 00000000 00:00 0                          [vdso]


VM Arguments:
jvm_args: --add-modules=ALL-SYSTEM --add-opens=java.base/java.util=ALL-UNNAMED --add-opens=java.base/java.lang=ALL-UNNAMED --add-opens=java.base/sun.nio.fs=ALL-UNNAMED -Declipse.application=org.eclipse.jdt.ls.core.id1 -Dosgi.bundles.defaultStartLevel=4 -Declipse.product=org.eclipse.jdt.ls.core.product -Djava.import.generatesMetadataFilesAtProjectRoot=false -Dfile.encoding=utf8 -XX:+UseParallelGC -XX:GCTimeRatio=4 -XX:AdaptiveSizePolicyWeight=90 -Dsun.zip.disableMemoryMapping=true -Xmx1G -Xms100m -Xlog:disable -javaagent:/home/infoetu/quentin.moutte.etu/.vscode-oss/extensions/redhat.java-1.18.0-universal/lombok/lombok-1.18.27.jar 
java_command: /home/infoetu/quentin.moutte.etu/.vscode-oss/extensions/redhat.java-1.18.0-universal/server/plugins/org.eclipse.equinox.launcher_1.6.400.v20210924-0641.jar -configuration /home/infoetu/quentin.moutte.etu/.config/VSCodium/User/globalStorage/redhat.java/1.18.0/config_ss_linux -data /home/infoetu/quentin.moutte.etu/.config/VSCodium/User/workspaceStorage/bba4e4735a77dc069042abacbee27294/redhat.java/ss_ws
java_class_path (initial): /home/infoetu/quentin.moutte.etu/.vscode-oss/extensions/redhat.java-1.18.0-universal/server/plugins/org.eclipse.equinox.launcher_1.6.400.v20210924-0641.jar
Launcher Type: SUN_STANDARD

[Global flags]
    uintx AdaptiveSizePolicyWeight                 = 90                                        {product} {command line}
     intx CICompilerCount                          = 12                                        {product} {ergonomic}
    uintx GCTimeRatio                              = 4                                         {product} {command line}
   size_t InitialHeapSize                          = 104857600                                 {product} {command line}
   size_t MaxHeapSize                              = 1073741824                                {product} {command line}
   size_t MaxNewSize                               = 357564416                                 {product} {ergonomic}
   size_t MinHeapDeltaBytes                        = 524288                                    {product} {ergonomic}
   size_t MinHeapSize                              = 104857600                                 {product} {command line}
   size_t NewSize                                  = 34603008                                  {product} {ergonomic}
    uintx NonNMethodCodeHeapSize                   = 7602480                                {pd product} {ergonomic}
    uintx NonProfiledCodeHeapSize                  = 122027880                              {pd product} {ergonomic}
   size_t OldSize                                  = 70254592                                  {product} {ergonomic}
    uintx ProfiledCodeHeapSize                     = 122027880                              {pd product} {ergonomic}
    uintx ReservedCodeCacheSize                    = 251658240                              {pd product} {ergonomic}
     bool SegmentedCodeCache                       = true                                      {product} {ergonomic}
   size_t SoftMaxHeapSize                          = 1073741824                             {manageable} {ergonomic}
     bool UseCompressedClassPointers               = true                           {product lp64_product} {ergonomic}
     bool UseCompressedOops                        = true                           {product lp64_product} {ergonomic}
     bool UseParallelGC                            = true                                      {product} {command line}

Logging:
Log output configuration:
 #0: stdout all=off uptime,level,tags
 #1: stderr all=off uptime,level,tags

Environment Variables:
PATH=/usr/local/bin:/usr/bin:/bin:/usr/local/games:/usr/games
SHELL=/bin/bash
DISPLAY=:0
LANG=fr_FR.UTF-8

Signal Handlers:
   SIGSEGV: 0x00007f211383b290 in libjvm.so+15848080, mask=11100100010111111101111111111110, flags=SA_RESTART|SA_SIGINFO
    SIGBUS: 0x00007f211383b290 in libjvm.so+15848080, mask=11100100010111111101111111111110, flags=SA_RESTART|SA_SIGINFO
    SIGFPE: 0x00007f211383b290 in libjvm.so+15848080, mask=11100100010111111101111111111110, flags=SA_RESTART|SA_SIGINFO
   SIGPIPE: 0x00007f21136e2ca0 in libjvm.so+14437536, mask=11100100010111111101111111111110, flags=SA_RESTART|SA_SIGINFO
   SIGXFSZ: 0x00007f21136e2ca0 in libjvm.so+14437536, mask=11100100010111111101111111111110, flags=SA_RESTART|SA_SIGINFO
    SIGILL: 0x00007f211383b290 in libjvm.so+15848080, mask=11100100010111111101111111111110, flags=SA_RESTART|SA_SIGINFO
   SIGUSR2: 0x00007f21136e2340 in libjvm.so+14435136, mask=00000000000000000000000000000000, flags=SA_RESTART|SA_SIGINFO
    SIGHUP: 0x00007f21136e2270 in libjvm.so+14434928, mask=11100100010111111101111111111110, flags=SA_RESTART|SA_SIGINFO
    SIGINT: 0x00007f21136e2270 in libjvm.so+14434928, mask=11100100010111111101111111111110, flags=SA_RESTART|SA_SIGINFO
   SIGTERM: 0x00007f21136e2270 in libjvm.so+14434928, mask=11100100010111111101111111111110, flags=SA_RESTART|SA_SIGINFO
   SIGQUIT: 0x00007f21136e2270 in libjvm.so+14434928, mask=11100100010111111101111111111110, flags=SA_RESTART|SA_SIGINFO
   SIGTRAP: 0x00007f211383b290 in libjvm.so+15848080, mask=11100100010111111101111111111110, flags=SA_RESTART|SA_SIGINFO


---------------  S Y S T E M  ---------------

OS:
PRETTY_NAME="Debian GNU/Linux 11 (bullseye)"
NAME="Debian GNU/Linux"
VERSION_ID="11"
VERSION="11 (bullseye)"
VERSION_CODENAME=bullseye
ID=debian
HOME_URL="https://www.debian.org/"
SUPPORT_URL="https://www.debian.org/support"
BUG_REPORT_URL="https://bugs.debian.org/"
uname: Linux 5.10.0-17-amd64 #1 SMP Debian 5.10.136-1 (2022-08-13) x86_64
OS uptime: 6 days 5:22 hours
libc: glibc 2.31 NPTL 2.31 
rlimit (soft/hard): STACK 8192k/infinity , CORE 0k/infinity , NPROC 4096/4096 , NOFILE 1048576/1048576 , AS infinity/infinity , CPU infinity/infinity , DATA infinity/infinity , FSIZE infinity/infinity , MEMLOCK 4081737k/4081737k
load average: 1,99 1,22 0,91

/proc/meminfo:
MemTotal:       32653900 kB
MemFree:        26330008 kB
MemAvailable:   29969980 kB
Buffers:          566164 kB
Cached:          3702028 kB
SwapCached:            0 kB
Active:          1999888 kB
Inactive:        3369304 kB
Active(anon):       3112 kB
Inactive(anon):  1554424 kB
Active(file):    1996776 kB
Inactive(file):  1814880 kB
Unevictable:      388728 kB
Mlocked:              64 kB
SwapTotal:      15999996 kB
SwapFree:       15999996 kB
Dirty:               328 kB
Writeback:           216 kB
AnonPages:       1463360 kB
Mapped:           658096 kB
Shmem:            456528 kB
KReclaimable:     292036 kB
Slab:             419240 kB
SReclaimable:     292036 kB
SUnreclaim:       127204 kB
KernelStack:       14960 kB
PageTables:        24080 kB
NFS_Unstable:          0 kB
Bounce:                0 kB
WritebackTmp:          0 kB
CommitLimit:    32326944 kB
Committed_AS:    6182056 kB
VmallocTotal:   34359738367 kB
VmallocUsed:       42228 kB
VmallocChunk:          0 kB
Percpu:            23104 kB
HardwareCorrupted:     0 kB
AnonHugePages:    243712 kB
ShmemHugePages:        0 kB
ShmemPmdMapped:        0 kB
FileHugePages:         0 kB
FilePmdMapped:         0 kB
HugePages_Total:       0
HugePages_Free:        0
HugePages_Rsvd:        0
HugePages_Surp:        0
Hugepagesize:       2048 kB
Hugetlb:               0 kB
DirectMap4k:      363112 kB
DirectMap2M:    15136768 kB
DirectMap1G:    17825792 kB

/sys/kernel/mm/transparent_hugepage/enabled: [always] madvise never
/sys/kernel/mm/transparent_hugepage/defrag (defrag/compaction efforts parameter): always defer defer+madvise [madvise] never

Process Memory:
Virtual Size: 4479576K (peak: 4479576K)
Resident Set Size: 99436K (peak: 100376K) (anon: 71340K, file: 28096K, shmem: 0K)
Swapped out: 0K
C-Heap outstanding allocations: 61592K, retained: 7295K
glibc malloc tunables: (default)

/proc/sys/kernel/threads-max (system-wide limit on the number of threads): 254542
/proc/sys/vm/max_map_count (maximum number of memory map areas a process may have): 65530
/proc/sys/kernel/pid_max (system-wide limit on number of process identifiers): 4194304

container (cgroup) information:
container_type: cgroupv2
cpu_cpuset_cpus: not supported
cpu_memory_nodes: not supported
active_processor_count: 16
cpu_quota: not supported
cpu_period: not supported
cpu_shares: not supported
memory_limit_in_bytes: unlimited
memory_and_swap_limit_in_bytes: unlimited
memory_soft_limit_in_bytes: unlimited
memory_usage_in_bytes: 2200960 k
memory_max_usage_in_bytes: not supported
memory_swap_current_in_bytes: unlimited
memory_swap_max_limit_in_bytes: unlimited
maximum number of tasks: unlimited
current number of tasks: 472

Steal ticks since vm start: 0
Steal ticks percentage since vm start:  0,000

CPU: total 16 (initial active 16) (8 cores per cpu, 2 threads per core) family 6 model 165 stepping 5 microcode 0xf0, cx8, cmov, fxsr, ht, mmx, 3dnowpref, sse, sse2, sse3, ssse3, sse4.1, sse4.2, popcnt, lzcnt, tsc, tscinvbit, avx, avx2, aes, erms, clmul, bmi1, bmi2, adx, fma, vzeroupper, clflush, clflushopt
CPU Model and flags from /proc/cpuinfo:
model name	: Intel(R) Core(TM) i7-10700 CPU @ 2.90GHz
flags		: fpu vme de pse tsc msr pae mce cx8 apic sep mtrr pge mca cmov pat pse36 clflush dts acpi mmx fxsr sse sse2 ss ht tm pbe syscall nx pdpe1gb rdtscp lm constant_tsc art arch_perfmon pebs bts rep_good nopl xtopology nonstop_tsc cpuid aperfmperf pni pclmulqdq dtes64 monitor ds_cpl vmx smx est tm2 ssse3 sdbg fma cx16 xtpr pdcm pcid sse4_1 sse4_2 x2apic movbe popcnt tsc_deadline_timer aes xsave avx f16c rdrand lahf_lm abm 3dnowprefetch cpuid_fault epb invpcid_single ssbd ibrs ibpb stibp ibrs_enhanced tpr_shadow vnmi flexpriority ept vpid ept_ad fsgsbase tsc_adjust bmi1 avx2 smep bmi2 erms invpcid mpx rdseed adx smap clflushopt intel_pt xsaveopt xsavec xgetbv1 xsaves dtherm ida arat pln pts hwp hwp_notify hwp_act_window hwp_epp pku ospke md_clear flush_l1d arch_capabilities

Online cpus: 0-15
Offline cpus: 
BIOS frequency limitation: <Not Available>
Frequency switch latency (ns): 0
Available cpu frequencies: <Not Available>
Current governor: powersave
Core performance/turbo boost: <Not Available>

Memory: 4k page, physical 32653900k(26330032k free), swap 15999996k(15999996k free)
Page Sizes: 4k

vm_info: OpenJDK 64-Bit Server VM (17.0.6+10-Debian-1deb11u1) for linux-amd64 JRE (17.0.6+10-Debian-1deb11u1), built on Jan 28 2023 20:09:51 by "buildd" with gcc 10.2.1 20210110

END.
