#
# A fatal error has been detected by the Java Runtime Environment:
#
#  SIGSEGV (0xb) at pc=0x00007fb8f0dde8f0, pid=88471, tid=88688
#
# JRE version: OpenJDK Runtime Environment (17.0.6+10) (build 17.0.6+10-Debian-1deb11u1)
# Java VM: OpenJDK 64-Bit Server VM (17.0.6+10-Debian-1deb11u1, mixed mode, sharing, tiered, compressed oops, compressed class ptrs, parallel gc, linux-amd64)
# Problematic frame:
# V  [libjvm.so+0x53d8f0]
#
# No core dump will be written. Core dumps have been disabled. To enable core dumping, try "ulimit -c unlimited" before starting Java again
#
# If you would like to submit a bug report, please visit:
#   https://bugs.debian.org/openjdk-17
#

---------------  S U M M A R Y ------------

Command Line: --add-modules=ALL-SYSTEM --add-opens=java.base/java.util=ALL-UNNAMED --add-opens=java.base/java.lang=ALL-UNNAMED --add-opens=java.base/sun.nio.fs=ALL-UNNAMED -Declipse.application=org.eclipse.jdt.ls.core.id1 -Dosgi.bundles.defaultStartLevel=4 -Declipse.product=org.eclipse.jdt.ls.core.product -Djava.import.generatesMetadataFilesAtProjectRoot=false -Dfile.encoding=utf8 -XX:+UseParallelGC -XX:GCTimeRatio=4 -XX:AdaptiveSizePolicyWeight=90 -Dsun.zip.disableMemoryMapping=true -Xmx1G -Xms100m -Xlog:disable -javaagent:/home/infoetu/quentin.moutte.etu/.vscode-oss/extensions/redhat.java-1.18.0-universal/lombok/lombok-1.18.27.jar /home/infoetu/quentin.moutte.etu/.vscode-oss/extensions/redhat.java-1.18.0-universal/server/plugins/org.eclipse.equinox.launcher_1.6.400.v20210924-0641.jar -configuration /home/infoetu/quentin.moutte.etu/.config/VSCodium/User/globalStorage/redhat.java/1.18.0/config_ss_linux -data /home/infoetu/quentin.moutte.etu/.config/VSCodium/User/workspaceStorage/bba4e4735a77dc069042abacbee27294/redhat.java/ss_ws

Host: Intel(R) Core(TM) i7-10700 CPU @ 2.90GHz, 16 cores, 31G, Debian GNU/Linux 11 (bullseye)
Time: Wed May 31 16:03:37 2023 CEST elapsed time: 2.368359 seconds (0d 0h 0m 2s)

---------------  T H R E A D  ---------------

Current thread (0x00007fb8a020e710):  JavaThread "C2 CompilerThread5" daemon [_thread_in_native, id=88688, stack(0x00007fb8425fe000,0x00007fb8426ff000)]


Current CompileTask:
C2:   2368 3641       4       jdk.internal.jimage.ImageReader$SharedImageReader::visitLocation (73 bytes)

Stack: [0x00007fb8425fe000,0x00007fb8426ff000],  sp=0x00007fb8426fab08,  free space=1010k
Native frames: (J=compiled Java code, j=interpreted, Vv=VM code, C=native code)
V  [libjvm.so+0x53d8f0]
V  [libjvm.so+0x527213]
V  [libjvm.so+0xc48736]
V  [libjvm.so+0x52b0d3]
V  [libjvm.so+0xc4d702]
V  [libjvm.so+0xc4a208]
V  [libjvm.so+0x5cd3dd]
V  [libjvm.so+0x5cf997]
V  [libjvm.so+0x50f6f1]
V  [libjvm.so+0x5d872f]
V  [libjvm.so+0x5d9358]
V  [libjvm.so+0xe9dc80]
V  [libjvm.so+0xea1140]
V  [libjvm.so+0xc04db1]


siginfo: si_signo: 11 (SIGSEGV), si_code: 1 (SEGV_MAPERR), si_addr: 0x00007f009461d088

Register to memory mapping:

RAX=0x00007fb8f0c7e060: <offset 0x00000000003dd060> in /usr/lib/jvm/java-17-openjdk-amd64/lib/server/libjvm.so at 0x00007fb8f08a1000
RBX=0x0000000080000034 is an unknown value
RCX=0x00007fb8b05a1aa8 points into unknown readable memory: 0x0000000000000000 | 00 00 00 00 00 00 00 00
RDX=0x00007fb8f0c7e060: <offset 0x00000000003dd060> in /usr/lib/jvm/java-17-openjdk-amd64/lib/server/libjvm.so at 0x00007fb8f08a1000
RSP=0x00007fb8426fab08 is pointing into the stack for thread: 0x00007fb8a020e710
RBP=0x00007fb8426fab40 is pointing into the stack for thread: 0x00007fb8a020e710
RSI=0x00007fb8b05a1aa8 points into unknown readable memory: 0x0000000000000000 | 00 00 00 00 00 00 00 00
RDI=0x00007f009461d080 is an unknown value
R8 =0x00007fb894536bf0 points into unknown readable memory: 0x0000000000000000 | 00 00 00 00 00 00 00 00
R9 =0x0 is NULL
R10=0x0 is NULL
R11=0x0000000000000008 is an unknown value
R12=0x00007fb898be44d8 points into unknown readable memory: 0x00007fb8f1ae0e50 | 50 0e ae f1 b8 7f 00 00
R13=0x0 is NULL
R14=0x000000008000002f is an unknown value
R15=0x0 is NULL


Registers:
RAX=0x00007fb8f0c7e060, RBX=0x0000000080000034, RCX=0x00007fb8b05a1aa8, RDX=0x00007fb8f0c7e060
RSP=0x00007fb8426fab08, RBP=0x00007fb8426fab40, RSI=0x00007fb8b05a1aa8, RDI=0x00007f009461d080
R8 =0x00007fb894536bf0, R9 =0x0000000000000000, R10=0x0000000000000000, R11=0x0000000000000008
R12=0x00007fb898be44d8, R13=0x0000000000000000, R14=0x000000008000002f, R15=0x0000000000000000
RIP=0x00007fb8f0dde8f0, EFLAGS=0x0000000000010246, CSGSFS=0x002b000000000033, ERR=0x0000000000000004
  TRAPNO=0x000000000000000e

Top of Stack: (sp=0x00007fb8426fab08)
0x00007fb8426fab08:   00007fb8f1752470 00007fb894536bb8
0x00007fb8426fab18:   00007fb8b05a1a40 0000000039f3cd4f
0x00007fb8426fab28:   00007fb898be44d8 00007fb8b05a1928
0x00007fb8426fab38:   00007fb8426fb858 00007fb8426fab60 

Instructions: (pc=0x00007fb8f0dde8f0)
0x00007fb8f0dde7f0:   31 c0 c3 66 2e 0f 1f 84 00 00 00 00 00 0f 1f 00
0x00007fb8f0dde800:   31 c0 c3 66 2e 0f 1f 84 00 00 00 00 00 0f 1f 00
0x00007fb8f0dde810:   31 c0 c3 66 2e 0f 1f 84 00 00 00 00 00 0f 1f 00
0x00007fb8f0dde820:   c3 66 2e 0f 1f 84 00 00 00 00 00 0f 1f 44 00 00
0x00007fb8f0dde830:   b8 01 00 00 00 c3 66 2e 0f 1f 84 00 00 00 00 00
0x00007fb8f0dde840:   31 c0 c3 66 2e 0f 1f 84 00 00 00 00 00 0f 1f 00
0x00007fb8f0dde850:   31 c0 c3 66 2e 0f 1f 84 00 00 00 00 00 0f 1f 00
0x00007fb8f0dde860:   31 c0 c3 66 2e 0f 1f 84 00 00 00 00 00 0f 1f 00
0x00007fb8f0dde870:   31 c0 c3 66 2e 0f 1f 84 00 00 00 00 00 0f 1f 00
0x00007fb8f0dde880:   31 c0 c3 66 2e 0f 1f 84 00 00 00 00 00 0f 1f 00
0x00007fb8f0dde890:   31 c0 c3 66 2e 0f 1f 84 00 00 00 00 00 0f 1f 00
0x00007fb8f0dde8a0:   31 c0 c3 66 2e 0f 1f 84 00 00 00 00 00 0f 1f 00
0x00007fb8f0dde8b0:   b8 01 00 00 00 c3 66 2e 0f 1f 84 00 00 00 00 00
0x00007fb8f0dde8c0:   48 8d 05 05 3c a8 00 c3 0f 1f 84 00 00 00 00 00
0x00007fb8f0dde8d0:   b8 01 00 00 00 c3 66 2e 0f 1f 84 00 00 00 00 00
0x00007fb8f0dde8e0:   89 77 08 c3 66 66 2e 0f 1f 84 00 00 00 00 00 90
0x00007fb8f0dde8f0:   8b 47 08 c3 66 2e 0f 1f 84 00 00 00 00 00 66 90
0x00007fb8f0dde900:   55 48 89 e5 41 54 53 48 89 fb 48 83 ec 10 e8 0d
0x00007fb8f0dde910:   a6 01 00 48 89 c7 48 8d 05 73 cf dd 00 48 8b 30
0x00007fb8f0dde920:   e8 3b cd 00 00 84 c0 74 08 0f b6 43 20 84 c0 74
0x00007fb8f0dde930:   0f 48 83 c4 10 5b 41 5c 5d c3 66 0f 1f 44 00 00
0x00007fb8f0dde940:   66 48 8d 3d 68 16 da 00 66 66 48 e8 20 2c d1 ff
0x00007fb8f0dde950:   4c 8b 20 41 c7 84 24 38 03 00 00 05 00 00 00 f0
0x00007fb8f0dde960:   83 04 24 00 49 8b 84 24 40 03 00 00 a8 01 0f 85
0x00007fb8f0dde970:   cc 00 00 00 41 8b 84 24 2c 03 00 00 85 c0 0f 85
0x00007fb8f0dde980:   ac 00 00 00 41 8b 84 24 28 03 00 00 a8 0c 0f 85
0x00007fb8f0dde990:   9c 00 00 00 41 c7 84 24 38 03 00 00 06 00 00 00
0x00007fb8f0dde9a0:   48 89 df e8 58 a5 01 00 49 89 c0 48 8d 05 e2 e5
0x00007fb8f0dde9b0:   de 00 48 63 00 41 80 3c 00 00 0f 95 c0 88 43 20
0x00007fb8f0dde9c0:   49 8b 9c 24 e8 00 00 00 48 8b 53 10 48 83 3a 00
0x00007fb8f0dde9d0:   74 13 48 89 df 88 45 ef e8 23 16 27 00 48 8b 53
0x00007fb8f0dde9e0:   10 0f b6 45 ef 48 8b 4b 08 49 8d bc 24 88 02 00 


Stack slot to memory mapping:
stack at sp + 0 slots: 0x00007fb8f1752470: <offset 0x0000000000eb1470> in /usr/lib/jvm/java-17-openjdk-amd64/lib/server/libjvm.so at 0x00007fb8f08a1000
stack at sp + 1 slots: 0x00007fb894536bb8 points into unknown readable memory: 0x00007fb8f1b5c020 | 20 c0 b5 f1 b8 7f 00 00
stack at sp + 2 slots: 0x00007fb8b05a1a40 points into unknown readable memory: 0x00007fb8f1b5a990 | 90 a9 b5 f1 b8 7f 00 00
stack at sp + 3 slots: 0x0000000039f3cd4f is an unknown value
stack at sp + 4 slots: 0x00007fb898be44d8 points into unknown readable memory: 0x00007fb8f1ae0e50 | 50 0e ae f1 b8 7f 00 00
stack at sp + 5 slots: 0x00007fb8b05a1928 points into unknown readable memory: 0x00007fb8b05a1a40 | 40 1a 5a b0 b8 7f 00 00
stack at sp + 6 slots: 0x00007fb8426fb858 is pointing into the stack for thread: 0x00007fb8a020e710
stack at sp + 7 slots: 0x00007fb8426fab60 is pointing into the stack for thread: 0x00007fb8a020e710


---------------  P R O C E S S  ---------------

Threads class SMR info:
_java_thread_list=0x00007fb88000cb30, length=32, elements={
0x00007fb8ec016e60, 0x00007fb8ec221600, 0x00007fb8ec222a10, 0x00007fb8ec22d690,
0x00007fb8ec22ea10, 0x00007fb8ec22fdf0, 0x00007fb8ec2317f0, 0x00007fb8ec232cf0,
0x00007fb8ec234130, 0x00007fb8ec250070, 0x00007fb8a404e050, 0x00007fb8ec31dab0,
0x00007fb8ec3dbb10, 0x00007fb8ec4bede0, 0x00007fb8ec513510, 0x00007fb8ec515d80,
0x00007fb860031480, 0x00007fb8600b95c0, 0x00007fb8601f1010, 0x00007fb8602a3010,
0x00007fb8602b0d30, 0x00007fb8a01f6e60, 0x00007fb894009930, 0x00007fb8ec524800,
0x00007fb8ec5abe90, 0x00007fb8a41da0b0, 0x00007fb8a41daca0, 0x00007fb8b0130570,
0x00007fb894136b60, 0x00007fb8a020e710, 0x00007fb8a41df2e0, 0x00007fb88000bb70
}

Java Threads: ( => current thread )
  0x00007fb8ec016e60 JavaThread "main" [_thread_blocked, id=88472, stack(0x00007fb8f0475000,0x00007fb8f0576000)]
  0x00007fb8ec221600 JavaThread "Reference Handler" daemon [_thread_blocked, id=88475, stack(0x00007fb8cadfd000,0x00007fb8caefe000)]
  0x00007fb8ec222a10 JavaThread "Finalizer" daemon [_thread_blocked, id=88476, stack(0x00007fb8cacfc000,0x00007fb8cadfd000)]
  0x00007fb8ec22d690 JavaThread "Signal Dispatcher" daemon [_thread_blocked, id=88477, stack(0x00007fb8ca914000,0x00007fb8caa15000)]
  0x00007fb8ec22ea10 JavaThread "Service Thread" daemon [_thread_blocked, id=88478, stack(0x00007fb8ca813000,0x00007fb8ca914000)]
  0x00007fb8ec22fdf0 JavaThread "Monitor Deflation Thread" daemon [_thread_blocked, id=88479, stack(0x00007fb8ca712000,0x00007fb8ca813000)]
  0x00007fb8ec2317f0 JavaThread "C2 CompilerThread0" daemon [_thread_in_native, id=88480, stack(0x00007fb8ca611000,0x00007fb8ca712000)]
  0x00007fb8ec232cf0 JavaThread "C1 CompilerThread0" daemon [_thread_blocked, id=88481, stack(0x00007fb8ca510000,0x00007fb8ca611000)]
  0x00007fb8ec234130 JavaThread "Sweeper thread" daemon [_thread_blocked, id=88482, stack(0x00007fb8ca40f000,0x00007fb8ca510000)]
  0x00007fb8ec250070 JavaThread "Common-Cleaner" daemon [_thread_blocked, id=88483, stack(0x00007fb8ca30e000,0x00007fb8ca40f000)]
  0x00007fb8a404e050 JavaThread "C1 CompilerThread1" daemon [_thread_blocked, id=88486, stack(0x00007fb8ca20d000,0x00007fb8ca30e000)]
  0x00007fb8ec31dab0 JavaThread "Notification Thread" daemon [_thread_blocked, id=88514, stack(0x00007fb8c9f0a000,0x00007fb8ca00b000)]
  0x00007fb8ec3dbb10 JavaThread "process reaper" daemon [_thread_blocked, id=88527, stack(0x00007fb8d405f000,0x00007fb8d4081000)]
  0x00007fb8ec4bede0 JavaThread "Active Thread: Equinox Container: 32904fa6-c3cd-463e-98b8-7cab8bff7d28" [_thread_blocked, id=88544, stack(0x00007fb8c94fa000,0x00007fb8c95fb000)]
  0x00007fb8ec513510 JavaThread "Framework Event Dispatcher: Equinox Container: 32904fa6-c3cd-463e-98b8-7cab8bff7d28" daemon [_thread_blocked, id=88545, stack(0x00007fb8c93f9000,0x00007fb8c94fa000)]
  0x00007fb8ec515d80 JavaThread "Start Level: Equinox Container: 32904fa6-c3cd-463e-98b8-7cab8bff7d28" daemon [_thread_blocked, id=88546, stack(0x00007fb8c92f8000,0x00007fb8c93f9000)]
  0x00007fb860031480 JavaThread "SCR Component Actor" daemon [_thread_blocked, id=88548, stack(0x00007fb8c8fe5000,0x00007fb8c90e6000)]
  0x00007fb8600b95c0 JavaThread "SCR Component Registry" daemon [_thread_blocked, id=88553, stack(0x00007fb8c8ce0000,0x00007fb8c8de1000)]
  0x00007fb8601f1010 JavaThread "Worker-JM" [_thread_blocked, id=88559, stack(0x00007fb8c81fe000,0x00007fb8c82ff000)]
  0x00007fb8602a3010 JavaThread "Worker-0" [_thread_blocked, id=88580, stack(0x00007fb843bf9000,0x00007fb843cfa000)]
  0x00007fb8602b0d30 JavaThread "Worker-1" [_thread_blocked, id=88597, stack(0x00007fb843af8000,0x00007fb843bf9000)]
  0x00007fb8a01f6e60 JavaThread "C2 CompilerThread1" daemon [_thread_in_native, id=88644, stack(0x00007fb8ca10c000,0x00007fb8ca20d000)]
  0x00007fb894009930 JavaThread "C2 CompilerThread2" daemon [_thread_in_native, id=88645, stack(0x00007fb8ca00b000,0x00007fb8ca10c000)]
  0x00007fb8ec524800 JavaThread "pool-2-thread-1" [_thread_blocked, id=88646, stack(0x00007fb8c9d07000,0x00007fb8c9e08000)]
  0x00007fb8ec5abe90 JavaThread "pool-1-thread-1" [_thread_in_native, id=88655, stack(0x00007fb8c82ff000,0x00007fb8c8400000)]
  0x00007fb8a41da0b0 JavaThread "C1 CompilerThread2" daemon [_thread_blocked, id=88679, stack(0x00007fb8c9c06000,0x00007fb8c9d07000)]
  0x00007fb8a41daca0 JavaThread "C1 CompilerThread3" daemon [_thread_blocked, id=88680, stack(0x00007fb8c9b05000,0x00007fb8c9c06000)]
  0x00007fb8b0130570 JavaThread "C2 CompilerThread3" daemon [_thread_in_native, id=88681, stack(0x00007fb8438f5000,0x00007fb8439f6000)]
  0x00007fb894136b60 JavaThread "C2 CompilerThread4" daemon [_thread_in_native, id=88687, stack(0x00007fb8426ff000,0x00007fb842800000)]
=>0x00007fb8a020e710 JavaThread "C2 CompilerThread5" daemon [_thread_in_native, id=88688, stack(0x00007fb8425fe000,0x00007fb8426ff000)]
  0x00007fb8a41df2e0 JavaThread "C2 CompilerThread6" daemon [_thread_in_native, id=88689, stack(0x00007fb8424fd000,0x00007fb8425fe000)]
  0x00007fb88000bb70 JavaThread "C2 CompilerThread7" daemon [_thread_in_native, id=88690, stack(0x00007fb8423fc000,0x00007fb8424fd000)]

Other Threads:
  0x00007fb8ec21cdb0 VMThread "VM Thread" [stack: 0x00007fb8caf00000,0x00007fb8cb000000] [id=88474]
  0x00007fb8ec31ec70 WatcherThread [stack: 0x00007fb8c9e0a000,0x00007fb8c9f0a000] [id=88515]
  0x00007fb8ec02e0d0 GCTaskThread "GC Thread#0" [stack: 0x00007fb8d4835000,0x00007fb8d4935000] [id=88473]
  0x00007fb8c4001120 GCTaskThread "GC Thread#1" [stack: 0x00007fb8c9a05000,0x00007fb8c9b05000] [id=88532]
  0x00007fb8c40030f0 GCTaskThread "GC Thread#2" [stack: 0x00007fb8c9903000,0x00007fb8c9a03000] [id=88535]
  0x00007fb8c4003a80 GCTaskThread "GC Thread#3" [stack: 0x00007fb8c9801000,0x00007fb8c9901000] [id=88536]
  0x00007fb8c4004410 GCTaskThread "GC Thread#4" [stack: 0x00007fb8c96ff000,0x00007fb8c97ff000] [id=88537]
  0x00007fb8c4004da0 GCTaskThread "GC Thread#5" [stack: 0x00007fb8c95fd000,0x00007fb8c96fd000] [id=88538]
  0x00007fb8c4006470 GCTaskThread "GC Thread#6" [stack: 0x00007fb8c8ee5000,0x00007fb8c8fe5000] [id=88549]
  0x00007fb8c4006d40 GCTaskThread "GC Thread#7" [stack: 0x00007fb8c8de3000,0x00007fb8c8ee3000] [id=88550]
  0x00007fb8c4008200 GCTaskThread "GC Thread#8" [stack: 0x00007fb8c80fe000,0x00007fb8c81fe000] [id=88562]
  0x00007fb8c4008af0 GCTaskThread "GC Thread#9" [stack: 0x00007fb843f00000,0x00007fb844000000] [id=88563]
  0x00007fb8c40093e0 GCTaskThread "GC Thread#10" [stack: 0x00007fb843dfe000,0x00007fb843efe000] [id=88564]
  0x00007fb8c4009cd0 GCTaskThread "GC Thread#11" [stack: 0x00007fb843cfc000,0x00007fb843dfc000] [id=88565]
  0x00007fb8c400a700 GCTaskThread "GC Thread#12" [stack: 0x00007fb8439f8000,0x00007fb843af8000] [id=88606]

Threads with active compile tasks:
C2 CompilerThread0     2387 3557  s    4       jdk.internal.jimage.ImageReader$SharedImageReader::findNode (36 bytes)
C2 CompilerThread1     2387 3539       4       jdk.internal.jimage.BasicImageReader::getAttributes (48 bytes)
C2 CompilerThread2     2387 3531       4       jdk.internal.jrtfs.JrtFileSystem::getFileAttributes (42 bytes)
C2 CompilerThread3     2387 3568       4       org.eclipse.jdt.internal.core.JarPackageFragmentRoot::initRawPackageInfo (349 bytes)
C2 CompilerThread4     2387 3530   !   4       java.nio.file.FileTreeWalker::visit (204 bytes)
C2 CompilerThread5     2387 3641       4       jdk.internal.jimage.ImageReader$SharedImageReader::visitLocation (73 bytes)
C2 CompilerThread6     2387 3470   !   4       java.nio.file.FileTreeWalker::next (144 bytes)
C2 CompilerThread7     2387 3496       4       jdk.internal.jrtfs.JrtFileSystemProvider::readAttributes (23 bytes)

VM state: not at safepoint (normal execution)

VM Mutex/Monitor currently owned by a thread: None

Heap address: 0x00000000c0000000, size: 1024 MB, Compressed Oops mode: 32-bit

CDS archive(s) mapped at: [0x0000000800000000-0x0000000800be3000-0x0000000800be3000), size 12464128, SharedBaseAddress: 0x0000000800000000, ArchiveRelocationMode: 0.
Compressed class space mapped at: 0x0000000800c00000-0x0000000840c00000, reserved size: 1073741824
Narrow klass base: 0x0000000800000000, Narrow klass shift: 0, Narrow klass range: 0x100000000

GC Precious Log:
 CPUs: 16 total, 16 available
 Memory: 31888M
 Large Page Support: Disabled
 NUMA Support: Disabled
 Compressed Oops: Enabled (32-bit)
 Alignments: Space 512K, Generation 512K, Heap 2M
 Heap Min Capacity: 100M
 Heap Initial Capacity: 100M
 Heap Max Capacity: 1G
 Pre-touch: Disabled
 Parallel Workers: 13

Heap:
 PSYoungGen      total 24576K, used 16070K [0x00000000eab00000, 0x00000000ec780000, 0x0000000100000000)
  eden space 22016K, 61% used [0x00000000eab00000,0x00000000eb8519a8,0x00000000ec080000)
  from space 2560K, 95% used [0x00000000ec080000,0x00000000ec2e0000,0x00000000ec300000)
  to   space 3584K, 0% used [0x00000000ec400000,0x00000000ec400000,0x00000000ec780000)
 ParOldGen       total 68608K, used 20983K [0x00000000c0000000, 0x00000000c4300000, 0x00000000eab00000)
  object space 68608K, 30% used [0x00000000c0000000,0x00000000c147df28,0x00000000c4300000)
 Metaspace       used 28358K, committed 29056K, reserved 1081344K
  class space    used 2803K, committed 3072K, reserved 1048576K

Card table byte_map: [0x00007fb8f0042000,0x00007fb8f0243000] _byte_map_base: 0x00007fb8efa42000

Marking Bits: (ParMarkBitMap*) 0x00007fb8f1be67a0
 Begin Bits: [0x00007fb8ce000000, 0x00007fb8cf000000)
 End Bits:   [0x00007fb8cf000000, 0x00007fb8d0000000)

Polling page: 0x00007fb8f1e3d000

Metaspace:

Usage:
  Non-class:     24,96 MB used.
      Class:      2,74 MB used.
       Both:     27,69 MB used.

Virtual space:
  Non-class space:       32,00 MB reserved,      25,38 MB ( 79%) committed,  4 nodes.
      Class space:        1,00 GB reserved,       3,00 MB ( <1%) committed,  1 nodes.
             Both:        1,03 GB reserved,      28,38 MB (  3%) committed. 

Chunk freelists:
   Non-Class:  2,39 MB
       Class:  1008,00 KB
        Both:  3,38 MB

MaxMetaspaceSize: unlimited
CompressedClassSpaceSize: 1,00 GB
Initial GC threshold: 21,00 MB
Current GC threshold: 35,00 MB
CDS: on
MetaspaceReclaimPolicy: balanced
 - commit_granule_bytes: 65536.
 - commit_granule_words: 8192.
 - virtual_space_node_default_size: 1048576.
 - enlarge_chunks_in_place: 1.
 - new_chunks_are_fully_committed: 0.
 - uncommit_free_chunks: 1.
 - use_allocation_guard: 0.
 - handle_deallocations: 1.


Internal statistics:

num_allocs_failed_limit: 3.
num_arena_births: 294.
num_arena_deaths: 14.
num_vsnodes_births: 5.
num_vsnodes_deaths: 0.
num_space_committed: 454.
num_space_uncommitted: 0.
num_chunks_returned_to_freelist: 17.
num_chunks_taken_from_freelist: 1371.
num_chunk_merges: 7.
num_chunk_splits: 911.
num_chunks_enlarged: 612.
num_purges: 2.
num_inconsistent_stats: 0.

CodeHeap 'non-profiled nmethods': size=119168Kb used=1803Kb max_used=1803Kb free=117364Kb
 bounds [0x00007fb8dc4d5000, 0x00007fb8dc745000, 0x00007fb8e3935000]
CodeHeap 'profiled nmethods': size=119164Kb used=7583Kb max_used=7583Kb free=111580Kb
 bounds [0x00007fb8d4935000, 0x00007fb8d50a5000, 0x00007fb8dbd94000]
CodeHeap 'non-nmethods': size=7428Kb used=2940Kb max_used=3021Kb free=4487Kb
 bounds [0x00007fb8dbd94000, 0x00007fb8dc0a4000, 0x00007fb8dc4d5000]
 total_blobs=4253 nmethods=3683 adapters=481
 compilation: enabled
              stopped_count=0, restarted_count=0
 full_count=0

Compilation events (20 events):
Event: 2,364 Thread 0x00007fb8a41da0b0 nmethod 3695 0x00007fb8d5085d10 code [0x00007fb8d5085f20, 0x00007fb8d50865f0]
Event: 2,364 Thread 0x00007fb8a41daca0 nmethod 3697 0x00007fb8d5086810 code [0x00007fb8d50869c0, 0x00007fb8d5086b90]
Event: 2,364 Thread 0x00007fb8a41da0b0 3696       3       org.eclipse.jdt.internal.core.JarEntryFile::<init> (6 bytes)
Event: 2,364 Thread 0x00007fb8a41daca0 3700       3       java.lang.ThreadLocal$ThreadLocalMap::expungeStaleEntry (146 bytes)
Event: 2,364 Thread 0x00007fb8a41da0b0 nmethod 3696 0x00007fb8d5086c90 code [0x00007fb8d5086e40, 0x00007fb8d5087070]
Event: 2,364 Thread 0x00007fb8ec232cf0 nmethod 3692 0x00007fb8d5087190 code [0x00007fb8d5087580, 0x00007fb8d5089700]
Event: 2,364 Thread 0x00007fb8a41da0b0 3699       3       java.lang.ThreadLocal$ThreadLocalMap::remove (68 bytes)
Event: 2,364 Thread 0x00007fb8ec232cf0 3701       3       org.eclipse.jdt.internal.core.util.LRUCache::peek (23 bytes)
Event: 2,364 Thread 0x00007fb8ec232cf0 nmethod 3701 0x00007fb8d508a190 code [0x00007fb8d508a360, 0x00007fb8d508a6a0]
Event: 2,364 Thread 0x00007fb8ec232cf0 3702       3       org.eclipse.jdt.internal.core.PackageFragmentInfo::containsJavaResources (12 bytes)
Event: 2,364 Thread 0x00007fb8a41daca0 nmethod 3700 0x00007fb8d508a790 code [0x00007fb8d508a9c0, 0x00007fb8d508b670]
Event: 2,364 Thread 0x00007fb8a41daca0 3703       3       org.eclipse.jdt.internal.core.JarPackageFragment::containsJavaResources (11 bytes)
Event: 2,364 Thread 0x00007fb8ec232cf0 nmethod 3702 0x00007fb8d508ba10 code [0x00007fb8d508bbc0, 0x00007fb8d508bd30]
Event: 2,364 Thread 0x00007fb8a404e050 nmethod 3683 0x00007fb8d508be10 code [0x00007fb8d508c4c0, 0x00007fb8d5090ca0]
Event: 2,364 Thread 0x00007fb8a41da0b0 nmethod 3699 0x00007fb8d5092890 code [0x00007fb8d5092aa0, 0x00007fb8d5093060]
Event: 2,364 Thread 0x00007fb8a41daca0 nmethod 3703 0x00007fb8d5093310 code [0x00007fb8d50934e0, 0x00007fb8d50939c0]
Event: 2,365 Thread 0x00007fb8ec232cf0 3705       3       org.eclipse.jdt.internal.core.JavaModelCache::peekAtInfo (135 bytes)
Event: 2,365 Thread 0x00007fb8a41da0b0 3706   !   3       org.eclipse.jdt.internal.core.JavaModelManager::closeChildren (94 bytes)
Event: 2,365 Thread 0x00007fb8ec232cf0 nmethod 3705 0x00007fb8d5093b10 code [0x00007fb8d5093e20, 0x00007fb8d50954b0]
Event: 2,365 Thread 0x00007fb8a41da0b0 nmethod 3706 0x00007fb8d5095910 code [0x00007fb8d5095b40, 0x00007fb8d50966e0]

GC Heap History (20 events):
Event: 1,091 GC heap before
{Heap before GC invocations=5 (full 0):
 PSYoungGen      total 29696K, used 29692K [0x00000000eab00000, 0x00000000ecc00000, 0x0000000100000000)
  eden space 25600K, 100% used [0x00000000eab00000,0x00000000ec400000,0x00000000ec400000)
  from space 4096K, 99% used [0x00000000ec800000,0x00000000ecbff0f8,0x00000000ecc00000)
  to   space 4096K, 0% used [0x00000000ec400000,0x00000000ec400000,0x00000000ec800000)
 ParOldGen       total 68608K, used 3531K [0x00000000c0000000, 0x00000000c4300000, 0x00000000eab00000)
  object space 68608K, 5% used [0x00000000c0000000,0x00000000c0372d58,0x00000000c4300000)
 Metaspace       used 19988K, committed 20416K, reserved 1073152K
  class space    used 1848K, committed 2048K, reserved 1048576K
}
Event: 1,093 GC heap after
{Heap after GC invocations=5 (full 0):
 PSYoungGen      total 29184K, used 4094K [0x00000000eab00000, 0x00000000ecd80000, 0x0000000100000000)
  eden space 25088K, 0% used [0x00000000eab00000,0x00000000eab00000,0x00000000ec380000)
  from space 4096K, 99% used [0x00000000ec400000,0x00000000ec7ff968,0x00000000ec800000)
  to   space 5120K, 0% used [0x00000000ec880000,0x00000000ec880000,0x00000000ecd80000)
 ParOldGen       total 68608K, used 3851K [0x00000000c0000000, 0x00000000c4300000, 0x00000000eab00000)
  object space 68608K, 5% used [0x00000000c0000000,0x00000000c03c2d68,0x00000000c4300000)
 Metaspace       used 19988K, committed 20416K, reserved 1073152K
  class space    used 1848K, committed 2048K, reserved 1048576K
}
Event: 1,649 GC heap before
{Heap before GC invocations=6 (full 0):
 PSYoungGen      total 29184K, used 10904K [0x00000000eab00000, 0x00000000ecd80000, 0x0000000100000000)
  eden space 25088K, 27% used [0x00000000eab00000,0x00000000eb1a66b8,0x00000000ec380000)
  from space 4096K, 99% used [0x00000000ec400000,0x00000000ec7ff968,0x00000000ec800000)
  to   space 5120K, 0% used [0x00000000ec880000,0x00000000ec880000,0x00000000ecd80000)
 ParOldGen       total 68608K, used 3851K [0x00000000c0000000, 0x00000000c4300000, 0x00000000eab00000)
  object space 68608K, 5% used [0x00000000c0000000,0x00000000c03c2d68,0x00000000c4300000)
 Metaspace       used 21035K, committed 21504K, reserved 1073152K
  class space    used 1951K, committed 2176K, reserved 1048576K
}
Event: 1,651 GC heap after
{Heap after GC invocations=6 (full 0):
 PSYoungGen      total 30208K, used 4757K [0x00000000eab00000, 0x00000000ecd80000, 0x0000000100000000)
  eden space 25088K, 0% used [0x00000000eab00000,0x00000000eab00000,0x00000000ec380000)
  from space 5120K, 92% used [0x00000000ec880000,0x00000000ecd25438,0x00000000ecd80000)
  to   space 5120K, 0% used [0x00000000ec380000,0x00000000ec380000,0x00000000ec880000)
 ParOldGen       total 68608K, used 3859K [0x00000000c0000000, 0x00000000c4300000, 0x00000000eab00000)
  object space 68608K, 5% used [0x00000000c0000000,0x00000000c03c4d68,0x00000000c4300000)
 Metaspace       used 21035K, committed 21504K, reserved 1073152K
  class space    used 1951K, committed 2176K, reserved 1048576K
}
Event: 1,651 GC heap before
{Heap before GC invocations=7 (full 1):
 PSYoungGen      total 30208K, used 4757K [0x00000000eab00000, 0x00000000ecd80000, 0x0000000100000000)
  eden space 25088K, 0% used [0x00000000eab00000,0x00000000eab00000,0x00000000ec380000)
  from space 5120K, 92% used [0x00000000ec880000,0x00000000ecd25438,0x00000000ecd80000)
  to   space 5120K, 0% used [0x00000000ec380000,0x00000000ec380000,0x00000000ec880000)
 ParOldGen       total 68608K, used 3859K [0x00000000c0000000, 0x00000000c4300000, 0x00000000eab00000)
  object space 68608K, 5% used [0x00000000c0000000,0x00000000c03c4d68,0x00000000c4300000)
 Metaspace       used 21035K, committed 21504K, reserved 1073152K
  class space    used 1951K, committed 2176K, reserved 1048576K
}
Event: 1,666 GC heap after
{Heap after GC invocations=7 (full 1):
 PSYoungGen      total 30208K, used 0K [0x00000000eab00000, 0x00000000ecd80000, 0x0000000100000000)
  eden space 25088K, 0% used [0x00000000eab00000,0x00000000eab00000,0x00000000ec380000)
  from space 5120K, 0% used [0x00000000ec880000,0x00000000ec880000,0x00000000ecd80000)
  to   space 5120K, 0% used [0x00000000ec380000,0x00000000ec380000,0x00000000ec880000)
 ParOldGen       total 68608K, used 8258K [0x00000000c0000000, 0x00000000c4300000, 0x00000000eab00000)
  object space 68608K, 12% used [0x00000000c0000000,0x00000000c0810830,0x00000000c4300000)
 Metaspace       used 21022K, committed 21504K, reserved 1073152K
  class space    used 1947K, committed 2176K, reserved 1048576K
}
Event: 1,881 GC heap before
{Heap before GC invocations=8 (full 1):
 PSYoungGen      total 30208K, used 25088K [0x00000000eab00000, 0x00000000ecd80000, 0x0000000100000000)
  eden space 25088K, 100% used [0x00000000eab00000,0x00000000ec380000,0x00000000ec380000)
  from space 5120K, 0% used [0x00000000ec880000,0x00000000ec880000,0x00000000ecd80000)
  to   space 5120K, 0% used [0x00000000ec380000,0x00000000ec380000,0x00000000ec880000)
 ParOldGen       total 68608K, used 8258K [0x00000000c0000000, 0x00000000c4300000, 0x00000000eab00000)
  object space 68608K, 12% used [0x00000000c0000000,0x00000000c0810830,0x00000000c4300000)
 Metaspace       used 25239K, committed 25920K, reserved 1073152K
  class space    used 2471K, committed 2752K, reserved 1048576K
}
Event: 1,882 GC heap after
{Heap after GC invocations=8 (full 1):
 PSYoungGen      total 26112K, used 1494K [0x00000000eab00000, 0x00000000ec900000, 0x0000000100000000)
  eden space 24576K, 0% used [0x00000000eab00000,0x00000000eab00000,0x00000000ec300000)
  from space 1536K, 97% used [0x00000000ec380000,0x00000000ec4f5a00,0x00000000ec500000)
  to   space 3072K, 0% used [0x00000000ec600000,0x00000000ec600000,0x00000000ec900000)
 ParOldGen       total 68608K, used 8266K [0x00000000c0000000, 0x00000000c4300000, 0x00000000eab00000)
  object space 68608K, 12% used [0x00000000c0000000,0x00000000c0812830,0x00000000c4300000)
 Metaspace       used 25239K, committed 25920K, reserved 1073152K
  class space    used 2471K, committed 2752K, reserved 1048576K
}
Event: 2,055 GC heap before
{Heap before GC invocations=9 (full 1):
 PSYoungGen      total 26112K, used 26070K [0x00000000eab00000, 0x00000000ec900000, 0x0000000100000000)
  eden space 24576K, 100% used [0x00000000eab00000,0x00000000ec300000,0x00000000ec300000)
  from space 1536K, 97% used [0x00000000ec380000,0x00000000ec4f5a00,0x00000000ec500000)
  to   space 3072K, 0% used [0x00000000ec600000,0x00000000ec600000,0x00000000ec900000)
 ParOldGen       total 68608K, used 8266K [0x00000000c0000000, 0x00000000c4300000, 0x00000000eab00000)
  object space 68608K, 12% used [0x00000000c0000000,0x00000000c0812830,0x00000000c4300000)
 Metaspace       used 27696K, committed 28288K, reserved 1081344K
  class space    used 2739K, committed 2944K, reserved 1048576K
}
Event: 2,056 GC heap after
{Heap after GC invocations=9 (full 1):
 PSYoungGen      total 27136K, used 3047K [0x00000000eab00000, 0x00000000ec980000, 0x0000000100000000)
  eden space 24064K, 0% used [0x00000000eab00000,0x00000000eab00000,0x00000000ec280000)
  from space 3072K, 99% used [0x00000000ec600000,0x00000000ec8f9cb0,0x00000000ec900000)
  to   space 3584K, 0% used [0x00000000ec280000,0x00000000ec280000,0x00000000ec600000)
 ParOldGen       total 68608K, used 8370K [0x00000000c0000000, 0x00000000c4300000, 0x00000000eab00000)
  object space 68608K, 12% used [0x00000000c0000000,0x00000000c082c840,0x00000000c4300000)
 Metaspace       used 27696K, committed 28288K, reserved 1081344K
  class space    used 2739K, committed 2944K, reserved 1048576K
}
Event: 2,135 GC heap before
{Heap before GC invocations=10 (full 1):
 PSYoungGen      total 27136K, used 27111K [0x00000000eab00000, 0x00000000ec980000, 0x0000000100000000)
  eden space 24064K, 100% used [0x00000000eab00000,0x00000000ec280000,0x00000000ec280000)
  from space 3072K, 99% used [0x00000000ec600000,0x00000000ec8f9cb0,0x00000000ec900000)
  to   space 3584K, 0% used [0x00000000ec280000,0x00000000ec280000,0x00000000ec600000)
 ParOldGen       total 68608K, used 8370K [0x00000000c0000000, 0x00000000c4300000, 0x00000000eab00000)
  object space 68608K, 12% used [0x00000000c0000000,0x00000000c082c840,0x00000000c4300000)
 Metaspace       used 27906K, committed 28544K, reserved 1081344K
  class space    used 2758K, committed 3008K, reserved 1048576K
}
Event: 2,138 GC heap after
{Heap after GC invocations=10 (full 1):
 PSYoungGen      total 27136K, used 3569K [0x00000000eab00000, 0x00000000ece00000, 0x0000000100000000)
  eden space 23552K, 0% used [0x00000000eab00000,0x00000000eab00000,0x00000000ec200000)
  from space 3584K, 99% used [0x00000000ec280000,0x00000000ec5fc700,0x00000000ec600000)
  to   space 6144K, 0% used [0x00000000ec800000,0x00000000ec800000,0x00000000ece00000)
 ParOldGen       total 68608K, used 10018K [0x00000000c0000000, 0x00000000c4300000, 0x00000000eab00000)
  object space 68608K, 14% used [0x00000000c0000000,0x00000000c09c8860,0x00000000c4300000)
 Metaspace       used 27906K, committed 28544K, reserved 1081344K
  class space    used 2758K, committed 3008K, reserved 1048576K
}
Event: 2,197 GC heap before
{Heap before GC invocations=11 (full 1):
 PSYoungGen      total 27136K, used 27121K [0x00000000eab00000, 0x00000000ece00000, 0x0000000100000000)
  eden space 23552K, 100% used [0x00000000eab00000,0x00000000ec200000,0x00000000ec200000)
  from space 3584K, 99% used [0x00000000ec280000,0x00000000ec5fc700,0x00000000ec600000)
  to   space 6144K, 0% used [0x00000000ec800000,0x00000000ec800000,0x00000000ece00000)
 ParOldGen       total 68608K, used 10018K [0x00000000c0000000, 0x00000000c4300000, 0x00000000eab00000)
  object space 68608K, 14% used [0x00000000c0000000,0x00000000c09c8860,0x00000000c4300000)
 Metaspace       used 27918K, committed 28544K, reserved 1081344K
  class space    used 2758K, committed 3008K, reserved 1048576K
}
Event: 2,201 GC heap after
{Heap after GC invocations=11 (full 1):
 PSYoungGen      total 27136K, used 3890K [0x00000000eab00000, 0x00000000ecc00000, 0x0000000100000000)
  eden space 23040K, 0% used [0x00000000eab00000,0x00000000eab00000,0x00000000ec180000)
  from space 4096K, 94% used [0x00000000ec800000,0x00000000ecbccb28,0x00000000ecc00000)
  to   space 4608K, 0% used [0x00000000ec300000,0x00000000ec300000,0x00000000ec780000)
 ParOldGen       total 68608K, used 12164K [0x00000000c0000000, 0x00000000c4300000, 0x00000000eab00000)
  object space 68608K, 17% used [0x00000000c0000000,0x00000000c0be1300,0x00000000c4300000)
 Metaspace       used 27918K, committed 28544K, reserved 1081344K
  class space    used 2758K, committed 3008K, reserved 1048576K
}
Event: 2,265 GC heap before
{Heap before GC invocations=12 (full 1):
 PSYoungGen      total 27136K, used 26930K [0x00000000eab00000, 0x00000000ecc00000, 0x0000000100000000)
  eden space 23040K, 100% used [0x00000000eab00000,0x00000000ec180000,0x00000000ec180000)
  from space 4096K, 94% used [0x00000000ec800000,0x00000000ecbccb28,0x00000000ecc00000)
  to   space 4608K, 0% used [0x00000000ec300000,0x00000000ec300000,0x00000000ec780000)
 ParOldGen       total 68608K, used 12164K [0x00000000c0000000, 0x00000000c4300000, 0x00000000eab00000)
  object space 68608K, 17% used [0x00000000c0000000,0x00000000c0be1300,0x00000000c4300000)
 Metaspace       used 28050K, committed 28736K, reserved 1081344K
  class space    used 2773K, committed 3008K, reserved 1048576K
}
Event: 2,269 GC heap after
{Heap after GC invocations=12 (full 1):
 PSYoungGen      total 25600K, used 2720K [0x00000000eab00000, 0x00000000ec880000, 0x0000000100000000)
  eden space 22528K, 0% used [0x00000000eab00000,0x00000000eab00000,0x00000000ec100000)
  from space 3072K, 88% used [0x00000000ec300000,0x00000000ec5a8010,0x00000000ec600000)
  to   space 2560K, 0% used [0x00000000ec600000,0x00000000ec600000,0x00000000ec880000)
 ParOldGen       total 68608K, used 15823K [0x00000000c0000000, 0x00000000c4300000, 0x00000000eab00000)
  object space 68608K, 23% used [0x00000000c0000000,0x00000000c0f73e28,0x00000000c4300000)
 Metaspace       used 28050K, committed 28736K, reserved 1081344K
  class space    used 2773K, committed 3008K, reserved 1048576K
}
Event: 2,296 GC heap before
{Heap before GC invocations=13 (full 1):
 PSYoungGen      total 25600K, used 25248K [0x00000000eab00000, 0x00000000ec880000, 0x0000000100000000)
  eden space 22528K, 100% used [0x00000000eab00000,0x00000000ec100000,0x00000000ec100000)
  from space 3072K, 88% used [0x00000000ec300000,0x00000000ec5a8010,0x00000000ec600000)
  to   space 2560K, 0% used [0x00000000ec600000,0x00000000ec600000,0x00000000ec880000)
 ParOldGen       total 68608K, used 15823K [0x00000000c0000000, 0x00000000c4300000, 0x00000000eab00000)
  object space 68608K, 23% used [0x00000000c0000000,0x00000000c0f73e28,0x00000000c4300000)
 Metaspace       used 28050K, committed 28736K, reserved 1081344K
  class space    used 2773K, committed 3008K, reserved 1048576K
}
Event: 2,300 GC heap after
{Heap after GC invocations=13 (full 1):
 PSYoungGen      total 24576K, used 2528K [0x00000000eab00000, 0x00000000ecb80000, 0x0000000100000000)
  eden space 22016K, 0% used [0x00000000eab00000,0x00000000eab00000,0x00000000ec080000)
  from space 2560K, 98% used [0x00000000ec600000,0x00000000ec878010,0x00000000ec880000)
  to   space 5632K, 0% used [0x00000000ec080000,0x00000000ec080000,0x00000000ec600000)
 ParOldGen       total 68608K, used 18431K [0x00000000c0000000, 0x00000000c4300000, 0x00000000eab00000)
  object space 68608K, 26% used [0x00000000c0000000,0x00000000c11fff18,0x00000000c4300000)
 Metaspace       used 28050K, committed 28736K, reserved 1081344K
  class space    used 2773K, committed 3008K, reserved 1048576K
}
Event: 2,331 GC heap before
{Heap before GC invocations=14 (full 1):
 PSYoungGen      total 24576K, used 24544K [0x00000000eab00000, 0x00000000ecb80000, 0x0000000100000000)
  eden space 22016K, 100% used [0x00000000eab00000,0x00000000ec080000,0x00000000ec080000)
  from space 2560K, 98% used [0x00000000ec600000,0x00000000ec878010,0x00000000ec880000)
  to   space 5632K, 0% used [0x00000000ec080000,0x00000000ec080000,0x00000000ec600000)
 ParOldGen       total 68608K, used 18431K [0x00000000c0000000, 0x00000000c4300000, 0x00000000eab00000)
  object space 68608K, 26% used [0x00000000c0000000,0x00000000c11fff18,0x00000000c4300000)
 Metaspace       used 28050K, committed 28736K, reserved 1081344K
  class space    used 2773K, committed 3008K, reserved 1048576K
}
Event: 2,335 GC heap after
{Heap after GC invocations=14 (full 1):
 PSYoungGen      total 24576K, used 2432K [0x00000000eab00000, 0x00000000ec780000, 0x0000000100000000)
  eden space 22016K, 0% used [0x00000000eab00000,0x00000000eab00000,0x00000000ec080000)
  from space 2560K, 95% used [0x00000000ec080000,0x00000000ec2e0000,0x00000000ec300000)
  to   space 3584K, 0% used [0x00000000ec400000,0x00000000ec400000,0x00000000ec780000)
 ParOldGen       total 68608K, used 20983K [0x00000000c0000000, 0x00000000c4300000, 0x00000000eab00000)
  object space 68608K, 30% used [0x00000000c0000000,0x00000000c147df28,0x00000000c4300000)
 Metaspace       used 28050K, committed 28736K, reserved 1081344K
  class space    used 2773K, committed 3008K, reserved 1048576K
}

Dll operation events (10 events):
Event: 0,002 Loaded shared library /usr/lib/jvm/java-17-openjdk-amd64/lib/libjava.so
Event: 0,002 Loaded shared library /usr/lib/jvm/java-17-openjdk-amd64/lib/libzip.so
Event: 0,005 Loaded shared library /usr/lib/jvm/java-17-openjdk-amd64/lib/libjsvml.so
Event: 0,041 Loaded shared library /usr/lib/jvm/java-17-openjdk-amd64/lib/libinstrument.so
Event: 0,042 Loaded shared library /usr/lib/jvm/java-17-openjdk-amd64/lib/libnio.so
Event: 0,045 Loaded shared library /usr/lib/jvm/java-17-openjdk-amd64/lib/libzip.so
Event: 0,051 Loaded shared library /usr/lib/jvm/java-17-openjdk-amd64/lib/libjimage.so
Event: 0,067 Loaded shared library /usr/lib/jvm/java-17-openjdk-amd64/lib/libverify.so
Event: 0,318 Loaded shared library /usr/lib/jvm/java-17-openjdk-amd64/lib/libnet.so
Event: 0,511 Loaded shared library /home/infoetu/quentin.moutte.etu/.config/VSCodium/User/globalStorage/redhat.java/1.18.0/config_ss_linux/org.eclipse.equinox.launcher/org.eclipse.equinox.launcher.gtk.linux.x86_64_1.2.700.v20221108-1024/eclipse_11801.so

Deoptimization events (20 events):
Event: 2,234 Thread 0x00007fb8602b0d30 Uncommon trap: trap_request=0xffffffbe fr.pc=0x00007fb8dc66b374 relative=0x0000000000000634
Event: 2,234 Thread 0x00007fb8602b0d30 Uncommon trap: reason=profile_predicate action=maybe_recompile pc=0x00007fb8dc66b374 method=org.eclipse.jdt.internal.core.util.HashtableOfArrayToObject.get([Ljava/lang/Object;)Ljava/lang/Object; @ 64 c2
Event: 2,234 Thread 0x00007fb8602b0d30 DEOPT PACKING pc=0x00007fb8dc66b374 sp=0x00007fb843bf67e0
Event: 2,234 Thread 0x00007fb8602b0d30 DEOPT UNPACKING pc=0x00007fb8dbdea399 sp=0x00007fb843bf67c0 mode 2
Event: 2,235 Thread 0x00007fb8602b0d30 Uncommon trap: trap_request=0xffffffbe fr.pc=0x00007fb8dc66b374 relative=0x0000000000000634
Event: 2,235 Thread 0x00007fb8602b0d30 Uncommon trap: reason=profile_predicate action=maybe_recompile pc=0x00007fb8dc66b374 method=org.eclipse.jdt.internal.core.util.HashtableOfArrayToObject.get([Ljava/lang/Object;)Ljava/lang/Object; @ 64 c2
Event: 2,235 Thread 0x00007fb8602b0d30 DEOPT PACKING pc=0x00007fb8dc66b374 sp=0x00007fb843bf64c0
Event: 2,235 Thread 0x00007fb8602b0d30 DEOPT UNPACKING pc=0x00007fb8dbdea399 sp=0x00007fb843bf6490 mode 2
Event: 2,236 Thread 0x00007fb8602b0d30 Uncommon trap: trap_request=0xffffffbe fr.pc=0x00007fb8dc66b374 relative=0x0000000000000634
Event: 2,236 Thread 0x00007fb8602b0d30 Uncommon trap: reason=profile_predicate action=maybe_recompile pc=0x00007fb8dc66b374 method=org.eclipse.jdt.internal.core.util.HashtableOfArrayToObject.get([Ljava/lang/Object;)Ljava/lang/Object; @ 64 c2
Event: 2,236 Thread 0x00007fb8602b0d30 DEOPT PACKING pc=0x00007fb8dc66b374 sp=0x00007fb843bf67e0
Event: 2,236 Thread 0x00007fb8602b0d30 DEOPT UNPACKING pc=0x00007fb8dbdea399 sp=0x00007fb843bf67c0 mode 2
Event: 2,237 Thread 0x00007fb8602b0d30 Uncommon trap: trap_request=0xffffffbe fr.pc=0x00007fb8dc66b374 relative=0x0000000000000634
Event: 2,237 Thread 0x00007fb8602b0d30 Uncommon trap: reason=profile_predicate action=maybe_recompile pc=0x00007fb8dc66b374 method=org.eclipse.jdt.internal.core.util.HashtableOfArrayToObject.get([Ljava/lang/Object;)Ljava/lang/Object; @ 64 c2
Event: 2,237 Thread 0x00007fb8602b0d30 DEOPT PACKING pc=0x00007fb8dc66b374 sp=0x00007fb843bf64c0
Event: 2,237 Thread 0x00007fb8602b0d30 DEOPT UNPACKING pc=0x00007fb8dbdea399 sp=0x00007fb843bf6490 mode 2
Event: 2,246 Thread 0x00007fb8602b0d30 Uncommon trap: trap_request=0xffffff45 fr.pc=0x00007fb8dc4f3f3c relative=0x000000000000029c
Event: 2,246 Thread 0x00007fb8602b0d30 Uncommon trap: reason=unstable_if action=reinterpret pc=0x00007fb8dc4f3f3c method=java.util.HashMap$HashIterator.<init>(Ljava/util/HashMap;)V @ 45 c2
Event: 2,246 Thread 0x00007fb8602b0d30 DEOPT PACKING pc=0x00007fb8dc4f3f3c sp=0x00007fb843bf73c0
Event: 2,246 Thread 0x00007fb8602b0d30 DEOPT UNPACKING pc=0x00007fb8dbdea399 sp=0x00007fb843bf7378 mode 2

Classes unloaded (7 events):
Event: 1,653 Thread 0x00007fb8ec21cdb0 Unloading class 0x0000000800d66400 'java/lang/invoke/LambdaForm$MH+0x0000000800d66400'
Event: 1,653 Thread 0x00007fb8ec21cdb0 Unloading class 0x0000000800d66000 'java/lang/invoke/LambdaForm$MH+0x0000000800d66000'
Event: 1,653 Thread 0x00007fb8ec21cdb0 Unloading class 0x0000000800d65c00 'java/lang/invoke/LambdaForm$MH+0x0000000800d65c00'
Event: 1,653 Thread 0x00007fb8ec21cdb0 Unloading class 0x0000000800d65800 'java/lang/invoke/LambdaForm$MH+0x0000000800d65800'
Event: 1,653 Thread 0x00007fb8ec21cdb0 Unloading class 0x0000000800d65000 'java/lang/invoke/LambdaForm$BMH+0x0000000800d65000'
Event: 1,653 Thread 0x00007fb8ec21cdb0 Unloading class 0x0000000800d64c00 'java/lang/invoke/LambdaForm$DMH+0x0000000800d64c00'
Event: 1,653 Thread 0x00007fb8ec21cdb0 Unloading class 0x0000000800d62000 'java/lang/invoke/LambdaForm$DMH+0x0000000800d62000'

Classes redefined (0 events):
No events

Internal exceptions (20 events):
Event: 0,874 Thread 0x00007fb8602a3010 Exception <a 'java/lang/NoSuchMethodError'{0x00000000eafbcd80}: 'java.lang.Object java.lang.invoke.DirectMethodHandle$Holder.invokeSpecial(java.lang.Object, java.lang.Object, java.lang.Object, int, java.lang.Object)'> (0x00000000eafbcd80) 
thrown [./src/hotspot/share/interpreter/linkResolver.cpp, line 758]
Event: 0,884 Thread 0x00007fb8602a3010 Exception <a 'java/io/FileNotFoundException'{0x00000000eb1e9dd8}> (0x00000000eb1e9dd8) 
thrown [./src/hotspot/share/prims/jni.cpp, line 516]
Event: 1,118 Thread 0x00007fb8ec515d80 Exception <a 'java/lang/ClassNotFoundException'{0x00000000eaf42618}: com/sun/org/apache/xerces/internal/impl/msg/spi/DOMMessagesProvider> (0x00000000eaf42618) 
thrown [./src/hotspot/share/classfile/systemDictionary.cpp, line 256]
Event: 1,120 Thread 0x00007fb8ec515d80 Implicit null exception at 0x00007fb8dc590420 to 0x00007fb8dc591154
Event: 1,121 Thread 0x00007fb8ec515d80 Exception <a 'java/lang/ClassNotFoundException'{0x00000000eaf73738}: com/sun/org/apache/xerces/internal/impl/msg/spi/XMLSerializerMessagesProvider> (0x00000000eaf73738) 
thrown [./src/hotspot/share/classfile/systemDictionary.cpp, line 256]
Event: 1,122 Thread 0x00007fb8ec515d80 Exception <a 'java/lang/ClassNotFoundException'{0x00000000eaf87358}: com/sun/org/apache/xerces/internal/impl/msg/spi/XMLMessagesProvider> (0x00000000eaf87358) 
thrown [./src/hotspot/share/classfile/systemDictionary.cpp, line 256]
Event: 1,139 Thread 0x00007fb8ec515d80 Exception <a 'java/lang/NoSuchMethodError'{0x00000000eb059bd8}: 'void java.lang.invoke.DirectMethodHandle$Holder.invokeVirtual(java.lang.Object, java.lang.Object)'> (0x00000000eb059bd8) 
thrown [./src/hotspot/share/interpreter/linkResolver.cpp, line 758]
Event: 1,694 Thread 0x00007fb8ec515d80 Exception <a 'java/lang/ClassNotFoundException'{0x00000000eaeac8a0}: com/sun/org/apache/xml/internal/serializer/spi/XMLEntitiesProvider> (0x00000000eaeac8a0) 
thrown [./src/hotspot/share/classfile/systemDictionary.cpp, line 256]
Event: 1,733 Thread 0x00007fb8ec515d80 Exception <a 'java/io/FileNotFoundException'{0x00000000eb18da50}> (0x00000000eb18da50) 
thrown [./src/hotspot/share/prims/jni.cpp, line 516]
Event: 1,738 Thread 0x00007fb8ec515d80 Exception <a 'java/io/FileNotFoundException'{0x00000000eb21e140}> (0x00000000eb21e140) 
thrown [./src/hotspot/share/prims/jni.cpp, line 516]
Event: 1,741 Thread 0x00007fb8ec515d80 Exception <a 'java/io/FileNotFoundException'{0x00000000eb298ac0}> (0x00000000eb298ac0) 
thrown [./src/hotspot/share/prims/jni.cpp, line 516]
Event: 1,772 Thread 0x00007fb8ec016e60 Exception <a 'java/lang/NoSuchMethodError'{0x00000000eb603918}: 'void java.lang.invoke.DirectMethodHandle$Holder.invokeStatic(java.lang.Object, java.lang.Object, java.lang.Object, java.lang.Object)'> (0x00000000eb603918) 
thrown [./src/hotspot/share/interpreter/linkResolver.cpp, line 758]
Event: 1,828 Thread 0x00007fb8ec016e60 Exception <a 'java/lang/NoSuchMethodError'{0x00000000ebed6590}: 'void java.lang.invoke.DirectMethodHandle$Holder.invokeSpecial(java.lang.Object, java.lang.Object, java.lang.Object, java.lang.Object, java.lang.Object, java.lang.Object)'> (0x00000000ebed6590) 
thrown [./src/hotspot/share/interpreter/linkResolver.cpp, line 758]
Event: 1,829 Thread 0x00007fb8ec016e60 Exception <a 'java/lang/IncompatibleClassChangeError'{0x00000000ebedf1b8}: Found class java.lang.Object, but interface was expected> (0x00000000ebedf1b8) 
thrown [./src/hotspot/share/interpreter/linkResolver.cpp, line 826]
Event: 1,886 Thread 0x00007fb8ec5abe90 Exception <a 'java/io/FileNotFoundException'{0x00000000eab5a6c8}> (0x00000000eab5a6c8) 
thrown [./src/hotspot/share/prims/jni.cpp, line 516]
Event: 1,926 Thread 0x00007fb8ec5abe90 Exception <a 'java/lang/NoSuchMethodError'{0x00000000eb03b5f0}: 'int java.lang.invoke.DirectMethodHandle$Holder.invokeVirtual(java.lang.Object, java.lang.Object)'> (0x00000000eb03b5f0) 
thrown [./src/hotspot/share/interpreter/linkResolver.cpp, line 758]
Event: 1,959 Thread 0x00007fb8602b0d30 Exception <a 'java/lang/NoSuchMethodError'{0x00000000eb3a1458}: 'java.lang.Object java.lang.invoke.Invokers$Holder.invoke_MT(java.lang.Object, java.lang.Object, java.lang.Object)'> (0x00000000eb3a1458) 
thrown [./src/hotspot/share/interpreter/linkResolver.cpp, line 758]
Event: 2,064 Thread 0x00007fb8602b0d30 Exception <a 'java/io/FileNotFoundException'{0x00000000eac9e440}> (0x00000000eac9e440) 
thrown [./src/hotspot/share/prims/jni.cpp, line 516]
Event: 2,064 Thread 0x00007fb8602b0d30 Exception <a 'java/io/FileNotFoundException'{0x00000000eac9fd68}> (0x00000000eac9fd68) 
thrown [./src/hotspot/share/prims/jni.cpp, line 516]
Event: 2,065 Thread 0x00007fb8602b0d30 Exception <a 'java/lang/NoSuchMethodError'{0x00000000eacabfd0}: 'void java.lang.invoke.DirectMethodHandle$Holder.invokeStaticInit(java.lang.Object, java.lang.Object, java.lang.Object)'> (0x00000000eacabfd0) 
thrown [./src/hotspot/share/interpreter/linkResolver.cpp, line 758]

VM Operations (20 events):
Event: 1,948 Executing VM operation: HandshakeAllThreads
Event: 1,948 Executing VM operation: HandshakeAllThreads done
Event: 1,950 Executing VM operation: HandshakeAllThreads
Event: 1,950 Executing VM operation: HandshakeAllThreads done
Event: 1,966 Executing VM operation: HandshakeAllThreads
Event: 1,966 Executing VM operation: HandshakeAllThreads done
Event: 2,054 Executing VM operation: ParallelGCFailedAllocation
Event: 2,056 Executing VM operation: ParallelGCFailedAllocation done
Event: 2,135 Executing VM operation: ParallelGCFailedAllocation
Event: 2,138 Executing VM operation: ParallelGCFailedAllocation done
Event: 2,197 Executing VM operation: ParallelGCFailedAllocation
Event: 2,201 Executing VM operation: ParallelGCFailedAllocation done
Event: 2,265 Executing VM operation: ParallelGCFailedAllocation
Event: 2,269 Executing VM operation: ParallelGCFailedAllocation done
Event: 2,296 Executing VM operation: ParallelGCFailedAllocation
Event: 2,300 Executing VM operation: ParallelGCFailedAllocation done
Event: 2,331 Executing VM operation: ParallelGCFailedAllocation
Event: 2,335 Executing VM operation: ParallelGCFailedAllocation done
Event: 2,348 Executing VM operation: HandshakeAllThreads
Event: 2,348 Executing VM operation: HandshakeAllThreads done

Events (20 events):
Event: 2,107 Thread 0x00007fb88000bb70 Thread added: 0x00007fb88000bb70
Event: 2,107 Protecting memory [0x00007fb8423fc000,0x00007fb842400000] with protection modes 0
Event: 2,353 loading class org/eclipse/core/resources/IProject
Event: 2,353 loading class org/eclipse/core/resources/IProject done
Event: 2,353 loading class org/eclipse/core/resources/IProject
Event: 2,353 loading class org/eclipse/core/resources/IProject done
Event: 2,353 loading class org/eclipse/jdt/core/IPackageFragment
Event: 2,353 loading class org/eclipse/jdt/core/IPackageFragment done
Event: 2,354 loading class org/eclipse/core/resources/IProject
Event: 2,354 loading class org/eclipse/core/resources/IProject done
Event: 2,354 loading class org/eclipse/core/resources/IProject
Event: 2,354 loading class org/eclipse/core/resources/IProject done
Event: 2,354 loading class org/eclipse/jdt/core/IPackageFragment
Event: 2,354 loading class org/eclipse/jdt/core/IPackageFragment done
Event: 2,354 loading class org/eclipse/core/resources/IProject
Event: 2,354 loading class org/eclipse/core/resources/IProject done
Event: 2,354 loading class org/eclipse/core/resources/IProject
Event: 2,354 loading class org/eclipse/core/resources/IProject done
Event: 2,354 loading class org/eclipse/jdt/core/ICompilationUnit
Event: 2,354 loading class org/eclipse/jdt/core/ICompilationUnit done


Dynamic libraries:
c0000000-c4300000 rw-p 00000000 00:00 0 
c4300000-eab00000 ---p 00000000 00:00 0 
eab00000-ec780000 rw-p 00000000 00:00 0 
ec780000-100000000 ---p 00000000 00:00 0 
800000000-800be3000 rw-p 00001000 103:02 3543126                         /usr/lib/jvm/java-17-openjdk-amd64/lib/server/classes.jsa
800be3000-800c00000 ---p 00000000 00:00 0 
800c00000-800c20000 rw-p 00000000 00:00 0 
800c20000-800c40000 rw-p 00000000 00:00 0 
800c40000-800cc0000 rw-p 00000000 00:00 0 
800cc0000-800d00000 rw-p 00000000 00:00 0 
800d00000-800e30000 rw-p 00000000 00:00 0 
800e30000-800e40000 ---p 00000000 00:00 0 
800e40000-800f10000 rw-p 00000000 00:00 0 
800f10000-840c00000 ---p 00000000 00:00 0 
556e608ee000-556e608ef000 r--p 00000000 103:02 3166030                   /usr/lib/jvm/java-17-openjdk-amd64/bin/java
556e608ef000-556e608f0000 r-xp 00001000 103:02 3166030                   /usr/lib/jvm/java-17-openjdk-amd64/bin/java
556e608f0000-556e608f1000 r--p 00002000 103:02 3166030                   /usr/lib/jvm/java-17-openjdk-amd64/bin/java
556e608f1000-556e608f2000 r--p 00002000 103:02 3166030                   /usr/lib/jvm/java-17-openjdk-amd64/bin/java
556e608f2000-556e608f3000 rw-p 00003000 103:02 3166030                   /usr/lib/jvm/java-17-openjdk-amd64/bin/java
556e61344000-556e6138a000 rw-p 00000000 00:00 0                          [heap]
7fb800000000-7fb800a77000 rw-p 00000000 00:00 0 
7fb800a77000-7fb804000000 ---p 00000000 00:00 0 
7fb808000000-7fb808b25000 rw-p 00000000 00:00 0 
7fb808b25000-7fb80c000000 ---p 00000000 00:00 0 
7fb80c000000-7fb80cf0c000 rw-p 00000000 00:00 0 
7fb80cf0c000-7fb810000000 ---p 00000000 00:00 0 
7fb810000000-7fb810ec7000 rw-p 00000000 00:00 0 
7fb810ec7000-7fb814000000 ---p 00000000 00:00 0 
7fb8177f8000-7fb820000000 r--s 00000000 103:02 3298208                   /usr/lib/jvm/java-11-openjdk-amd64/lib/modules
7fb820000000-7fb820021000 rw-p 00000000 00:00 0 
7fb820021000-7fb824000000 ---p 00000000 00:00 0 
7fb824000000-7fb824916000 rw-p 00000000 00:00 0 
7fb824916000-7fb828000000 ---p 00000000 00:00 0 
7fb828000000-7fb828021000 rw-p 00000000 00:00 0 
7fb828021000-7fb82c000000 ---p 00000000 00:00 0 
7fb82c000000-7fb82c171000 rw-p 00000000 00:00 0 
7fb82c171000-7fb830000000 ---p 00000000 00:00 0 
7fb830000000-7fb830021000 rw-p 00000000 00:00 0 
7fb830021000-7fb834000000 ---p 00000000 00:00 0 
7fb834000000-7fb834021000 rw-p 00000000 00:00 0 
7fb834021000-7fb838000000 ---p 00000000 00:00 0 
7fb838000000-7fb838021000 rw-p 00000000 00:00 0 
7fb838021000-7fb83c000000 ---p 00000000 00:00 0 
7fb83c000000-7fb83c021000 rw-p 00000000 00:00 0 
7fb83c021000-7fb840000000 ---p 00000000 00:00 0 
7fb8423fc000-7fb842400000 ---p 00000000 00:00 0 
7fb842400000-7fb8424fd000 rw-p 00000000 00:00 0 
7fb8424fd000-7fb842501000 ---p 00000000 00:00 0 
7fb842501000-7fb8425fe000 rw-p 00000000 00:00 0 
7fb8425fe000-7fb842602000 ---p 00000000 00:00 0 
7fb842602000-7fb8426ff000 rw-p 00000000 00:00 0 
7fb8426ff000-7fb842703000 ---p 00000000 00:00 0 
7fb842703000-7fb8429a0000 rw-p 00000000 00:00 0 
7fb8429a0000-7fb843000000 ---p 00000000 00:00 0 
7fb843000000-7fb843300000 rw-p 00000000 00:00 0 
7fb843300000-7fb843500000 rw-p 00000000 00:00 0 
7fb843500000-7fb8435c0000 rw-p 00000000 00:00 0 
7fb8435c0000-7fb843600000 ---p 00000000 00:00 0 
7fb843600000-7fb843800000 rw-p 00000000 00:00 0 
7fb8438f5000-7fb8438f9000 ---p 00000000 00:00 0 
7fb8438f9000-7fb8439f6000 rw-p 00000000 00:00 0 
7fb8439f6000-7fb8439f7000 ---p 00000000 00:00 0 
7fb8439f7000-7fb843af8000 rw-p 00000000 00:00 0 
7fb843af8000-7fb843afc000 ---p 00000000 00:00 0 
7fb843afc000-7fb843bf9000 rw-p 00000000 00:00 0 
7fb843bf9000-7fb843bfd000 ---p 00000000 00:00 0 
7fb843bfd000-7fb843cfa000 rw-p 00000000 00:00 0 
7fb843cfa000-7fb843cfb000 ---p 00000000 00:00 0 
7fb843cfb000-7fb843dfc000 rw-p 00000000 00:00 0 
7fb843dfc000-7fb843dfd000 ---p 00000000 00:00 0 
7fb843dfd000-7fb843efe000 rw-p 00000000 00:00 0 
7fb843efe000-7fb843eff000 ---p 00000000 00:00 0 
7fb843eff000-7fb844000000 rw-p 00000000 00:00 0 
7fb844000000-7fb8440c5000 rw-p 00000000 00:00 0 
7fb8440c5000-7fb848000000 ---p 00000000 00:00 0 
7fb848000000-7fb848021000 rw-p 00000000 00:00 0 
7fb848021000-7fb84c000000 ---p 00000000 00:00 0 
7fb84c000000-7fb84c021000 rw-p 00000000 00:00 0 
7fb84c021000-7fb850000000 ---p 00000000 00:00 0 
7fb850000000-7fb850021000 rw-p 00000000 00:00 0 
7fb850021000-7fb854000000 ---p 00000000 00:00 0 
7fb854000000-7fb854021000 rw-p 00000000 00:00 0 
7fb854021000-7fb858000000 ---p 00000000 00:00 0 
7fb858000000-7fb858021000 rw-p 00000000 00:00 0 
7fb858021000-7fb85c000000 ---p 00000000 00:00 0 
7fb85c000000-7fb85c021000 rw-p 00000000 00:00 0 
7fb85c021000-7fb860000000 ---p 00000000 00:00 0 
7fb860000000-7fb86073e000 rw-p 00000000 00:00 0 
7fb86073e000-7fb864000000 ---p 00000000 00:00 0 
7fb864000000-7fb864021000 rw-p 00000000 00:00 0 
7fb864021000-7fb868000000 ---p 00000000 00:00 0 
7fb868000000-7fb868021000 rw-p 00000000 00:00 0 
7fb868021000-7fb86c000000 ---p 00000000 00:00 0 
7fb86c000000-7fb86c021000 rw-p 00000000 00:00 0 
7fb86c021000-7fb870000000 ---p 00000000 00:00 0 
7fb870000000-7fb870021000 rw-p 00000000 00:00 0 
7fb870021000-7fb874000000 ---p 00000000 00:00 0 
7fb874000000-7fb874021000 rw-p 00000000 00:00 0 
7fb874021000-7fb878000000 ---p 00000000 00:00 0 
7fb878000000-7fb878021000 rw-p 00000000 00:00 0 
7fb878021000-7fb87c000000 ---p 00000000 00:00 0 
7fb87c000000-7fb87c021000 rw-p 00000000 00:00 0 
7fb87c021000-7fb880000000 ---p 00000000 00:00 0 
7fb880000000-7fb8800af000 rw-p 00000000 00:00 0 
7fb8800af000-7fb884000000 ---p 00000000 00:00 0 
7fb884000000-7fb8846b2000 rw-p 00000000 00:00 0 
7fb8846b2000-7fb888000000 ---p 00000000 00:00 0 
7fb888000000-7fb889031000 rw-p 00000000 00:00 0 
7fb889031000-7fb88c000000 ---p 00000000 00:00 0 
7fb88c000000-7fb88c021000 rw-p 00000000 00:00 0 
7fb88c021000-7fb890000000 ---p 00000000 00:00 0 
7fb890000000-7fb890021000 rw-p 00000000 00:00 0 
7fb890021000-7fb894000000 ---p 00000000 00:00 0 
7fb894000000-7fb89484e000 rw-p 00000000 00:00 0 
7fb89484e000-7fb898000000 ---p 00000000 00:00 0 
7fb898000000-7fb899114000 rw-p 00000000 00:00 0 
7fb899114000-7fb89c000000 ---p 00000000 00:00 0 
7fb89c000000-7fb89c021000 rw-p 00000000 00:00 0 
7fb89c021000-7fb8a0000000 ---p 00000000 00:00 0 
7fb8a0000000-7fb8a0263000 rw-p 00000000 00:00 0 
7fb8a0263000-7fb8a4000000 ---p 00000000 00:00 0 
7fb8a4000000-7fb8a422d000 rw-p 00000000 00:00 0 
7fb8a422d000-7fb8a8000000 ---p 00000000 00:00 0 
7fb8a8000000-7fb8a8021000 rw-p 00000000 00:00 0 
7fb8a8021000-7fb8ac000000 ---p 00000000 00:00 0 
7fb8ac000000-7fb8ac021000 rw-p 00000000 00:00 0 
7fb8ac021000-7fb8b0000000 ---p 00000000 00:00 0 
7fb8b0000000-7fb8b1135000 rw-p 00000000 00:00 0 
7fb8b1135000-7fb8b4000000 ---p 00000000 00:00 0 
7fb8b4000000-7fb8b4021000 rw-p 00000000 00:00 0 
7fb8b4021000-7fb8b8000000 ---p 00000000 00:00 0 
7fb8b8000000-7fb8b8021000 rw-p 00000000 00:00 0 
7fb8b8021000-7fb8bc000000 ---p 00000000 00:00 0 
7fb8bc000000-7fb8bc021000 rw-p 00000000 00:00 0 
7fb8bc021000-7fb8c0000000 ---p 00000000 00:00 0 
7fb8c0000000-7fb8c0021000 rw-p 00000000 00:00 0 
7fb8c0021000-7fb8c4000000 ---p 00000000 00:00 0 
7fb8c4000000-7fb8c4021000 rw-p 00000000 00:00 0 
7fb8c4021000-7fb8c8000000 ---p 00000000 00:00 0 
7fb8c80fc000-7fb8c80fd000 ---p 00000000 00:00 0 
7fb8c80fd000-7fb8c81fe000 rw-p 00000000 00:00 0 
7fb8c81fe000-7fb8c8202000 ---p 00000000 00:00 0 
7fb8c8202000-7fb8c82ff000 rw-p 00000000 00:00 0 
7fb8c82ff000-7fb8c8303000 ---p 00000000 00:00 0 
7fb8c8303000-7fb8c8500000 rw-p 00000000 00:00 0 
7fb8c8500000-7fb8c8c00000 rw-p 00000000 00:00 0 
7fb8c8ce0000-7fb8c8ce4000 ---p 00000000 00:00 0 
7fb8c8ce4000-7fb8c8de1000 rw-p 00000000 00:00 0 
7fb8c8de1000-7fb8c8de2000 ---p 00000000 00:00 0 
7fb8c8de2000-7fb8c8ee3000 rw-p 00000000 00:00 0 
7fb8c8ee3000-7fb8c8ee4000 ---p 00000000 00:00 0 
7fb8c8ee4000-7fb8c8fe5000 rw-p 00000000 00:00 0 
7fb8c8fe5000-7fb8c8fe9000 ---p 00000000 00:00 0 
7fb8c8fe9000-7fb8c90e6000 rw-p 00000000 00:00 0 
7fb8c90e6000-7fb8c90f6000 r-xp 00000000 00:28 144646697                  /home/infoetu/quentin.moutte.etu/.config/VSCodium/User/globalStorage/redhat.java/1.18.0/config_ss_linux/org.eclipse.equinox.launcher/org.eclipse.equinox.launcher.gtk.linux.x86_64_1.2.700.v20221108-1024/eclipse_11801.so
7fb8c90f6000-7fb8c92f5000 ---p 00010000 00:28 144646697                  /home/infoetu/quentin.moutte.etu/.config/VSCodium/User/globalStorage/redhat.java/1.18.0/config_ss_linux/org.eclipse.equinox.launcher/org.eclipse.equinox.launcher.gtk.linux.x86_64_1.2.700.v20221108-1024/eclipse_11801.so
7fb8c92f5000-7fb8c92f6000 r--p 0000f000 00:28 144646697                  /home/infoetu/quentin.moutte.etu/.config/VSCodium/User/globalStorage/redhat.java/1.18.0/config_ss_linux/org.eclipse.equinox.launcher/org.eclipse.equinox.launcher.gtk.linux.x86_64_1.2.700.v20221108-1024/eclipse_11801.so
7fb8c92f6000-7fb8c92f7000 rw-p 00010000 00:28 144646697                  /home/infoetu/quentin.moutte.etu/.config/VSCodium/User/globalStorage/redhat.java/1.18.0/config_ss_linux/org.eclipse.equinox.launcher/org.eclipse.equinox.launcher.gtk.linux.x86_64_1.2.700.v20221108-1024/eclipse_11801.so
7fb8c92f7000-7fb8c92f8000 rw-p 00000000 00:00 0 
7fb8c92f8000-7fb8c92fc000 ---p 00000000 00:00 0 
7fb8c92fc000-7fb8c93f9000 rw-p 00000000 00:00 0 
7fb8c93f9000-7fb8c93fd000 ---p 00000000 00:00 0 
7fb8c93fd000-7fb8c94fa000 rw-p 00000000 00:00 0 
7fb8c94fa000-7fb8c94fe000 ---p 00000000 00:00 0 
7fb8c94fe000-7fb8c95fb000 rw-p 00000000 00:00 0 
7fb8c95fb000-7fb8c95fc000 ---p 00000000 00:00 0 
7fb8c95fc000-7fb8c96fd000 rw-p 00000000 00:00 0 
7fb8c96fd000-7fb8c96fe000 ---p 00000000 00:00 0 
7fb8c96fe000-7fb8c97ff000 rw-p 00000000 00:00 0 
7fb8c97ff000-7fb8c9800000 ---p 00000000 00:00 0 
7fb8c9800000-7fb8c9901000 rw-p 00000000 00:00 0 
7fb8c9901000-7fb8c9902000 ---p 00000000 00:00 0 
7fb8c9902000-7fb8c9a03000 rw-p 00000000 00:00 0 
7fb8c9a03000-7fb8c9a04000 ---p 00000000 00:00 0 
7fb8c9a04000-7fb8c9b05000 rw-p 00000000 00:00 0 
7fb8c9b05000-7fb8c9b09000 ---p 00000000 00:00 0 
7fb8c9b09000-7fb8c9c06000 rw-p 00000000 00:00 0 
7fb8c9c06000-7fb8c9c0a000 ---p 00000000 00:00 0 
7fb8c9c0a000-7fb8c9d07000 rw-p 00000000 00:00 0 
7fb8c9d07000-7fb8c9d0b000 ---p 00000000 00:00 0 
7fb8c9d0b000-7fb8c9e08000 rw-p 00000000 00:00 0 
7fb8c9e08000-7fb8c9e09000 ---p 00000000 00:00 0 
7fb8c9e09000-7fb8c9f0a000 rw-p 00000000 00:00 0 
7fb8c9f0a000-7fb8c9f0e000 ---p 00000000 00:00 0 
7fb8c9f0e000-7fb8ca00b000 rw-p 00000000 00:00 0 
7fb8ca00b000-7fb8ca00f000 ---p 00000000 00:00 0 
7fb8ca00f000-7fb8ca10c000 rw-p 00000000 00:00 0 
7fb8ca10c000-7fb8ca110000 ---p 00000000 00:00 0 
7fb8ca110000-7fb8ca20d000 rw-p 00000000 00:00 0 
7fb8ca20d000-7fb8ca211000 ---p 00000000 00:00 0 
7fb8ca211000-7fb8ca30e000 rw-p 00000000 00:00 0 
7fb8ca30e000-7fb8ca312000 ---p 00000000 00:00 0 
7fb8ca312000-7fb8ca40f000 rw-p 00000000 00:00 0 
7fb8ca40f000-7fb8ca413000 ---p 00000000 00:00 0 
7fb8ca413000-7fb8ca510000 rw-p 00000000 00:00 0 
7fb8ca510000-7fb8ca514000 ---p 00000000 00:00 0 
7fb8ca514000-7fb8ca611000 rw-p 00000000 00:00 0 
7fb8ca611000-7fb8ca615000 ---p 00000000 00:00 0 
7fb8ca615000-7fb8ca712000 rw-p 00000000 00:00 0 
7fb8ca712000-7fb8ca716000 ---p 00000000 00:00 0 
7fb8ca716000-7fb8ca813000 rw-p 00000000 00:00 0 
7fb8ca813000-7fb8ca817000 ---p 00000000 00:00 0 
7fb8ca817000-7fb8ca914000 rw-p 00000000 00:00 0 
7fb8ca914000-7fb8ca918000 ---p 00000000 00:00 0 
7fb8ca918000-7fb8caa15000 rw-p 00000000 00:00 0 
7fb8caa15000-7fb8cacfc000 r--p 00000000 103:02 3168159                   /usr/lib/locale/locale-archive
7fb8cacfc000-7fb8cad00000 ---p 00000000 00:00 0 
7fb8cad00000-7fb8cadfd000 rw-p 00000000 00:00 0 
7fb8cadfd000-7fb8cae01000 ---p 00000000 00:00 0 
7fb8cae01000-7fb8caefe000 rw-p 00000000 00:00 0 
7fb8caefe000-7fb8caeff000 ---p 00000000 00:00 0 
7fb8caeff000-7fb8cb400000 rw-p 00000000 00:00 0 
7fb8cb400000-7fb8cb780000 rw-p 00000000 00:00 0 
7fb8cb780000-7fb8cb800000 rw-p 00000000 00:00 0 
7fb8cb808000-7fb8cb80d000 r--p 00000000 103:02 3191070                   /usr/lib/jvm/java-17-openjdk-amd64/lib/libjsvml.so
7fb8cb80d000-7fb8cb84e000 r-xp 00005000 103:02 3191070                   /usr/lib/jvm/java-17-openjdk-amd64/lib/libjsvml.so
7fb8cb84e000-7fb8cb8d7000 r--p 00046000 103:02 3191070                   /usr/lib/jvm/java-17-openjdk-amd64/lib/libjsvml.so
7fb8cb8d7000-7fb8cb8d8000 r--p 000ce000 103:02 3191070                   /usr/lib/jvm/java-17-openjdk-amd64/lib/libjsvml.so
7fb8cb8d8000-7fb8cb8d9000 rw-p 000cf000 103:02 3191070                   /usr/lib/jvm/java-17-openjdk-amd64/lib/libjsvml.so
7fb8cb8d9000-7fb8d0000000 rw-p 00000000 00:00 0 
7fb8d0000000-7fb8d0021000 rw-p 00000000 00:00 0 
7fb8d0021000-7fb8d4000000 ---p 00000000 00:00 0 
7fb8d405f000-7fb8d4063000 ---p 00000000 00:00 0 
7fb8d4063000-7fb8d4081000 rw-p 00000000 00:00 0 
7fb8d4081000-7fb8d4088000 r--s 00000000 103:02 3194164                   /usr/lib/x86_64-linux-gnu/gconv/gconv-modules.cache
7fb8d4088000-7fb8d40ad000 r--p 00000000 103:02 3152389                   /usr/share/locale/fr/LC_MESSAGES/libc.mo
7fb8d40ad000-7fb8d40b1000 r--p 00000000 103:02 3192852                   /usr/lib/jvm/java-17-openjdk-amd64/lib/libverify.so
7fb8d40b1000-7fb8d40b8000 r-xp 00004000 103:02 3192852                   /usr/lib/jvm/java-17-openjdk-amd64/lib/libverify.so
7fb8d40b8000-7fb8d40ba000 r--p 0000b000 103:02 3192852                   /usr/lib/jvm/java-17-openjdk-amd64/lib/libverify.so
7fb8d40ba000-7fb8d40bc000 r--p 0000c000 103:02 3192852                   /usr/lib/jvm/java-17-openjdk-amd64/lib/libverify.so
7fb8d40bc000-7fb8d40bd000 rw-p 0000e000 103:02 3192852                   /usr/lib/jvm/java-17-openjdk-amd64/lib/libverify.so
7fb8d40bd000-7fb8d46ff000 rw-p 00000000 00:00 0 
7fb8d46ff000-7fb8d4833000 ---p 00000000 00:00 0 
7fb8d4833000-7fb8d4834000 ---p 00000000 00:00 0 
7fb8d4834000-7fb8d4935000 rw-p 00000000 00:00 0 
7fb8d4935000-7fb8d50a5000 rwxp 00000000 00:00 0 
7fb8d50a5000-7fb8dbd94000 ---p 00000000 00:00 0 
7fb8dbd94000-7fb8dc0a4000 rwxp 00000000 00:00 0 
7fb8dc0a4000-7fb8dc4d5000 ---p 00000000 00:00 0 
7fb8dc4d5000-7fb8dc745000 rwxp 00000000 00:00 0 
7fb8dc745000-7fb8e3935000 ---p 00000000 00:00 0 
7fb8e3935000-7fb8e4209000 r--s 00000000 103:02 789470                    /var/lib/sss/mc/passwd
7fb8e4209000-7fb8ec000000 r--s 00000000 103:02 3192854                   /usr/lib/jvm/java-17-openjdk-amd64/lib/modules
7fb8ec000000-7fb8ec5af000 rw-p 00000000 00:00 0 
7fb8ec5af000-7fb8f0000000 ---p 00000000 00:00 0 
7fb8f0001000-7fb8f0005000 r--p 00000000 103:02 3191076                   /usr/lib/jvm/java-17-openjdk-amd64/lib/libnet.so
7fb8f0005000-7fb8f0013000 r-xp 00004000 103:02 3191076                   /usr/lib/jvm/java-17-openjdk-amd64/lib/libnet.so
7fb8f0013000-7fb8f0017000 r--p 00012000 103:02 3191076                   /usr/lib/jvm/java-17-openjdk-amd64/lib/libnet.so
7fb8f0017000-7fb8f0018000 r--p 00015000 103:02 3191076                   /usr/lib/jvm/java-17-openjdk-amd64/lib/libnet.so
7fb8f0018000-7fb8f0019000 rw-p 00016000 103:02 3191076                   /usr/lib/jvm/java-17-openjdk-amd64/lib/libnet.so
7fb8f0019000-7fb8f001f000 r--p 00000000 103:02 3191077                   /usr/lib/jvm/java-17-openjdk-amd64/lib/libnio.so
7fb8f001f000-7fb8f0027000 r-xp 00006000 103:02 3191077                   /usr/lib/jvm/java-17-openjdk-amd64/lib/libnio.so
7fb8f0027000-7fb8f002b000 r--p 0000e000 103:02 3191077                   /usr/lib/jvm/java-17-openjdk-amd64/lib/libnio.so
7fb8f002b000-7fb8f002c000 ---p 00012000 103:02 3191077                   /usr/lib/jvm/java-17-openjdk-amd64/lib/libnio.so
7fb8f002c000-7fb8f002d000 r--p 00012000 103:02 3191077                   /usr/lib/jvm/java-17-openjdk-amd64/lib/libnio.so
7fb8f002d000-7fb8f002e000 rw-p 00013000 103:02 3191077                   /usr/lib/jvm/java-17-openjdk-amd64/lib/libnio.so
7fb8f002e000-7fb8f0064000 rw-p 00000000 00:00 0 
7fb8f0064000-7fb8f0197000 ---p 00000000 00:00 0 
7fb8f0197000-7fb8f01a6000 rw-p 00000000 00:00 0 
7fb8f01a6000-7fb8f0242000 ---p 00000000 00:00 0 
7fb8f0242000-7fb8f0248000 rw-p 00000000 00:00 0 
7fb8f0248000-7fb8f032c000 ---p 00000000 00:00 0 
7fb8f032c000-7fb8f033b000 rw-p 00000000 00:00 0 
7fb8f033b000-7fb8f0415000 ---p 00000000 00:00 0 
7fb8f0415000-7fb8f0417000 r--p 00000000 103:02 3175991                   /usr/lib/x86_64-linux-gnu/libnss_sss.so.2
7fb8f0417000-7fb8f041e000 r-xp 00002000 103:02 3175991                   /usr/lib/x86_64-linux-gnu/libnss_sss.so.2
7fb8f041e000-7fb8f0420000 r--p 00009000 103:02 3175991                   /usr/lib/x86_64-linux-gnu/libnss_sss.so.2
7fb8f0420000-7fb8f0421000 r--p 0000a000 103:02 3175991                   /usr/lib/x86_64-linux-gnu/libnss_sss.so.2
7fb8f0421000-7fb8f0422000 rw-p 0000b000 103:02 3175991                   /usr/lib/x86_64-linux-gnu/libnss_sss.so.2
7fb8f0422000-7fb8f0424000 r--p 00000000 103:02 3177338                   /usr/lib/x86_64-linux-gnu/libnss_compat-2.31.so
7fb8f0424000-7fb8f042a000 r-xp 00002000 103:02 3177338                   /usr/lib/x86_64-linux-gnu/libnss_compat-2.31.so
7fb8f042a000-7fb8f042b000 r--p 00008000 103:02 3177338                   /usr/lib/x86_64-linux-gnu/libnss_compat-2.31.so
7fb8f042b000-7fb8f042c000 ---p 00009000 103:02 3177338                   /usr/lib/x86_64-linux-gnu/libnss_compat-2.31.so
7fb8f042c000-7fb8f042d000 r--p 00009000 103:02 3177338                   /usr/lib/x86_64-linux-gnu/libnss_compat-2.31.so
7fb8f042d000-7fb8f042e000 rw-p 0000a000 103:02 3177338                   /usr/lib/x86_64-linux-gnu/libnss_compat-2.31.so
7fb8f0432000-7fb8f0439000 rw-p 00000000 00:00 0 
7fb8f0439000-7fb8f0441000 ---p 00000000 00:00 0 
7fb8f0441000-7fb8f0443000 r--s 0000c000 103:02 3682863                   /usr/share/java/java-atk-wrapper.jar
7fb8f0443000-7fb8f0445000 r--p 00000000 103:02 3192853                   /usr/lib/jvm/java-17-openjdk-amd64/lib/libzip.so
7fb8f0445000-7fb8f0449000 r-xp 00002000 103:02 3192853                   /usr/lib/jvm/java-17-openjdk-amd64/lib/libzip.so
7fb8f0449000-7fb8f044b000 r--p 00006000 103:02 3192853                   /usr/lib/jvm/java-17-openjdk-amd64/lib/libzip.so
7fb8f044b000-7fb8f044c000 r--p 00007000 103:02 3192853                   /usr/lib/jvm/java-17-openjdk-amd64/lib/libzip.so
7fb8f044c000-7fb8f044d000 rw-p 00008000 103:02 3192853                   /usr/lib/jvm/java-17-openjdk-amd64/lib/libzip.so
7fb8f044d000-7fb8f0459000 r--p 00000000 103:02 3191062                   /usr/lib/jvm/java-17-openjdk-amd64/lib/libjava.so
7fb8f0459000-7fb8f046b000 r-xp 0000c000 103:02 3191062                   /usr/lib/jvm/java-17-openjdk-amd64/lib/libjava.so
7fb8f046b000-7fb8f0471000 r--p 0001e000 103:02 3191062                   /usr/lib/jvm/java-17-openjdk-amd64/lib/libjava.so
7fb8f0471000-7fb8f0472000 ---p 00024000 103:02 3191062                   /usr/lib/jvm/java-17-openjdk-amd64/lib/libjava.so
7fb8f0472000-7fb8f0473000 r--p 00024000 103:02 3191062                   /usr/lib/jvm/java-17-openjdk-amd64/lib/libjava.so
7fb8f0473000-7fb8f0474000 rw-p 00025000 103:02 3191062                   /usr/lib/jvm/java-17-openjdk-amd64/lib/libjava.so
7fb8f0474000-7fb8f0475000 rw-p 00000000 00:00 0 
7fb8f0475000-7fb8f0479000 ---p 00000000 00:00 0 
7fb8f0479000-7fb8f0576000 rw-p 00000000 00:00 0 
7fb8f0576000-7fb8f0579000 r--p 00000000 103:02 3147348                   /usr/lib/x86_64-linux-gnu/libgcc_s.so.1
7fb8f0579000-7fb8f058a000 r-xp 00003000 103:02 3147348                   /usr/lib/x86_64-linux-gnu/libgcc_s.so.1
7fb8f058a000-7fb8f058e000 r--p 00014000 103:02 3147348                   /usr/lib/x86_64-linux-gnu/libgcc_s.so.1
7fb8f058e000-7fb8f058f000 r--p 00017000 103:02 3147348                   /usr/lib/x86_64-linux-gnu/libgcc_s.so.1
7fb8f058f000-7fb8f0590000 rw-p 00018000 103:02 3147348                   /usr/lib/x86_64-linux-gnu/libgcc_s.so.1
7fb8f0590000-7fb8f059d000 r--p 00000000 103:02 3168944                   /usr/lib/x86_64-linux-gnu/libm-2.31.so
7fb8f059d000-7fb8f0637000 r-xp 0000d000 103:02 3168944                   /usr/lib/x86_64-linux-gnu/libm-2.31.so
7fb8f0637000-7fb8f06d2000 r--p 000a7000 103:02 3168944                   /usr/lib/x86_64-linux-gnu/libm-2.31.so
7fb8f06d2000-7fb8f06d3000 r--p 00141000 103:02 3168944                   /usr/lib/x86_64-linux-gnu/libm-2.31.so
7fb8f06d3000-7fb8f06d4000 rw-p 00142000 103:02 3168944                   /usr/lib/x86_64-linux-gnu/libm-2.31.so
7fb8f06d4000-7fb8f076a000 r--p 00000000 103:02 3148088                   /usr/lib/x86_64-linux-gnu/libstdc++.so.6.0.28
7fb8f076a000-7fb8f0846000 r-xp 00096000 103:02 3148088                   /usr/lib/x86_64-linux-gnu/libstdc++.so.6.0.28
7fb8f0846000-7fb8f0890000 r--p 00172000 103:02 3148088                   /usr/lib/x86_64-linux-gnu/libstdc++.so.6.0.28
7fb8f0890000-7fb8f089b000 r--p 001bb000 103:02 3148088                   /usr/lib/x86_64-linux-gnu/libstdc++.so.6.0.28
7fb8f089b000-7fb8f089e000 rw-p 001c6000 103:02 3148088                   /usr/lib/x86_64-linux-gnu/libstdc++.so.6.0.28
7fb8f089e000-7fb8f08a1000 rw-p 00000000 00:00 0 
7fb8f08a1000-7fb8f0af1000 r--p 00000000 103:02 3561119                   /usr/lib/jvm/java-17-openjdk-amd64/lib/server/libjvm.so
7fb8f0af1000-7fb8f183e000 r-xp 00250000 103:02 3561119                   /usr/lib/jvm/java-17-openjdk-amd64/lib/server/libjvm.so
7fb8f183e000-7fb8f1ac7000 r--p 00f9d000 103:02 3561119                   /usr/lib/jvm/java-17-openjdk-amd64/lib/server/libjvm.so
7fb8f1ac7000-7fb8f1ac8000 ---p 01226000 103:02 3561119                   /usr/lib/jvm/java-17-openjdk-amd64/lib/server/libjvm.so
7fb8f1ac8000-7fb8f1b80000 r--p 01226000 103:02 3561119                   /usr/lib/jvm/java-17-openjdk-amd64/lib/server/libjvm.so
7fb8f1b80000-7fb8f1bb5000 rw-p 012de000 103:02 3561119                   /usr/lib/jvm/java-17-openjdk-amd64/lib/server/libjvm.so
7fb8f1bb5000-7fb8f1c10000 rw-p 00000000 00:00 0 
7fb8f1c10000-7fb8f1c16000 r--p 00000000 103:02 3177343                   /usr/lib/x86_64-linux-gnu/libpthread-2.31.so
7fb8f1c16000-7fb8f1c26000 r-xp 00006000 103:02 3177343                   /usr/lib/x86_64-linux-gnu/libpthread-2.31.so
7fb8f1c26000-7fb8f1c2c000 r--p 00016000 103:02 3177343                   /usr/lib/x86_64-linux-gnu/libpthread-2.31.so
7fb8f1c2c000-7fb8f1c2d000 r--p 0001b000 103:02 3177343                   /usr/lib/x86_64-linux-gnu/libpthread-2.31.so
7fb8f1c2d000-7fb8f1c2e000 rw-p 0001c000 103:02 3177343                   /usr/lib/x86_64-linux-gnu/libpthread-2.31.so
7fb8f1c2e000-7fb8f1c32000 rw-p 00000000 00:00 0 
7fb8f1c32000-7fb8f1c33000 r--p 00000000 103:02 3168943                   /usr/lib/x86_64-linux-gnu/libdl-2.31.so
7fb8f1c33000-7fb8f1c35000 r-xp 00001000 103:02 3168943                   /usr/lib/x86_64-linux-gnu/libdl-2.31.so
7fb8f1c35000-7fb8f1c36000 r--p 00003000 103:02 3168943                   /usr/lib/x86_64-linux-gnu/libdl-2.31.so
7fb8f1c36000-7fb8f1c37000 r--p 00003000 103:02 3168943                   /usr/lib/x86_64-linux-gnu/libdl-2.31.so
7fb8f1c37000-7fb8f1c38000 rw-p 00004000 103:02 3168943                   /usr/lib/x86_64-linux-gnu/libdl-2.31.so
7fb8f1c38000-7fb8f1c3b000 r--p 00000000 103:02 3147157                   /usr/lib/x86_64-linux-gnu/libz.so.1.2.11
7fb8f1c3b000-7fb8f1c4c000 r-xp 00003000 103:02 3147157                   /usr/lib/x86_64-linux-gnu/libz.so.1.2.11
7fb8f1c4c000-7fb8f1c52000 r--p 00014000 103:02 3147157                   /usr/lib/x86_64-linux-gnu/libz.so.1.2.11
7fb8f1c52000-7fb8f1c53000 ---p 0001a000 103:02 3147157                   /usr/lib/x86_64-linux-gnu/libz.so.1.2.11
7fb8f1c53000-7fb8f1c54000 r--p 0001a000 103:02 3147157                   /usr/lib/x86_64-linux-gnu/libz.so.1.2.11
7fb8f1c54000-7fb8f1c55000 rw-p 0001b000 103:02 3147157                   /usr/lib/x86_64-linux-gnu/libz.so.1.2.11
7fb8f1c55000-7fb8f1c77000 r--p 00000000 103:02 3168942                   /usr/lib/x86_64-linux-gnu/libc-2.31.so
7fb8f1c77000-7fb8f1dd0000 r-xp 00022000 103:02 3168942                   /usr/lib/x86_64-linux-gnu/libc-2.31.so
7fb8f1dd0000-7fb8f1e1f000 r--p 0017b000 103:02 3168942                   /usr/lib/x86_64-linux-gnu/libc-2.31.so
7fb8f1e1f000-7fb8f1e23000 r--p 001c9000 103:02 3168942                   /usr/lib/x86_64-linux-gnu/libc-2.31.so
7fb8f1e23000-7fb8f1e25000 rw-p 001cd000 103:02 3168942                   /usr/lib/x86_64-linux-gnu/libc-2.31.so
7fb8f1e25000-7fb8f1e29000 rw-p 00000000 00:00 0 
7fb8f1e29000-7fb8f1e31000 rw-s 00000000 103:02 1837501                   /tmp/hsperfdata_quentin.moutte.etu/88471
7fb8f1e31000-7fb8f1e32000 r--p 00000000 103:02 3191052                   /usr/lib/jvm/java-17-openjdk-amd64/lib/libinstrument.so
7fb8f1e32000-7fb8f1e38000 r-xp 00001000 103:02 3191052                   /usr/lib/jvm/java-17-openjdk-amd64/lib/libinstrument.so
7fb8f1e38000-7fb8f1e3b000 r--p 00007000 103:02 3191052                   /usr/lib/jvm/java-17-openjdk-amd64/lib/libinstrument.so
7fb8f1e3b000-7fb8f1e3c000 r--p 00009000 103:02 3191052                   /usr/lib/jvm/java-17-openjdk-amd64/lib/libinstrument.so
7fb8f1e3c000-7fb8f1e3d000 rw-p 0000a000 103:02 3191052                   /usr/lib/jvm/java-17-openjdk-amd64/lib/libinstrument.so
7fb8f1e3d000-7fb8f1e3e000 ---p 00000000 00:00 0 
7fb8f1e3e000-7fb8f1e3f000 r--p 00000000 00:00 0 
7fb8f1e3f000-7fb8f1e41000 r--p 00000000 103:02 3191066                   /usr/lib/jvm/java-17-openjdk-amd64/lib/libjimage.so
7fb8f1e41000-7fb8f1e44000 r-xp 00002000 103:02 3191066                   /usr/lib/jvm/java-17-openjdk-amd64/lib/libjimage.so
7fb8f1e44000-7fb8f1e45000 r--p 00005000 103:02 3191066                   /usr/lib/jvm/java-17-openjdk-amd64/lib/libjimage.so
7fb8f1e45000-7fb8f1e46000 ---p 00006000 103:02 3191066                   /usr/lib/jvm/java-17-openjdk-amd64/lib/libjimage.so
7fb8f1e46000-7fb8f1e47000 r--p 00006000 103:02 3191066                   /usr/lib/jvm/java-17-openjdk-amd64/lib/libjimage.so
7fb8f1e47000-7fb8f1e48000 rw-p 00007000 103:02 3191066                   /usr/lib/jvm/java-17-openjdk-amd64/lib/libjimage.so
7fb8f1e48000-7fb8f1e4a000 r--p 00000000 103:02 3191067                   /usr/lib/jvm/java-17-openjdk-amd64/lib/libjli.so
7fb8f1e4a000-7fb8f1e54000 r-xp 00002000 103:02 3191067                   /usr/lib/jvm/java-17-openjdk-amd64/lib/libjli.so
7fb8f1e54000-7fb8f1e57000 r--p 0000c000 103:02 3191067                   /usr/lib/jvm/java-17-openjdk-amd64/lib/libjli.so
7fb8f1e57000-7fb8f1e58000 ---p 0000f000 103:02 3191067                   /usr/lib/jvm/java-17-openjdk-amd64/lib/libjli.so
7fb8f1e58000-7fb8f1e59000 r--p 0000f000 103:02 3191067                   /usr/lib/jvm/java-17-openjdk-amd64/lib/libjli.so
7fb8f1e59000-7fb8f1e5a000 rw-p 00010000 103:02 3191067                   /usr/lib/jvm/java-17-openjdk-amd64/lib/libjli.so
7fb8f1e5a000-7fb8f1e5c000 rw-p 00000000 00:00 0 
7fb8f1e5c000-7fb8f1e5d000 r--p 00000000 103:02 3168849                   /usr/lib/x86_64-linux-gnu/ld-2.31.so
7fb8f1e5d000-7fb8f1e7d000 r-xp 00001000 103:02 3168849                   /usr/lib/x86_64-linux-gnu/ld-2.31.so
7fb8f1e7d000-7fb8f1e85000 r--p 00021000 103:02 3168849                   /usr/lib/x86_64-linux-gnu/ld-2.31.so
7fb8f1e85000-7fb8f1e86000 ---p 00000000 00:00 0 
7fb8f1e86000-7fb8f1e87000 r--p 00029000 103:02 3168849                   /usr/lib/x86_64-linux-gnu/ld-2.31.so
7fb8f1e87000-7fb8f1e88000 rw-p 0002a000 103:02 3168849                   /usr/lib/x86_64-linux-gnu/ld-2.31.so
7fb8f1e88000-7fb8f1e89000 rw-p 00000000 00:00 0 
7ffc5db61000-7ffc5db82000 rw-p 00000000 00:00 0                          [stack]
7ffc5dbd8000-7ffc5dbdc000 r--p 00000000 00:00 0                          [vvar]
7ffc5dbdc000-7ffc5dbde000 r-xp 00000000 00:00 0                          [vdso]


VM Arguments:
jvm_args: --add-modules=ALL-SYSTEM --add-opens=java.base/java.util=ALL-UNNAMED --add-opens=java.base/java.lang=ALL-UNNAMED --add-opens=java.base/sun.nio.fs=ALL-UNNAMED -Declipse.application=org.eclipse.jdt.ls.core.id1 -Dosgi.bundles.defaultStartLevel=4 -Declipse.product=org.eclipse.jdt.ls.core.product -Djava.import.generatesMetadataFilesAtProjectRoot=false -Dfile.encoding=utf8 -XX:+UseParallelGC -XX:GCTimeRatio=4 -XX:AdaptiveSizePolicyWeight=90 -Dsun.zip.disableMemoryMapping=true -Xmx1G -Xms100m -Xlog:disable -javaagent:/home/infoetu/quentin.moutte.etu/.vscode-oss/extensions/redhat.java-1.18.0-universal/lombok/lombok-1.18.27.jar 
java_command: /home/infoetu/quentin.moutte.etu/.vscode-oss/extensions/redhat.java-1.18.0-universal/server/plugins/org.eclipse.equinox.launcher_1.6.400.v20210924-0641.jar -configuration /home/infoetu/quentin.moutte.etu/.config/VSCodium/User/globalStorage/redhat.java/1.18.0/config_ss_linux -data /home/infoetu/quentin.moutte.etu/.config/VSCodium/User/workspaceStorage/bba4e4735a77dc069042abacbee27294/redhat.java/ss_ws
java_class_path (initial): /home/infoetu/quentin.moutte.etu/.vscode-oss/extensions/redhat.java-1.18.0-universal/server/plugins/org.eclipse.equinox.launcher_1.6.400.v20210924-0641.jar
Launcher Type: SUN_STANDARD

[Global flags]
    uintx AdaptiveSizePolicyWeight                 = 90                                        {product} {command line}
     intx CICompilerCount                          = 12                                        {product} {ergonomic}
    uintx GCTimeRatio                              = 4                                         {product} {command line}
   size_t InitialHeapSize                          = 104857600                                 {product} {command line}
   size_t MaxHeapSize                              = 1073741824                                {product} {command line}
   size_t MaxNewSize                               = 357564416                                 {product} {ergonomic}
   size_t MinHeapDeltaBytes                        = 524288                                    {product} {ergonomic}
   size_t MinHeapSize                              = 104857600                                 {product} {command line}
   size_t NewSize                                  = 34603008                                  {product} {ergonomic}
    uintx NonNMethodCodeHeapSize                   = 7602480                                {pd product} {ergonomic}
    uintx NonProfiledCodeHeapSize                  = 122027880                              {pd product} {ergonomic}
   size_t OldSize                                  = 70254592                                  {product} {ergonomic}
    uintx ProfiledCodeHeapSize                     = 122027880                              {pd product} {ergonomic}
    uintx ReservedCodeCacheSize                    = 251658240                              {pd product} {ergonomic}
     bool SegmentedCodeCache                       = true                                      {product} {ergonomic}
   size_t SoftMaxHeapSize                          = 1073741824                             {manageable} {ergonomic}
     bool UseCompressedClassPointers               = true                           {product lp64_product} {ergonomic}
     bool UseCompressedOops                        = true                           {product lp64_product} {ergonomic}
     bool UseParallelGC                            = true                                      {product} {command line}

Logging:
Log output configuration:
 #0: stdout all=off uptime,level,tags
 #1: stderr all=off uptime,level,tags

Environment Variables:
PATH=/usr/local/bin:/usr/bin:/bin:/usr/local/games:/usr/games
SHELL=/bin/bash
DISPLAY=:0
LANG=fr_FR.UTF-8

Signal Handlers:
   SIGSEGV: 0x00007fb8f17be290 in libjvm.so+15848080, mask=11100100010111111101111111111110, flags=SA_RESTART|SA_SIGINFO
    SIGBUS: 0x00007fb8f17be290 in libjvm.so+15848080, mask=11100100010111111101111111111110, flags=SA_RESTART|SA_SIGINFO
    SIGFPE: 0x00007fb8f17be290 in libjvm.so+15848080, mask=11100100010111111101111111111110, flags=SA_RESTART|SA_SIGINFO
   SIGPIPE: 0x00007fb8f1665ca0 in libjvm.so+14437536, mask=11100100010111111101111111111110, flags=SA_RESTART|SA_SIGINFO
   SIGXFSZ: 0x00007fb8f1665ca0 in libjvm.so+14437536, mask=11100100010111111101111111111110, flags=SA_RESTART|SA_SIGINFO
    SIGILL: 0x00007fb8f17be290 in libjvm.so+15848080, mask=11100100010111111101111111111110, flags=SA_RESTART|SA_SIGINFO
   SIGUSR2: 0x00007fb8f1665340 in libjvm.so+14435136, mask=00000000000000000000000000000000, flags=SA_RESTART|SA_SIGINFO
    SIGHUP: 0x00007fb8f1665270 in libjvm.so+14434928, mask=11100100010111111101111111111110, flags=SA_RESTART|SA_SIGINFO
    SIGINT: 0x00007fb8f1665270 in libjvm.so+14434928, mask=11100100010111111101111111111110, flags=SA_RESTART|SA_SIGINFO
   SIGTERM: 0x00007fb8f1665270 in libjvm.so+14434928, mask=11100100010111111101111111111110, flags=SA_RESTART|SA_SIGINFO
   SIGQUIT: 0x00007fb8f1665270 in libjvm.so+14434928, mask=11100100010111111101111111111110, flags=SA_RESTART|SA_SIGINFO
   SIGTRAP: 0x00007fb8f17be290 in libjvm.so+15848080, mask=11100100010111111101111111111110, flags=SA_RESTART|SA_SIGINFO


---------------  S Y S T E M  ---------------

OS:
PRETTY_NAME="Debian GNU/Linux 11 (bullseye)"
NAME="Debian GNU/Linux"
VERSION_ID="11"
VERSION="11 (bullseye)"
VERSION_CODENAME=bullseye
ID=debian
HOME_URL="https://www.debian.org/"
SUPPORT_URL="https://www.debian.org/support"
BUG_REPORT_URL="https://bugs.debian.org/"
uname: Linux 5.10.0-17-amd64 #1 SMP Debian 5.10.136-1 (2022-08-13) x86_64
OS uptime: 6 days 5:22 hours
libc: glibc 2.31 NPTL 2.31 
rlimit (soft/hard): STACK 8192k/infinity , CORE 0k/infinity , NPROC 4096/4096 , NOFILE 1048576/1048576 , AS infinity/infinity , CPU infinity/infinity , DATA infinity/infinity , FSIZE infinity/infinity , MEMLOCK 4081737k/4081737k
load average: 2,15 1,26 0,92

/proc/meminfo:
MemTotal:       32653900 kB
MemFree:        26031084 kB
MemAvailable:   29671900 kB
Buffers:          566164 kB
Cached:          3701428 kB
SwapCached:            0 kB
Active:          2001328 kB
Inactive:        3664300 kB
Active(anon):       3248 kB
Inactive(anon):  1849896 kB
Active(file):    1998080 kB
Inactive(file):  1814404 kB
Unevictable:      388588 kB
Mlocked:              64 kB
SwapTotal:      15999996 kB
SwapFree:       15999996 kB
Dirty:               160 kB
Writeback:             0 kB
AnonPages:       1759428 kB
Mapped:           661240 kB
Shmem:            455104 kB
KReclaimable:     292052 kB
Slab:             421124 kB
SReclaimable:     292052 kB
SUnreclaim:       129072 kB
KernelStack:       15792 kB
PageTables:        25776 kB
NFS_Unstable:          0 kB
Bounce:                0 kB
WritebackTmp:          0 kB
CommitLimit:    32326944 kB
Committed_AS:    6527760 kB
VmallocTotal:   34359738367 kB
VmallocUsed:       42948 kB
VmallocChunk:          0 kB
Percpu:            23104 kB
HardwareCorrupted:     0 kB
AnonHugePages:    331776 kB
ShmemHugePages:        0 kB
ShmemPmdMapped:        0 kB
FileHugePages:         0 kB
FilePmdMapped:         0 kB
HugePages_Total:       0
HugePages_Free:        0
HugePages_Rsvd:        0
HugePages_Surp:        0
Hugepagesize:       2048 kB
Hugetlb:               0 kB
DirectMap4k:      363112 kB
DirectMap2M:    15136768 kB
DirectMap1G:    17825792 kB

/sys/kernel/mm/transparent_hugepage/enabled: [always] madvise never
/sys/kernel/mm/transparent_hugepage/defrag (defrag/compaction efforts parameter): always defer defer+madvise [madvise] never

Process Memory:
Virtual Size: 6043440K (peak: 6108976K)
Resident Set Size: 278732K (peak: 278732K) (anon: 246728K, file: 32004K, shmem: 0K)
Swapped out: 0K
C-Heap outstanding allocations: 165534K, retained: 33121K
glibc malloc tunables: (default)

/proc/sys/kernel/threads-max (system-wide limit on the number of threads): 254542
/proc/sys/vm/max_map_count (maximum number of memory map areas a process may have): 65530
/proc/sys/kernel/pid_max (system-wide limit on number of process identifiers): 4194304

container (cgroup) information:
container_type: cgroupv2
cpu_cpuset_cpus: not supported
cpu_memory_nodes: not supported
active_processor_count: 16
cpu_quota: not supported
cpu_period: not supported
cpu_shares: not supported
memory_limit_in_bytes: unlimited
memory_and_swap_limit_in_bytes: unlimited
memory_soft_limit_in_bytes: unlimited
memory_usage_in_bytes: 2511464 k
memory_max_usage_in_bytes: not supported
memory_swap_current_in_bytes: unlimited
memory_swap_max_limit_in_bytes: unlimited
maximum number of tasks: unlimited
current number of tasks: 519

Steal ticks since vm start: 0
Steal ticks percentage since vm start:  0,000

CPU: total 16 (initial active 16) (8 cores per cpu, 2 threads per core) family 6 model 165 stepping 5 microcode 0xf0, cx8, cmov, fxsr, ht, mmx, 3dnowpref, sse, sse2, sse3, ssse3, sse4.1, sse4.2, popcnt, lzcnt, tsc, tscinvbit, avx, avx2, aes, erms, clmul, bmi1, bmi2, adx, fma, vzeroupper, clflush, clflushopt
CPU Model and flags from /proc/cpuinfo:
model name	: Intel(R) Core(TM) i7-10700 CPU @ 2.90GHz
flags		: fpu vme de pse tsc msr pae mce cx8 apic sep mtrr pge mca cmov pat pse36 clflush dts acpi mmx fxsr sse sse2 ss ht tm pbe syscall nx pdpe1gb rdtscp lm constant_tsc art arch_perfmon pebs bts rep_good nopl xtopology nonstop_tsc cpuid aperfmperf pni pclmulqdq dtes64 monitor ds_cpl vmx smx est tm2 ssse3 sdbg fma cx16 xtpr pdcm pcid sse4_1 sse4_2 x2apic movbe popcnt tsc_deadline_timer aes xsave avx f16c rdrand lahf_lm abm 3dnowprefetch cpuid_fault epb invpcid_single ssbd ibrs ibpb stibp ibrs_enhanced tpr_shadow vnmi flexpriority ept vpid ept_ad fsgsbase tsc_adjust bmi1 avx2 smep bmi2 erms invpcid mpx rdseed adx smap clflushopt intel_pt xsaveopt xsavec xgetbv1 xsaves dtherm ida arat pln pts hwp hwp_notify hwp_act_window hwp_epp pku ospke md_clear flush_l1d arch_capabilities

Online cpus: 0-15
Offline cpus: 
BIOS frequency limitation: <Not Available>
Frequency switch latency (ns): 0
Available cpu frequencies: <Not Available>
Current governor: powersave
Core performance/turbo boost: <Not Available>

Memory: 4k page, physical 32653900k(26030596k free), swap 15999996k(15999996k free)
Page Sizes: 4k

vm_info: OpenJDK 64-Bit Server VM (17.0.6+10-Debian-1deb11u1) for linux-amd64 JRE (17.0.6+10-Debian-1deb11u1), built on Jan 28 2023 20:09:51 by "buildd" with gcc 10.2.1 20210110

END.
