#
# A fatal error has been detected by the Java Runtime Environment:
#
#  SIGSEGV (0xb) at pc=0x00007fecd127abb9, pid=88719, tid=88720
#
# JRE version: OpenJDK Runtime Environment (17.0.6+10) (build 17.0.6+10-Debian-1deb11u1)
# Java VM: OpenJDK 64-Bit Server VM (17.0.6+10-Debian-1deb11u1, mixed mode, sharing, tiered, compressed oops, compressed class ptrs, parallel gc, linux-amd64)
# Problematic frame:
# V  [libjvm.so+0x682bb9]
#
# No core dump will be written. Core dumps have been disabled. To enable core dumping, try "ulimit -c unlimited" before starting Java again
#
# If you would like to submit a bug report, please visit:
#   https://bugs.debian.org/openjdk-17
#

---------------  S U M M A R Y ------------

Command Line: --add-modules=ALL-SYSTEM --add-opens=java.base/java.util=ALL-UNNAMED --add-opens=java.base/java.lang=ALL-UNNAMED --add-opens=java.base/sun.nio.fs=ALL-UNNAMED -Declipse.application=org.eclipse.jdt.ls.core.id1 -Dosgi.bundles.defaultStartLevel=4 -Declipse.product=org.eclipse.jdt.ls.core.product -Djava.import.generatesMetadataFilesAtProjectRoot=false -Dfile.encoding=utf8 -XX:+UseParallelGC -XX:GCTimeRatio=4 -XX:AdaptiveSizePolicyWeight=90 -Dsun.zip.disableMemoryMapping=true -Xmx1G -Xms100m -Xlog:disable -javaagent:/home/infoetu/quentin.moutte.etu/.vscode-oss/extensions/redhat.java-1.18.0-universal/lombok/lombok-1.18.27.jar -XX:+HeapDumpOnOutOfMemoryError -XX:HeapDumpPath=/home/infoetu/quentin.moutte.etu/.config/VSCodium/User/workspaceStorage/bba4e4735a77dc069042abacbee27294/redhat.java -Daether.dependencyCollector.impl=bf /home/infoetu/quentin.moutte.etu/.vscode-oss/extensions/redhat.java-1.18.0-universal/server/plugins/org.eclipse.equinox.launcher_1.6.400.v20210924-0641.jar -configuration /home/infoetu/quentin.moutte.etu/.config/VSCodium/User/globalStorage/redhat.java/1.18.0/config_linux -data /home/infoetu/quentin.moutte.etu/.config/VSCodium/User/workspaceStorage/bba4e4735a77dc069042abacbee27294/redhat.java/jdt_ws

Host: Intel(R) Core(TM) i7-10700 CPU @ 2.90GHz, 16 cores, 31G, Debian GNU/Linux 11 (bullseye)
Time: Wed May 31 16:03:39 2023 CEST elapsed time: 0.216173 seconds (0d 0h 0m 0s)

---------------  T H R E A D  ---------------

Current thread (0x00007feccc017090):  JavaThread "main" [_thread_in_vm, id=88720, stack(0x00007fecd07cc000,0x00007fecd08cd000)]

Stack: [0x00007fecd07cc000,0x00007fecd08cd000],  sp=0x00007fecd08cac50,  free space=1019k
Native frames: (J=compiled Java code, j=interpreted, Vv=VM code, C=native code)
V  [libjvm.so+0x682bb9]
V  [libjvm.so+0xe54821]
V  [libjvm.so+0xe567d6]
V  [libjvm.so+0x5f80fe]
V  [libjvm.so+0x815c3d]
j  org.eclipse.osgi.internal.framework.EquinoxContainer.<init>(Ljava/util/Map;Lorg/osgi/framework/connect/ModuleConnector;)V+68
j  org.eclipse.osgi.launch.Equinox.<init>(Ljava/util/Map;Lorg/osgi/framework/connect/ModuleConnector;)V+10
j  org.eclipse.osgi.launch.Equinox.<init>(Ljava/util/Map;)V+3
j  org.eclipse.core.runtime.adaptor.EclipseStarter.startup([Ljava/lang/String;Ljava/lang/Runnable;)Lorg/osgi/framework/BundleContext;+28
j  org.eclipse.core.runtime.adaptor.EclipseStarter.run([Ljava/lang/String;Ljava/lang/Runnable;)Ljava/lang/Object;+21
v  ~StubRoutines::call_stub
V  [libjvm.so+0x81ce95]
V  [libjvm.so+0xc8d0a9]
V  [libjvm.so+0xc8dec6]
V  [libjvm.so+0x8ebad7]  JVM_InvokeMethod+0x147
j  jdk.internal.reflect.NativeMethodAccessorImpl.invoke0(Ljava/lang/reflect/Method;Ljava/lang/Object;[Ljava/lang/Object;)Ljava/lang/Object;+0 java.base@17.0.6
j  jdk.internal.reflect.NativeMethodAccessorImpl.invoke(Ljava/lang/Object;[Ljava/lang/Object;)Ljava/lang/Object;+133 java.base@17.0.6
j  jdk.internal.reflect.DelegatingMethodAccessorImpl.invoke(Ljava/lang/Object;[Ljava/lang/Object;)Ljava/lang/Object;+6 java.base@17.0.6
j  java.lang.reflect.Method.invoke(Ljava/lang/Object;[Ljava/lang/Object;)Ljava/lang/Object;+59 java.base@17.0.6
j  org.eclipse.equinox.launcher.Main.invokeFramework([Ljava/lang/String;[Ljava/net/URL;)V+201
j  org.eclipse.equinox.launcher.Main.basicRun([Ljava/lang/String;)V+159
j  org.eclipse.equinox.launcher.Main.run([Ljava/lang/String;)I+4
j  org.eclipse.equinox.launcher.Main.main([Ljava/lang/String;)V+10
v  ~StubRoutines::call_stub
V  [libjvm.so+0x81ce95]
V  [libjvm.so+0x8b174b]
V  [libjvm.so+0x8b44de]
C  [libjli.so+0x4594]
C  [libjli.so+0x7ca9]

Java frames: (J=compiled Java code, j=interpreted, Vv=VM code)
j  org.eclipse.osgi.internal.framework.EquinoxContainer.<init>(Ljava/util/Map;Lorg/osgi/framework/connect/ModuleConnector;)V+68
j  org.eclipse.osgi.launch.Equinox.<init>(Ljava/util/Map;Lorg/osgi/framework/connect/ModuleConnector;)V+10
j  org.eclipse.osgi.launch.Equinox.<init>(Ljava/util/Map;)V+3
j  org.eclipse.core.runtime.adaptor.EclipseStarter.startup([Ljava/lang/String;Ljava/lang/Runnable;)Lorg/osgi/framework/BundleContext;+28
j  org.eclipse.core.runtime.adaptor.EclipseStarter.run([Ljava/lang/String;Ljava/lang/Runnable;)Ljava/lang/Object;+21
v  ~StubRoutines::call_stub
j  jdk.internal.reflect.NativeMethodAccessorImpl.invoke0(Ljava/lang/reflect/Method;Ljava/lang/Object;[Ljava/lang/Object;)Ljava/lang/Object;+0 java.base@17.0.6
j  jdk.internal.reflect.NativeMethodAccessorImpl.invoke(Ljava/lang/Object;[Ljava/lang/Object;)Ljava/lang/Object;+133 java.base@17.0.6
j  jdk.internal.reflect.DelegatingMethodAccessorImpl.invoke(Ljava/lang/Object;[Ljava/lang/Object;)Ljava/lang/Object;+6 java.base@17.0.6
j  java.lang.reflect.Method.invoke(Ljava/lang/Object;[Ljava/lang/Object;)Ljava/lang/Object;+59 java.base@17.0.6
j  org.eclipse.equinox.launcher.Main.invokeFramework([Ljava/lang/String;[Ljava/net/URL;)V+201
j  org.eclipse.equinox.launcher.Main.basicRun([Ljava/lang/String;)V+159
j  org.eclipse.equinox.launcher.Main.run([Ljava/lang/String;)I+4
j  org.eclipse.equinox.launcher.Main.main([Ljava/lang/String;)V+10
v  ~StubRoutines::call_stub

siginfo: si_signo: 11 (SIGSEGV), si_code: 1 (SEGV_MAPERR), si_addr: 0x0000001500000000

Register to memory mapping:

RAX=0x00007feccc407668 points into unknown readable memory: 0x0000001500000000 | 00 00 00 00 15 00 00 00
RBX=0x0000001500000000 is an unknown value
RCX=0x00007feccc017b08 points into unknown readable memory: 0x00000000ebd78f08 | 08 8f d7 eb 00 00 00 00
RDX=0x0000000000000041 is an unknown value
RSP=0x00007fecd08cac50 is pointing into the stack for thread: 0x00007feccc017090
RBP=0x00007fecd08cac70 is pointing into the stack for thread: 0x00007feccc017090
RSI=0x000000005d0dd1d7 is an unknown value
RDI=0x00007feccc429ff0 points into unknown readable memory: 0x726f0038d1d70002 | 02 00 d7 d1 38 00 6f 72
R8 =0x00007feccc428ab0 points into unknown readable memory: 0x000000000000006b | 6b 00 00 00 00 00 00 00
R9 =0x0000000000000004 is an unknown value
R10=0x00007fecd1f560a0: <offset 0x000000000135e0a0> in /usr/lib/jvm/java-17-openjdk-amd64/lib/server/libjvm.so at 0x00007fecd0bf8000
R11=0x00000000000000b5 is an unknown value
R12=0x00007feccc017b08 points into unknown readable memory: 0x00000000ebd78f08 | 08 8f d7 eb 00 00 00 00
R13=0x00007feccc017090 is a thread
R14=0x00007fecd08cace0 is pointing into the stack for thread: 0x00007feccc017090
R15=0x000000005d0dd1d7 is an unknown value


Registers:
RAX=0x00007feccc407668, RBX=0x0000001500000000, RCX=0x00007feccc017b08, RDX=0x0000000000000041
RSP=0x00007fecd08cac50, RBP=0x00007fecd08cac70, RSI=0x000000005d0dd1d7, RDI=0x00007feccc429ff0
R8 =0x00007feccc428ab0, R9 =0x0000000000000004, R10=0x00007fecd1f560a0, R11=0x00000000000000b5
R12=0x00007feccc017b08, R13=0x00007feccc017090, R14=0x00007fecd08cace0, R15=0x000000005d0dd1d7
RIP=0x00007fecd127abb9, EFLAGS=0x0000000000010206, CSGSFS=0x002b000000000033, ERR=0x0000000000000004
  TRAPNO=0x000000000000000e

Top of Stack: (sp=0x00007fecd08cac50)
0x00007fecd08cac50:   00007fecd08cac70 00007feccc017b00
0x00007fecd08cac60:   00007feccc429ff0 00007feccc017090
0x00007fecd08cac70:   00007fecd08cada0 00007fecd1a4c821
0x00007fecd08cac80:   00007fecd08cace0 00007fec00000000 

Instructions: (pc=0x00007fecd127abb9)
0x00007fecd127aab9:   41 89 f4 53 48 89 fb e8 7b 0e 13 00 48 89 c1 48
0x00007fecd127aac9:   c7 40 18 00 00 00 00 31 d2 44 89 e0 f7 33 48 8b
0x00007fecd127aad9:   43 08 48 63 d2 48 c1 e2 03 48 01 d0 48 8b 00 48
0x00007fecd127aae9:   89 41 08 48 03 53 08 48 89 0a 8b 43 14 48 8d 7b
0x00007fecd127aaf9:   18 83 c0 01 89 43 14 e8 9b ff 7d 00 80 7b 58 00
0x00007fecd127ab09:   74 17 8b 03 8b 53 14 8d 04 80 39 c2 7e 0b c6 43
0x00007fecd127ab19:   59 01 c6 05 26 56 ca 00 01 5b 41 5c 5d c3 90 0f
0x00007fecd127ab29:   1f 84 00 00 00 00 00 48 8b 47 08 4c 63 c6 48 89
0x00007fecd127ab39:   ce 4a 8d 04 c0 48 8b 00 48 85 c0 75 13 eb 1f 0f
0x00007fecd127ab49:   1f 84 00 00 00 00 00 48 8b 40 08 48 85 c0 74 0e
0x00007fecd127ab59:   3b 10 75 f3 48 8b 48 10 48 3b 71 18 75 e9 c3 0f
0x00007fecd127ab69:   1f 84 00 00 00 00 00 55 49 89 f8 89 f0 48 89 d7
0x00007fecd127ab79:   31 d2 48 89 e5 41 55 41 54 53 48 83 ec 08 41 f7
0x00007fecd127ab89:   30 49 8b 40 08 48 63 d2 48 8d 04 d0 48 8b 18 48
0x00007fecd127ab99:   85 db 0f 84 86 00 00 00 49 89 cc eb 13 66 2e 0f
0x00007fecd127aba9:   1f 84 00 00 00 00 00 48 8b 5b 08 48 85 db 74 6e
0x00007fecd127abb9:   3b 33 75 f3 48 8b 43 10 48 3b 78 18 75 e9 4d 85
0x00007fecd127abc9:   e4 74 14 49 83 3c 24 00 74 0d e8 b8 4a 1a 00 84
0x00007fecd127abd9:   c0 75 0f 48 8b 43 10 48 83 c4 08 5b 41 5c 41 5d
0x00007fecd127abe9:   5d c3 48 8b 7b 10 4d 8b 2c 24 48 8b 07 ff 90 e8
0x00007fecd127abf9:   00 00 00 49 39 c5 74 db 4c 8b 63 18 4d 85 e4 74
0x00007fecd127ac09:   1d 66 0f 1f 44 00 00 4c 89 e7 e8 d8 45 5d 00 49
0x00007fecd127ac19:   39 c5 74 bf 4d 8b 64 24 08 4d 85 e4 75 e9 48 83
0x00007fecd127ac29:   c4 08 31 c0 5b 41 5c 41 5d 5d c3 66 66 2e 0f 1f
0x00007fecd127ac39:   84 00 00 00 00 00 90 48 89 d1 89 f0 31 d2 f7 37
0x00007fecd127ac49:   48 8b 47 08 48 63 d2 48 8d 04 d0 48 8b 00 48 85
0x00007fecd127ac59:   c0 75 0d eb 1c 66 90 48 8b 40 08 48 85 c0 74 17
0x00007fecd127ac69:   3b 30 75 f3 48 8b 50 10 48 3b 4a 18 75 e9 48 89
0x00007fecd127ac79:   d0 c3 0f 1f 44 00 00 c3 90 66 66 2e 0f 1f 84 00
0x00007fecd127ac89:   00 00 00 00 0f 1f 00 48 8b 47 08 48 63 f6 49 89
0x00007fecd127ac99:   f9 48 8b 49 18 48 8d 04 f0 48 8b 38 48 85 ff 75
0x00007fecd127aca9:   0f eb 1b 0f 1f 40 00 48 8b 7f 08 48 85 ff 74 0e 


Stack slot to memory mapping:
stack at sp + 0 slots: 0x00007fecd08cac70 is pointing into the stack for thread: 0x00007feccc017090
stack at sp + 1 slots: 0x00007feccc017b00 points into unknown readable memory: 0x00000000eba00c18 | 18 0c a0 eb 00 00 00 00
stack at sp + 2 slots: 0x00007feccc429ff0 points into unknown readable memory: 0x726f0038d1d70002 | 02 00 d7 d1 38 00 6f 72
stack at sp + 3 slots: 0x00007feccc017090 is a thread
stack at sp + 4 slots: 0x00007fecd08cada0 is pointing into the stack for thread: 0x00007feccc017090
stack at sp + 5 slots: 0x00007fecd1a4c821: <offset 0x0000000000e54821> in /usr/lib/jvm/java-17-openjdk-amd64/lib/server/libjvm.so at 0x00007fecd0bf8000
stack at sp + 6 slots: 0x00007fecd08cace0 is pointing into the stack for thread: 0x00007feccc017090
stack at sp + 7 slots: 0x00007fec00000000 is an unknown value


---------------  P R O C E S S  ---------------

Threads class SMR info:
_java_thread_list=0x00007feccc414910, length=18, elements={
0x00007feccc017090, 0x00007feccc221830, 0x00007feccc222c40, 0x00007feccc22d8c0,
0x00007feccc22ec40, 0x00007feccc230020, 0x00007feccc231a20, 0x00007feccc232f20,
0x00007feccc234360, 0x00007feccc2502a0, 0x00007fec8405e050, 0x00007fec800011b0,
0x00007fec8407ff50, 0x00007fec840810d0, 0x00007feccc3159e0, 0x00007fec801ea080,
0x00007fec801eb1b0, 0x00007feccc413ee0
}

Java Threads: ( => current thread )
=>0x00007feccc017090 JavaThread "main" [_thread_in_vm, id=88720, stack(0x00007fecd07cc000,0x00007fecd08cd000)]
  0x00007feccc221830 JavaThread "Reference Handler" daemon [_thread_blocked, id=88724, stack(0x00007fecab1fd000,0x00007fecab2fe000)]
  0x00007feccc222c40 JavaThread "Finalizer" daemon [_thread_blocked, id=88725, stack(0x00007fecab0fc000,0x00007fecab1fd000)]
  0x00007feccc22d8c0 JavaThread "Signal Dispatcher" daemon [_thread_blocked, id=88726, stack(0x00007fecaad14000,0x00007fecaae15000)]
  0x00007feccc22ec40 JavaThread "Service Thread" daemon [_thread_blocked, id=88727, stack(0x00007fecaac13000,0x00007fecaad14000)]
  0x00007feccc230020 JavaThread "Monitor Deflation Thread" daemon [_thread_blocked, id=88728, stack(0x00007fecaab12000,0x00007fecaac13000)]
  0x00007feccc231a20 JavaThread "C2 CompilerThread0" daemon [_thread_blocked, id=88729, stack(0x00007fecaaa11000,0x00007fecaab12000)]
  0x00007feccc232f20 JavaThread "C1 CompilerThread0" daemon [_thread_blocked, id=88730, stack(0x00007fecaa910000,0x00007fecaaa11000)]
  0x00007feccc234360 JavaThread "Sweeper thread" daemon [_thread_blocked, id=88731, stack(0x00007fecaa80f000,0x00007fecaa910000)]
  0x00007feccc2502a0 JavaThread "Common-Cleaner" daemon [_thread_blocked, id=88732, stack(0x00007fecaa70e000,0x00007fecaa80f000)]
  0x00007fec8405e050 JavaThread "C1 CompilerThread1" daemon [_thread_blocked, id=88733, stack(0x00007fecaa60d000,0x00007fecaa70e000)]
  0x00007fec800011b0 JavaThread "C1 CompilerThread2" daemon [_thread_blocked, id=88734, stack(0x00007fecaa50c000,0x00007fecaa60d000)]
  0x00007fec8407ff50 JavaThread "C2 CompilerThread1" daemon [_thread_blocked, id=88735, stack(0x00007fecaa40b000,0x00007fecaa50c000)]
  0x00007fec840810d0 JavaThread "C2 CompilerThread2" daemon [_thread_blocked, id=88736, stack(0x00007fecaa30a000,0x00007fecaa40b000)]
  0x00007feccc3159e0 JavaThread "Notification Thread" daemon [_thread_blocked, id=88737, stack(0x00007fecaa209000,0x00007fecaa30a000)]
  0x00007fec801ea080 JavaThread "C2 CompilerThread3" daemon [_thread_blocked, id=88739, stack(0x00007fecaa006000,0x00007fecaa107000)]
  0x00007fec801eb1b0 JavaThread "C2 CompilerThread4" daemon [_thread_blocked, id=88740, stack(0x00007feca9f05000,0x00007fecaa006000)]
  0x00007feccc413ee0 JavaThread "process reaper" daemon [_thread_blocked, id=88742, stack(0x00007feca9ebe000,0x00007feca9ee0000)]

Other Threads:
  0x00007feccc21cfe0 VMThread "VM Thread" [stack: 0x00007fecab300000,0x00007fecab400000] [id=88723]
  0x00007feccc316bc0 WatcherThread [stack: 0x00007fecaa109000,0x00007fecaa209000] [id=88738]
  0x00007feccc02e300 GCTaskThread "GC Thread#0" [stack: 0x00007fecd0299000,0x00007fecd0399000] [id=88721]

Threads with active compile tasks:

VM state: not at safepoint (normal execution)

VM Mutex/Monitor currently owned by a thread: None

Heap address: 0x00000000c0000000, size: 1024 MB, Compressed Oops mode: 32-bit

CDS archive(s) mapped at: [0x0000000800000000-0x0000000800be3000-0x0000000800be3000), size 12464128, SharedBaseAddress: 0x0000000800000000, ArchiveRelocationMode: 0.
Compressed class space mapped at: 0x0000000800c00000-0x0000000840c00000, reserved size: 1073741824
Narrow klass base: 0x0000000800000000, Narrow klass shift: 0, Narrow klass range: 0x100000000

GC Precious Log:
 CPUs: 16 total, 16 available
 Memory: 31888M
 Large Page Support: Disabled
 NUMA Support: Disabled
 Compressed Oops: Enabled (32-bit)
 Alignments: Space 512K, Generation 512K, Heap 2M
 Heap Min Capacity: 100M
 Heap Initial Capacity: 100M
 Heap Max Capacity: 1G
 Pre-touch: Disabled
 Parallel Workers: 13

Heap:
 PSYoungGen      total 29696K, used 20516K [0x00000000eab00000, 0x00000000ecc00000, 0x0000000100000000)
  eden space 25600K, 80% used [0x00000000eab00000,0x00000000ebf092a8,0x00000000ec400000)
  from space 4096K, 0% used [0x00000000ec800000,0x00000000ec800000,0x00000000ecc00000)
  to   space 4096K, 0% used [0x00000000ec400000,0x00000000ec400000,0x00000000ec800000)
 ParOldGen       total 68608K, used 0K [0x00000000c0000000, 0x00000000c4300000, 0x00000000eab00000)
  object space 68608K, 0% used [0x00000000c0000000,0x00000000c0000000,0x00000000c4300000)
 Metaspace       used 4043K, committed 4224K, reserved 1056768K
  class space    used 396K, committed 512K, reserved 1048576K

Card table byte_map: [0x00007fecd0399000,0x00007fecd059a000] _byte_map_base: 0x00007feccfd99000

Marking Bits: (ParMarkBitMap*) 0x00007fecd1f3d7a0
 Begin Bits: [0x00007fecae000000, 0x00007fecaf000000)
 End Bits:   [0x00007fecaf000000, 0x00007fecb0000000)

Polling page: 0x00007fecd2194000

Metaspace:

Usage:
  Non-class:      3,56 MB used.
      Class:    396,01 KB used.
       Both:      3,95 MB used.

Virtual space:
  Non-class space:        8,00 MB reserved,       3,62 MB ( 45%) committed,  1 nodes.
      Class space:        1,00 GB reserved,     512,00 KB ( <1%) committed,  1 nodes.
             Both:        1,01 GB reserved,       4,12 MB ( <1%) committed. 

Chunk freelists:
   Non-Class:  3,52 MB
       Class:  3,55 MB
        Both:  7,07 MB

MaxMetaspaceSize: unlimited
CompressedClassSpaceSize: 1,00 GB
Initial GC threshold: 21,00 MB
Current GC threshold: 21,00 MB
CDS: on
MetaspaceReclaimPolicy: balanced
 - commit_granule_bytes: 65536.
 - commit_granule_words: 8192.
 - virtual_space_node_default_size: 1048576.
 - enlarge_chunks_in_place: 1.
 - new_chunks_are_fully_committed: 0.
 - uncommit_free_chunks: 1.
 - use_allocation_guard: 0.
 - handle_deallocations: 1.


Internal statistics:

num_allocs_failed_limit: 0.
num_arena_births: 32.
num_arena_deaths: 0.
num_vsnodes_births: 2.
num_vsnodes_deaths: 0.
num_space_committed: 66.
num_space_uncommitted: 0.
num_chunks_returned_to_freelist: 0.
num_chunks_taken_from_freelist: 64.
num_chunk_merges: 0.
num_chunk_splits: 45.
num_chunks_enlarged: 36.
num_purges: 0.
num_inconsistent_stats: 0.

CodeHeap 'non-profiled nmethods': size=119168Kb used=306Kb max_used=306Kb free=118861Kb
 bounds [0x00007fecbc4d5000, 0x00007fecbc745000, 0x00007fecc3935000]
CodeHeap 'profiled nmethods': size=119164Kb used=1257Kb max_used=1257Kb free=117906Kb
 bounds [0x00007fecb4935000, 0x00007fecb4ba5000, 0x00007fecbbd94000]
CodeHeap 'non-nmethods': size=7428Kb used=2261Kb max_used=2297Kb free=5166Kb
 bounds [0x00007fecbbd94000, 0x00007fecbc004000, 0x00007fecbc4d5000]
 total_blobs=1210 nmethods=780 adapters=344
 compilation: enabled
              stopped_count=0, restarted_count=0
 full_count=0

Compilation events (20 events):
Event: 0,209 Thread 0x00007fec800011b0  772       3       sun.invoke.util.VerifyAccess::isSamePackage (37 bytes)
Event: 0,209 Thread 0x00007fec8405e050 nmethod 771 0x00007fecb4a60b10 code [0x00007fecb4a60cc0, 0x00007fecb4a60ef0]
Event: 0,209 Thread 0x00007fec800011b0 nmethod 772 0x00007fecb4a61010 code [0x00007fecb4a61320, 0x00007fecb4a62770]
Event: 0,211 Thread 0x00007fec8405e050  773       1       java.lang.reflect.Method::getName (5 bytes)
Event: 0,211 Thread 0x00007fec8405e050 nmethod 773 0x00007fecbc51be10 code [0x00007fecbc51bfa0, 0x00007fecbc51c070]
Event: 0,211 Thread 0x00007feccc232f20  774       3       java.lang.StringBuilder::<init> (6 bytes)
Event: 0,211 Thread 0x00007feccc232f20 nmethod 774 0x00007fecb4a62d90 code [0x00007fecb4a62f40, 0x00007fecb4a63080]
Event: 0,211 Thread 0x00007fec800011b0  775       3       java.lang.invoke.MemberName::getMethodOrFieldType (72 bytes)
Event: 0,211 Thread 0x00007feccc232f20  776       3       jdk.internal.org.objectweb.asm.SymbolTable::addConstantClass (8 bytes)
Event: 0,211 Thread 0x00007fec8405e050  777       3       jdk.internal.org.objectweb.asm.SymbolTable::addConstantUtf8Reference (101 bytes)
Event: 0,212 Thread 0x00007feccc232f20 nmethod 776 0x00007fecb4a63110 code [0x00007fecb4a632c0, 0x00007fecb4a63400]
Event: 0,212 Thread 0x00007fec8405e050 nmethod 777 0x00007fecb4a63490 code [0x00007fecb4a636c0, 0x00007fecb4a63c90]
Event: 0,212 Thread 0x00007fec800011b0 nmethod 775 0x00007fecb4a63f90 code [0x00007fecb4a642c0, 0x00007fecb4a65160]
Event: 0,212 Thread 0x00007feccc232f20  779       3       jdk.internal.org.objectweb.asm.Frame::execute (2305 bytes)
Event: 0,213 Thread 0x00007fec800011b0  780       3       jdk.internal.org.objectweb.asm.ByteVector::put122 (93 bytes)
Event: 0,214 Thread 0x00007fec8405e050  781       1       jdk.internal.org.objectweb.asm.SymbolTable::getMajorVersion (5 bytes)
Event: 0,214 Thread 0x00007fec8405e050 nmethod 781 0x00007fecbc51c490 code [0x00007fecbc51c620, 0x00007fecbc51c6f0]
Event: 0,214 Thread 0x00007fec800011b0 nmethod 780 0x00007fecb4a65690 code [0x00007fecb4a65840, 0x00007fecb4a65ac0]
Event: 0,214 Thread 0x00007fec800011b0  782       3       jdk.internal.org.objectweb.asm.ByteVector::putInt (74 bytes)
Event: 0,214 Thread 0x00007fec800011b0 nmethod 782 0x00007fecb4a65c90 code [0x00007fecb4a65e40, 0x00007fecb4a660a0]

GC Heap History (0 events):
No events

Dll operation events (8 events):
Event: 0,002 Loaded shared library /usr/lib/jvm/java-17-openjdk-amd64/lib/libjava.so
Event: 0,002 Loaded shared library /usr/lib/jvm/java-17-openjdk-amd64/lib/libzip.so
Event: 0,004 Loaded shared library /usr/lib/jvm/java-17-openjdk-amd64/lib/libjsvml.so
Event: 0,039 Loaded shared library /usr/lib/jvm/java-17-openjdk-amd64/lib/libinstrument.so
Event: 0,040 Loaded shared library /usr/lib/jvm/java-17-openjdk-amd64/lib/libnio.so
Event: 0,042 Loaded shared library /usr/lib/jvm/java-17-openjdk-amd64/lib/libzip.so
Event: 0,048 Loaded shared library /usr/lib/jvm/java-17-openjdk-amd64/lib/libjimage.so
Event: 0,065 Loaded shared library /usr/lib/jvm/java-17-openjdk-amd64/lib/libverify.so

Deoptimization events (20 events):
Event: 0,106 Thread 0x00007feccc017090 Uncommon trap: trap_request=0xffffffde fr.pc=0x00007fecbc4f5448 relative=0x0000000000000128
Event: 0,106 Thread 0x00007feccc017090 Uncommon trap: reason=class_check action=maybe_recompile pc=0x00007fecbc4f5448 method=jdk.internal.misc.Unsafe.allocateUninitializedArray(Ljava/lang/Class;I)Ljava/lang/Object; @ 51 c2
Event: 0,106 Thread 0x00007feccc017090 DEOPT PACKING pc=0x00007fecbc4f5448 sp=0x00007fecd08c8000
Event: 0,106 Thread 0x00007feccc017090 DEOPT UNPACKING pc=0x00007fecbbdea399 sp=0x00007fecd08c7fa8 mode 2
Event: 0,106 Thread 0x00007feccc017090 Uncommon trap: trap_request=0xffffffde fr.pc=0x00007fecbc4f5448 relative=0x0000000000000128
Event: 0,106 Thread 0x00007feccc017090 Uncommon trap: reason=class_check action=maybe_recompile pc=0x00007fecbc4f5448 method=jdk.internal.misc.Unsafe.allocateUninitializedArray(Ljava/lang/Class;I)Ljava/lang/Object; @ 51 c2
Event: 0,106 Thread 0x00007feccc017090 DEOPT PACKING pc=0x00007fecbc4f5448 sp=0x00007fecd08c8040
Event: 0,106 Thread 0x00007feccc017090 DEOPT UNPACKING pc=0x00007fecbbdea399 sp=0x00007fecd08c7fe8 mode 2
Event: 0,111 Thread 0x00007feccc017090 Uncommon trap: trap_request=0xffffff45 fr.pc=0x00007fecbc4e9168 relative=0x00000000000000c8
Event: 0,111 Thread 0x00007feccc017090 Uncommon trap: reason=unstable_if action=reinterpret pc=0x00007fecbc4e9168 method=java.net.URI.match(CJJ)Z @ 45 c2
Event: 0,111 Thread 0x00007feccc017090 DEOPT PACKING pc=0x00007fecbc4e9168 sp=0x00007fecd08c94f0
Event: 0,111 Thread 0x00007feccc017090 DEOPT UNPACKING pc=0x00007fecbbdea399 sp=0x00007fecd08c9498 mode 2
Event: 0,169 Thread 0x00007feccc017090 DEOPT PACKING pc=0x00007fecb49f2fba sp=0x00007fecd08ca880
Event: 0,169 Thread 0x00007feccc017090 DEOPT UNPACKING pc=0x00007fecbbdeab2f sp=0x00007fecd08c9cf8 mode 0
Event: 0,181 Thread 0x00007feccc017090 DEOPT PACKING pc=0x00007fecb49f2fba sp=0x00007fecd08ca900
Event: 0,181 Thread 0x00007feccc017090 DEOPT UNPACKING pc=0x00007fecbbdeab2f sp=0x00007fecd08c9d78 mode 0
Event: 0,188 Thread 0x00007feccc017090 Uncommon trap: trap_request=0xffffff45 fr.pc=0x00007fecbc510da8 relative=0x0000000000000108
Event: 0,188 Thread 0x00007feccc017090 Uncommon trap: reason=unstable_if action=reinterpret pc=0x00007fecbc510da8 method=java.math.BigInteger.addOne([IIII)I @ 55 c2
Event: 0,188 Thread 0x00007feccc017090 DEOPT PACKING pc=0x00007fecbc510da8 sp=0x00007fecd08ca770
Event: 0,188 Thread 0x00007feccc017090 DEOPT UNPACKING pc=0x00007fecbbdea399 sp=0x00007fecd08ca730 mode 2

Classes unloaded (0 events):
No events

Classes redefined (0 events):
No events

Internal exceptions (14 events):
Event: 0,026 Thread 0x00007feccc017090 Exception <a 'java/lang/NoSuchMethodError'{0x00000000eaca3850}: 'void java.lang.invoke.DirectMethodHandle$Holder.invokeStatic(java.lang.Object, java.lang.Object, java.lang.Object)'> (0x00000000eaca3850) 
thrown [./src/hotspot/share/interpreter/linkResolver.cpp, line 758]
Event: 0,069 Thread 0x00007feccc017090 Exception <a 'java/lang/reflect/InvocationTargetException'{0x00000000eb064008}> (0x00000000eb064008) 
thrown [./src/hotspot/share/runtime/reflection.cpp, line 1119]
Event: 0,150 Thread 0x00007feccc017090 Exception <a 'java/io/FileNotFoundException'{0x00000000eb889e00}> (0x00000000eb889e00) 
thrown [./src/hotspot/share/prims/jni.cpp, line 516]
Event: 0,150 Thread 0x00007feccc017090 Exception <a 'java/io/FileNotFoundException'{0x00000000eb88a8a0}> (0x00000000eb88a8a0) 
thrown [./src/hotspot/share/prims/jni.cpp, line 516]
Event: 0,150 Thread 0x00007feccc017090 Exception <a 'java/io/FileNotFoundException'{0x00000000eb88b318}> (0x00000000eb88b318) 
thrown [./src/hotspot/share/prims/jni.cpp, line 516]
Event: 0,150 Thread 0x00007feccc017090 Exception <a 'java/io/FileNotFoundException'{0x00000000eb88bec8}> (0x00000000eb88bec8) 
thrown [./src/hotspot/share/prims/jni.cpp, line 516]
Event: 0,154 Thread 0x00007feccc017090 Exception <a 'java/io/FileNotFoundException'{0x00000000eb8cc330}> (0x00000000eb8cc330) 
thrown [./src/hotspot/share/prims/jni.cpp, line 516]
Event: 0,159 Thread 0x00007feccc017090 Exception <a 'java/lang/NoSuchMethodError'{0x00000000eb91f570}: 'java.lang.Object java.lang.invoke.DirectMethodHandle$Holder.invokeStaticInit(java.lang.Object)'> (0x00000000eb91f570) 
thrown [./src/hotspot/share/interpreter/linkResolver.cpp, line 758]
Event: 0,161 Thread 0x00007feccc017090 Exception <a 'java/lang/NoSuchMethodError'{0x00000000eb937ad0}: 'java.lang.Object java.lang.invoke.DirectMethodHandle$Holder.invokeStaticInit(java.lang.Object, java.lang.Object, long, java.lang.Object)'> (0x00000000eb937ad0) 
thrown [./src/hotspot/share/interpreter/linkResolver.cpp, line 758]
Event: 0,162 Thread 0x00007feccc017090 Exception <a 'java/lang/NoSuchMethodError'{0x00000000eb93e230}: 'java.lang.Object java.lang.invoke.DirectMethodHandle$Holder.newInvokeSpecial(java.lang.Object, java.lang.Object, long)'> (0x00000000eb93e230) 
thrown [./src/hotspot/share/interpreter/linkResolver.cpp, line 758]
Event: 0,162 Thread 0x00007feccc017090 Exception <a 'java/lang/NoSuchMethodError'{0x00000000eb942520}: 'java.lang.Object java.lang.invoke.Invokers$Holder.linkToTargetMethod(java.lang.Object, long, java.lang.Object)'> (0x00000000eb942520) 
thrown [./src/hotspot/share/interpreter/linkResolver.cpp, line 758]
Event: 0,164 Thread 0x00007feccc017090 Exception <a 'java/lang/NoSuchMethodError'{0x00000000eb974a68}: 'java.lang.Object java.lang.invoke.DirectMethodHandle$Holder.newInvokeSpecial(java.lang.Object, java.lang.Object, java.lang.Object, int)'> (0x00000000eb974a68) 
thrown [./src/hotspot/share/interpreter/linkResolver.cpp, line 758]
Event: 0,165 Thread 0x00007feccc017090 Exception <a 'java/lang/NoSuchMethodError'{0x00000000eb978e48}: 'java.lang.Object java.lang.invoke.DirectMethodHandle$Holder.invokeSpecial(java.lang.Object, java.lang.Object, java.lang.Object, java.lang.Object, int)'> (0x00000000eb978e48) 
thrown [./src/hotspot/share/interpreter/linkResolver.cpp, line 758]
Event: 0,165 Thread 0x00007feccc017090 Exception <a 'java/lang/NoSuchMethodError'{0x00000000eb97ca10}: 'java.lang.Object java.lang.invoke.Invokers$Holder.linkToTargetMethod(java.lang.Object, java.lang.Object, int, java.lang.Object)'> (0x00000000eb97ca10) 
thrown [./src/hotspot/share/interpreter/linkResolver.cpp, line 758]

VM Operations (8 events):
Event: 0,028 Executing VM operation: HandshakeAllThreads
Event: 0,028 Executing VM operation: HandshakeAllThreads done
Event: 0,056 Executing VM operation: HandshakeAllThreads
Event: 0,056 Executing VM operation: HandshakeAllThreads done
Event: 0,138 Executing VM operation: HandshakeAllThreads
Event: 0,138 Executing VM operation: HandshakeAllThreads done
Event: 0,147 Executing VM operation: HandshakeAllThreads
Event: 0,147 Executing VM operation: HandshakeAllThreads done

Events (20 events):
Event: 0,209 loading class java/lang/reflect/Proxy$ProxyBuilder
Event: 0,209 loading class java/lang/reflect/Proxy$ProxyBuilder done
Event: 0,209 loading class java/lang/PublicMethods
Event: 0,209 loading class java/lang/PublicMethods done
Event: 0,209 loading class java/util/LinkedHashMap$LinkedValueIterator
Event: 0,209 loading class java/util/LinkedHashMap$LinkedValueIterator done
Event: 0,211 loading class java/lang/reflect/ProxyGenerator
Event: 0,211 loading class java/lang/reflect/ProxyGenerator done
Event: 0,211 loading class java/lang/reflect/ProxyGenerator$ProxyMethod
Event: 0,211 loading class java/lang/reflect/ProxyGenerator$ProxyMethod done
Event: 0,212 loading class java/lang/reflect/ProxyGenerator$PrimitiveTypeInfo
Event: 0,212 loading class java/lang/reflect/ProxyGenerator$PrimitiveTypeInfo done
Event: 0,212 loading class jdk/internal/org/objectweb/asm/Edge
Event: 0,212 loading class jdk/internal/org/objectweb/asm/Edge done
Event: 0,213 loading class java/lang/reflect/Proxy$ProxyBuilder$1
Event: 0,213 loading class java/lang/reflect/Proxy$ProxyBuilder$1 done
Event: 0,213 loading class java/lang/annotation/Target
Event: 0,213 loading class java/lang/annotation/Target done
Event: 0,214 loading class java/lang/ClassFormatError
Event: 0,214 loading class java/lang/ClassFormatError done


Dynamic libraries:
c0000000-c4300000 rw-p 00000000 00:00 0 
c4300000-eab00000 ---p 00000000 00:00 0 
eab00000-ecc00000 rw-p 00000000 00:00 0 
ecc00000-100000000 ---p 00000000 00:00 0 
800000000-800be3000 rw-p 00001000 103:02 3543126                         /usr/lib/jvm/java-17-openjdk-amd64/lib/server/classes.jsa
800be3000-800c00000 ---p 00000000 00:00 0 
800c00000-800c20000 rw-p 00000000 00:00 0 
800c20000-800c40000 rw-p 00000000 00:00 0 
800c40000-800c80000 rw-p 00000000 00:00 0 
800c80000-840c00000 ---p 00000000 00:00 0 
55959ab86000-55959ab87000 r--p 00000000 103:02 3166030                   /usr/lib/jvm/java-17-openjdk-amd64/bin/java
55959ab87000-55959ab88000 r-xp 00001000 103:02 3166030                   /usr/lib/jvm/java-17-openjdk-amd64/bin/java
55959ab88000-55959ab89000 r--p 00002000 103:02 3166030                   /usr/lib/jvm/java-17-openjdk-amd64/bin/java
55959ab89000-55959ab8a000 r--p 00002000 103:02 3166030                   /usr/lib/jvm/java-17-openjdk-amd64/bin/java
55959ab8a000-55959ab8b000 rw-p 00003000 103:02 3166030                   /usr/lib/jvm/java-17-openjdk-amd64/bin/java
55959c8c0000-55959c907000 rw-p 00000000 00:00 0                          [heap]
7fec5c000000-7fec5c15f000 rw-p 00000000 00:00 0 
7fec5c15f000-7fec60000000 ---p 00000000 00:00 0 
7fec60000000-7fec60021000 rw-p 00000000 00:00 0 
7fec60021000-7fec64000000 ---p 00000000 00:00 0 
7fec64000000-7fec64021000 rw-p 00000000 00:00 0 
7fec64021000-7fec68000000 ---p 00000000 00:00 0 
7fec68000000-7fec68092000 rw-p 00000000 00:00 0 
7fec68092000-7fec6c000000 ---p 00000000 00:00 0 
7fec6c000000-7fec6c306000 rw-p 00000000 00:00 0 
7fec6c306000-7fec70000000 ---p 00000000 00:00 0 
7fec70000000-7fec70021000 rw-p 00000000 00:00 0 
7fec70021000-7fec74000000 ---p 00000000 00:00 0 
7fec74000000-7fec740bc000 rw-p 00000000 00:00 0 
7fec740bc000-7fec78000000 ---p 00000000 00:00 0 
7fec78000000-7fec78369000 rw-p 00000000 00:00 0 
7fec78369000-7fec7c000000 ---p 00000000 00:00 0 
7fec7c000000-7fec7c021000 rw-p 00000000 00:00 0 
7fec7c021000-7fec80000000 ---p 00000000 00:00 0 
7fec80000000-7fec801f2000 rw-p 00000000 00:00 0 
7fec801f2000-7fec84000000 ---p 00000000 00:00 0 
7fec84000000-7fec84115000 rw-p 00000000 00:00 0 
7fec84115000-7fec88000000 ---p 00000000 00:00 0 
7fec88000000-7fec88021000 rw-p 00000000 00:00 0 
7fec88021000-7fec8c000000 ---p 00000000 00:00 0 
7fec8c000000-7fec8c021000 rw-p 00000000 00:00 0 
7fec8c021000-7fec90000000 ---p 00000000 00:00 0 
7fec90000000-7fec9023f000 rw-p 00000000 00:00 0 
7fec9023f000-7fec94000000 ---p 00000000 00:00 0 
7fec94000000-7fec94021000 rw-p 00000000 00:00 0 
7fec94021000-7fec98000000 ---p 00000000 00:00 0 
7fec98000000-7fec98021000 rw-p 00000000 00:00 0 
7fec98021000-7fec9c000000 ---p 00000000 00:00 0 
7fec9c000000-7fec9c021000 rw-p 00000000 00:00 0 
7fec9c021000-7feca0000000 ---p 00000000 00:00 0 
7feca0000000-7feca0021000 rw-p 00000000 00:00 0 
7feca0021000-7feca4000000 ---p 00000000 00:00 0 
7feca4000000-7feca4021000 rw-p 00000000 00:00 0 
7feca4021000-7feca8000000 ---p 00000000 00:00 0 
7feca9ebe000-7feca9ec2000 ---p 00000000 00:00 0 
7feca9ec2000-7feca9ee0000 rw-p 00000000 00:00 0 
7feca9ee0000-7feca9f05000 r--p 00000000 103:02 3152389                   /usr/share/locale/fr/LC_MESSAGES/libc.mo
7feca9f05000-7feca9f09000 ---p 00000000 00:00 0 
7feca9f09000-7fecaa006000 rw-p 00000000 00:00 0 
7fecaa006000-7fecaa00a000 ---p 00000000 00:00 0 
7fecaa00a000-7fecaa107000 rw-p 00000000 00:00 0 
7fecaa107000-7fecaa108000 ---p 00000000 00:00 0 
7fecaa108000-7fecaa209000 rw-p 00000000 00:00 0 
7fecaa209000-7fecaa20d000 ---p 00000000 00:00 0 
7fecaa20d000-7fecaa30a000 rw-p 00000000 00:00 0 
7fecaa30a000-7fecaa30e000 ---p 00000000 00:00 0 
7fecaa30e000-7fecaa40b000 rw-p 00000000 00:00 0 
7fecaa40b000-7fecaa40f000 ---p 00000000 00:00 0 
7fecaa40f000-7fecaa50c000 rw-p 00000000 00:00 0 
7fecaa50c000-7fecaa510000 ---p 00000000 00:00 0 
7fecaa510000-7fecaa60d000 rw-p 00000000 00:00 0 
7fecaa60d000-7fecaa611000 ---p 00000000 00:00 0 
7fecaa611000-7fecaa70e000 rw-p 00000000 00:00 0 
7fecaa70e000-7fecaa712000 ---p 00000000 00:00 0 
7fecaa712000-7fecaa80f000 rw-p 00000000 00:00 0 
7fecaa80f000-7fecaa813000 ---p 00000000 00:00 0 
7fecaa813000-7fecaa910000 rw-p 00000000 00:00 0 
7fecaa910000-7fecaa914000 ---p 00000000 00:00 0 
7fecaa914000-7fecaaa11000 rw-p 00000000 00:00 0 
7fecaaa11000-7fecaaa15000 ---p 00000000 00:00 0 
7fecaaa15000-7fecaab12000 rw-p 00000000 00:00 0 
7fecaab12000-7fecaab16000 ---p 00000000 00:00 0 
7fecaab16000-7fecaac13000 rw-p 00000000 00:00 0 
7fecaac13000-7fecaac17000 ---p 00000000 00:00 0 
7fecaac17000-7fecaad14000 rw-p 00000000 00:00 0 
7fecaad14000-7fecaad18000 ---p 00000000 00:00 0 
7fecaad18000-7fecaae15000 rw-p 00000000 00:00 0 
7fecaae15000-7fecab0fc000 r--p 00000000 103:02 3168159                   /usr/lib/locale/locale-archive
7fecab0fc000-7fecab100000 ---p 00000000 00:00 0 
7fecab100000-7fecab1fd000 rw-p 00000000 00:00 0 
7fecab1fd000-7fecab201000 ---p 00000000 00:00 0 
7fecab201000-7fecab2fe000 rw-p 00000000 00:00 0 
7fecab2fe000-7fecab2ff000 ---p 00000000 00:00 0 
7fecab2ff000-7fecab720000 rw-p 00000000 00:00 0 
7fecab720000-7fecab800000 ---p 00000000 00:00 0 
7fecab800000-7fecab880000 rw-p 00000000 00:00 0 
7fecab880000-7fecabc00000 ---p 00000000 00:00 0 
7fecabc05000-7fecabc0c000 r--s 00000000 103:02 3194164                   /usr/lib/x86_64-linux-gnu/gconv/gconv-modules.cache
7fecabc0c000-7fecabc11000 r--p 00000000 103:02 3191070                   /usr/lib/jvm/java-17-openjdk-amd64/lib/libjsvml.so
7fecabc11000-7fecabc52000 r-xp 00005000 103:02 3191070                   /usr/lib/jvm/java-17-openjdk-amd64/lib/libjsvml.so
7fecabc52000-7fecabcdb000 r--p 00046000 103:02 3191070                   /usr/lib/jvm/java-17-openjdk-amd64/lib/libjsvml.so
7fecabcdb000-7fecabcdc000 r--p 000ce000 103:02 3191070                   /usr/lib/jvm/java-17-openjdk-amd64/lib/libjsvml.so
7fecabcdc000-7fecabcdd000 rw-p 000cf000 103:02 3191070                   /usr/lib/jvm/java-17-openjdk-amd64/lib/libjsvml.so
7fecabcdd000-7fecb0000000 rw-p 00000000 00:00 0 
7fecb0000000-7fecb0021000 rw-p 00000000 00:00 0 
7fecb0021000-7fecb4000000 ---p 00000000 00:00 0 
7fecb4001000-7fecb4005000 r--p 00000000 103:02 3191076                   /usr/lib/jvm/java-17-openjdk-amd64/lib/libnet.so
7fecb4005000-7fecb4013000 r-xp 00004000 103:02 3191076                   /usr/lib/jvm/java-17-openjdk-amd64/lib/libnet.so
7fecb4013000-7fecb4017000 r--p 00012000 103:02 3191076                   /usr/lib/jvm/java-17-openjdk-amd64/lib/libnet.so
7fecb4017000-7fecb4018000 r--p 00015000 103:02 3191076                   /usr/lib/jvm/java-17-openjdk-amd64/lib/libnet.so
7fecb4018000-7fecb4019000 rw-p 00016000 103:02 3191076                   /usr/lib/jvm/java-17-openjdk-amd64/lib/libnet.so
7fecb4019000-7fecb401f000 r--p 00000000 103:02 3191077                   /usr/lib/jvm/java-17-openjdk-amd64/lib/libnio.so
7fecb401f000-7fecb4027000 r-xp 00006000 103:02 3191077                   /usr/lib/jvm/java-17-openjdk-amd64/lib/libnio.so
7fecb4027000-7fecb402b000 r--p 0000e000 103:02 3191077                   /usr/lib/jvm/java-17-openjdk-amd64/lib/libnio.so
7fecb402b000-7fecb402c000 ---p 00012000 103:02 3191077                   /usr/lib/jvm/java-17-openjdk-amd64/lib/libnio.so
7fecb402c000-7fecb402d000 r--p 00012000 103:02 3191077                   /usr/lib/jvm/java-17-openjdk-amd64/lib/libnio.so
7fecb402d000-7fecb402e000 rw-p 00013000 103:02 3191077                   /usr/lib/jvm/java-17-openjdk-amd64/lib/libnio.so
7fecb402e000-7fecb4935000 rw-p 00000000 00:00 0 
7fecb4935000-7fecb4ba5000 rwxp 00000000 00:00 0 
7fecb4ba5000-7fecbbd94000 ---p 00000000 00:00 0 
7fecbbd94000-7fecbc004000 rwxp 00000000 00:00 0 
7fecbc004000-7fecbc4d5000 ---p 00000000 00:00 0 
7fecbc4d5000-7fecbc745000 rwxp 00000000 00:00 0 
7fecbc745000-7fecc3935000 ---p 00000000 00:00 0 
7fecc3935000-7fecc4209000 r--s 00000000 103:02 789470                    /var/lib/sss/mc/passwd
7fecc4209000-7feccc000000 r--s 00000000 103:02 3192854                   /usr/lib/jvm/java-17-openjdk-amd64/lib/modules
7feccc000000-7feccc444000 rw-p 00000000 00:00 0 
7feccc444000-7fecd0000000 ---p 00000000 00:00 0 
7fecd0000000-7fecd0004000 r--p 00000000 103:02 3192852                   /usr/lib/jvm/java-17-openjdk-amd64/lib/libverify.so
7fecd0004000-7fecd000b000 r-xp 00004000 103:02 3192852                   /usr/lib/jvm/java-17-openjdk-amd64/lib/libverify.so
7fecd000b000-7fecd000d000 r--p 0000b000 103:02 3192852                   /usr/lib/jvm/java-17-openjdk-amd64/lib/libverify.so
7fecd000d000-7fecd000f000 r--p 0000c000 103:02 3192852                   /usr/lib/jvm/java-17-openjdk-amd64/lib/libverify.so
7fecd000f000-7fecd0010000 rw-p 0000e000 103:02 3192852                   /usr/lib/jvm/java-17-openjdk-amd64/lib/libverify.so
7fecd0010000-7fecd0163000 rw-p 00000000 00:00 0 
7fecd0163000-7fecd0297000 ---p 00000000 00:00 0 
7fecd0297000-7fecd0298000 ---p 00000000 00:00 0 
7fecd0298000-7fecd03bb000 rw-p 00000000 00:00 0 
7fecd03bb000-7fecd04ee000 ---p 00000000 00:00 0 
7fecd04ee000-7fecd04ff000 rw-p 00000000 00:00 0 
7fecd04ff000-7fecd0599000 ---p 00000000 00:00 0 
7fecd0599000-7fecd059f000 rw-p 00000000 00:00 0 
7fecd059f000-7fecd0683000 ---p 00000000 00:00 0 
7fecd0683000-7fecd0688000 rw-p 00000000 00:00 0 
7fecd0688000-7fecd076c000 ---p 00000000 00:00 0 
7fecd076c000-7fecd076e000 r--p 00000000 103:02 3175991                   /usr/lib/x86_64-linux-gnu/libnss_sss.so.2
7fecd076e000-7fecd0775000 r-xp 00002000 103:02 3175991                   /usr/lib/x86_64-linux-gnu/libnss_sss.so.2
7fecd0775000-7fecd0777000 r--p 00009000 103:02 3175991                   /usr/lib/x86_64-linux-gnu/libnss_sss.so.2
7fecd0777000-7fecd0778000 r--p 0000a000 103:02 3175991                   /usr/lib/x86_64-linux-gnu/libnss_sss.so.2
7fecd0778000-7fecd0779000 rw-p 0000b000 103:02 3175991                   /usr/lib/x86_64-linux-gnu/libnss_sss.so.2
7fecd0779000-7fecd077b000 r--p 00000000 103:02 3177338                   /usr/lib/x86_64-linux-gnu/libnss_compat-2.31.so
7fecd077b000-7fecd0781000 r-xp 00002000 103:02 3177338                   /usr/lib/x86_64-linux-gnu/libnss_compat-2.31.so
7fecd0781000-7fecd0782000 r--p 00008000 103:02 3177338                   /usr/lib/x86_64-linux-gnu/libnss_compat-2.31.so
7fecd0782000-7fecd0783000 ---p 00009000 103:02 3177338                   /usr/lib/x86_64-linux-gnu/libnss_compat-2.31.so
7fecd0783000-7fecd0784000 r--p 00009000 103:02 3177338                   /usr/lib/x86_64-linux-gnu/libnss_compat-2.31.so
7fecd0784000-7fecd0785000 rw-p 0000a000 103:02 3177338                   /usr/lib/x86_64-linux-gnu/libnss_compat-2.31.so
7fecd0789000-7fecd078e000 rw-p 00000000 00:00 0 
7fecd078e000-7fecd0798000 ---p 00000000 00:00 0 
7fecd0798000-7fecd079a000 r--s 0000c000 103:02 3682863                   /usr/share/java/java-atk-wrapper.jar
7fecd079a000-7fecd079c000 r--p 00000000 103:02 3192853                   /usr/lib/jvm/java-17-openjdk-amd64/lib/libzip.so
7fecd079c000-7fecd07a0000 r-xp 00002000 103:02 3192853                   /usr/lib/jvm/java-17-openjdk-amd64/lib/libzip.so
7fecd07a0000-7fecd07a2000 r--p 00006000 103:02 3192853                   /usr/lib/jvm/java-17-openjdk-amd64/lib/libzip.so
7fecd07a2000-7fecd07a3000 r--p 00007000 103:02 3192853                   /usr/lib/jvm/java-17-openjdk-amd64/lib/libzip.so
7fecd07a3000-7fecd07a4000 rw-p 00008000 103:02 3192853                   /usr/lib/jvm/java-17-openjdk-amd64/lib/libzip.so
7fecd07a4000-7fecd07b0000 r--p 00000000 103:02 3191062                   /usr/lib/jvm/java-17-openjdk-amd64/lib/libjava.so
7fecd07b0000-7fecd07c2000 r-xp 0000c000 103:02 3191062                   /usr/lib/jvm/java-17-openjdk-amd64/lib/libjava.so
7fecd07c2000-7fecd07c8000 r--p 0001e000 103:02 3191062                   /usr/lib/jvm/java-17-openjdk-amd64/lib/libjava.so
7fecd07c8000-7fecd07c9000 ---p 00024000 103:02 3191062                   /usr/lib/jvm/java-17-openjdk-amd64/lib/libjava.so
7fecd07c9000-7fecd07ca000 r--p 00024000 103:02 3191062                   /usr/lib/jvm/java-17-openjdk-amd64/lib/libjava.so
7fecd07ca000-7fecd07cb000 rw-p 00025000 103:02 3191062                   /usr/lib/jvm/java-17-openjdk-amd64/lib/libjava.so
7fecd07cb000-7fecd07cc000 rw-p 00000000 00:00 0 
7fecd07cc000-7fecd07d0000 ---p 00000000 00:00 0 
7fecd07d0000-7fecd08cd000 rw-p 00000000 00:00 0 
7fecd08cd000-7fecd08d0000 r--p 00000000 103:02 3147348                   /usr/lib/x86_64-linux-gnu/libgcc_s.so.1
7fecd08d0000-7fecd08e1000 r-xp 00003000 103:02 3147348                   /usr/lib/x86_64-linux-gnu/libgcc_s.so.1
7fecd08e1000-7fecd08e5000 r--p 00014000 103:02 3147348                   /usr/lib/x86_64-linux-gnu/libgcc_s.so.1
7fecd08e5000-7fecd08e6000 r--p 00017000 103:02 3147348                   /usr/lib/x86_64-linux-gnu/libgcc_s.so.1
7fecd08e6000-7fecd08e7000 rw-p 00018000 103:02 3147348                   /usr/lib/x86_64-linux-gnu/libgcc_s.so.1
7fecd08e7000-7fecd08f4000 r--p 00000000 103:02 3168944                   /usr/lib/x86_64-linux-gnu/libm-2.31.so
7fecd08f4000-7fecd098e000 r-xp 0000d000 103:02 3168944                   /usr/lib/x86_64-linux-gnu/libm-2.31.so
7fecd098e000-7fecd0a29000 r--p 000a7000 103:02 3168944                   /usr/lib/x86_64-linux-gnu/libm-2.31.so
7fecd0a29000-7fecd0a2a000 r--p 00141000 103:02 3168944                   /usr/lib/x86_64-linux-gnu/libm-2.31.so
7fecd0a2a000-7fecd0a2b000 rw-p 00142000 103:02 3168944                   /usr/lib/x86_64-linux-gnu/libm-2.31.so
7fecd0a2b000-7fecd0ac1000 r--p 00000000 103:02 3148088                   /usr/lib/x86_64-linux-gnu/libstdc++.so.6.0.28
7fecd0ac1000-7fecd0b9d000 r-xp 00096000 103:02 3148088                   /usr/lib/x86_64-linux-gnu/libstdc++.so.6.0.28
7fecd0b9d000-7fecd0be7000 r--p 00172000 103:02 3148088                   /usr/lib/x86_64-linux-gnu/libstdc++.so.6.0.28
7fecd0be7000-7fecd0bf2000 r--p 001bb000 103:02 3148088                   /usr/lib/x86_64-linux-gnu/libstdc++.so.6.0.28
7fecd0bf2000-7fecd0bf5000 rw-p 001c6000 103:02 3148088                   /usr/lib/x86_64-linux-gnu/libstdc++.so.6.0.28
7fecd0bf5000-7fecd0bf8000 rw-p 00000000 00:00 0 
7fecd0bf8000-7fecd0e48000 r--p 00000000 103:02 3561119                   /usr/lib/jvm/java-17-openjdk-amd64/lib/server/libjvm.so
7fecd0e48000-7fecd1b95000 r-xp 00250000 103:02 3561119                   /usr/lib/jvm/java-17-openjdk-amd64/lib/server/libjvm.so
7fecd1b95000-7fecd1e1e000 r--p 00f9d000 103:02 3561119                   /usr/lib/jvm/java-17-openjdk-amd64/lib/server/libjvm.so
7fecd1e1e000-7fecd1e1f000 ---p 01226000 103:02 3561119                   /usr/lib/jvm/java-17-openjdk-amd64/lib/server/libjvm.so
7fecd1e1f000-7fecd1ed7000 r--p 01226000 103:02 3561119                   /usr/lib/jvm/java-17-openjdk-amd64/lib/server/libjvm.so
7fecd1ed7000-7fecd1f0c000 rw-p 012de000 103:02 3561119                   /usr/lib/jvm/java-17-openjdk-amd64/lib/server/libjvm.so
7fecd1f0c000-7fecd1f67000 rw-p 00000000 00:00 0 
7fecd1f67000-7fecd1f6d000 r--p 00000000 103:02 3177343                   /usr/lib/x86_64-linux-gnu/libpthread-2.31.so
7fecd1f6d000-7fecd1f7d000 r-xp 00006000 103:02 3177343                   /usr/lib/x86_64-linux-gnu/libpthread-2.31.so
7fecd1f7d000-7fecd1f83000 r--p 00016000 103:02 3177343                   /usr/lib/x86_64-linux-gnu/libpthread-2.31.so
7fecd1f83000-7fecd1f84000 r--p 0001b000 103:02 3177343                   /usr/lib/x86_64-linux-gnu/libpthread-2.31.so
7fecd1f84000-7fecd1f85000 rw-p 0001c000 103:02 3177343                   /usr/lib/x86_64-linux-gnu/libpthread-2.31.so
7fecd1f85000-7fecd1f89000 rw-p 00000000 00:00 0 
7fecd1f89000-7fecd1f8a000 r--p 00000000 103:02 3168943                   /usr/lib/x86_64-linux-gnu/libdl-2.31.so
7fecd1f8a000-7fecd1f8c000 r-xp 00001000 103:02 3168943                   /usr/lib/x86_64-linux-gnu/libdl-2.31.so
7fecd1f8c000-7fecd1f8d000 r--p 00003000 103:02 3168943                   /usr/lib/x86_64-linux-gnu/libdl-2.31.so
7fecd1f8d000-7fecd1f8e000 r--p 00003000 103:02 3168943                   /usr/lib/x86_64-linux-gnu/libdl-2.31.so
7fecd1f8e000-7fecd1f8f000 rw-p 00004000 103:02 3168943                   /usr/lib/x86_64-linux-gnu/libdl-2.31.so
7fecd1f8f000-7fecd1f92000 r--p 00000000 103:02 3147157                   /usr/lib/x86_64-linux-gnu/libz.so.1.2.11
7fecd1f92000-7fecd1fa3000 r-xp 00003000 103:02 3147157                   /usr/lib/x86_64-linux-gnu/libz.so.1.2.11
7fecd1fa3000-7fecd1fa9000 r--p 00014000 103:02 3147157                   /usr/lib/x86_64-linux-gnu/libz.so.1.2.11
7fecd1fa9000-7fecd1faa000 ---p 0001a000 103:02 3147157                   /usr/lib/x86_64-linux-gnu/libz.so.1.2.11
7fecd1faa000-7fecd1fab000 r--p 0001a000 103:02 3147157                   /usr/lib/x86_64-linux-gnu/libz.so.1.2.11
7fecd1fab000-7fecd1fac000 rw-p 0001b000 103:02 3147157                   /usr/lib/x86_64-linux-gnu/libz.so.1.2.11
7fecd1fac000-7fecd1fce000 r--p 00000000 103:02 3168942                   /usr/lib/x86_64-linux-gnu/libc-2.31.so
7fecd1fce000-7fecd2127000 r-xp 00022000 103:02 3168942                   /usr/lib/x86_64-linux-gnu/libc-2.31.so
7fecd2127000-7fecd2176000 r--p 0017b000 103:02 3168942                   /usr/lib/x86_64-linux-gnu/libc-2.31.so
7fecd2176000-7fecd217a000 r--p 001c9000 103:02 3168942                   /usr/lib/x86_64-linux-gnu/libc-2.31.so
7fecd217a000-7fecd217c000 rw-p 001cd000 103:02 3168942                   /usr/lib/x86_64-linux-gnu/libc-2.31.so
7fecd217c000-7fecd2180000 rw-p 00000000 00:00 0 
7fecd2180000-7fecd2188000 rw-s 00000000 103:02 1837501                   /tmp/hsperfdata_quentin.moutte.etu/88719
7fecd2188000-7fecd2189000 r--p 00000000 103:02 3191052                   /usr/lib/jvm/java-17-openjdk-amd64/lib/libinstrument.so
7fecd2189000-7fecd218f000 r-xp 00001000 103:02 3191052                   /usr/lib/jvm/java-17-openjdk-amd64/lib/libinstrument.so
7fecd218f000-7fecd2192000 r--p 00007000 103:02 3191052                   /usr/lib/jvm/java-17-openjdk-amd64/lib/libinstrument.so
7fecd2192000-7fecd2193000 r--p 00009000 103:02 3191052                   /usr/lib/jvm/java-17-openjdk-amd64/lib/libinstrument.so
7fecd2193000-7fecd2194000 rw-p 0000a000 103:02 3191052                   /usr/lib/jvm/java-17-openjdk-amd64/lib/libinstrument.so
7fecd2194000-7fecd2195000 ---p 00000000 00:00 0 
7fecd2195000-7fecd2196000 r--p 00000000 00:00 0 
7fecd2196000-7fecd2198000 r--p 00000000 103:02 3191066                   /usr/lib/jvm/java-17-openjdk-amd64/lib/libjimage.so
7fecd2198000-7fecd219b000 r-xp 00002000 103:02 3191066                   /usr/lib/jvm/java-17-openjdk-amd64/lib/libjimage.so
7fecd219b000-7fecd219c000 r--p 00005000 103:02 3191066                   /usr/lib/jvm/java-17-openjdk-amd64/lib/libjimage.so
7fecd219c000-7fecd219d000 ---p 00006000 103:02 3191066                   /usr/lib/jvm/java-17-openjdk-amd64/lib/libjimage.so
7fecd219d000-7fecd219e000 r--p 00006000 103:02 3191066                   /usr/lib/jvm/java-17-openjdk-amd64/lib/libjimage.so
7fecd219e000-7fecd219f000 rw-p 00007000 103:02 3191066                   /usr/lib/jvm/java-17-openjdk-amd64/lib/libjimage.so
7fecd219f000-7fecd21a1000 r--p 00000000 103:02 3191067                   /usr/lib/jvm/java-17-openjdk-amd64/lib/libjli.so
7fecd21a1000-7fecd21ab000 r-xp 00002000 103:02 3191067                   /usr/lib/jvm/java-17-openjdk-amd64/lib/libjli.so
7fecd21ab000-7fecd21ae000 r--p 0000c000 103:02 3191067                   /usr/lib/jvm/java-17-openjdk-amd64/lib/libjli.so
7fecd21ae000-7fecd21af000 ---p 0000f000 103:02 3191067                   /usr/lib/jvm/java-17-openjdk-amd64/lib/libjli.so
7fecd21af000-7fecd21b0000 r--p 0000f000 103:02 3191067                   /usr/lib/jvm/java-17-openjdk-amd64/lib/libjli.so
7fecd21b0000-7fecd21b1000 rw-p 00010000 103:02 3191067                   /usr/lib/jvm/java-17-openjdk-amd64/lib/libjli.so
7fecd21b1000-7fecd21b3000 rw-p 00000000 00:00 0 
7fecd21b3000-7fecd21b4000 r--p 00000000 103:02 3168849                   /usr/lib/x86_64-linux-gnu/ld-2.31.so
7fecd21b4000-7fecd21d4000 r-xp 00001000 103:02 3168849                   /usr/lib/x86_64-linux-gnu/ld-2.31.so
7fecd21d4000-7fecd21dc000 r--p 00021000 103:02 3168849                   /usr/lib/x86_64-linux-gnu/ld-2.31.so
7fecd21dc000-7fecd21dd000 ---p 00000000 00:00 0 
7fecd21dd000-7fecd21de000 r--p 00029000 103:02 3168849                   /usr/lib/x86_64-linux-gnu/ld-2.31.so
7fecd21de000-7fecd21df000 rw-p 0002a000 103:02 3168849                   /usr/lib/x86_64-linux-gnu/ld-2.31.so
7fecd21df000-7fecd21e0000 rw-p 00000000 00:00 0 
7ffc7c679000-7ffc7c69a000 rw-p 00000000 00:00 0                          [stack]
7ffc7c7f3000-7ffc7c7f7000 r--p 00000000 00:00 0                          [vvar]
7ffc7c7f7000-7ffc7c7f9000 r-xp 00000000 00:00 0                          [vdso]


VM Arguments:
jvm_args: --add-modules=ALL-SYSTEM --add-opens=java.base/java.util=ALL-UNNAMED --add-opens=java.base/java.lang=ALL-UNNAMED --add-opens=java.base/sun.nio.fs=ALL-UNNAMED -Declipse.application=org.eclipse.jdt.ls.core.id1 -Dosgi.bundles.defaultStartLevel=4 -Declipse.product=org.eclipse.jdt.ls.core.product -Djava.import.generatesMetadataFilesAtProjectRoot=false -Dfile.encoding=utf8 -XX:+UseParallelGC -XX:GCTimeRatio=4 -XX:AdaptiveSizePolicyWeight=90 -Dsun.zip.disableMemoryMapping=true -Xmx1G -Xms100m -Xlog:disable -javaagent:/home/infoetu/quentin.moutte.etu/.vscode-oss/extensions/redhat.java-1.18.0-universal/lombok/lombok-1.18.27.jar -XX:+HeapDumpOnOutOfMemoryError -XX:HeapDumpPath=/home/infoetu/quentin.moutte.etu/.config/VSCodium/User/workspaceStorage/bba4e4735a77dc069042abacbee27294/redhat.java -Daether.dependencyCollector.impl=bf 
java_command: /home/infoetu/quentin.moutte.etu/.vscode-oss/extensions/redhat.java-1.18.0-universal/server/plugins/org.eclipse.equinox.launcher_1.6.400.v20210924-0641.jar -configuration /home/infoetu/quentin.moutte.etu/.config/VSCodium/User/globalStorage/redhat.java/1.18.0/config_linux -data /home/infoetu/quentin.moutte.etu/.config/VSCodium/User/workspaceStorage/bba4e4735a77dc069042abacbee27294/redhat.java/jdt_ws
java_class_path (initial): /home/infoetu/quentin.moutte.etu/.vscode-oss/extensions/redhat.java-1.18.0-universal/server/plugins/org.eclipse.equinox.launcher_1.6.400.v20210924-0641.jar
Launcher Type: SUN_STANDARD

[Global flags]
    uintx AdaptiveSizePolicyWeight                 = 90                                        {product} {command line}
     intx CICompilerCount                          = 12                                        {product} {ergonomic}
    uintx GCTimeRatio                              = 4                                         {product} {command line}
     bool HeapDumpOnOutOfMemoryError               = true                                   {manageable} {command line}
    ccstr HeapDumpPath                             = /home/infoetu/quentin.moutte.etu/.config/VSCodium/User/workspaceStorage/bba4e4735a77dc069042abacbee27294/redhat.java         {manageable} {command line}
   size_t InitialHeapSize                          = 104857600                                 {product} {command line}
   size_t MaxHeapSize                              = 1073741824                                {product} {command line}
   size_t MaxNewSize                               = 357564416                                 {product} {ergonomic}
   size_t MinHeapDeltaBytes                        = 524288                                    {product} {ergonomic}
   size_t MinHeapSize                              = 104857600                                 {product} {command line}
   size_t NewSize                                  = 34603008                                  {product} {ergonomic}
    uintx NonNMethodCodeHeapSize                   = 7602480                                {pd product} {ergonomic}
    uintx NonProfiledCodeHeapSize                  = 122027880                              {pd product} {ergonomic}
   size_t OldSize                                  = 70254592                                  {product} {ergonomic}
    uintx ProfiledCodeHeapSize                     = 122027880                              {pd product} {ergonomic}
    uintx ReservedCodeCacheSize                    = 251658240                              {pd product} {ergonomic}
     bool SegmentedCodeCache                       = true                                      {product} {ergonomic}
   size_t SoftMaxHeapSize                          = 1073741824                             {manageable} {ergonomic}
     bool UseCompressedClassPointers               = true                           {product lp64_product} {ergonomic}
     bool UseCompressedOops                        = true                           {product lp64_product} {ergonomic}
     bool UseParallelGC                            = true                                      {product} {command line}

Logging:
Log output configuration:
 #0: stdout all=off uptime,level,tags
 #1: stderr all=off uptime,level,tags

Environment Variables:
PATH=/usr/local/bin:/usr/bin:/bin:/usr/local/games:/usr/games
SHELL=/bin/bash
DISPLAY=:0
LANG=fr_FR.UTF-8

Signal Handlers:
   SIGSEGV: 0x00007fecd1b15290 in libjvm.so+15848080, mask=11100100010111111101111111111110, flags=SA_RESTART|SA_SIGINFO
    SIGBUS: 0x00007fecd1b15290 in libjvm.so+15848080, mask=11100100010111111101111111111110, flags=SA_RESTART|SA_SIGINFO
    SIGFPE: 0x00007fecd1b15290 in libjvm.so+15848080, mask=11100100010111111101111111111110, flags=SA_RESTART|SA_SIGINFO
   SIGPIPE: 0x00007fecd19bcca0 in libjvm.so+14437536, mask=11100100010111111101111111111110, flags=SA_RESTART|SA_SIGINFO
   SIGXFSZ: 0x00007fecd19bcca0 in libjvm.so+14437536, mask=11100100010111111101111111111110, flags=SA_RESTART|SA_SIGINFO
    SIGILL: 0x00007fecd1b15290 in libjvm.so+15848080, mask=11100100010111111101111111111110, flags=SA_RESTART|SA_SIGINFO
   SIGUSR2: 0x00007fecd19bc340 in libjvm.so+14435136, mask=00000000000000000000000000000000, flags=SA_RESTART|SA_SIGINFO
    SIGHUP: 0x00007fecd19bc270 in libjvm.so+14434928, mask=11100100010111111101111111111110, flags=SA_RESTART|SA_SIGINFO
    SIGINT: 0x00007fecd19bc270 in libjvm.so+14434928, mask=11100100010111111101111111111110, flags=SA_RESTART|SA_SIGINFO
   SIGTERM: 0x00007fecd19bc270 in libjvm.so+14434928, mask=11100100010111111101111111111110, flags=SA_RESTART|SA_SIGINFO
   SIGQUIT: 0x00007fecd19bc270 in libjvm.so+14434928, mask=11100100010111111101111111111110, flags=SA_RESTART|SA_SIGINFO
   SIGTRAP: 0x00007fecd1b15290 in libjvm.so+15848080, mask=11100100010111111101111111111110, flags=SA_RESTART|SA_SIGINFO


---------------  S Y S T E M  ---------------

OS:
PRETTY_NAME="Debian GNU/Linux 11 (bullseye)"
NAME="Debian GNU/Linux"
VERSION_ID="11"
VERSION="11 (bullseye)"
VERSION_CODENAME=bullseye
ID=debian
HOME_URL="https://www.debian.org/"
SUPPORT_URL="https://www.debian.org/support"
BUG_REPORT_URL="https://bugs.debian.org/"
uname: Linux 5.10.0-17-amd64 #1 SMP Debian 5.10.136-1 (2022-08-13) x86_64
OS uptime: 6 days 5:22 hours
libc: glibc 2.31 NPTL 2.31 
rlimit (soft/hard): STACK 8192k/infinity , CORE 0k/infinity , NPROC 4096/4096 , NOFILE 1048576/1048576 , AS infinity/infinity , CPU infinity/infinity , DATA infinity/infinity , FSIZE infinity/infinity , MEMLOCK 4081737k/4081737k
load average: 2,15 1,26 0,92

/proc/meminfo:
MemTotal:       32653900 kB
MemFree:        26281488 kB
MemAvailable:   29944180 kB
Buffers:          566164 kB
Cached:          3723636 kB
SwapCached:            0 kB
Active:          2001332 kB
Inactive:        3409896 kB
Active(anon):       3240 kB
Inactive(anon):  1573628 kB
Active(file):    1998092 kB
Inactive(file):  1836268 kB
Unevictable:      392284 kB
Mlocked:              64 kB
SwapTotal:      15999996 kB
SwapFree:       15999996 kB
Dirty:                 0 kB
Writeback:           296 kB
AnonPages:       1486004 kB
Mapped:           660676 kB
Shmem:            455436 kB
KReclaimable:     292052 kB
Slab:             422616 kB
SReclaimable:     292052 kB
SUnreclaim:       130564 kB
KernelStack:       15024 kB
PageTables:        25072 kB
NFS_Unstable:          0 kB
Bounce:                0 kB
WritebackTmp:          0 kB
CommitLimit:    32326944 kB
Committed_AS:    6208544 kB
VmallocTotal:   34359738367 kB
VmallocUsed:       42100 kB
VmallocChunk:          0 kB
Percpu:            23104 kB
HardwareCorrupted:     0 kB
AnonHugePages:    274432 kB
ShmemHugePages:        0 kB
ShmemPmdMapped:        0 kB
FileHugePages:         0 kB
FilePmdMapped:         0 kB
HugePages_Total:       0
HugePages_Free:        0
HugePages_Rsvd:        0
HugePages_Surp:        0
Hugepagesize:       2048 kB
Hugetlb:               0 kB
DirectMap4k:      363112 kB
DirectMap2M:    15136768 kB
DirectMap1G:    17825792 kB

/sys/kernel/mm/transparent_hugepage/enabled: [always] madvise never
/sys/kernel/mm/transparent_hugepage/defrag (defrag/compaction efforts parameter): always defer defer+madvise [madvise] never

Process Memory:
Virtual Size: 4013612K (peak: 4014792K)
Resident Set Size: 79000K (peak: 80052K) (anon: 50940K, file: 28060K, shmem: 0K)
Swapped out: 0K
C-Heap outstanding allocations: 58263K, retained: 4984K
glibc malloc tunables: (default)

/proc/sys/kernel/threads-max (system-wide limit on the number of threads): 254542
/proc/sys/vm/max_map_count (maximum number of memory map areas a process may have): 65530
/proc/sys/kernel/pid_max (system-wide limit on number of process identifiers): 4194304

container (cgroup) information:
container_type: cgroupv2
cpu_cpuset_cpus: not supported
cpu_memory_nodes: not supported
active_processor_count: 16
cpu_quota: not supported
cpu_period: not supported
cpu_shares: not supported
memory_limit_in_bytes: unlimited
memory_and_swap_limit_in_bytes: unlimited
memory_soft_limit_in_bytes: unlimited
memory_usage_in_bytes: 2259416 k
memory_max_usage_in_bytes: not supported
memory_swap_current_in_bytes: unlimited
memory_swap_max_limit_in_bytes: unlimited
maximum number of tasks: unlimited
current number of tasks: 459

Steal ticks since vm start: 0
Steal ticks percentage since vm start:  0,000

CPU: total 16 (initial active 16) (8 cores per cpu, 2 threads per core) family 6 model 165 stepping 5 microcode 0xf0, cx8, cmov, fxsr, ht, mmx, 3dnowpref, sse, sse2, sse3, ssse3, sse4.1, sse4.2, popcnt, lzcnt, tsc, tscinvbit, avx, avx2, aes, erms, clmul, bmi1, bmi2, adx, fma, vzeroupper, clflush, clflushopt
CPU Model and flags from /proc/cpuinfo:
model name	: Intel(R) Core(TM) i7-10700 CPU @ 2.90GHz
flags		: fpu vme de pse tsc msr pae mce cx8 apic sep mtrr pge mca cmov pat pse36 clflush dts acpi mmx fxsr sse sse2 ss ht tm pbe syscall nx pdpe1gb rdtscp lm constant_tsc art arch_perfmon pebs bts rep_good nopl xtopology nonstop_tsc cpuid aperfmperf pni pclmulqdq dtes64 monitor ds_cpl vmx smx est tm2 ssse3 sdbg fma cx16 xtpr pdcm pcid sse4_1 sse4_2 x2apic movbe popcnt tsc_deadline_timer aes xsave avx f16c rdrand lahf_lm abm 3dnowprefetch cpuid_fault epb invpcid_single ssbd ibrs ibpb stibp ibrs_enhanced tpr_shadow vnmi flexpriority ept vpid ept_ad fsgsbase tsc_adjust bmi1 avx2 smep bmi2 erms invpcid mpx rdseed adx smap clflushopt intel_pt xsaveopt xsavec xgetbv1 xsaves dtherm ida arat pln pts hwp hwp_notify hwp_act_window hwp_epp pku ospke md_clear flush_l1d arch_capabilities

Online cpus: 0-15
Offline cpus: 
BIOS frequency limitation: <Not Available>
Frequency switch latency (ns): 0
Available cpu frequencies: <Not Available>
Current governor: powersave
Core performance/turbo boost: <Not Available>

Memory: 4k page, physical 32653900k(26276384k free), swap 15999996k(15999996k free)
Page Sizes: 4k

vm_info: OpenJDK 64-Bit Server VM (17.0.6+10-Debian-1deb11u1) for linux-amd64 JRE (17.0.6+10-Debian-1deb11u1), built on Jan 28 2023 20:09:51 by "buildd" with gcc 10.2.1 20210110

END.
