#
# A fatal error has been detected by the Java Runtime Environment:
#
#  SIGSEGV (0xb) at pc=0x00007fc01467453b, pid=89056, tid=89057
#
# JRE version: OpenJDK Runtime Environment (17.0.6+10) (build 17.0.6+10-Debian-1deb11u1)
# Java VM: OpenJDK 64-Bit Server VM (17.0.6+10-Debian-1deb11u1, mixed mode, sharing, tiered, compressed oops, compressed class ptrs, parallel gc, linux-amd64)
# Problematic frame:
# 
[error occurred during error reporting (printing problematic frame), id 0xb, SIGSEGV (0xb) at pc=0x00007fc02cdfdfe0]

# No core dump will be written. Core dumps have been disabled. To enable core dumping, try "ulimit -c unlimited" before starting Java again
#
# If you would like to submit a bug report, please visit:
#   https://bugs.debian.org/openjdk-17
#

---------------  S U M M A R Y ------------

Command Line: --add-modules=ALL-SYSTEM --add-opens=java.base/java.util=ALL-UNNAMED --add-opens=java.base/java.lang=ALL-UNNAMED --add-opens=java.base/sun.nio.fs=ALL-UNNAMED -Declipse.application=org.eclipse.jdt.ls.core.id1 -Dosgi.bundles.defaultStartLevel=4 -Declipse.product=org.eclipse.jdt.ls.core.product -Djava.import.generatesMetadataFilesAtProjectRoot=false -Dfile.encoding=utf8 -XX:+UseParallelGC -XX:GCTimeRatio=4 -XX:AdaptiveSizePolicyWeight=90 -Dsun.zip.disableMemoryMapping=true -Xmx1G -Xms100m -Xlog:disable -javaagent:/home/infoetu/quentin.moutte.etu/.vscode-oss/extensions/redhat.java-1.18.0-universal/lombok/lombok-1.18.27.jar /home/infoetu/quentin.moutte.etu/.vscode-oss/extensions/redhat.java-1.18.0-universal/server/plugins/org.eclipse.equinox.launcher_1.6.400.v20210924-0641.jar -configuration /home/infoetu/quentin.moutte.etu/.config/VSCodium/User/globalStorage/redhat.java/1.18.0/config_ss_linux -data /home/infoetu/quentin.moutte.etu/.config/VSCodium/User/workspaceStorage/bba4e4735a77dc069042abacbee27294/redhat.java/ss_ws

Host: Intel(R) Core(TM) i7-10700 CPU @ 2.90GHz, 16 cores, 31G, Debian GNU/Linux 11 (bullseye)
Time: Wed May 31 16:03:46 2023 CEST elapsed time: 0.200234 seconds (0d 0h 0m 0s)

---------------  T H R E A D  ---------------

Current thread (0x00007fc024016e60):  JavaThread "main" [_thread_in_Java, id=89057, stack(0x00007fc02bb8f000,0x00007fc02bc90000)]

Stack: [0x00007fc02bb8f000,0x00007fc02bc90000],  sp=0x00007fc02bc8dc68,  free space=1019k
Native frames: (J=compiled Java code, j=interpreted, Vv=VM code, C=native code)

[error occurred during error reporting (printing native stack), id 0xb, SIGSEGV (0xb) at pc=0x00007fc02cdfdfe0]


siginfo: si_signo: 11 (SIGSEGV), si_code: 1 (SEGV_MAPERR), si_addr: 0x00007f00243d2ac0

Register to memory mapping:

RAX=0x00007fc014671352 is at code_begin+1394 in an Interpreter codelet
return entry points  [0x00007fc014670de0, 0x00007fc0146718e0]  2816 bytes
RBX={method} {0x00007fc006631858} 'getByteLength' '(Ljava/security/interfaces/RSAKey;)I' in '
[error occurred during error reporting (printing register info), id 0xb, SIGSEGV (0xb) at pc=0x00007fc02cdfea2b]

Registers:
RAX=0x00007fc014671352, RBX=0x00007fc006631858, RCX=0x0000000000000001, RDX=0x00007f00243d2ac0
RSP=0x00007fc02bc8dc68, RBP=0x00007fc02bc8dc80, RSI=0x00007fc02bc8dcb0, RDI=0x00007fc0240170e8
R8 =0x0000000000000005, R9 =0x000000000000000a, R10=0x00007fc02d31a160, R11=0x000000000001928a
R12=0x0000000000000000, R13=0x00007fc006631838, R14=0x00007fc02bc8dc90, R15=0x00007fc024016e60
RIP=0x00007fc01467453b, EFLAGS=0x0000000000010246, CSGSFS=0x002b000000000033, ERR=0x0000000000000004
  TRAPNO=0x000000000000000e

Top of Stack: (sp=0x00007fc02bc8dc68)
0x00007fc02bc8dc68:   00007fc006631858 0000000000000000
0x00007fc02bc8dc78:   00007fc02bc8dc90 00007fc02bc8dce8
0x00007fc02bc8dc88:   00007fc014671352 00000000ebc668a0
0x00007fc02bc8dc98:   0000000000000200 00007fc02bc8dca0 

Instructions: (pc=0x00007fc01467453b)
0x00007fc01467443b:   05 00 00 00 e8 8c 8e 15 18 49 c7 87 88 02 00 00
0x00007fc01467444b:   00 00 00 00 49 c7 87 98 02 00 00 00 00 00 00 49
0x00007fc01467445b:   c7 87 90 02 00 00 00 00 00 00 c5 f8 77 49 81 7f
0x00007fc01467446b:   08 00 00 00 00 0f 84 05 00 00 00 e9 85 47 ff ff
0x00007fc01467447b:   4c 8b 6d c0 4c 8b 75 c8 c3 0f 1f 40 00 00 00 00
0x00007fc01467448b:   00 00 00 00 00 00 00 00 00 00 00 00 00 00 00 00
0x00007fc01467449b:   00 00 00 00 00 30 76 ff 2c c0 7f 00 00 e0 03 00
0x00007fc0146744ab:   00 ff ff ff ff 00 00 00 00 00 00 00 00 00 00 00
0x00007fc0146744bb:   00 00 00 00 00 48 8b 53 08 0f b7 4a 2c 0f b7 52
0x00007fc0146744cb:   2a 2b d1 81 fa f5 01 00 00 0f 86 25 00 00 00 48
0x00007fc0146744db:   8b c2 48 c1 e0 03 48 83 c0 58 49 03 87 b0 03 00
0x00007fc0146744eb:   00 48 3b e0 0f 87 0a 00 00 00 58 49 8b e5 50 e9
0x00007fc0146744fb:   81 c0 ff ff 58 4c 8d 74 cc f8 85 d2 0f 8e 09 00
0x00007fc01467450b:   00 00 68 00 00 00 00 ff ca 7f f7 50 55 48 8b ec
0x00007fc01467451b:   41 55 68 00 00 00 00 4c 8b 6b 08 4d 8d 6d 30 53
0x00007fc01467452b:   48 8b 53 08 48 8b 52 08 48 8b 52 18 48 8b 52 70
0x00007fc01467453b:   48 8b 12 52 48 8b 53 10 48 85 d2 0f 84 07 00 00
0x00007fc01467454b:   00 48 81 c2 30 01 00 00 52 48 8b 53 08 48 8b 52
0x00007fc01467455b:   08 48 8b 52 10 52 41 56 41 55 68 00 00 00 00 48
0x00007fc01467456b:   89 24 24 41 c6 87 69 03 00 00 01 48 8b 45 d8 48
0x00007fc01467457b:   85 c0 0f 84 8d 00 00 00 8b 48 fc 85 c9 0f 88 82
0x00007fc01467458b:   00 00 00 48 03 c1 48 8b 48 08 48 83 e9 02 48 8b
0x00007fc01467459b:   54 c8 10 48 f7 da 49 8b 14 d6 48 85 d2 75 08 48
0x00007fc0146745ab:   83 4c c8 18 01 eb 58 8b 52 08 49 ba 00 00 00 00
0x00007fc0146745bb:   08 00 00 00 49 03 d2 48 33 54 c8 18 48 f7 c2 fc
0x00007fc0146745cb:   ff ff ff 74 3a 48 f7 c2 02 00 00 00 75 31 48 81
0x00007fc0146745db:   7c c8 18 00 00 00 00 74 21 48 81 7c c8 18 01 00
0x00007fc0146745eb:   00 00 74 16 48 33 54 c8 18 48 f7 c2 fc ff ff ff
0x00007fc0146745fb:   74 0d 48 83 4c c8 18 02 eb 05 48 89 54 c8 18 48
0x00007fc01467460b:   83 e9 02 79 89 48 8b 43 10 48 85 c0 74 20 8b 88
0x00007fc01467461b:   f4 00 00 00 83 c1 02 89 88 f4 00 00 00 23 88 08
0x00007fc01467462b:   01 00 00 0f 84 9c 01 00 00 e9 b9 00 00 00 48 8b 


Stack slot to memory mapping:
stack at sp + 0 slots: {method} {0x00007fc006631858} 'getByteLength' '(Ljava/security/interfaces/RSAKey;)I' in '
[error occurred during error reporting (inspecting top of stack), id 0xb, SIGSEGV (0xb) at pc=0x00007fc02cdfea2b]

method entry point (kind = zerolocals)  [0x00007fc0146744c0, 0x00007fc014674880]  960 bytes
[MachCode]
  0x00007fc0146744c0: 488b 5308 | 0fb7 4a2c | 0fb7 522a | 2bd1 81fa | f501 0000 | 0f86 2500 | 0000 488b | c248 c1e0 
  0x00007fc0146744e0: 0348 83c0 | 5849 0387 | b003 0000 | 483b e00f | 870a 0000 | 0058 498b | e550 e981 | c0ff ff58 
  0x00007fc014674500: 4c8d 74cc | f885 d20f | 8e09 0000 | 0068 0000 | 0000 ffca | 7ff7 5055 | 488b ec41 | 5568 0000 
  0x00007fc014674520: 0000 4c8b | 6b08 4d8d | 6d30 5348 | 8b53 0848 | 8b52 0848 | 8b52 1848 | 8b52 7048 | 8b12 5248 
  0x00007fc014674540: 8b53 1048 | 85d2 0f84 | 0700 0000 | 4881 c230 | 0100 0052 | 488b 5308 | 488b 5208 | 488b 5210 
  0x00007fc014674560: 5241 5641 | 5568 0000 | 0000 4889 | 2424 41c6 | 8769 0300 | 0001 488b | 45d8 4885 | c00f 848d 
  0x00007fc014674580: 0000 008b | 48fc 85c9 | 0f88 8200 | 0000 4803 | c148 8b48 | 0848 83e9 | 0248 8b54 | c810 48f7 
  0x00007fc0146745a0: da49 8b14 | d648 85d2 | 7508 4883 | 4cc8 1801 | eb58 8b52 | 0849 ba00 | 0000 0008 | 0000 0049 
  0x00007fc0146745c0: 03d2 4833 | 54c8 1848 | f7c2 fcff | ffff 743a | 48f7 c202 | 0000 0075 | 3148 817c | c818 0000 
  0x00007fc0146745e0: 0000 7421 | 4881 7cc8 | 1801 0000 | 0074 1648 | 3354 c818 | 48f7 c2fc | ffff ff74 | 0d48 834c 
  0x00007fc014674600: c818 02eb | 0548 8954 | c818 4883 | e902 7989 | 488b 4310 | 4885 c074 | 208b 88f4 | 0000 0083 
  0x00007fc014674620: c102 8988 | f400 0000 | 2388 0801 | 0000 0f84 | 9c01 0000 | e9b9 0000 | 0048 8b43 | 1848 85c0 
  0x00007fc014674640: 0f85 9a00 | 0000 e805 | 0000 00e9 | 8300 0000 | 488b f348 | 8d44 2408 | 4c89 6dc0 | 498b ffc5 
  0x00007fc014674660: f877 4989 | af98 0200 | 0049 8987 | 8802 0000 | f7c4 0f00 | 0000 0f84 | 1200 0000 | 4883 ec08 
  0x00007fc014674680: e88b a015 | 1848 83c4 | 08e9 0500 | 0000 e87d | a015 1849 | c787 8802 | 0000 0000 | 0000 49c7 
  0x00007fc0146746a0: 8798 0200 | 0000 0000 | 0049 c787 | 9002 0000 | 0000 0000 | c5f8 7749 | 817f 0800 | 0000 000f 
  0x00007fc0146746c0: 8405 0000 | 00e9 3645 | ffff 4c8b | 6dc0 4c8b | 75c8 c348 | 8b43 1848 | 85c0 0f84 | 1200 0000 
  0x00007fc0146746e0: 8b48 0883 | c102 8948 | 0823 4820 | 0f84 de00 | 0000 8984 | 2400 f0ff | ff89 8424 | 00e0 ffff 
  0x00007fc014674700: 8984 2400 | d0ff ff89 | 8424 00c0 | ffff 8984 | 2400 b0ff | ff89 8424 | 00a0 ffff | 8984 2400 
  0x00007fc014674720: 90ff ff89 | 8424 0080 | ffff 8984 | 2400 70ff | ff89 8424 | 0060 ffff | 8984 2400 | 50ff ff89 
  0x00007fc014674740: 8424 0040 | ffff 8984 | 2400 30ff | ff89 8424 | 0020 ffff | 8984 2400 | 10ff ff89 | 8424 0000 
  0x00007fc014674760: ffff 8984 | 2400 f0fe | ff89 8424 | 00e0 feff | 8984 2400 | d0fe ff89 | 8424 00c0 | feff 41c6 
  0x00007fc014674780: 8769 0300 | 0000 803d | f807 c718 | 000f 842a | 0000 0048 | 8b75 e849 | 8bff f7c4 | 0f00 0000 
  0x00007fc0146747a0: 0f84 1200 | 0000 4883 | ec08 e831 | e55f 1848 | 83c4 08e9 | 0500 0000 | e823 e55f | 1841 0fb6 
  0x00007fc0146747c0: 5d00 49ba | a098 312d | c07f 0000 | 41ff 24da | be00 0000 | 00e8 0500 | 0000 e980 | 0000 0048 
  0x00007fc0146747e0: 8d44 2408 | 4c89 6dc0 | 498b ffc5 | f877 4989 | af98 0200 | 0049 8987 | 8802 0000 | f7c4 0f00 
  0x00007fc014674800: 0000 0f84 | 1200 0000 | 4883 ec08 | e82f de15 | 1848 83c4 | 08e9 0500 | 0000 e821 | de15 1849 
  0x00007fc014674820: c787 8802 | 0000 0000 | 0000 49c7 | 8798 0200 | 0000 0000 | 0049 c787 | 9002 0000 | 0000 0000 
  0x00007fc014674840: c5f8 7749 | 817f 0800 | 0000 000f | 8405 0000 | 00e9 aa43 | ffff 4c8b | 6dc0 4c8b | 75c8 c348 
  0x00007fc014674860: 8b5d e8e9 | 8afe ffff | 0000 0000 | 0000 0000 | 0000 0000 | 0000 0000 | 0000 0000 | 0000 0000 
[/MachCode]

---------------  P R O C E S S  ---------------

Threads class SMR info:
_java_thread_list=0x00007fc02443c580, length=17, elements={
0x00007fc024016e60, 0x00007fc024221600, 0x00007fc024222a10, 0x00007fc02422d690,
0x00007fc02422ea10, 0x00007fc02422fdf0, 0x00007fc0242317f0, 0x00007fc024232cf0,
0x00007fc024234130, 0x00007fc024250070, 0x00007fbfe003e070, 0x00007fbfdc001100,
0x00007fbfec08e080, 0x00007fc02431dc40, 0x00007fbfd4024c40, 0x00007fbfc0072470,
0x00007fc02443ba70
}

Java Threads: ( => current thread )
=>0x00007fc024016e60 JavaThread "main" [_thread_in_Java, id=89057, stack(0x00007fc02bb8f000,0x00007fc02bc90000)]
  0x00007fc024221600 JavaThread "Reference Handler" daemon [_thread_blocked, id=89060, stack(0x00007fc006cec000,0x00007fc006ded000)]
  0x00007fc024222a10 JavaThread "Finalizer" daemon [_thread_blocked, id=89061, stack(0x00007fc0062ff000,0x00007fc006400000)]
  0x00007fc02422d690 JavaThread "Signal Dispatcher" daemon [_thread_blocked, id=89062, stack(0x00007fc005f17000,0x00007fc006018000)]
  0x00007fc02422ea10 JavaThread "Service Thread" daemon [_thread_blocked, id=89063, stack(0x00007fc005e16000,0x00007fc005f17000)]
  0x00007fc02422fdf0 JavaThread "Monitor Deflation Thread" daemon [_thread_blocked, id=89064, stack(0x00007fc005d15000,0x00007fc005e16000)]
  0x00007fc0242317f0 JavaThread "C2 CompilerThread0" daemon [_thread_in_native, id=89065, stack(0x00007fc005c14000,0x00007fc005d15000)]
  0x00007fc024232cf0 JavaThread "C1 CompilerThread0" daemon [_thread_blocked, id=89066, stack(0x00007fc005b13000,0x00007fc005c14000)]
  0x00007fc024234130 JavaThread "Sweeper thread" daemon [_thread_blocked, id=89067, stack(0x00007fc005a12000,0x00007fc005b13000)]
  0x00007fc024250070 JavaThread "Common-Cleaner" daemon [_thread_blocked, id=89068, stack(0x00007fc005911000,0x00007fc005a12000)]
  0x00007fbfe003e070 JavaThread "C1 CompilerThread1" daemon [_thread_blocked, id=89069, stack(0x00007fc005810000,0x00007fc005911000)]
  0x00007fbfdc001100 JavaThread "C1 CompilerThread2" daemon [_thread_blocked, id=89070, stack(0x00007fc00570f000,0x00007fc005810000)]
  0x00007fbfec08e080 JavaThread "C2 CompilerThread1" daemon [_thread_blocked, id=89071, stack(0x00007fc00560e000,0x00007fc00570f000)]
  0x00007fc02431dc40 JavaThread "Notification Thread" daemon [_thread_blocked, id=89072, stack(0x00007fc00550d000,0x00007fc00560e000)]
  0x00007fbfd4024c40 JavaThread "C2 CompilerThread2" daemon [_thread_blocked, id=89074, stack(0x00007fc00530a000,0x00007fc00540b000)]
  0x00007fbfc0072470 JavaThread "C2 CompilerThread3" daemon [_thread_blocked, id=89075, stack(0x00007fc005209000,0x00007fc00530a000)]
  0x00007fc02443ba70 JavaThread "process reaper" daemon [_thread_blocked, id=89077, stack(0x00007fc00c092000,0x00007fc00c0b4000)]

Other Threads:
  0x00007fc02421cdb0 VMThread "VM Thread" [stack: 0x00007fc006def000,0x00007fc006eef000] [id=89059]
  0x00007fc02431ee20 WatcherThread [stack: 0x00007fc00540d000,0x00007fc00550d000] [id=89073]
  0x00007fc02402e0d0 GCTaskThread "GC Thread#0" [stack: 0x00007fc02ad88000,0x00007fc02ae88000] [id=89058]

Threads with active compile tasks:
C2 CompilerThread0      236  687   !   4       java.util.jar.Attributes::read (494 bytes)

VM state: not at safepoint (normal execution)

VM Mutex/Monitor currently owned by a thread: None

Heap address: 0x00000000c0000000, size: 1024 MB, Compressed Oops mode: 32-bit

CDS archive(s) mapped at: [0x0000000800000000-0x0000000800be3000-0x0000000800be3000), size 12464128, SharedBaseAddress: 0x0000000800000000, ArchiveRelocationMode: 0.
Compressed class space mapped at: 0x0000000800c00000-0x0000000840c00000, reserved size: 1073741824
Narrow klass base: 0x0000000800000000, Narrow klass shift: 0, Narrow klass range: 0x100000000

GC Precious Log:
 CPUs: 16 total, 16 available
 Memory: 31888M
 Large Page Support: Disabled
 NUMA Support: Disabled
 Compressed Oops: Enabled (32-bit)
 Alignments: Space 512K, Generation 512K, Heap 2M
 Heap Min Capacity: 100M
 Heap Initial Capacity: 100M
 Heap Max Capacity: 1G
 Pre-touch: Disabled
 Parallel Workers: 13

Heap:
 PSYoungGen      total 29696K, used 18858K [0x00000000eab00000, 0x00000000ecc00000, 0x0000000100000000)
  eden space 25600K, 73% used [0x00000000eab00000,0x00000000ebd6aa00,0x00000000ec400000)
  from space 4096K, 0% used [0x00000000ec800000,0x00000000ec800000,0x00000000ecc00000)
  to   space 4096K, 0% used [0x00000000ec400000,0x00000000ec400000,0x00000000ec800000)
 ParOldGen       total 68608K, used 0K [0x00000000c0000000, 0x00000000c4300000, 0x00000000eab00000)
  object space 68608K, 0% used [0x00000000c0000000,0x00000000c0000000,0x00000000c4300000)
 Metaspace       used 3496K, committed 3648K, reserved 1056768K
  class space    used 335K, committed 384K, reserved 1048576K

Card table byte_map: [0x00007fc02ae88000,0x00007fc02b089000] _byte_map_base: 0x00007fc02a888000

Marking Bits: (ParMarkBitMap*) 0x00007fc02d3007a0
 Begin Bits: [0x00007fc028c30000, 0x00007fc029c30000)
 End Bits:   [0x00007fc029c30000, 0x00007fc02ac30000)

Polling page: 0x00007fc02d557000

Metaspace:

Usage:
  Non-class:      3,09 MB used.
      Class:    335,72 KB used.
       Both:      3,41 MB used.

Virtual space:
  Non-class space:        8,00 MB reserved,       3,19 MB ( 40%) committed,  1 nodes.
      Class space:        1,00 GB reserved,     384,00 KB ( <1%) committed,  1 nodes.
             Both:        1,01 GB reserved,       3,56 MB ( <1%) committed. 

Chunk freelists:
   Non-Class:  3,66 MB
       Class:  3,57 MB
        Both:  7,23 MB

MaxMetaspaceSize: unlimited
CompressedClassSpaceSize: 1,00 GB
Initial GC threshold: 21,00 MB
Current GC threshold: 21,00 MB
CDS: on
MetaspaceReclaimPolicy: balanced
 - commit_granule_bytes: 65536.
 - commit_granule_words: 8192.
 - virtual_space_node_default_size: 1048576.
 - enlarge_chunks_in_place: 1.
 - new_chunks_are_fully_committed: 0.
 - uncommit_free_chunks: 1.
 - use_allocation_guard: 0.
 - handle_deallocations: 1.


Internal statistics:

num_allocs_failed_limit: 0.
num_arena_births: 26.
num_arena_deaths: 0.
num_vsnodes_births: 2.
num_vsnodes_deaths: 0.
num_space_committed: 57.
num_space_uncommitted: 0.
num_chunks_returned_to_freelist: 0.
num_chunks_taken_from_freelist: 48.
num_chunk_merges: 0.
num_chunk_splits: 34.
num_chunks_enlarged: 27.
num_purges: 0.
num_inconsistent_stats: 0.

CodeHeap 'non-profiled nmethods': size=119168Kb used=281Kb max_used=281Kb free=118886Kb
 bounds [0x00007fc014da9000, 0x00007fc015019000, 0x00007fc01c209000]
CodeHeap 'profiled nmethods': size=119164Kb used=1123Kb max_used=1123Kb free=118041Kb
 bounds [0x00007fc00d209000, 0x00007fc00d479000, 0x00007fc014668000]
CodeHeap 'non-nmethods': size=7428Kb used=2260Kb max_used=2294Kb free=5167Kb
 bounds [0x00007fc014668000, 0x00007fc0148d8000, 0x00007fc014da9000]
 total_blobs=1155 nmethods=727 adapters=342
 compilation: enabled
              stopped_count=0, restarted_count=0
 full_count=0

Compilation events (20 events):
Event: 0,196 Thread 0x00007fbfc0072470  719       4       sun.security.provider.SHA5::lf_sigma0 (21 bytes)
Event: 0,196 Thread 0x00007fbfc0072470 nmethod 719 0x00007fc014deaf90 code [0x00007fc014deb100, 0x00007fc014deb178]
Event: 0,196 Thread 0x00007fbfc0072470  720       4       sun.security.provider.SHA5::lf_delta1 (21 bytes)
Event: 0,197 Thread 0x00007fbfc0072470 nmethod 720 0x00007fc014deb290 code [0x00007fc014deb400, 0x00007fc014deb478]
Event: 0,197 Thread 0x00007fbfc0072470  721       4       java.lang.Long::reverseBytes (46 bytes)
Event: 0,197 Thread 0x00007fbfdc001100  723       3       sun.security.provider.SHA5::implCompress0 (346 bytes)
Event: 0,197 Thread 0x00007fbfc0072470 nmethod 721 0x00007fc014deb590 code [0x00007fc014deb700, 0x00007fc014deb7b8]
Event: 0,197 Thread 0x00007fbfc0072470  722       4       sun.security.provider.SHA5::lf_delta0 (20 bytes)
Event: 0,197 Thread 0x00007fbfc0072470 nmethod 722 0x00007fc014deb890 code [0x00007fc014deba00, 0x00007fc014deba78]
Event: 0,197 Thread 0x00007fbfdc001100 nmethod 723 0x00007fc00d316c10 code [0x00007fc00d316e80, 0x00007fc00d317860]
Event: 0,197 Thread 0x00007fbfd4024c40 nmethod 715 0x00007fc014debb90 code [0x00007fc014debd40, 0x00007fc014dec108]
Event: 0,197 Thread 0x00007fbfdc001100  724       3       sun.security.provider.ByteArrayAccess::b2lBig128 (232 bytes)
Event: 0,198 Thread 0x00007fc024232cf0  725       3       sun.security.provider.SHA5::implCompress (13 bytes)
Event: 0,198 Thread 0x00007fbfe003e070  726       3       sun.security.provider.SHA5::implCompressCheck (28 bytes)
Event: 0,198 Thread 0x00007fbfe003e070 nmethod 726 0x00007fc00d317f90 code [0x00007fc00d318160, 0x00007fc00d318510]
Event: 0,198 Thread 0x00007fc024232cf0 nmethod 725 0x00007fc00d318690 code [0x00007fc00d318880, 0x00007fc00d318ce0]
Event: 0,198 Thread 0x00007fbfd4024c40  727       4       java.lang.invoke.VarHandleGuards::guard_LI_J (78 bytes)
Event: 0,198 Thread 0x00007fbfc0072470  728       4       java.lang.invoke.VarHandleByteArrayAsLongs$ArrayHandle::get (36 bytes)
Event: 0,199 Thread 0x00007fbfc0072470 nmethod 728 0x00007fc014dec390 code [0x00007fc014dec520, 0x00007fc014dec658]
Event: 0,199 Thread 0x00007fbfc0072470  730 %     4       sun.security.provider.SHA5::implCompress0 @ 157 (346 bytes)

GC Heap History (0 events):
No events

Dll operation events (8 events):
Event: 0,002 Loaded shared library /usr/lib/jvm/java-17-openjdk-amd64/lib/libjava.so
Event: 0,002 Loaded shared library /usr/lib/jvm/java-17-openjdk-amd64/lib/libzip.so
Event: 0,004 Loaded shared library /usr/lib/jvm/java-17-openjdk-amd64/lib/libjsvml.so
Event: 0,037 Loaded shared library /usr/lib/jvm/java-17-openjdk-amd64/lib/libinstrument.so
Event: 0,038 Loaded shared library /usr/lib/jvm/java-17-openjdk-amd64/lib/libnio.so
Event: 0,039 Loaded shared library /usr/lib/jvm/java-17-openjdk-amd64/lib/libzip.so
Event: 0,045 Loaded shared library /usr/lib/jvm/java-17-openjdk-amd64/lib/libjimage.so
Event: 0,061 Loaded shared library /usr/lib/jvm/java-17-openjdk-amd64/lib/libverify.so

Deoptimization events (20 events):
Event: 0,134 Thread 0x00007fc024016e60 Uncommon trap: trap_request=0xffffffde fr.pc=0x00007fc014db7884 relative=0x0000000000000704
Event: 0,134 Thread 0x00007fc024016e60 Uncommon trap: reason=class_check action=maybe_recompile pc=0x00007fc014db7884 method=java.util.HashMap.putVal(ILjava/lang/Object;Ljava/lang/Object;ZZ)Ljava/lang/Object; @ 91 c2
Event: 0,134 Thread 0x00007fc024016e60 DEOPT PACKING pc=0x00007fc014db7884 sp=0x00007fc02bc8d560
Event: 0,134 Thread 0x00007fc024016e60 DEOPT UNPACKING pc=0x00007fc0146be399 sp=0x00007fc02bc8d520 mode 2
Event: 0,134 Thread 0x00007fc024016e60 Uncommon trap: trap_request=0xffffffde fr.pc=0x00007fc014db7884 relative=0x0000000000000704
Event: 0,134 Thread 0x00007fc024016e60 Uncommon trap: reason=class_check action=maybe_recompile pc=0x00007fc014db7884 method=java.util.HashMap.putVal(ILjava/lang/Object;Ljava/lang/Object;ZZ)Ljava/lang/Object; @ 91 c2
Event: 0,134 Thread 0x00007fc024016e60 DEOPT PACKING pc=0x00007fc014db7884 sp=0x00007fc02bc8d680
Event: 0,134 Thread 0x00007fc024016e60 DEOPT UNPACKING pc=0x00007fc0146be399 sp=0x00007fc02bc8d610 mode 2
Event: 0,134 Thread 0x00007fc024016e60 Uncommon trap: trap_request=0xffffffde fr.pc=0x00007fc014db7884 relative=0x0000000000000704
Event: 0,134 Thread 0x00007fc024016e60 Uncommon trap: reason=class_check action=maybe_recompile pc=0x00007fc014db7884 method=java.util.HashMap.putVal(ILjava/lang/Object;Ljava/lang/Object;ZZ)Ljava/lang/Object; @ 91 c2
Event: 0,134 Thread 0x00007fc024016e60 DEOPT PACKING pc=0x00007fc014db7884 sp=0x00007fc02bc8d680
Event: 0,134 Thread 0x00007fc024016e60 DEOPT UNPACKING pc=0x00007fc0146be399 sp=0x00007fc02bc8d610 mode 2
Event: 0,177 Thread 0x00007fc024016e60 DEOPT PACKING pc=0x00007fc00d2caaba sp=0x00007fc02bc8d880
Event: 0,177 Thread 0x00007fc024016e60 DEOPT UNPACKING pc=0x00007fc0146beb2f sp=0x00007fc02bc8ccf8 mode 0
Event: 0,193 Thread 0x00007fc024016e60 DEOPT PACKING pc=0x00007fc00d2caaba sp=0x00007fc02bc8d900
Event: 0,193 Thread 0x00007fc024016e60 DEOPT UNPACKING pc=0x00007fc0146beb2f sp=0x00007fc02bc8cd78 mode 0
Event: 0,193 Thread 0x00007fc024016e60 Uncommon trap: trap_request=0xffffffde fr.pc=0x00007fc014db7884 relative=0x0000000000000704
Event: 0,193 Thread 0x00007fc024016e60 Uncommon trap: reason=class_check action=maybe_recompile pc=0x00007fc014db7884 method=java.util.HashMap.putVal(ILjava/lang/Object;Ljava/lang/Object;ZZ)Ljava/lang/Object; @ 91 c2
Event: 0,193 Thread 0x00007fc024016e60 DEOPT PACKING pc=0x00007fc014db7884 sp=0x00007fc02bc8dbc0
Event: 0,193 Thread 0x00007fc024016e60 DEOPT UNPACKING pc=0x00007fc0146be399 sp=0x00007fc02bc8db80 mode 2

Classes unloaded (0 events):
No events

Classes redefined (0 events):
No events

Internal exceptions (14 events):
Event: 0,025 Thread 0x00007fc024016e60 Exception <a 'java/lang/NoSuchMethodError'{0x00000000eaca36e8}: 'void java.lang.invoke.DirectMethodHandle$Holder.invokeStatic(java.lang.Object, java.lang.Object, java.lang.Object)'> (0x00000000eaca36e8) 
thrown [./src/hotspot/share/interpreter/linkResolver.cpp, line 758]
Event: 0,065 Thread 0x00007fc024016e60 Exception <a 'java/lang/reflect/InvocationTargetException'{0x00000000eb063ed8}> (0x00000000eb063ed8) 
thrown [./src/hotspot/share/runtime/reflection.cpp, line 1119]
Event: 0,147 Thread 0x00007fc024016e60 Exception <a 'java/io/FileNotFoundException'{0x00000000eb882530}> (0x00000000eb882530) 
thrown [./src/hotspot/share/prims/jni.cpp, line 516]
Event: 0,147 Thread 0x00007fc024016e60 Exception <a 'java/io/FileNotFoundException'{0x00000000eb882fd0}> (0x00000000eb882fd0) 
thrown [./src/hotspot/share/prims/jni.cpp, line 516]
Event: 0,147 Thread 0x00007fc024016e60 Exception <a 'java/io/FileNotFoundException'{0x00000000eb883a48}> (0x00000000eb883a48) 
thrown [./src/hotspot/share/prims/jni.cpp, line 516]
Event: 0,147 Thread 0x00007fc024016e60 Exception <a 'java/io/FileNotFoundException'{0x00000000eb8845f8}> (0x00000000eb8845f8) 
thrown [./src/hotspot/share/prims/jni.cpp, line 516]
Event: 0,151 Thread 0x00007fc024016e60 Exception <a 'java/io/FileNotFoundException'{0x00000000eb8c32e8}> (0x00000000eb8c32e8) 
thrown [./src/hotspot/share/prims/jni.cpp, line 516]
Event: 0,168 Thread 0x00007fc024016e60 Exception <a 'java/lang/NoSuchMethodError'{0x00000000eb916308}: 'java.lang.Object java.lang.invoke.DirectMethodHandle$Holder.invokeStaticInit(java.lang.Object)'> (0x00000000eb916308) 
thrown [./src/hotspot/share/interpreter/linkResolver.cpp, line 758]
Event: 0,170 Thread 0x00007fc024016e60 Exception <a 'java/lang/NoSuchMethodError'{0x00000000eb92eac0}: 'java.lang.Object java.lang.invoke.DirectMethodHandle$Holder.invokeStaticInit(java.lang.Object, java.lang.Object, long, java.lang.Object)'> (0x00000000eb92eac0) 
thrown [./src/hotspot/share/interpreter/linkResolver.cpp, line 758]
Event: 0,170 Thread 0x00007fc024016e60 Exception <a 'java/lang/NoSuchMethodError'{0x00000000eb935220}: 'java.lang.Object java.lang.invoke.DirectMethodHandle$Holder.newInvokeSpecial(java.lang.Object, java.lang.Object, long)'> (0x00000000eb935220) 
thrown [./src/hotspot/share/interpreter/linkResolver.cpp, line 758]
Event: 0,170 Thread 0x00007fc024016e60 Exception <a 'java/lang/NoSuchMethodError'{0x00000000eb939510}: 'java.lang.Object java.lang.invoke.Invokers$Holder.linkToTargetMethod(java.lang.Object, long, java.lang.Object)'> (0x00000000eb939510) 
thrown [./src/hotspot/share/interpreter/linkResolver.cpp, line 758]
Event: 0,172 Thread 0x00007fc024016e60 Exception <a 'java/lang/NoSuchMethodError'{0x00000000eb96ba58}: 'java.lang.Object java.lang.invoke.DirectMethodHandle$Holder.newInvokeSpecial(java.lang.Object, java.lang.Object, java.lang.Object, int)'> (0x00000000eb96ba58) 
thrown [./src/hotspot/share/interpreter/linkResolver.cpp, line 758]
Event: 0,173 Thread 0x00007fc024016e60 Exception <a 'java/lang/NoSuchMethodError'{0x00000000eb96fe38}: 'java.lang.Object java.lang.invoke.DirectMethodHandle$Holder.invokeSpecial(java.lang.Object, java.lang.Object, java.lang.Object, java.lang.Object, int)'> (0x00000000eb96fe38) 
thrown [./src/hotspot/share/interpreter/linkResolver.cpp, line 758]
Event: 0,173 Thread 0x00007fc024016e60 Exception <a 'java/lang/NoSuchMethodError'{0x00000000eb973a00}: 'java.lang.Object java.lang.invoke.Invokers$Holder.linkToTargetMethod(java.lang.Object, java.lang.Object, int, java.lang.Object)'> (0x00000000eb973a00) 
thrown [./src/hotspot/share/interpreter/linkResolver.cpp, line 758]

VM Operations (8 events):
Event: 0,026 Executing VM operation: HandshakeAllThreads
Event: 0,026 Executing VM operation: HandshakeAllThreads done
Event: 0,053 Executing VM operation: HandshakeAllThreads
Event: 0,053 Executing VM operation: HandshakeAllThreads done
Event: 0,137 Executing VM operation: HandshakeAllThreads
Event: 0,137 Executing VM operation: HandshakeAllThreads done
Event: 0,145 Executing VM operation: HandshakeAllThreads
Event: 0,145 Executing VM operation: HandshakeAllThreads done

Events (20 events):
Event: 0,178 loading class java/lang/UnsatisfiedLinkError
Event: 0,178 loading class java/lang/UnsatisfiedLinkError done
Event: 0,178 loading class java/nio/file/AccessMode
Event: 0,178 loading class java/nio/file/AccessMode done
Event: 0,178 loading class sun/nio/fs/UnixFileSystemProvider$3
Event: 0,178 loading class sun/nio/fs/UnixFileSystemProvider$3 done
Event: 0,178 loading class org/eclipse/equinox/launcher/Main$Identifier
Event: 0,178 loading class org/eclipse/equinox/launcher/Main$Identifier done
Event: 0,178 loading class org/eclipse/core/runtime/adaptor/EclipseStarter
Event: 0,178 loading class org/eclipse/core/runtime/adaptor/EclipseStarter done
Event: 0,178 loading class java/net/URLClassLoader$1
Event: 0,178 loading class java/net/URLClassLoader$1 done
Event: 0,189 loading class sun/security/x509/RFC822Name
Event: 0,189 loading class sun/security/x509/RFC822Name done
Event: 0,193 loading class sun/security/rsa/RSASignature$SHA384withRSA
Event: 0,193 loading class sun/security/rsa/RSASignature$SHA384withRSA done
Event: 0,194 loading class sun/security/provider/SHA5$SHA384
Event: 0,194 loading class sun/security/provider/SHA5
Event: 0,194 loading class sun/security/provider/SHA5 done
Event: 0,194 loading class sun/security/provider/SHA5$SHA384 done


Dynamic libraries:
c0000000-c4300000 rw-p 00000000 00:00 0 
c4300000-eab00000 ---p 00000000 00:00 0 
eab00000-ecc00000 rw-p 00000000 00:00 0 
ecc00000-100000000 ---p 00000000 00:00 0 
800000000-800be3000 rw-p 00001000 103:02 3543126                         /usr/lib/jvm/java-17-openjdk-amd64/lib/server/classes.jsa
800be3000-800c00000 ---p 00000000 00:00 0 
800c00000-800c10000 rw-p 00000000 00:00 0 
800c10000-800c20000 ---p 00000000 00:00 0 
800c20000-800c30000 rw-p 00000000 00:00 0 
800c30000-800c40000 ---p 00000000 00:00 0 
800c40000-800c80000 rw-p 00000000 00:00 0 
800c80000-840c00000 ---p 00000000 00:00 0 
55e1d0aec000-55e1d0aed000 r--p 00000000 103:02 3166030                   /usr/lib/jvm/java-17-openjdk-amd64/bin/java
55e1d0aed000-55e1d0aee000 r-xp 00001000 103:02 3166030                   /usr/lib/jvm/java-17-openjdk-amd64/bin/java
55e1d0aee000-55e1d0aef000 r--p 00002000 103:02 3166030                   /usr/lib/jvm/java-17-openjdk-amd64/bin/java
55e1d0aef000-55e1d0af0000 r--p 00002000 103:02 3166030                   /usr/lib/jvm/java-17-openjdk-amd64/bin/java
55e1d0af0000-55e1d0af1000 rw-p 00003000 103:02 3166030                   /usr/lib/jvm/java-17-openjdk-amd64/bin/java
55e1d17a6000-55e1d17ec000 rw-p 00000000 00:00 0                          [heap]
7fbfb8000000-7fbfb8021000 rw-p 00000000 00:00 0 
7fbfb8021000-7fbfbc000000 ---p 00000000 00:00 0 
7fbfc0000000-7fbfc0335000 rw-p 00000000 00:00 0 
7fbfc0335000-7fbfc4000000 ---p 00000000 00:00 0 
7fbfc4000000-7fbfc408b000 rw-p 00000000 00:00 0 
7fbfc408b000-7fbfc8000000 ---p 00000000 00:00 0 
7fbfc8000000-7fbfc8021000 rw-p 00000000 00:00 0 
7fbfc8021000-7fbfcc000000 ---p 00000000 00:00 0 
7fbfcc000000-7fbfcc021000 rw-p 00000000 00:00 0 
7fbfcc021000-7fbfd0000000 ---p 00000000 00:00 0 
7fbfd0000000-7fbfd007c000 rw-p 00000000 00:00 0 
7fbfd007c000-7fbfd4000000 ---p 00000000 00:00 0 
7fbfd4000000-7fbfd42c9000 rw-p 00000000 00:00 0 
7fbfd42c9000-7fbfd8000000 ---p 00000000 00:00 0 
7fbfd8000000-7fbfd8021000 rw-p 00000000 00:00 0 
7fbfd8021000-7fbfdc000000 ---p 00000000 00:00 0 
7fbfdc000000-7fbfdc07c000 rw-p 00000000 00:00 0 
7fbfdc07c000-7fbfe0000000 ---p 00000000 00:00 0 
7fbfe0000000-7fbfe01b9000 rw-p 00000000 00:00 0 
7fbfe01b9000-7fbfe4000000 ---p 00000000 00:00 0 
7fbfe4000000-7fbfe4021000 rw-p 00000000 00:00 0 
7fbfe4021000-7fbfe8000000 ---p 00000000 00:00 0 
7fbfe8000000-7fbfe8021000 rw-p 00000000 00:00 0 
7fbfe8021000-7fbfec000000 ---p 00000000 00:00 0 
7fbfec000000-7fbfec522000 rw-p 00000000 00:00 0 
7fbfec522000-7fbff0000000 ---p 00000000 00:00 0 
7fbff0000000-7fbff0021000 rw-p 00000000 00:00 0 
7fbff0021000-7fbff4000000 ---p 00000000 00:00 0 
7fbff4000000-7fbff4021000 rw-p 00000000 00:00 0 
7fbff4021000-7fbff8000000 ---p 00000000 00:00 0 
7fbff8000000-7fbff8021000 rw-p 00000000 00:00 0 
7fbff8021000-7fbffc000000 ---p 00000000 00:00 0 
7fbffc000000-7fbffc021000 rw-p 00000000 00:00 0 
7fbffc021000-7fc000000000 ---p 00000000 00:00 0 
7fc000000000-7fc000021000 rw-p 00000000 00:00 0 
7fc000021000-7fc004000000 ---p 00000000 00:00 0 
7fc005209000-7fc00520d000 ---p 00000000 00:00 0 
7fc00520d000-7fc00530a000 rw-p 00000000 00:00 0 
7fc00530a000-7fc00530e000 ---p 00000000 00:00 0 
7fc00530e000-7fc00540b000 rw-p 00000000 00:00 0 
7fc00540b000-7fc00540c000 ---p 00000000 00:00 0 
7fc00540c000-7fc00550d000 rw-p 00000000 00:00 0 
7fc00550d000-7fc005511000 ---p 00000000 00:00 0 
7fc005511000-7fc00560e000 rw-p 00000000 00:00 0 
7fc00560e000-7fc005612000 ---p 00000000 00:00 0 
7fc005612000-7fc00570f000 rw-p 00000000 00:00 0 
7fc00570f000-7fc005713000 ---p 00000000 00:00 0 
7fc005713000-7fc005810000 rw-p 00000000 00:00 0 
7fc005810000-7fc005814000 ---p 00000000 00:00 0 
7fc005814000-7fc005911000 rw-p 00000000 00:00 0 
7fc005911000-7fc005915000 ---p 00000000 00:00 0 
7fc005915000-7fc005a12000 rw-p 00000000 00:00 0 
7fc005a12000-7fc005a16000 ---p 00000000 00:00 0 
7fc005a16000-7fc005b13000 rw-p 00000000 00:00 0 
7fc005b13000-7fc005b17000 ---p 00000000 00:00 0 
7fc005b17000-7fc005c14000 rw-p 00000000 00:00 0 
7fc005c14000-7fc005c18000 ---p 00000000 00:00 0 
7fc005c18000-7fc005d15000 rw-p 00000000 00:00 0 
7fc005d15000-7fc005d19000 ---p 00000000 00:00 0 
7fc005d19000-7fc005e16000 rw-p 00000000 00:00 0 
7fc005e16000-7fc005e1a000 ---p 00000000 00:00 0 
7fc005e1a000-7fc005f17000 rw-p 00000000 00:00 0 
7fc005f17000-7fc005f1b000 ---p 00000000 00:00 0 
7fc005f1b000-7fc006018000 rw-p 00000000 00:00 0 
7fc006018000-7fc0062ff000 r--p 00000000 103:02 3168159                   /usr/lib/locale/locale-archive
7fc0062ff000-7fc006303000 ---p 00000000 00:00 0 
7fc006303000-7fc0066d0000 rw-p 00000000 00:00 0 
7fc0066d0000-7fc006800000 ---p 00000000 00:00 0 
7fc006800000-7fc006860000 rw-p 00000000 00:00 0 
7fc006860000-7fc006c00000 ---p 00000000 00:00 0 
7fc006cec000-7fc006cf0000 ---p 00000000 00:00 0 
7fc006cf0000-7fc006ded000 rw-p 00000000 00:00 0 
7fc006ded000-7fc006dee000 ---p 00000000 00:00 0 
7fc006dee000-7fc008000000 rw-p 00000000 00:00 0 
7fc008000000-7fc008021000 rw-p 00000000 00:00 0 
7fc008021000-7fc00c000000 ---p 00000000 00:00 0 
7fc00c092000-7fc00c096000 ---p 00000000 00:00 0 
7fc00c096000-7fc00c0b4000 rw-p 00000000 00:00 0 
7fc00c0b4000-7fc00c0bb000 r--s 00000000 103:02 3194164                   /usr/lib/x86_64-linux-gnu/gconv/gconv-modules.cache
7fc00c0bb000-7fc00c0e0000 r--p 00000000 103:02 3152389                   /usr/share/locale/fr/LC_MESSAGES/libc.mo
7fc00c0e0000-7fc00c0e4000 r--p 00000000 103:02 3191076                   /usr/lib/jvm/java-17-openjdk-amd64/lib/libnet.so
7fc00c0e4000-7fc00c0f2000 r-xp 00004000 103:02 3191076                   /usr/lib/jvm/java-17-openjdk-amd64/lib/libnet.so
7fc00c0f2000-7fc00c0f6000 r--p 00012000 103:02 3191076                   /usr/lib/jvm/java-17-openjdk-amd64/lib/libnet.so
7fc00c0f6000-7fc00c0f7000 r--p 00015000 103:02 3191076                   /usr/lib/jvm/java-17-openjdk-amd64/lib/libnet.so
7fc00c0f7000-7fc00c0f8000 rw-p 00016000 103:02 3191076                   /usr/lib/jvm/java-17-openjdk-amd64/lib/libnet.so
7fc00c0f8000-7fc00d209000 rw-p 00000000 00:00 0 
7fc00d209000-7fc00d479000 rwxp 00000000 00:00 0 
7fc00d479000-7fc014668000 ---p 00000000 00:00 0 
7fc014668000-7fc0148d8000 rwxp 00000000 00:00 0 
7fc0148d8000-7fc014da9000 ---p 00000000 00:00 0 
7fc014da9000-7fc015019000 rwxp 00000000 00:00 0 
7fc015019000-7fc01c209000 ---p 00000000 00:00 0 
7fc01c209000-7fc024000000 r--s 00000000 103:02 3192854                   /usr/lib/jvm/java-17-openjdk-amd64/lib/modules
7fc024000000-7fc024446000 rw-p 00000000 00:00 0 
7fc024446000-7fc028000000 ---p 00000000 00:00 0 
7fc028001000-7fc028005000 r--p 00000000 103:02 3192852                   /usr/lib/jvm/java-17-openjdk-amd64/lib/libverify.so
7fc028005000-7fc02800c000 r-xp 00004000 103:02 3192852                   /usr/lib/jvm/java-17-openjdk-amd64/lib/libverify.so
7fc02800c000-7fc02800e000 r--p 0000b000 103:02 3192852                   /usr/lib/jvm/java-17-openjdk-amd64/lib/libverify.so
7fc02800e000-7fc028010000 r--p 0000c000 103:02 3192852                   /usr/lib/jvm/java-17-openjdk-amd64/lib/libverify.so
7fc028010000-7fc028011000 rw-p 0000e000 103:02 3192852                   /usr/lib/jvm/java-17-openjdk-amd64/lib/libverify.so
7fc028011000-7fc028017000 r--p 00000000 103:02 3191077                   /usr/lib/jvm/java-17-openjdk-amd64/lib/libnio.so
7fc028017000-7fc02801f000 r-xp 00006000 103:02 3191077                   /usr/lib/jvm/java-17-openjdk-amd64/lib/libnio.so
7fc02801f000-7fc028023000 r--p 0000e000 103:02 3191077                   /usr/lib/jvm/java-17-openjdk-amd64/lib/libnio.so
7fc028023000-7fc028024000 ---p 00012000 103:02 3191077                   /usr/lib/jvm/java-17-openjdk-amd64/lib/libnio.so
7fc028024000-7fc028025000 r--p 00012000 103:02 3191077                   /usr/lib/jvm/java-17-openjdk-amd64/lib/libnio.so
7fc028025000-7fc028026000 rw-p 00013000 103:02 3191077                   /usr/lib/jvm/java-17-openjdk-amd64/lib/libnio.so
7fc028026000-7fc02802b000 r--p 00000000 103:02 3191070                   /usr/lib/jvm/java-17-openjdk-amd64/lib/libjsvml.so
7fc02802b000-7fc02806c000 r-xp 00005000 103:02 3191070                   /usr/lib/jvm/java-17-openjdk-amd64/lib/libjsvml.so
7fc02806c000-7fc0280f5000 r--p 00046000 103:02 3191070                   /usr/lib/jvm/java-17-openjdk-amd64/lib/libjsvml.so
7fc0280f5000-7fc0280f6000 r--p 000ce000 103:02 3191070                   /usr/lib/jvm/java-17-openjdk-amd64/lib/libjsvml.so
7fc0280f6000-7fc0280f7000 rw-p 000cf000 103:02 3191070                   /usr/lib/jvm/java-17-openjdk-amd64/lib/libjsvml.so
7fc0280f7000-7fc02ac52000 rw-p 00000000 00:00 0 
7fc02ac52000-7fc02ad86000 ---p 00000000 00:00 0 
7fc02ad86000-7fc02ad87000 ---p 00000000 00:00 0 
7fc02ad87000-7fc02aeaa000 rw-p 00000000 00:00 0 
7fc02aeaa000-7fc02afdd000 ---p 00000000 00:00 0 
7fc02afdd000-7fc02afee000 rw-p 00000000 00:00 0 
7fc02afee000-7fc02b088000 ---p 00000000 00:00 0 
7fc02b088000-7fc02b08e000 rw-p 00000000 00:00 0 
7fc02b08e000-7fc02b172000 ---p 00000000 00:00 0 
7fc02b172000-7fc02b177000 rw-p 00000000 00:00 0 
7fc02b177000-7fc02b25b000 ---p 00000000 00:00 0 
7fc02b25b000-7fc02bb2f000 r--s 00000000 103:02 789470                    /var/lib/sss/mc/passwd
7fc02bb2f000-7fc02bb31000 r--p 00000000 103:02 3175991                   /usr/lib/x86_64-linux-gnu/libnss_sss.so.2
7fc02bb31000-7fc02bb38000 r-xp 00002000 103:02 3175991                   /usr/lib/x86_64-linux-gnu/libnss_sss.so.2
7fc02bb38000-7fc02bb3a000 r--p 00009000 103:02 3175991                   /usr/lib/x86_64-linux-gnu/libnss_sss.so.2
7fc02bb3a000-7fc02bb3b000 r--p 0000a000 103:02 3175991                   /usr/lib/x86_64-linux-gnu/libnss_sss.so.2
7fc02bb3b000-7fc02bb3c000 rw-p 0000b000 103:02 3175991                   /usr/lib/x86_64-linux-gnu/libnss_sss.so.2
7fc02bb3c000-7fc02bb3e000 r--p 00000000 103:02 3177338                   /usr/lib/x86_64-linux-gnu/libnss_compat-2.31.so
7fc02bb3e000-7fc02bb44000 r-xp 00002000 103:02 3177338                   /usr/lib/x86_64-linux-gnu/libnss_compat-2.31.so
7fc02bb44000-7fc02bb45000 r--p 00008000 103:02 3177338                   /usr/lib/x86_64-linux-gnu/libnss_compat-2.31.so
7fc02bb45000-7fc02bb46000 ---p 00009000 103:02 3177338                   /usr/lib/x86_64-linux-gnu/libnss_compat-2.31.so
7fc02bb46000-7fc02bb47000 r--p 00009000 103:02 3177338                   /usr/lib/x86_64-linux-gnu/libnss_compat-2.31.so
7fc02bb47000-7fc02bb48000 rw-p 0000a000 103:02 3177338                   /usr/lib/x86_64-linux-gnu/libnss_compat-2.31.so
7fc02bb4c000-7fc02bb51000 rw-p 00000000 00:00 0 
7fc02bb51000-7fc02bb5b000 ---p 00000000 00:00 0 
7fc02bb5b000-7fc02bb5d000 r--s 0000c000 103:02 3682863                   /usr/share/java/java-atk-wrapper.jar
7fc02bb5d000-7fc02bb5f000 r--p 00000000 103:02 3192853                   /usr/lib/jvm/java-17-openjdk-amd64/lib/libzip.so
7fc02bb5f000-7fc02bb63000 r-xp 00002000 103:02 3192853                   /usr/lib/jvm/java-17-openjdk-amd64/lib/libzip.so
7fc02bb63000-7fc02bb65000 r--p 00006000 103:02 3192853                   /usr/lib/jvm/java-17-openjdk-amd64/lib/libzip.so
7fc02bb65000-7fc02bb66000 r--p 00007000 103:02 3192853                   /usr/lib/jvm/java-17-openjdk-amd64/lib/libzip.so
7fc02bb66000-7fc02bb67000 rw-p 00008000 103:02 3192853                   /usr/lib/jvm/java-17-openjdk-amd64/lib/libzip.so
7fc02bb67000-7fc02bb73000 r--p 00000000 103:02 3191062                   /usr/lib/jvm/java-17-openjdk-amd64/lib/libjava.so
7fc02bb73000-7fc02bb85000 r-xp 0000c000 103:02 3191062                   /usr/lib/jvm/java-17-openjdk-amd64/lib/libjava.so
7fc02bb85000-7fc02bb8b000 r--p 0001e000 103:02 3191062                   /usr/lib/jvm/java-17-openjdk-amd64/lib/libjava.so
7fc02bb8b000-7fc02bb8c000 ---p 00024000 103:02 3191062                   /usr/lib/jvm/java-17-openjdk-amd64/lib/libjava.so
7fc02bb8c000-7fc02bb8d000 r--p 00024000 103:02 3191062                   /usr/lib/jvm/java-17-openjdk-amd64/lib/libjava.so
7fc02bb8d000-7fc02bb8e000 rw-p 00025000 103:02 3191062                   /usr/lib/jvm/java-17-openjdk-amd64/lib/libjava.so
7fc02bb8e000-7fc02bb8f000 rw-p 00000000 00:00 0 
7fc02bb8f000-7fc02bb93000 ---p 00000000 00:00 0 
7fc02bb93000-7fc02bc90000 rw-p 00000000 00:00 0 
7fc02bc90000-7fc02bc93000 r--p 00000000 103:02 3147348                   /usr/lib/x86_64-linux-gnu/libgcc_s.so.1
7fc02bc93000-7fc02bca4000 r-xp 00003000 103:02 3147348                   /usr/lib/x86_64-linux-gnu/libgcc_s.so.1
7fc02bca4000-7fc02bca8000 r--p 00014000 103:02 3147348                   /usr/lib/x86_64-linux-gnu/libgcc_s.so.1
7fc02bca8000-7fc02bca9000 r--p 00017000 103:02 3147348                   /usr/lib/x86_64-linux-gnu/libgcc_s.so.1
7fc02bca9000-7fc02bcaa000 rw-p 00018000 103:02 3147348                   /usr/lib/x86_64-linux-gnu/libgcc_s.so.1
7fc02bcaa000-7fc02bcb7000 r--p 00000000 103:02 3168944                   /usr/lib/x86_64-linux-gnu/libm-2.31.so
7fc02bcb7000-7fc02bd51000 r-xp 0000d000 103:02 3168944                   /usr/lib/x86_64-linux-gnu/libm-2.31.so
7fc02bd51000-7fc02bdec000 r--p 000a7000 103:02 3168944                   /usr/lib/x86_64-linux-gnu/libm-2.31.so
7fc02bdec000-7fc02bded000 r--p 00141000 103:02 3168944                   /usr/lib/x86_64-linux-gnu/libm-2.31.so
7fc02bded000-7fc02bdee000 rw-p 00142000 103:02 3168944                   /usr/lib/x86_64-linux-gnu/libm-2.31.so
7fc02bdee000-7fc02be84000 r--p 00000000 103:02 3148088                   /usr/lib/x86_64-linux-gnu/libstdc++.so.6.0.28
7fc02be84000-7fc02bf60000 r-xp 00096000 103:02 3148088                   /usr/lib/x86_64-linux-gnu/libstdc++.so.6.0.28
7fc02bf60000-7fc02bfaa000 r--p 00172000 103:02 3148088                   /usr/lib/x86_64-linux-gnu/libstdc++.so.6.0.28
7fc02bfaa000-7fc02bfb5000 r--p 001bb000 103:02 3148088                   /usr/lib/x86_64-linux-gnu/libstdc++.so.6.0.28
7fc02bfb5000-7fc02bfb8000 rw-p 001c6000 103:02 3148088                   /usr/lib/x86_64-linux-gnu/libstdc++.so.6.0.28
7fc02bfb8000-7fc02bfbb000 rw-p 00000000 00:00 0 
7fc02bfbb000-7fc02c20b000 r--p 00000000 103:02 3561119                   /usr/lib/jvm/java-17-openjdk-amd64/lib/server/libjvm.so
7fc02c20b000-7fc02cf58000 r-xp 00250000 103:02 3561119                   /usr/lib/jvm/java-17-openjdk-amd64/lib/server/libjvm.so
7fc02cf58000-7fc02d1e1000 r--p 00f9d000 103:02 3561119                   /usr/lib/jvm/java-17-openjdk-amd64/lib/server/libjvm.so
7fc02d1e1000-7fc02d1e2000 ---p 01226000 103:02 3561119                   /usr/lib/jvm/java-17-openjdk-amd64/lib/server/libjvm.so
7fc02d1e2000-7fc02d29a000 r--p 01226000 103:02 3561119                   /usr/lib/jvm/java-17-openjdk-amd64/lib/server/libjvm.so
7fc02d29a000-7fc02d2cf000 rw-p 012de000 103:02 3561119                   /usr/lib/jvm/java-17-openjdk-amd64/lib/server/libjvm.so
7fc02d2cf000-7fc02d32a000 rw-p 00000000 00:00 0 
7fc02d32a000-7fc02d330000 r--p 00000000 103:02 3177343                   /usr/lib/x86_64-linux-gnu/libpthread-2.31.so
7fc02d330000-7fc02d340000 r-xp 00006000 103:02 3177343                   /usr/lib/x86_64-linux-gnu/libpthread-2.31.so
7fc02d340000-7fc02d346000 r--p 00016000 103:02 3177343                   /usr/lib/x86_64-linux-gnu/libpthread-2.31.so
7fc02d346000-7fc02d347000 r--p 0001b000 103:02 3177343                   /usr/lib/x86_64-linux-gnu/libpthread-2.31.so
7fc02d347000-7fc02d348000 rw-p 0001c000 103:02 3177343                   /usr/lib/x86_64-linux-gnu/libpthread-2.31.so
7fc02d348000-7fc02d34c000 rw-p 00000000 00:00 0 
7fc02d34c000-7fc02d34d000 r--p 00000000 103:02 3168943                   /usr/lib/x86_64-linux-gnu/libdl-2.31.so
7fc02d34d000-7fc02d34f000 r-xp 00001000 103:02 3168943                   /usr/lib/x86_64-linux-gnu/libdl-2.31.so
7fc02d34f000-7fc02d350000 r--p 00003000 103:02 3168943                   /usr/lib/x86_64-linux-gnu/libdl-2.31.so
7fc02d350000-7fc02d351000 r--p 00003000 103:02 3168943                   /usr/lib/x86_64-linux-gnu/libdl-2.31.so
7fc02d351000-7fc02d352000 rw-p 00004000 103:02 3168943                   /usr/lib/x86_64-linux-gnu/libdl-2.31.so
7fc02d352000-7fc02d355000 r--p 00000000 103:02 3147157                   /usr/lib/x86_64-linux-gnu/libz.so.1.2.11
7fc02d355000-7fc02d366000 r-xp 00003000 103:02 3147157                   /usr/lib/x86_64-linux-gnu/libz.so.1.2.11
7fc02d366000-7fc02d36c000 r--p 00014000 103:02 3147157                   /usr/lib/x86_64-linux-gnu/libz.so.1.2.11
7fc02d36c000-7fc02d36d000 ---p 0001a000 103:02 3147157                   /usr/lib/x86_64-linux-gnu/libz.so.1.2.11
7fc02d36d000-7fc02d36e000 r--p 0001a000 103:02 3147157                   /usr/lib/x86_64-linux-gnu/libz.so.1.2.11
7fc02d36e000-7fc02d36f000 rw-p 0001b000 103:02 3147157                   /usr/lib/x86_64-linux-gnu/libz.so.1.2.11
7fc02d36f000-7fc02d391000 r--p 00000000 103:02 3168942                   /usr/lib/x86_64-linux-gnu/libc-2.31.so
7fc02d391000-7fc02d4ea000 r-xp 00022000 103:02 3168942                   /usr/lib/x86_64-linux-gnu/libc-2.31.so
7fc02d4ea000-7fc02d539000 r--p 0017b000 103:02 3168942                   /usr/lib/x86_64-linux-gnu/libc-2.31.so
7fc02d539000-7fc02d53d000 r--p 001c9000 103:02 3168942                   /usr/lib/x86_64-linux-gnu/libc-2.31.so
7fc02d53d000-7fc02d53f000 rw-p 001cd000 103:02 3168942                   /usr/lib/x86_64-linux-gnu/libc-2.31.so
7fc02d53f000-7fc02d543000 rw-p 00000000 00:00 0 
7fc02d543000-7fc02d54b000 rw-s 00000000 103:02 1837501                   /tmp/hsperfdata_quentin.moutte.etu/89056
7fc02d54b000-7fc02d54c000 r--p 00000000 103:02 3191052                   /usr/lib/jvm/java-17-openjdk-amd64/lib/libinstrument.so
7fc02d54c000-7fc02d552000 r-xp 00001000 103:02 3191052                   /usr/lib/jvm/java-17-openjdk-amd64/lib/libinstrument.so
7fc02d552000-7fc02d555000 r--p 00007000 103:02 3191052                   /usr/lib/jvm/java-17-openjdk-amd64/lib/libinstrument.so
7fc02d555000-7fc02d556000 r--p 00009000 103:02 3191052                   /usr/lib/jvm/java-17-openjdk-amd64/lib/libinstrument.so
7fc02d556000-7fc02d557000 rw-p 0000a000 103:02 3191052                   /usr/lib/jvm/java-17-openjdk-amd64/lib/libinstrument.so
7fc02d557000-7fc02d558000 ---p 00000000 00:00 0 
7fc02d558000-7fc02d559000 r--p 00000000 00:00 0 
7fc02d559000-7fc02d55b000 r--p 00000000 103:02 3191066                   /usr/lib/jvm/java-17-openjdk-amd64/lib/libjimage.so
7fc02d55b000-7fc02d55e000 r-xp 00002000 103:02 3191066                   /usr/lib/jvm/java-17-openjdk-amd64/lib/libjimage.so
7fc02d55e000-7fc02d55f000 r--p 00005000 103:02 3191066                   /usr/lib/jvm/java-17-openjdk-amd64/lib/libjimage.so
7fc02d55f000-7fc02d560000 ---p 00006000 103:02 3191066                   /usr/lib/jvm/java-17-openjdk-amd64/lib/libjimage.so
7fc02d560000-7fc02d561000 r--p 00006000 103:02 3191066                   /usr/lib/jvm/java-17-openjdk-amd64/lib/libjimage.so
7fc02d561000-7fc02d562000 rw-p 00007000 103:02 3191066                   /usr/lib/jvm/java-17-openjdk-amd64/lib/libjimage.so
7fc02d562000-7fc02d564000 r--p 00000000 103:02 3191067                   /usr/lib/jvm/java-17-openjdk-amd64/lib/libjli.so
7fc02d564000-7fc02d56e000 r-xp 00002000 103:02 3191067                   /usr/lib/jvm/java-17-openjdk-amd64/lib/libjli.so
7fc02d56e000-7fc02d571000 r--p 0000c000 103:02 3191067                   /usr/lib/jvm/java-17-openjdk-amd64/lib/libjli.so
7fc02d571000-7fc02d572000 ---p 0000f000 103:02 3191067                   /usr/lib/jvm/java-17-openjdk-amd64/lib/libjli.so
7fc02d572000-7fc02d573000 r--p 0000f000 103:02 3191067                   /usr/lib/jvm/java-17-openjdk-amd64/lib/libjli.so
7fc02d573000-7fc02d574000 rw-p 00010000 103:02 3191067                   /usr/lib/jvm/java-17-openjdk-amd64/lib/libjli.so
7fc02d574000-7fc02d576000 rw-p 00000000 00:00 0 
7fc02d576000-7fc02d577000 r--p 00000000 103:02 3168849                   /usr/lib/x86_64-linux-gnu/ld-2.31.so
7fc02d577000-7fc02d597000 r-xp 00001000 103:02 3168849                   /usr/lib/x86_64-linux-gnu/ld-2.31.so
7fc02d597000-7fc02d59f000 r--p 00021000 103:02 3168849                   /usr/lib/x86_64-linux-gnu/ld-2.31.so
7fc02d59f000-7fc02d5a0000 ---p 00000000 00:00 0 
7fc02d5a0000-7fc02d5a1000 r--p 00029000 103:02 3168849                   /usr/lib/x86_64-linux-gnu/ld-2.31.so
7fc02d5a1000-7fc02d5a2000 rw-p 0002a000 103:02 3168849                   /usr/lib/x86_64-linux-gnu/ld-2.31.so
7fc02d5a2000-7fc02d5a3000 rw-p 00000000 00:00 0 
7fff3ca3b000-7fff3ca5c000 rw-p 00000000 00:00 0                          [stack]
7fff3cba4000-7fff3cba8000 r--p 00000000 00:00 0                          [vvar]
7fff3cba8000-7fff3cbaa000 r-xp 00000000 00:00 0                          [vdso]


VM Arguments:
jvm_args: --add-modules=ALL-SYSTEM --add-opens=java.base/java.util=ALL-UNNAMED --add-opens=java.base/java.lang=ALL-UNNAMED --add-opens=java.base/sun.nio.fs=ALL-UNNAMED -Declipse.application=org.eclipse.jdt.ls.core.id1 -Dosgi.bundles.defaultStartLevel=4 -Declipse.product=org.eclipse.jdt.ls.core.product -Djava.import.generatesMetadataFilesAtProjectRoot=false -Dfile.encoding=utf8 -XX:+UseParallelGC -XX:GCTimeRatio=4 -XX:AdaptiveSizePolicyWeight=90 -Dsun.zip.disableMemoryMapping=true -Xmx1G -Xms100m -Xlog:disable -javaagent:/home/infoetu/quentin.moutte.etu/.vscode-oss/extensions/redhat.java-1.18.0-universal/lombok/lombok-1.18.27.jar 
java_command: /home/infoetu/quentin.moutte.etu/.vscode-oss/extensions/redhat.java-1.18.0-universal/server/plugins/org.eclipse.equinox.launcher_1.6.400.v20210924-0641.jar -configuration /home/infoetu/quentin.moutte.etu/.config/VSCodium/User/globalStorage/redhat.java/1.18.0/config_ss_linux -data /home/infoetu/quentin.moutte.etu/.config/VSCodium/User/workspaceStorage/bba4e4735a77dc069042abacbee27294/redhat.java/ss_ws
java_class_path (initial): /home/infoetu/quentin.moutte.etu/.vscode-oss/extensions/redhat.java-1.18.0-universal/server/plugins/org.eclipse.equinox.launcher_1.6.400.v20210924-0641.jar
Launcher Type: SUN_STANDARD

[Global flags]
    uintx AdaptiveSizePolicyWeight                 = 90                                        {product} {command line}
     intx CICompilerCount                          = 12                                        {product} {ergonomic}
    uintx GCTimeRatio                              = 4                                         {product} {command line}
   size_t InitialHeapSize                          = 104857600                                 {product} {command line}
   size_t MaxHeapSize                              = 1073741824                                {product} {command line}
   size_t MaxNewSize                               = 357564416                                 {product} {ergonomic}
   size_t MinHeapDeltaBytes                        = 524288                                    {product} {ergonomic}
   size_t MinHeapSize                              = 104857600                                 {product} {command line}
   size_t NewSize                                  = 34603008                                  {product} {ergonomic}
    uintx NonNMethodCodeHeapSize                   = 7602480                                {pd product} {ergonomic}
    uintx NonProfiledCodeHeapSize                  = 122027880                              {pd product} {ergonomic}
   size_t OldSize                                  = 70254592                                  {product} {ergonomic}
    uintx ProfiledCodeHeapSize                     = 122027880                              {pd product} {ergonomic}
    uintx ReservedCodeCacheSize                    = 251658240                              {pd product} {ergonomic}
     bool SegmentedCodeCache                       = true                                      {product} {ergonomic}
   size_t SoftMaxHeapSize                          = 1073741824                             {manageable} {ergonomic}
     bool UseCompressedClassPointers               = true                           {product lp64_product} {ergonomic}
     bool UseCompressedOops                        = true                           {product lp64_product} {ergonomic}
     bool UseParallelGC                            = true                                      {product} {command line}

Logging:
Log output configuration:
 #0: stdout all=off uptime,level,tags
 #1: stderr all=off uptime,level,tags

Environment Variables:
PATH=/usr/local/bin:/usr/bin:/bin:/usr/local/games:/usr/games
SHELL=/bin/bash
DISPLAY=:0
LANG=fr_FR.UTF-8

Signal Handlers:
   SIGSEGV: 0x00007fc02ced8290 in libjvm.so+15848080, mask=11100100010111111101111111111110, flags=SA_RESTART|SA_SIGINFO
    SIGBUS: 0x00007fc02ced8290 in libjvm.so+15848080, mask=11100100010111111101111111111110, flags=SA_RESTART|SA_SIGINFO
    SIGFPE: 0x00007fc02ced8290 in libjvm.so+15848080, mask=11100100010111111101111111111110, flags=SA_RESTART|SA_SIGINFO
   SIGPIPE: 0x00007fc02cd7fca0 in libjvm.so+14437536, mask=11100100010111111101111111111110, flags=SA_RESTART|SA_SIGINFO
   SIGXFSZ: 0x00007fc02cd7fca0 in libjvm.so+14437536, mask=11100100010111111101111111111110, flags=SA_RESTART|SA_SIGINFO
    SIGILL: 0x00007fc02ced8290 in libjvm.so+15848080, mask=11100100010111111101111111111110, flags=SA_RESTART|SA_SIGINFO
   SIGUSR2: 0x00007fc02cd7f340 in libjvm.so+14435136, mask=00000000000000000000000000000000, flags=SA_RESTART|SA_SIGINFO
    SIGHUP: 0x00007fc02cd7f270 in libjvm.so+14434928, mask=11100100010111111101111111111110, flags=SA_RESTART|SA_SIGINFO
    SIGINT: 0x00007fc02cd7f270 in libjvm.so+14434928, mask=11100100010111111101111111111110, flags=SA_RESTART|SA_SIGINFO
   SIGTERM: 0x00007fc02cd7f270 in libjvm.so+14434928, mask=11100100010111111101111111111110, flags=SA_RESTART|SA_SIGINFO
   SIGQUIT: 0x00007fc02cd7f270 in libjvm.so+14434928, mask=11100100010111111101111111111110, flags=SA_RESTART|SA_SIGINFO
   SIGTRAP: 0x00007fc02ced8290 in libjvm.so+15848080, mask=11100100010111111101111111111110, flags=SA_RESTART|SA_SIGINFO


---------------  S Y S T E M  ---------------

OS:
PRETTY_NAME="Debian GNU/Linux 11 (bullseye)"
NAME="Debian GNU/Linux"
VERSION_ID="11"
VERSION="11 (bullseye)"
VERSION_CODENAME=bullseye
ID=debian
HOME_URL="https://www.debian.org/"
SUPPORT_URL="https://www.debian.org/support"
BUG_REPORT_URL="https://bugs.debian.org/"
uname: Linux 5.10.0-17-amd64 #1 SMP Debian 5.10.136-1 (2022-08-13) x86_64
OS uptime: 6 days 5:22 hours
libc: glibc 2.31 NPTL 2.31 
rlimit (soft/hard): STACK 8192k/infinity , CORE 0k/infinity , NPROC 4096/4096 , NOFILE 1048576/1048576 , AS infinity/infinity , CPU infinity/infinity , DATA infinity/infinity , FSIZE infinity/infinity , MEMLOCK 4081737k/4081737k
load average: 2,53 1,37 0,96

/proc/meminfo:
MemTotal:       32653900 kB
MemFree:        26027764 kB
MemAvailable:   29702144 kB
Buffers:          566164 kB
Cached:          3738644 kB
SwapCached:            0 kB
Active:          2001300 kB
Inactive:        3665708 kB
Active(anon):       3248 kB
Inactive(anon):  1817712 kB
Active(file):    1998052 kB
Inactive(file):  1847996 kB
Unevictable:      390068 kB
Mlocked:              64 kB
SwapTotal:      15999996 kB
SwapFree:       15999996 kB
Dirty:               532 kB
Writeback:             0 kB
AnonPages:       1726012 kB
Mapped:           660856 kB
Shmem:            458756 kB
KReclaimable:     292052 kB
Slab:             423148 kB
SReclaimable:     292052 kB
SUnreclaim:       131096 kB
KernelStack:       14960 kB
PageTables:        25556 kB
NFS_Unstable:          0 kB
Bounce:                0 kB
WritebackTmp:          0 kB
CommitLimit:    32326944 kB
Committed_AS:    6387152 kB
VmallocTotal:   34359738367 kB
VmallocUsed:       42148 kB
VmallocChunk:          0 kB
Percpu:            23104 kB
HardwareCorrupted:     0 kB
AnonHugePages:    272384 kB
ShmemHugePages:        0 kB
ShmemPmdMapped:        0 kB
FileHugePages:         0 kB
FilePmdMapped:         0 kB
HugePages_Total:       0
HugePages_Free:        0
HugePages_Rsvd:        0
HugePages_Surp:        0
Hugepagesize:       2048 kB
Hugetlb:               0 kB
DirectMap4k:      363112 kB
DirectMap2M:    15136768 kB
DirectMap1G:    17825792 kB

/sys/kernel/mm/transparent_hugepage/enabled: [always] madvise never
/sys/kernel/mm/transparent_hugepage/defrag (defrag/compaction efforts parameter): always defer defer+madvise [madvise] never

Process Memory:
Virtual Size: 3947044K (peak: 4012580K)
Resident Set Size: 76764K (peak: 77992K) (anon: 48868K, file: 27896K, shmem: 0K)
Swapped out: 0K
C-Heap outstanding allocations: 58059K, retained: 5724K
glibc malloc tunables: (default)

/proc/sys/kernel/threads-max (system-wide limit on the number of threads): 254542
/proc/sys/vm/max_map_count (maximum number of memory map areas a process may have): 65530
/proc/sys/kernel/pid_max (system-wide limit on number of process identifiers): 4194304

container (cgroup) information:
container_type: cgroupv2
cpu_cpuset_cpus: not supported
cpu_memory_nodes: not supported
active_processor_count: 16
cpu_quota: not supported
cpu_period: not supported
cpu_shares: not supported
memory_limit_in_bytes: unlimited
memory_and_swap_limit_in_bytes: unlimited
memory_soft_limit_in_bytes: unlimited
memory_usage_in_bytes: 2513016 k
memory_max_usage_in_bytes: not supported
memory_swap_current_in_bytes: unlimited
memory_swap_max_limit_in_bytes: unlimited
maximum number of tasks: unlimited
current number of tasks: 465

Steal ticks since vm start: 0
Steal ticks percentage since vm start:  0,000

CPU: total 16 (initial active 16) (8 cores per cpu, 2 threads per core) family 6 model 165 stepping 5 microcode 0xf0, cx8, cmov, fxsr, ht, mmx, 3dnowpref, sse, sse2, sse3, ssse3, sse4.1, sse4.2, popcnt, lzcnt, tsc, tscinvbit, avx, avx2, aes, erms, clmul, bmi1, bmi2, adx, fma, vzeroupper, clflush, clflushopt
CPU Model and flags from /proc/cpuinfo:
model name	: Intel(R) Core(TM) i7-10700 CPU @ 2.90GHz
flags		: fpu vme de pse tsc msr pae mce cx8 apic sep mtrr pge mca cmov pat pse36 clflush dts acpi mmx fxsr sse sse2 ss ht tm pbe syscall nx pdpe1gb rdtscp lm constant_tsc art arch_perfmon pebs bts rep_good nopl xtopology nonstop_tsc cpuid aperfmperf pni pclmulqdq dtes64 monitor ds_cpl vmx smx est tm2 ssse3 sdbg fma cx16 xtpr pdcm pcid sse4_1 sse4_2 x2apic movbe popcnt tsc_deadline_timer aes xsave avx f16c rdrand lahf_lm abm 3dnowprefetch cpuid_fault epb invpcid_single ssbd ibrs ibpb stibp ibrs_enhanced tpr_shadow vnmi flexpriority ept vpid ept_ad fsgsbase tsc_adjust bmi1 avx2 smep bmi2 erms invpcid mpx rdseed adx smap clflushopt intel_pt xsaveopt xsavec xgetbv1 xsaves dtherm ida arat pln pts hwp hwp_notify hwp_act_window hwp_epp pku ospke md_clear flush_l1d arch_capabilities

Online cpus: 0-15
Offline cpus: 
BIOS frequency limitation: <Not Available>
Frequency switch latency (ns): 0
Available cpu frequencies: <Not Available>
Current governor: powersave
Core performance/turbo boost: <Not Available>

Memory: 4k page, physical 32653900k(26027740k free), swap 15999996k(15999996k free)
Page Sizes: 4k

vm_info: OpenJDK 64-Bit Server VM (17.0.6+10-Debian-1deb11u1) for linux-amd64 JRE (17.0.6+10-Debian-1deb11u1), built on Jan 28 2023 20:09:51 by "buildd" with gcc 10.2.1 20210110

END.
